#
# There is insufficient memory for the Java Runtime Environment to continue.
# Native memory allocation (malloc) failed to allocate 81136 bytes for Chunk::new
# Possible reasons:
#   The system is out of physical RAM or swap space
#   In 32 bit mode, the process size limit was hit
# Possible solutions:
#   Reduce memory load on the system
#   Increase physical memory or swap space
#   Check if swap backing store is full
#   Use 64 bit Java on a 64 bit OS
#   Decrease Java heap size (-Xmx/-Xms)
#   Decrease number of Java threads
#   Decrease Java thread stack sizes (-Xss)
#   Set larger code cache with -XX:ReservedCodeCacheSize=
# This output file may be truncated or incomplete.
#
#  Out of Memory Error (allocation.cpp:390), pid=10548, tid=0x00000000000042cc
#
# JRE version: Java(TM) SE Runtime Environment (8.0_121-b13) (build 1.8.0_121-b13)
# Java VM: Java HotSpot(TM) 64-Bit Server VM (25.121-b13 mixed mode windows-amd64 compressed oops)
# Failed to write core dump. Minidumps are not enabled by default on client versions of Windows
#

---------------  T H R E A D  ---------------

Current thread (0x000000001996e000):  JavaThread "C2 CompilerThread2" daemon [_thread_in_native, id=17100, stack(0x000000001a2e0000,0x000000001a3e0000)]

Stack: [0x000000001a2e0000,0x000000001a3e0000]
[error occurred during error reporting (printing stack bounds), id 0xc0000005]

Native frames: (J=compiled Java code, j=interpreted, Vv=VM code, C=native code)


Current CompileTask:
C2:   3554  865  s    4       java.lang.StringBuffer::append (15 bytes)


---------------  P R O C E S S  ---------------

Java Threads: ( => current thread )
  0x000000001ac7c800 JavaThread "AWT-Windows" daemon [_thread_in_native, id=11172, stack(0x000000001baa0000,0x000000001bba0000)]
  0x000000001ac73800 JavaThread "AWT-Shutdown" [_thread_blocked, id=5764, stack(0x000000001b9a0000,0x000000001baa0000)]
  0x000000001a8d2800 JavaThread "Java2D Disposer" daemon [_thread_blocked, id=22092, stack(0x000000001b020000,0x000000001b120000)]
  0x00000000199ad000 JavaThread "Service Thread" daemon [_thread_blocked, id=9408, stack(0x000000001a4e0000,0x000000001a5e0000)]
  0x0000000019985000 JavaThread "C1 CompilerThread3" daemon [_thread_blocked, id=1176, stack(0x000000001a3e0000,0x000000001a4e0000)]
=>0x000000001996e000 JavaThread "C2 CompilerThread2" daemon [_thread_in_native, id=17100, stack(0x000000001a2e0000,0x000000001a3e0000)]
  0x000000001995c800 JavaThread "C2 CompilerThread1" daemon [_thread_in_native, id=18896, stack(0x000000001a1e0000,0x000000001a2e0000)]
  0x0000000019918800 JavaThread "C2 CompilerThread0" daemon [_thread_blocked, id=16788, stack(0x000000001a0e0000,0x000000001a1e0000)]
  0x0000000019917000 JavaThread "Attach Listener" daemon [_thread_blocked, id=6800, stack(0x0000000019fe0000,0x000000001a0e0000)]
  0x0000000019916000 JavaThread "Signal Dispatcher" daemon [_thread_blocked, id=7444, stack(0x0000000019ee0000,0x0000000019fe0000)]
  0x0000000002a69000 JavaThread "Finalizer" daemon [_thread_blocked, id=6796, stack(0x0000000019cf0000,0x0000000019df0000)]
  0x0000000002a67800 JavaThread "Reference Handler" daemon [_thread_blocked, id=7628, stack(0x00000000197f0000,0x00000000198f0000)]
  0x0000000002972800 JavaThread "main" [_thread_in_Java, id=15004, stack(0x0000000002870000,0x0000000002970000)]

Other Threads:
  0x0000000017a19800 VMThread [stack: 0x00000000196f0000,0x00000000197f0000] [id=9136]
  0x00000000199b5800 WatcherThread [stack: 0x000000001a5e0000,0x000000001a6e0000] [id=14992]

VM state:not at safepoint (normal execution)

VM Mutex/Monitor currently owned by a thread: None

Heap:
 PSYoungGen      total 71680K, used 63727K [0x00000000d5d00000, 0x00000000de900000, 0x0000000100000000)
  eden space 66560K, 88% used [0x00000000d5d00000,0x00000000d9641d50,0x00000000d9e00000)
  from space 5120K, 99% used [0x00000000d9e00000,0x00000000da2fa220,0x00000000da300000)
  to   space 5120K, 0% used [0x00000000de400000,0x00000000de400000,0x00000000de900000)
 ParOldGen       total 87552K, used 37277K [0x0000000081600000, 0x0000000086b80000, 0x00000000d5d00000)
  object space 87552K, 42% used [0x0000000081600000,0x0000000083a67658,0x0000000086b80000)
 Metaspace       used 10166K, capacity 10346K, committed 10496K, reserved 1064960K
  class space    used 1215K, capacity 1279K, committed 1280K, reserved 1048576K

Card table byte_map: [0x0000000011e30000,0x0000000012230000] byte_map_base: 0x0000000011a25000

Marking Bits: (ParMarkBitMap*) 0x000000006645b6d0
 Begin Bits: [0x0000000012ce0000, 0x0000000014c88000)
 End Bits:   [0x0000000014c88000, 0x0000000016c30000)

Polling page: 0x00000000026d0000

CodeCache: size=245760Kb used=3564Kb max_used=3577Kb free=242195Kb
 bounds [0x0000000002a70000, 0x0000000002e00000, 0x0000000011a70000]
 total_blobs=1316 nmethods=869 adapters=360
 compilation: enabled

Compilation events (10 events):
Event: 3.545 Thread 0x000000001996e000  865  s    4       java.lang.StringBuffer::append (15 bytes)
Event: 3.546 Thread 0x0000000019985000  866       3       net.sourceforge.plantuml.creole.CommandCreoleSizeChange::matchingSize (27 bytes)
Event: 3.546 Thread 0x0000000019918800  869   !   4       net.sourceforge.plantuml.command.regex.Matcher2::find (37 bytes)
Event: 3.546 Thread 0x000000001995c800  870   !   4       net.sourceforge.plantuml.command.regex.Matcher2::build (34 bytes)
Event: 3.546 Thread 0x0000000019985000 nmethod 866 0x0000000002deb9d0 code [0x0000000002debb80, 0x0000000002debf48]
Event: 3.546 Thread 0x0000000019985000  867       3       net.sourceforge.plantuml.creole.CommandCreoleColorChange::matchingSize (27 bytes)
Event: 3.546 Thread 0x0000000019985000 nmethod 867 0x0000000002deb250 code [0x0000000002deb400, 0x0000000002deb7c8]
Event: 3.546 Thread 0x0000000019985000  868       3       net.sourceforge.plantuml.creole.CommandCreoleColorAndSizeChange::matchingSize (27 bytes)
Event: 3.547 Thread 0x0000000019985000 nmethod 868 0x0000000002deaad0 code [0x0000000002deac80, 0x0000000002deb048]
Event: 3.549 Thread 0x0000000019918800 nmethod 869 0x0000000002dea450 code [0x0000000002dea5a0, 0x0000000002dea7d8]

GC Heap History (6 events):
Event: 1.906 GC heap before
{Heap before GC invocations=1 (full 0):
 PSYoungGen      total 38400K, used 33280K [0x00000000d5d00000, 0x00000000d8780000, 0x0000000100000000)
  eden space 33280K, 100% used [0x00000000d5d00000,0x00000000d7d80000,0x00000000d7d80000)
  from space 5120K, 0% used [0x00000000d8280000,0x00000000d8280000,0x00000000d8780000)
  to   space 5120K, 0% used [0x00000000d7d80000,0x00000000d7d80000,0x00000000d8280000)
 ParOldGen       total 87552K, used 0K [0x0000000081600000, 0x0000000086b80000, 0x00000000d5d00000)
  object space 87552K, 0% used [0x0000000081600000,0x0000000081600000,0x0000000086b80000)
 Metaspace       used 8311K, capacity 8438K, committed 8832K, reserved 1060864K
  class space    used 986K, capacity 1049K, committed 1152K, reserved 1048576K
Event: 1.979 GC heap after
Heap after GC invocations=1 (full 0):
 PSYoungGen      total 38400K, used 5112K [0x00000000d5d00000, 0x00000000da800000, 0x0000000100000000)
  eden space 33280K, 0% used [0x00000000d5d00000,0x00000000d5d00000,0x00000000d7d80000)
  from space 5120K, 99% used [0x00000000d7d80000,0x00000000d827e230,0x00000000d8280000)
  to   space 5120K, 0% used [0x00000000da300000,0x00000000da300000,0x00000000da800000)
 ParOldGen       total 87552K, used 6021K [0x0000000081600000, 0x0000000086b80000, 0x00000000d5d00000)
  object space 87552K, 6% used [0x0000000081600000,0x0000000081be1658,0x0000000086b80000)
 Metaspace       used 8311K, capacity 8438K, committed 8832K, reserved 1060864K
  class space    used 986K, capacity 1049K, committed 1152K, reserved 1048576K
}
Event: 2.090 GC heap before
{Heap before GC invocations=2 (full 0):
 PSYoungGen      total 38400K, used 38392K [0x00000000d5d00000, 0x00000000da800000, 0x0000000100000000)
  eden space 33280K, 100% used [0x00000000d5d00000,0x00000000d7d80000,0x00000000d7d80000)
  from space 5120K, 99% used [0x00000000d7d80000,0x00000000d827e230,0x00000000d8280000)
  to   space 5120K, 0% used [0x00000000da300000,0x00000000da300000,0x00000000da800000)
 ParOldGen       total 87552K, used 6021K [0x0000000081600000, 0x0000000086b80000, 0x00000000d5d00000)
  object space 87552K, 6% used [0x0000000081600000,0x0000000081be1658,0x0000000086b80000)
 Metaspace       used 8331K, capacity 8438K, committed 8832K, reserved 1060864K
  class space    used 987K, capacity 1049K, committed 1152K, reserved 1048576K
Event: 2.171 GC heap after
Heap after GC invocations=2 (full 0):
 PSYoungGen      total 71680K, used 5112K [0x00000000d5d00000, 0x00000000da800000, 0x0000000100000000)
  eden space 66560K, 0% used [0x00000000d5d00000,0x00000000d5d00000,0x00000000d9e00000)
  from space 5120K, 99% used [0x00000000da300000,0x00000000da7fe230,0x00000000da800000)
  to   space 5120K, 0% used [0x00000000d9e00000,0x00000000d9e00000,0x00000000da300000)
 ParOldGen       total 87552K, used 16301K [0x0000000081600000, 0x0000000086b80000, 0x00000000d5d00000)
  object space 87552K, 18% used [0x0000000081600000,0x00000000825eb658,0x0000000086b80000)
 Metaspace       used 8331K, capacity 8438K, committed 8832K, reserved 1060864K
  class space    used 987K, capacity 1049K, committed 1152K, reserved 1048576K
}
Event: 2.429 GC heap before
{Heap before GC invocations=3 (full 0):
 PSYoungGen      total 71680K, used 71672K [0x00000000d5d00000, 0x00000000da800000, 0x0000000100000000)
  eden space 66560K, 100% used [0x00000000d5d00000,0x00000000d9e00000,0x00000000d9e00000)
  from space 5120K, 99% used [0x00000000da300000,0x00000000da7fe230,0x00000000da800000)
  to   space 5120K, 0% used [0x00000000d9e00000,0x00000000d9e00000,0x00000000da300000)
 ParOldGen       total 87552K, used 16301K [0x0000000081600000, 0x0000000086b80000, 0x00000000d5d00000)
  object space 87552K, 18% used [0x0000000081600000,0x00000000825eb658,0x0000000086b80000)
 Metaspace       used 8354K, capacity 8502K, committed 8832K, reserved 1060864K
  class space    used 989K, capacity 1049K, committed 1152K, reserved 1048576K
Event: 2.595 GC heap after
Heap after GC invocations=3 (full 0):
 PSYoungGen      total 71680K, used 5096K [0x00000000d5d00000, 0x00000000de900000, 0x0000000100000000)
  eden space 66560K, 0% used [0x00000000d5d00000,0x00000000d5d00000,0x00000000d9e00000)
  from space 5120K, 99% used [0x00000000d9e00000,0x00000000da2fa220,0x00000000da300000)
  to   space 5120K, 0% used [0x00000000de400000,0x00000000de400000,0x00000000de900000)
 ParOldGen       total 87552K, used 37277K [0x0000000081600000, 0x0000000086b80000, 0x00000000d5d00000)
  object space 87552K, 42% used [0x0000000081600000,0x0000000083a67658,0x0000000086b80000)
 Metaspace       used 8354K, capacity 8502K, committed 8832K, reserved 1060864K
  class space    used 989K, capacity 1049K, committed 1152K, reserved 1048576K
}

Deoptimization events (10 events):
Event: 0.696 Thread 0x0000000002972800 Uncommon trap: reason=unstable_if action=reinterpret pc=0x0000000002c32850 method=java.lang.String.startsWith(Ljava/lang/String;I)Z @ 25
Event: 1.207 Thread 0x0000000002972800 Uncommon trap: reason=bimorphic action=maybe_recompile pc=0x0000000002c982c4 method=java.util.regex.Pattern$Start.match(Ljava/util/regex/Matcher;ILjava/lang/CharSequence;)Z @ 44
Event: 1.208 Thread 0x0000000002972800 Uncommon trap: reason=bimorphic action=maybe_recompile pc=0x0000000002c982c4 method=java.util.regex.Pattern$Start.match(Ljava/util/regex/Matcher;ILjava/lang/CharSequence;)Z @ 44
Event: 1.208 Thread 0x0000000002972800 Uncommon trap: reason=bimorphic action=maybe_recompile pc=0x0000000002c982c4 method=java.util.regex.Pattern$Start.match(Ljava/util/regex/Matcher;ILjava/lang/CharSequence;)Z @ 44
Event: 1.208 Thread 0x0000000002972800 Uncommon trap: reason=bimorphic action=maybe_recompile pc=0x0000000002c982c4 method=java.util.regex.Pattern$Start.match(Ljava/util/regex/Matcher;ILjava/lang/CharSequence;)Z @ 44
Event: 1.216 Thread 0x0000000002972800 Uncommon trap: reason=unstable_if action=reinterpret pc=0x0000000002cb2568 method=java.util.regex.Pattern.closure(Ljava/util/regex/Pattern$Node;)Ljava/util/regex/Pattern$Node; @ 182
Event: 1.266 Thread 0x0000000002972800 Uncommon trap: reason=unstable_if action=reinterpret pc=0x0000000002cd14e4 method=java.util.regex.Pattern.sequence(Ljava/util/regex/Pattern$Node;)Ljava/util/regex/Pattern$Node; @ 536
Event: 1.509 Thread 0x0000000002972800 Uncommon trap: reason=unstable_if action=reinterpret pc=0x0000000002cd7e08 method=java.util.regex.Pattern.closure(Ljava/util/regex/Pattern$Node;)Ljava/util/regex/Pattern$Node; @ 138
Event: 2.852 Thread 0x0000000002972800 Uncommon trap: reason=unstable_if action=reinterpret pc=0x0000000002c75854 method=java.lang.String.indexOf([CII[CIII)I @ 134
Event: 2.865 Thread 0x0000000002972800 Uncommon trap: reason=unstable_if action=reinterpret pc=0x0000000002cabb40 method=java.util.regex.Pattern.compile()V @ 126

Internal exceptions (10 events):
Event: 0.081 Thread 0x0000000002972800 Exception <a 'java/lang/NoSuchMethodError': Method sun.misc.Unsafe.defineClass(Ljava/lang/String;[BII)Ljava/lang/Class; name or signature does not match> (0x00000000d5d07ca8) thrown at [C:\re\workspace\8-2-build-windows-amd64-cygwin\jdk8u121\8372\hotspot\
Event: 0.081 Thread 0x0000000002972800 Exception <a 'java/lang/NoSuchMethodError': Method sun.misc.Unsafe.prefetchRead(Ljava/lang/Object;J)V name or signature does not match> (0x00000000d5d07f90) thrown at [C:\re\workspace\8-2-build-windows-amd64-cygwin\jdk8u121\8372\hotspot\src\share\vm\prims
Event: 0.309 Thread 0x0000000002972800 Exception <a 'java/security/PrivilegedActionException'> (0x00000000d5efc600) thrown at [C:\re\workspace\8-2-build-windows-amd64-cygwin\jdk8u121\8372\hotspot\src\share\vm\prims\jvm.cpp, line 1390]
Event: 0.309 Thread 0x0000000002972800 Exception <a 'java/security/PrivilegedActionException'> (0x00000000d5efc810) thrown at [C:\re\workspace\8-2-build-windows-amd64-cygwin\jdk8u121\8372\hotspot\src\share\vm\prims\jvm.cpp, line 1390]
Event: 0.310 Thread 0x0000000002972800 Exception <a 'java/security/PrivilegedActionException'> (0x00000000d5f00668) thrown at [C:\re\workspace\8-2-build-windows-amd64-cygwin\jdk8u121\8372\hotspot\src\share\vm\prims\jvm.cpp, line 1390]
Event: 0.310 Thread 0x0000000002972800 Exception <a 'java/security/PrivilegedActionException'> (0x00000000d5f00878) thrown at [C:\re\workspace\8-2-build-windows-amd64-cygwin\jdk8u121\8372\hotspot\src\share\vm\prims\jvm.cpp, line 1390]
Event: 0.337 Thread 0x0000000002972800 Exception <a 'java/io/FileNotFoundException'> (0x00000000d5f02820) thrown at [C:\re\workspace\8-2-build-windows-amd64-cygwin\jdk8u121\8372\hotspot\src\share\vm\prims\jni.cpp, line 709]
Event: 0.448 Thread 0x0000000002972800 Exception <a 'java/lang/NoSuchFieldError': method resolution failed> (0x00000000d5fcfa58) thrown at [C:\re\workspace\8-2-build-windows-amd64-cygwin\jdk8u121\8372\hotspot\src\share\vm\prims\methodHandles.cpp, line 1146]
Event: 0.450 Thread 0x0000000002972800 Exception <a 'java/lang/NoSuchFieldError': method resolution failed> (0x00000000d5fdd1f8) thrown at [C:\re\workspace\8-2-build-windows-amd64-cygwin\jdk8u121\8372\hotspot\src\share\vm\prims\methodHandles.cpp, line 1146]
Event: 0.580 Thread 0x0000000002972800 Exception <a 'java/io/FileNotFoundException'> (0x00000000d6065df8) thrown at [C:\re\workspace\8-2-build-windows-amd64-cygwin\jdk8u121\8372\hotspot\src\share\vm\prims\jni.cpp, line 709]

Events (10 events):
Event: 3.471 loading class sun/misc/FDBigInteger
Event: 3.472 loading class sun/misc/FDBigInteger done
Event: 3.473 loading class net/sourceforge/plantuml/creole/Position
Event: 3.473 loading class net/sourceforge/plantuml/creole/Position done
Event: 3.475 loading class java/util/LinkedHashMap$LinkedValues
Event: 3.475 loading class java/util/LinkedHashMap$LinkedValues done
Event: 3.475 loading class java/util/LinkedHashMap$LinkedValueIterator
Event: 3.475 loading class java/util/LinkedHashMap$LinkedValueIterator done
Event: 3.476 loading class net/sourceforge/plantuml/skin/rose/ComponentRoseParticipant
Event: 3.476 loading class net/sourceforge/plantuml/skin/rose/ComponentRoseParticipant done


Dynamic libraries:
0x00007ff6e5610000 - 0x00007ff6e5647000 	C:\Program Files\Java\jre1.8.0_121\bin\java.exe
0x00007ffd15db0000 - 0x00007ffd15f91000 	C:\WINDOWS\SYSTEM32\ntdll.dll
0x00007ffd13790000 - 0x00007ffd13842000 	C:\WINDOWS\System32\KERNEL32.DLL
0x00007ffd124d0000 - 0x00007ffd12743000 	C:\WINDOWS\System32\KERNELBASE.dll
0x00007ffd14260000 - 0x00007ffd14301000 	C:\WINDOWS\System32\ADVAPI32.dll
0x00007ffd13560000 - 0x00007ffd135fe000 	C:\WINDOWS\System32\msvcrt.dll
0x00007ffd13460000 - 0x00007ffd134bb000 	C:\WINDOWS\System32\sechost.dll
0x00007ffd143c0000 - 0x00007ffd144e4000 	C:\WINDOWS\System32\RPCRT4.dll
0x00007ffd13600000 - 0x00007ffd13790000 	C:\WINDOWS\System32\USER32.dll
0x00007ffd13170000 - 0x00007ffd13190000 	C:\WINDOWS\System32\win32u.dll
0x00007ffd13ed0000 - 0x00007ffd13ef8000 	C:\WINDOWS\System32\GDI32.dll
0x00007ffd12750000 - 0x00007ffd128e2000 	C:\WINDOWS\System32\gdi32full.dll
0x00007ffd130d0000 - 0x00007ffd1316f000 	C:\WINDOWS\System32\msvcp_win.dll
0x00007ffd12180000 - 0x00007ffd1227a000 	C:\WINDOWS\System32\ucrtbase.dll
0x00007ffcff740000 - 0x00007ffcff9a9000 	C:\WINDOWS\WinSxS\amd64_microsoft.windows.common-controls_6595b64144ccf1df_6.0.17134.345_none_fb429a5930656358\COMCTL32.dll
0x00007ffd13f00000 - 0x00007ffd14223000 	C:\WINDOWS\System32\combase.dll
0x00007ffd13050000 - 0x00007ffd130ca000 	C:\WINDOWS\System32\bcryptPrimitives.dll
0x00007ffd14230000 - 0x00007ffd1425d000 	C:\WINDOWS\System32\IMM32.DLL
0x0000000065760000 - 0x0000000065832000 	C:\Program Files\Java\jre1.8.0_121\bin\msvcr100.dll
0x0000000065c40000 - 0x00000000664db000 	C:\Program Files\Java\jre1.8.0_121\bin\server\jvm.dll
0x00007ffd13550000 - 0x00007ffd13558000 	C:\WINDOWS\System32\PSAPI.DLL
0x00007ffd03ee0000 - 0x00007ffd03ee9000 	C:\WINDOWS\SYSTEM32\WSOCK32.dll
0x00007ffd13870000 - 0x00007ffd138dc000 	C:\WINDOWS\System32\WS2_32.dll
0x00007ffd06b80000 - 0x00007ffd06ba3000 	C:\WINDOWS\SYSTEM32\WINMM.dll
0x00007ffd06770000 - 0x00007ffd0677a000 	C:\WINDOWS\SYSTEM32\VERSION.dll
0x00007ffd06a60000 - 0x00007ffd06a8a000 	C:\WINDOWS\SYSTEM32\WINMMBASE.dll
0x00007ffd13000000 - 0x00007ffd13049000 	C:\WINDOWS\System32\cfgmgr32.dll
0x0000000065c30000 - 0x0000000065c3f000 	C:\Program Files\Java\jre1.8.0_121\bin\verify.dll
0x0000000065c00000 - 0x0000000065c29000 	C:\Program Files\Java\jre1.8.0_121\bin\java.dll
0x0000000065be0000 - 0x0000000065bf6000 	C:\Program Files\Java\jre1.8.0_121\bin\zip.dll
0x00007ffd14940000 - 0x00007ffd15d7f000 	C:\WINDOWS\System32\SHELL32.dll
0x00007ffd14310000 - 0x00007ffd143b9000 	C:\WINDOWS\System32\shcore.dll
0x00007ffd128f0000 - 0x00007ffd12ffd000 	C:\WINDOWS\System32\windows.storage.dll
0x00007ffd13330000 - 0x00007ffd13381000 	C:\WINDOWS\System32\shlwapi.dll
0x00007ffd120c0000 - 0x00007ffd120d1000 	C:\WINDOWS\System32\kernel.appcore.dll
0x00007ffd120e0000 - 0x00007ffd120ff000 	C:\WINDOWS\System32\profapi.dll
0x00007ffd12110000 - 0x00007ffd1215c000 	C:\WINDOWS\System32\powrprof.dll
0x00007ffd12100000 - 0x00007ffd1210a000 	C:\WINDOWS\System32\FLTLIB.DLL
0x00000000655c0000 - 0x0000000065758000 	C:\Program Files\Java\jre1.8.0_121\bin\awt.dll
0x00007ffd13390000 - 0x00007ffd13452000 	C:\WINDOWS\System32\OLEAUT32.dll
0x00007ffd10510000 - 0x00007ffd1059b000 	C:\WINDOWS\SYSTEM32\apphelp.dll
0x00007ffd10850000 - 0x00007ffd10879000 	C:\WINDOWS\system32\DWMAPI.DLL
0x00007ffd10770000 - 0x00007ffd10808000 	C:\WINDOWS\system32\uxtheme.dll
0x0000000065570000 - 0x00000000655b7000 	C:\Program Files\Java\jre1.8.0_121\bin\fontmanager.dll
0x00007ffcfb400000 - 0x00007ffcfb520000 	C:\WINDOWS\system32\opengl32.dll
0x00007ffd0a540000 - 0x00007ffd0a56c000 	C:\WINDOWS\SYSTEM32\GLU32.dll
0x00007ffd13cb0000 - 0x00007ffd13e24000 	C:\WINDOWS\System32\MSCTF.dll
0x00007ffd139a0000 - 0x00007ffd13af1000 	C:\WINDOWS\System32\ole32.dll
0x0000000065bc0000 - 0x0000000065bda000 	C:\Program Files\Java\jre1.8.0_121\bin\net.dll
0x00007ffd118e0000 - 0x00007ffd11946000 	C:\WINDOWS\system32\mswsock.dll
0x0000000065ba0000 - 0x0000000065bb1000 	C:\Program Files\Java\jre1.8.0_121\bin\nio.dll
0x0000000065520000 - 0x0000000065562000 	C:\Program Files\Java\jre1.8.0_121\bin\t2k.dll

VM Arguments:
java_command: ./tools/plantuml.jar ./data/UMLExperiment/debug/EAID_E4A22B0F_3834_4403_AC58_31A165CB5A6A/sequence_diagram.txt
java_class_path (initial): ./tools/plantuml.jar
Launcher Type: SUN_STANDARD

Environment Variables:
PATH=C:/Program Files/Java/jre1.8.0_121/bin/server;C:/Program Files/Java/jre1.8.0_121/bin;C:/Program Files/Java/jre1.8.0_121/lib/amd64;C:\ProgramData\Oracle\Java\javapath;C:\Program Files (x86)\Intel\iCLS Client\;C:\Program Files\Intel\iCLS Client\;C:\WINDOWS\system32;C:\WINDOWS;C:\WINDOWS\System32\Wbem;C:\WINDOWS\System32\WindowsPowerShell\v1.0\;C:\Program Files\Intel\Intel(R) Management Engine Components\DAL;C:\Program Files (x86)\Intel\Intel(R) Management Engine Components\DAL;C:\Program Files\Intel\Intel(R) Management Engine Components\IPT;C:\Program Files (x86)\Intel\Intel(R) Management Engine Components\IPT;C:\Program Files\Git\cmd;C:\Program Files\nodejs\;C:\Program Files (x86)\Graphviz2.38\bin;C:\Program Files\MiKTeX 2.9\miktex\bin\x64\;C:\Program Files\Git LFS;;C:\WINDOWS\System32\OpenSSH\;C:\Users\flyqk\AppData\Local\Microsoft\WindowsApps;C:\Users\flyqk\AppData\Roaming\npm;C:\Program Files\MongoDB\Server\3.4\bin;C:\Program Files\MySQL\MySQL Server 5.7\bin;C:\Program Files\Java\jdk1.8.0_121\bin;C:\Program Files (x86)\Python27;C:\Program Files (x86)\Python27\Scripts;C:\Program Files\Visual Paradigm 15.0\bin;C:\Users\flyqk\Documents\Google Drive\ResearchSpace\Research Projects\CaseStudies\eclipse-java-luna-SR2-win32-x86_64\eclipse;C:\Program Files\R\R-3.5.1\bin;;D:\Research Projects\eclipse\java-oxygen\eclipse;
USERNAME=flyqk
OS=Windows_NT
PROCESSOR_IDENTIFIER=Intel64 Family 6 Model 70 Stepping 1, GenuineIntel



---------------  S Y S T E M  ---------------

OS: Windows 10.0 , 64 bit Build 17134 (10.0.17134.1)

CPU:total 8 (4 cores per cpu, 2 threads per core) family 6 model 70 stepping 1, cmov, cx8, fxsr, mmx, sse, sse2, sse3, ssse3, sse4.1, sse4.2, popcnt, avx, avx2, aes, clmul, erms, lzcnt, ht, tsc, tscinvbit, bmi1, bmi2

Memory: 4k page, physical 8294644k(374820k free), swap 19839656k(4748k free)

vm_info: Java HotSpot(TM) 64-Bit Server VM (25.121-b13) for windows-amd64 JRE (1.8.0_121-b13), built on Dec 12 2016 18:21:36 by "java_re" with MS VC++ 10.0 (VS2010)

time: Sun Oct 28 01:28:19 2018
elapsed time: 3 seconds (0d 0h 0m 3s)

