#
# A fatal error has been detected by the Java Runtime Environment:
#
#  SIGSEGV (0xb) at pc=0x00007f219686b5eb, pid=11665, tid=0x00007f2194120700
#
# JRE version: Java(TM) SE Runtime Environment (8.0_201-b09) (build 1.8.0_201-b09)
# Java VM: Java HotSpot(TM) 64-Bit Server VM (25.201-b09 mixed mode linux-amd64 compressed oops)
# Problematic frame:
# C  [libc.so.6+0xbb5eb]
#
# Failed to write core dump. Core dumps have been disabled. To enable core dumping, try "ulimit -c unlimited" before starting Java again
#
# If you would like to submit a bug report, please visit:
#   http://bugreport.java.com/bugreport/crash.jsp
#

---------------  T H R E A D  ---------------

Current thread (0x00007f2190024800):  GCTaskThread [stack: 0x00007f2194021000,0x00007f2194121000] [id=11671]

siginfo: si_signo: 11 (SIGSEGV), si_code: 2 (SEGV_ACCERR), si_addr: 0x00000003dec39000

Registers:
RAX=0x00000003dec38ff0, RBX=0x00007f219411fc80, RCX=0x0000000000000000, RDX=0x0000000000000050
RSP=0x00007f219411fb98, RBP=0x00007f219411fbc0, RSI=0x000000072a363140, RDI=0x00000003dec38ff0
R8 =0x000000006d46c640, R9 =0x0000000001b51b18, R10=0x000000006d46c628, R11=0x0000000000000001
R12=0x000000000000000a, R13=0x0000000000000050, R14=0x000000006d46c631, R15=0x000000072a363140
RIP=0x00007f219686b5eb, EFLAGS=0x0000000000010202, CSGSFS=0x00000053002b0033, ERR=0x0000000000000000
  TRAPNO=0x0000000000000000

Top of Stack: (sp=0x00007f219411fb98)
0x00007f219411fb98:   00007f2196144711 0000000729d7bb18
0x00007f219411fba8:   000000000000000a 0000000000006d46
0x00007f219411fbb8:   00007f219411fc80 00007f219411fc30
0x00007f219411fbc8:   00007f21960f787b 00000003dea56678
0x00007f219411fbd8:   0000000001b51c00 00007f2196747ce8
0x00007f219411fbe8:   00007f2196792d80 000000006d470000
0x00007f219411fbf8:   000000006d470000 00007f219411fc30
0x00007f219411fc08:   00007f219411fc74 0000000000006d46
0x00007f219411fc18:   000000072a380000 00007f21900767a0
0x00007f219411fc28:   00007f219411fc80 00007f219411fcf0
0x00007f219411fc38:   00007f219614b461 000000000da85ff8
0x00007f219411fc48:   00007f217d4899c0 000000006d42fffd
0x00007f219411fc58:   00007f219411fc74 00007f219411fc78
0x00007f219411fc68:   00007f21900767a0 0000000290025d28
0x00007f219411fc78:   000000072bdb3e40 00007f21966bd980
0x00007f219411fc88:   00007f2196792d80 00007f21900767a0
0x00007f219411fc98:   0000000000008e02 000000072a363140
0x00007f219411fca8:   00007f2190011ab0 00000003dec38ff0
0x00007f219411fcb8:   00007f2196092579 00007f219411fd14
0x00007f219411fcc8:   00007f21900762c0 00007f219678ef8c
0x00007f219411fcd8:   00007f219613dd70 00007f21900767a0
0x00007f219411fce8:   00007f2128870440 00007f219411fd50
0x00007f219411fcf8:   00007f219613cfcd 0000000000000060
0x00007f219411fd08:   00000000000003d8 24131c88966ba978
0x00007f219411fd18:   00007f2190022550 00007f219411fd60
0x00007f219411fd28:   00007f21900767a0 00007f2196784281
0x00007f219411fd38:   0000000000000004 0000000000000004
0x00007f219411fd48:   00007f2128870440 00007f219411fda0
0x00007f219411fd58:   00007f219611e4e8 00007f219411fda0
0x00007f219411fd68:   0000000295d88926 00007f219411fda0
0x00007f219411fd78:   0000000000000001 00007f2128870440
0x00007f219411fd88:   00007f2190024800 0000000000000000 

Instructions: (pc=0x00007f219686b5eb)
0x00007f219686b5cb:   10 0f 10 56 20 0f 10 5e 30 0f 10 64 16 f0 0f 10
0x00007f219686b5db:   6c 16 e0 0f 10 74 16 d0 0f 10 7c 16 c0 0f 11 07
0x00007f219686b5eb:   0f 11 4f 10 0f 11 57 20 0f 11 5f 30 0f 11 64 17
0x00007f219686b5fb:   f0 0f 11 6c 17 e0 0f 11 74 17 d0 0f 11 7c 17 c0 

Register to memory mapping:

RAX=0x00000003dec38ff0 is an oop
[Ljava.util.concurrent.ConcurrentHashMap$Node; 
 - klass: 'java/util/concurrent/ConcurrentHashMap$Node'[]
 - length: 16
RBX=0x00007f219411fc80 is an unknown value
RCX=0x0000000000000000 is an unknown value
RDX=0x0000000000000050 is an unknown value
RSP=0x00007f219411fb98 is an unknown value
RBP=0x00007f219411fbc0 is an unknown value
RSI=0x000000072a363140 is an oop
[Ljava.util.concurrent.ConcurrentHashMap$Node; 
 - klass: 'java/util/concurrent/ConcurrentHashMap$Node'[]
 - length: 16
RDI=0x00000003dec38ff0 is an oop
[Ljava.util.concurrent.ConcurrentHashMap$Node; 
 - klass: 'java/util/concurrent/ConcurrentHashMap$Node'[]
 - length: 16
R8 =0x000000006d46c640 is an unknown value
R9 =0x0000000001b51b18 is an unknown value
R10=0x000000006d46c628 is an unknown value
R11=0x0000000000000001 is an unknown value
R12=0x000000000000000a is an unknown value
R13=0x0000000000000050 is an unknown value
R14=0x000000006d46c631 is an unknown value
R15=0x000000072a363140 is an oop
[Ljava.util.concurrent.ConcurrentHashMap$Node; 
 - klass: 'java/util/concurrent/ConcurrentHashMap$Node'[]
 - length: 16


Stack: [0x00007f2194021000,0x00007f2194121000],  sp=0x00007f219411fb98,  free space=1018k
Native frames: (J=compiled Java code, j=interpreted, Vv=VM code, C=native code)
C  [libc.so.6+0xbb5eb]
V  [libjvm.so+0x93087b]
V  [libjvm.so+0x984461]
V  [libjvm.so+0x975fcd]
V  [libjvm.so+0x9574e8]
V  [libjvm.so+0x5c3666]
V  [libjvm.so+0x90d922]


---------------  P R O C E S S  ---------------

Java Threads: ( => current thread )
  0x00007f21900d6800 JavaThread "Service Thread" daemon [_thread_blocked, id=11680, stack(0x00007f2174df0000,0x00007f2174ef1000)]
  0x00007f21900c1800 JavaThread "C1 CompilerThread2" daemon [_thread_blocked, id=11679, stack(0x00007f2174f01000,0x00007f2175001000)]
  0x00007f21900bf800 JavaThread "C2 CompilerThread1" daemon [_thread_blocked, id=11678, stack(0x00007f2175011000,0x00007f2175111000)]
  0x00007f21900bc800 JavaThread "C2 CompilerThread0" daemon [_thread_blocked, id=11677, stack(0x00007f2175121000,0x00007f2175221000)]
  0x00007f21900bb800 JavaThread "Signal Dispatcher" daemon [_thread_blocked, id=11676, stack(0x00007f2175230000,0x00007f2175331000)]
  0x00007f2190086000 JavaThread "Finalizer" daemon [_thread_blocked, id=11675, stack(0x00007f2175670000,0x00007f2175771000)]
  0x00007f2190083800 JavaThread "Reference Handler" daemon [_thread_blocked, id=11674, stack(0x00007f2175780000,0x00007f2175881000)]
  0x00007f219000b800 JavaThread "main" [_thread_blocked, id=11668, stack(0x00007f2197321000,0x00007f2197421000)]

Other Threads:
  0x00007f2190079800 VMThread [stack: 0x00007f2175891000,0x00007f2175991000] [id=11673]
  0x00007f21900d9800 WatcherThread [stack: 0x00007f2174ce1000,0x00007f2174de1000] [id=11681]

=>0x00007f2190024800 (exited) GCTaskThread [stack: 0x00007f2194021000,0x00007f2194121000] [id=11671]

VM state:at safepoint (normal execution)

VM Mutex/Monitor currently owned by a thread:  ([mutex/lock_event])
[0x00007f2190007c20] Threads_lock - owner thread: 0x00007f2190079800
[0x00007f2190008120] Heap_lock - owner thread: 0x00007f219000b800

heap address: 0x00000003c0000000, size: 16384 MB, Compressed Oops mode: Zero based, Oop shift amount: 3
Narrow klass base: 0x0000000000000000, Narrow klass shift: 3
Compressed class space size: 1073741824 Address: 0x00000007c0000000

Heap:
 PSYoungGen      total 3104256K, used 56527K [0x000000066ab00000, 0x0000000732700000, 0x00000007c0000000)
  eden space 3029504K, 0% used [0x000000066ab00000,0x000000066ab00000,0x0000000723980000)
  from space 74752K, 75% used [0x0000000728680000,0x000000072bdb3e40,0x000000072cf80000)
  to   space 78848K, 0% used [0x0000000723980000,0x0000000723980000,0x0000000728680000)
 ParOldGen       total 507392K, used 480801K [0x00000003c0000000, 0x00000003def80000, 0x000000066ab00000)
  object space 507392K, 94% used [0x00000003c0000000,0x00000003dd588688,0x00000003def80000)
 Metaspace       used 15092K, capacity 15230K, committed 15488K, reserved 1062912K
  class space    used 1629K, capacity 1649K, committed 1664K, reserved 1048576K

Card table byte_map: [0x00007f217ec30000,0x00007f2180c31000] byte_map_base: 0x00007f217ce30000

Marking Bits: (ParMarkBitMap*) 0x00007f2196792d80
 Begin Bits: [0x00007f2140000000, 0x00007f2150000000)
 End Bits:   [0x00007f2150000000, 0x00007f2160000000)

Polling page: 0x00007f21974d0000

CodeCache: size=245760Kb used=20739Kb max_used=20779Kb free=225020Kb
 bounds [0x00007f2181000000, 0x00007f21824f0000, 0x00007f2190000000]
 total_blobs=4367 nmethods=4054 adapters=226
 compilation: enabled

Compilation events (10 events):
Event: 84.216 Thread 0x00007f21900c1800 nmethod 5990 0x00007f21824ca5d0 code [0x00007f21824cab40, 0x00007f21824ceaa8]
Event: 84.235 Thread 0x00007f21900c1800 5991       3       org.jf.dexlib2.dexbacked.instruction.DexBackedSparseSwitchPayload$1$1::getKey (33 bytes)
Event: 84.236 Thread 0x00007f21900c1800 nmethod 5991 0x00007f2181a81310 code [0x00007f2181a81480, 0x00007f2181a816c8]
Event: 84.236 Thread 0x00007f21900c1800 5992       3       org.jf.dexlib2.dexbacked.instruction.DexBackedSparseSwitchPayload$1$1::getOffset (46 bytes)
Event: 84.236 Thread 0x00007f21900c1800 nmethod 5992 0x00007f2181b4ed10 code [0x00007f2181b4ee80, 0x00007f2181b4f0c8]
Event: 84.371 Thread 0x00007f21900c1800 5993       3       soot.dexpler.DexNumTransformer$2::caseAssignStmt (333 bytes)
Event: 84.373 Thread 0x00007f21900c1800 nmethod 5993 0x00007f21824d1150 code [0x00007f21824d1500, 0x00007f21824d3f78]
Event: 84.463 Thread 0x00007f21900bf800 5994       4       soot.dexpler.instructions.Binop2addrInstruction::getExpression (827 bytes)
Event: 84.475 Thread 0x00007f21900bc800 nmethod 5986% 0x00007f21824dd450 code [0x00007f21824ddc40, 0x00007f21824e4a28]
Event: 84.498 Thread 0x00007f21900bc800 5995       4       soot.dexpler.instructions.BinopLitInstruction::jimplify (162 bytes)

GC Heap History (10 events):
Event: 64.846 GC heap after
Heap after GC invocations=21 (full 2):
 PSYoungGen      total 2117120K, used 54480K [0x000000066ab00000, 0x000000070f500000, 0x00000007c0000000)
  eden space 2054144K, 0% used [0x000000066ab00000,0x000000066ab00000,0x00000006e8100000)
  from space 62976K, 86% used [0x00000006e8100000,0x00000006eb634340,0x00000006ebe80000)
  to   space 69632K, 0% used [0x000000070b100000,0x000000070b100000,0x000000070f500000)
 ParOldGen       total 347136K, used 340935K [0x00000003c0000000, 0x00000003d5300000, 0x000000066ab00000)
  object space 347136K, 98% used [0x00000003c0000000,0x00000003d4cf1f48,0x00000003d5300000)
 Metaspace       used 15081K, capacity 15230K, committed 15488K, reserved 1062912K
  class space    used 1629K, capacity 1649K, committed 1664K, reserved 1048576K
}
Event: 64.846 GC heap before
{Heap before GC invocations=22 (full 3):
 PSYoungGen      total 2117120K, used 54480K [0x000000066ab00000, 0x000000070f500000, 0x00000007c0000000)
  eden space 2054144K, 0% used [0x000000066ab00000,0x000000066ab00000,0x00000006e8100000)
  from space 62976K, 86% used [0x00000006e8100000,0x00000006eb634340,0x00000006ebe80000)
  to   space 69632K, 0% used [0x000000070b100000,0x000000070b100000,0x000000070f500000)
 ParOldGen       total 347136K, used 340935K [0x00000003c0000000, 0x00000003d5300000, 0x000000066ab00000)
  object space 347136K, 98% used [0x00000003c0000000,0x00000003d4cf1f48,0x00000003d5300000)
 Metaspace       used 15081K, capacity 15230K, committed 15488K, reserved 1062912K
  class space    used 1629K, capacity 1649K, committed 1664K, reserved 1048576K
Event: 66.676 GC heap after
Heap after GC invocations=22 (full 3):
 PSYoungGen      total 2117120K, used 41569K [0x000000066ab00000, 0x000000070f500000, 0x00000007c0000000)
  eden space 2054144K, 0% used [0x000000066ab00000,0x000000066ab00000,0x00000006e8100000)
  from space 62976K, 66% used [0x00000006e8100000,0x00000006ea9984d8,0x00000006ebe80000)
  to   space 69632K, 0% used [0x000000070b100000,0x000000070b100000,0x000000070f500000)
 ParOldGen       total 507392K, used 346748K [0x00000003c0000000, 0x00000003def80000, 0x000000066ab00000)
  object space 507392K, 68% used [0x00000003c0000000,0x00000003d529f2e8,0x00000003def80000)
 Metaspace       used 15081K, capacity 15230K, committed 15488K, reserved 1062912K
  class space    used 1629K, capacity 1649K, committed 1664K, reserved 1048576K
}
Event: 71.140 GC heap before
{Heap before GC invocations=23 (full 3):
 PSYoungGen      total 2117120K, used 2095713K [0x000000066ab00000, 0x000000070f500000, 0x00000007c0000000)
  eden space 2054144K, 100% used [0x000000066ab00000,0x00000006e8100000,0x00000006e8100000)
  from space 62976K, 66% used [0x00000006e8100000,0x00000006ea9984d8,0x00000006ebe80000)
  to   space 69632K, 0% used [0x000000070b100000,0x000000070b100000,0x000000070f500000)
 ParOldGen       total 507392K, used 346748K [0x00000003c0000000, 0x00000003def80000, 0x000000066ab00000)
  object space 507392K, 68% used [0x00000003c0000000,0x00000003d529f2e8,0x00000003def80000)
 Metaspace       used 15082K, capacity 15230K, committed 15488K, reserved 1062912K
  class space    used 1629K, capacity 1649K, committed 1664K, reserved 1048576K
Event: 71.610 GC heap after
Heap after GC invocations=23 (full 3):
 PSYoungGen      total 2536448K, used 43392K [0x000000066ab00000, 0x000000070db80000, 0x00000007c0000000)
  eden space 2492928K, 0% used [0x000000066ab00000,0x000000066ab00000,0x0000000702d80000)
  from space 43520K, 99% used [0x000000070b100000,0x000000070db600b0,0x000000070db80000)
  to   space 70144K, 0% used [0x0000000705280000,0x0000000705280000,0x0000000709700000)
 ParOldGen       total 507392K, used 382257K [0x00000003c0000000, 0x00000003def80000, 0x000000066ab00000)
  object space 507392K, 75% used [0x00000003c0000000,0x00000003d754c408,0x00000003def80000)
 Metaspace       used 15082K, capacity 15230K, committed 15488K, reserved 1062912K
  class space    used 1629K, capacity 1649K, committed 1664K, reserved 1048576K
}
Event: 78.691 GC heap before
{Heap before GC invocations=24 (full 3):
 PSYoungGen      total 2536448K, used 2536320K [0x000000066ab00000, 0x000000070db80000, 0x00000007c0000000)
  eden space 2492928K, 100% used [0x000000066ab00000,0x0000000702d80000,0x0000000702d80000)
  from space 43520K, 99% used [0x000000070b100000,0x000000070db600b0,0x000000070db80000)
  to   space 70144K, 0% used [0x0000000705280000,0x0000000705280000,0x0000000709700000)
 ParOldGen       total 507392K, used 382257K [0x00000003c0000000, 0x00000003def80000, 0x000000066ab00000)
  object space 507392K, 75% used [0x00000003c0000000,0x00000003d754c408,0x00000003def80000)
 Metaspace       used 15085K, capacity 15230K, committed 15488K, reserved 1062912K
  class space    used 1629K, capacity 1649K, committed 1664K, reserved 1048576K
Event: 79.198 GC heap after
Heap after GC invocations=24 (full 3):
 PSYoungGen      total 2600960K, used 54960K [0x000000066ab00000, 0x000000072cf80000, 0x00000007c0000000)
  eden space 2530816K, 0% used [0x000000066ab00000,0x000000066ab00000,0x0000000705280000)
  from space 70144K, 78% used [0x0000000705280000,0x000000070882c070,0x0000000709700000)
  to   space 74752K, 0% used [0x0000000728680000,0x0000000728680000,0x000000072cf80000)
 ParOldGen       total 507392K, used 425729K [0x00000003c0000000, 0x00000003def80000, 0x000000066ab00000)
  object space 507392K, 83% used [0x00000003c0000000,0x00000003d9fc0558,0x00000003def80000)
 Metaspace       used 15085K, capacity 15230K, committed 15488K, reserved 1062912K
  class space    used 1629K, capacity 1649K, committed 1664K, reserved 1048576K
}
Event: 84.533 GC heap before
{Heap before GC invocations=25 (full 3):
 PSYoungGen      total 2600960K, used 2585776K [0x000000066ab00000, 0x000000072cf80000, 0x00000007c0000000)
  eden space 2530816K, 100% used [0x000000066ab00000,0x0000000705280000,0x0000000705280000)
  from space 70144K, 78% used [0x0000000705280000,0x000000070882c070,0x0000000709700000)
  to   space 74752K, 0% used [0x0000000728680000,0x0000000728680000,0x000000072cf80000)
 ParOldGen       total 507392K, used 425729K [0x00000003c0000000, 0x00000003def80000, 0x000000066ab00000)
  object space 507392K, 83% used [0x00000003c0000000,0x00000003d9fc0558,0x00000003def80000)
 Metaspace       used 15092K, capacity 15230K, committed 15488K, reserved 1062912K
  class space    used 1629K, capacity 1649K, committed 1664K, reserved 1048576K
Event: 85.107 GC heap after
Heap after GC invocations=25 (full 3):
 PSYoungGen      total 3104256K, used 56527K [0x000000066ab00000, 0x0000000732700000, 0x00000007c0000000)
  eden space 3029504K, 0% used [0x000000066ab00000,0x000000066ab00000,0x0000000723980000)
  from space 74752K, 75% used [0x0000000728680000,0x000000072bdb3e40,0x000000072cf80000)
  to   space 78848K, 0% used [0x0000000723980000,0x0000000723980000,0x0000000728680000)
 ParOldGen       total 507392K, used 480801K [0x00000003c0000000, 0x00000003def80000, 0x000000066ab00000)
  object space 507392K, 94% used [0x00000003c0000000,0x00000003dd588688,0x00000003def80000)
 Metaspace       used 15092K, capacity 15230K, committed 15488K, reserved 1062912K
  class space    used 1629K, capacity 1649K, committed 1664K, reserved 1048576K
}
Event: 85.107 GC heap before
{Heap before GC invocations=26 (full 4):
 PSYoungGen      total 3104256K, used 56527K [0x000000066ab00000, 0x0000000732700000, 0x00000007c0000000)
  eden space 3029504K, 0% used [0x000000066ab00000,0x000000066ab00000,0x0000000723980000)
  from space 74752K, 75% used [0x0000000728680000,0x000000072bdb3e40,0x000000072cf80000)
  to   space 78848K, 0% used [0x0000000723980000,0x0000000723980000,0x0000000728680000)
 ParOldGen       total 507392K, used 480801K [0x00000003c0000000, 0x00000003def80000, 0x000000066ab00000)
  object space 507392K, 94% used [0x00000003c0000000,0x00000003dd588688,0x00000003def80000)
 Metaspace       used 15092K, capacity 15230K, committed 15488K, reserved 1062912K
  class space    used 1629K, capacity 1649K, committed 1664K, reserved 1048576K

Deoptimization events (10 events):
Event: 77.127 Thread 0x00007f219000b800 Uncommon trap: reason=class_check action=maybe_recompile pc=0x00007f2181e4ebfc method=soot.PackManager.getPack(Ljava/lang/String;)Lsoot/Pack; @ 10
Event: 77.130 Thread 0x00007f219000b800 Uncommon trap: reason=class_check action=maybe_recompile pc=0x00007f2181a8373c method=soot.jimple.toolkits.typing.TypeAssigner.replaceNullType(Lsoot/Body;)V @ 253
Event: 77.132 Thread 0x00007f219000b800 Uncommon trap: reason=null_check action=make_not_entrant pc=0x00007f2181804410 method=soot.toolkits.scalar.SimpleLocalDefs$FlowAssignment.getDefsOfAt(Lsoot/Local;Lsoot/Unit;)Ljava/util/List; @ 10
Event: 77.133 Thread 0x00007f219000b800 Uncommon trap: reason=null_check action=make_not_entrant pc=0x00007f2182168dd8 method=soot.toolkits.scalar.SimpleLocalDefs$FlowAssignment.getDefsOfAt(Lsoot/Local;Lsoot/Unit;)Ljava/util/List; @ 10
Event: 81.106 Thread 0x00007f219000b800 Uncommon trap: reason=unstable_if action=reinterpret pc=0x00007f21816213a8 method=soot.FastHierarchy.canStoreType(Lsoot/Type;Lsoot/Type;)Z @ 336
Event: 81.373 Thread 0x00007f219000b800 Uncommon trap: reason=class_check action=maybe_recompile pc=0x00007f2181e4ebfc method=soot.PackManager.getPack(Ljava/lang/String;)Lsoot/Pack; @ 10
Event: 81.373 Thread 0x00007f219000b800 Uncommon trap: reason=class_check action=maybe_recompile pc=0x00007f2181a8376c method=soot.jimple.toolkits.typing.TypeAssigner.replaceNullType(Lsoot/Body;)V @ 371
Event: 83.517 Thread 0x00007f219000b800 Uncommon trap: reason=unstable_if action=reinterpret pc=0x00007f2181af1250 method=java.util.HashMap.getNode(ILjava/lang/Object;)Ljava/util/HashMap$Node; @ 62
Event: 84.049 Thread 0x00007f219000b800 Uncommon trap: reason=unstable_if action=reinterpret pc=0x00007f218214b538 method=soot.toolkits.exceptions.TrapTightener.internalTransform(Lsoot/Body;Ljava/lang/String;Ljava/util/Map;)V @ 244
Event: 84.188 Thread 0x00007f219000b800 Uncommon trap: reason=unstable_if action=reinterpret pc=0x00007f2181ef7dcc method=soot.dexpler.DexNumTransformer$2.caseAssignStmt(Lsoot/jimple/AssignStmt;)V @ 68

Classes redefined (0 events):
No events

Internal exceptions (10 events):
Event: 34.919 Thread 0x00007f219000b800 Implicit null exception at 0x00007f2181b5836b to 0x00007f2181b5b74d
Event: 35.836 Thread 0x00007f219000b800 Implicit null exception at 0x00007f2181c0ac3c to 0x00007f2181c0d91d
Event: 36.315 Thread 0x00007f219000b800 Implicit null exception at 0x00007f2181f72e88 to 0x00007f2181f75ad5
Event: 39.958 Thread 0x00007f219000b800 Implicit null exception at 0x00007f21818a1bf5 to 0x00007f21818a1f6d
Event: 39.958 Thread 0x00007f219000b800 Implicit null exception at 0x00007f21821d7750 to 0x00007f21821dd335
Event: 46.449 Thread 0x00007f219000b800 Implicit null exception at 0x00007f218134bc1c to 0x00007f218134c54d
Event: 57.817 Thread 0x00007f219000b800 Implicit null exception at 0x00007f218202d746 to 0x00007f218202d87d
Event: 57.817 Thread 0x00007f219000b800 Implicit null exception at 0x00007f2182323cc7 to 0x00007f2182325179
Event: 77.132 Thread 0x00007f219000b800 Implicit null exception at 0x00007f2181803ea0 to 0x00007f2181804405
Event: 77.132 Thread 0x00007f219000b800 Implicit null exception at 0x00007f2182167c7a to 0x00007f2182168dad

Events (10 events):
Event: 83.517 Thread 0x00007f219000b800 Uncommon trap: trap_request=0xffffff65 fr.pc=0x00007f2181af1250
Event: 83.517 Thread 0x00007f219000b800 DEOPT PACKING pc=0x00007f2181af1250 sp=0x00007f219741eec0
Event: 83.517 Thread 0x00007f219000b800 DEOPT UNPACKING pc=0x00007f218104573a sp=0x00007f219741ed90 mode 2
Event: 84.049 Thread 0x00007f219000b800 Uncommon trap: trap_request=0xffffff65 fr.pc=0x00007f218214b538
Event: 84.049 Thread 0x00007f219000b800 DEOPT PACKING pc=0x00007f218214b538 sp=0x00007f219741ef90
Event: 84.049 Thread 0x00007f219000b800 DEOPT UNPACKING pc=0x00007f218104573a sp=0x00007f219741efa0 mode 2
Event: 84.188 Thread 0x00007f219000b800 Uncommon trap: trap_request=0xffffff65 fr.pc=0x00007f2181ef7dcc
Event: 84.188 Thread 0x00007f219000b800 DEOPT PACKING pc=0x00007f2181ef7dcc sp=0x00007f219741ef30
Event: 84.188 Thread 0x00007f219000b800 DEOPT UNPACKING pc=0x00007f218104573a sp=0x00007f219741ef00 mode 2
Event: 84.533 Executing VM operation: ParallelGCFailedAllocation


Dynamic libraries:
00400000-00401000 r-xp 00000000 00:00 126204                     /usr/lib/jvm/java-8-oracle/jre/bin/java
00600000-00601000 r--p 00000000 00:00 126204                     /usr/lib/jvm/java-8-oracle/jre/bin/java
00601000-00602000 rw-p 00001000 00:00 126204                     /usr/lib/jvm/java-8-oracle/jre/bin/java
0181c000-0183d000 rw-p 00000000 00:00 0                          [heap]
3c0000000-3def80000 rw-p 00000000 00:00 0
3def80000-66ab00000 ---p 00000000 00:00 0
66ab00000-732700000 rw-p 00000000 00:00 0
732700000-7c0000000 ---p 00000000 00:00 0
7c0000000-7c01a0000 rw-p 00000000 00:00 0
7c01a0000-800000000 ---p 00000000 00:00 0
7f2120000000-7f2120021000 rw-p 00000000 00:00 0
7f2120021000-7f2124000000 ---p 00000000 00:00 0
7f2124000000-7f2124021000 rw-p 00000000 00:00 0
7f2124021000-7f2128000000 ---p 00000000 00:00 0
7f2128000000-7f212a13a000 rw-p 00000000 00:00 0
7f212a13a000-7f212c000000 ---p 00000000 00:00 0
7f212c000000-7f212cae2000 rw-p 00000000 00:00 0
7f212cae2000-7f2130000000 ---p 00000000 00:00 0
7f2130000000-7f2130021000 rw-p 00000000 00:00 0
7f2130021000-7f2134000000 ---p 00000000 00:00 0
7f2134000000-7f2135ffb000 rw-p 00000000 00:00 0
7f2135ffb000-7f2138000000 ---p 00000000 00:00 0
7f2138000000-7f2138021000 rw-p 00000000 00:00 0
7f2138021000-7f213c000000 ---p 00000000 00:00 0
7f213c000000-7f213c021000 rw-p 00000000 00:00 0
7f213c021000-7f2140000000 ---p 00000000 00:00 0
7f2140000000-7f21602b5000 rw-p 00000000 00:00 0
7f21602b5000-7f2164000000 ---p 00000000 00:00 0
7f2164000000-7f2164039000 rw-p 00000000 00:00 0
7f2164039000-7f2168000000 ---p 00000000 00:00 0
7f2168000000-7f216809c000 rw-p 00000000 00:00 0
7f216809c000-7f216c000000 ---p 00000000 00:00 0
7f216fe00000-7f216ff80000 rw-p 00000000 00:00 0
7f216ff80000-7f2170000000 ---p 00000000 00:00 0
7f2170000000-7f2170021000 rw-p 00000000 00:00 0
7f2170021000-7f2174000000 ---p 00000000 00:00 0
7f2174010000-7f2174711000 rw-p 00000000 00:00 0
7f2174720000-7f2174736000 r-xp 00000000 00:00 126516             /usr/lib/jvm/java-8-oracle/jre/lib/amd64/libnet.so
7f2174736000-7f217473d000 ---p 00016000 00:00 126516             /usr/lib/jvm/java-8-oracle/jre/lib/amd64/libnet.so
7f217473d000-7f2174936000 ---p 0000001d 00:00 126516             /usr/lib/jvm/java-8-oracle/jre/lib/amd64/libnet.so
7f2174936000-7f2174937000 r--p 00016000 00:00 126516             /usr/lib/jvm/java-8-oracle/jre/lib/amd64/libnet.so
7f2174937000-7f2174938000 rw-p 00017000 00:00 126516             /usr/lib/jvm/java-8-oracle/jre/lib/amd64/libnet.so
7f2174940000-7f2174951000 r-xp 00000000 00:00 126519             /usr/lib/jvm/java-8-oracle/jre/lib/amd64/libnio.so
7f2174951000-7f2174957000 ---p 00011000 00:00 126519             /usr/lib/jvm/java-8-oracle/jre/lib/amd64/libnio.so
7f2174957000-7f2174b50000 ---p 00000017 00:00 126519             /usr/lib/jvm/java-8-oracle/jre/lib/amd64/libnio.so
7f2174b50000-7f2174b51000 r--p 00010000 00:00 126519             /usr/lib/jvm/java-8-oracle/jre/lib/amd64/libnio.so
7f2174b51000-7f2174b52000 rw-p 00011000 00:00 126519             /usr/lib/jvm/java-8-oracle/jre/lib/amd64/libnio.so
7f2174b60000-7f2174b98000 rw-p 00000000 00:00 0
7f2174ba4000-7f2174ce0000 r--s 01217000 00:00 1366557            /mnt/d/ResearchSpace/ResearchProjects/UMLx/facility-tools/gator/sootandroid/build/libs/sootandroid-1.0-SNAPSHOT-all.jar
7f2174ce0000-7f2174ce1000 ---p 00000000 00:00 0
7f2174ce1000-7f2174de1000 rw-p 00000000 00:00 0
7f2174df0000-7f2174df3000 ---p 00000000 00:00 0
7f2174df3000-7f2174ef1000 rw-p 00000000 00:00 0
7f2174f00000-7f2174f04000 ---p 00000000 00:00 0
7f2174f04000-7f2175001000 rw-p 00000000 00:00 0
7f2175010000-7f2175014000 ---p 00000000 00:00 0
7f2175014000-7f2175111000 rw-p 00000000 00:00 0
7f2175120000-7f2175124000 ---p 00000000 00:00 0
7f2175124000-7f2175221000 rw-p 00000000 00:00 0
7f2175230000-7f2175233000 ---p 00000000 00:00 0
7f2175233000-7f2175331000 rw-p 00000000 00:00 0
7f2175331000-7f2175362000 r--p 00000000 00:00 104152             /usr/lib/locale/C.UTF-8/LC_CTYPE
7f2175362000-7f21754d5000 r--p 00000000 00:00 104151             /usr/lib/locale/C.UTF-8/LC_COLLATE
7f21754d5000-7f2175670000 r--p 00000000 00:00 104174             /usr/lib/locale/locale-archive
7f2175670000-7f2175673000 ---p 00000000 00:00 0
7f2175673000-7f2175771000 rw-p 00000000 00:00 0
7f2175780000-7f2175783000 ---p 00000000 00:00 0
7f2175783000-7f2175881000 rw-p 00000000 00:00 0
7f2175890000-7f2175891000 ---p 00000000 00:00 0
7f2175891000-7f2175991000 rw-p 00000000 00:00 0
7f21759a0000-7f2175aa1000 rw-p 00000000 00:00 0
7f2175ab0000-7f2175bb1000 rw-p 00000000 00:00 0
7f2175bc0000-7f2175cc1000 rw-p 00000000 00:00 0
7f2175cd0000-7f2175dd1000 rw-p 00000000 00:00 0
7f2175de0000-7f2175ee1000 rw-p 00000000 00:00 0
7f2175ef0000-7f2175ff1000 rw-p 00000000 00:00 0
7f2176000000-7f2178021000 rw-p 00000000 00:00 0
7f2178021000-7f217c000000 ---p 00000000 00:00 0
7f217c030000-7f217c051000 rw-p 00000000 00:00 0
7f217c060000-7f217c081000 rw-p 00000000 00:00 0
7f217c090000-7f217c191000 rw-p 00000000 00:00 0
7f217c1a0000-7f217c1c1000 rw-p 00000000 00:00 0
7f217c1d0000-7f217c2d1000 rw-p 00000000 00:00 0
7f217c2e0000-7f217c301000 rw-p 00000000 00:00 0
7f217c310000-7f217c411000 rw-p 00000000 00:00 0
7f217c420000-7f217c441000 rw-p 00000000 00:00 0
7f217c450000-7f217c551000 rw-p 00000000 00:00 0
7f217c560000-7f217c661000 rw-p 00000000 00:00 0
7f217c670000-7f217c771000 rw-p 00000000 00:00 0
7f217c780000-7f217c881000 rw-p 00000000 00:00 0
7f217c890000-7f217c991000 rw-p 00000000 00:00 0
7f217c9a0000-7f217caa1000 rw-p 00000000 00:00 0
7f217caa6000-7f217cc80000 r--s 03d6f000 00:00 126307             /usr/lib/jvm/java-8-oracle/jre/lib/rt.jar
7f217cc80000-7f217d5c0000 rw-p 00000000 00:00 0
7f217d5c0000-7f217d5c1000 ---p 00000000 00:00 0
7f217d5c1000-7f217d6c1000 rw-p 00000000 00:00 0
7f217d6d0000-7f217d7c8000 rw-p 00000000 00:00 0
7f217d7c8000-7f217ec26000 ---p 00000000 00:00 0
7f217ec30000-7f217ed28000 rw-p 00000000 00:00 0
7f217ed28000-7f2180185000 ---p 00000000 00:00 0
7f2180185000-7f21807c4000 rw-p 00000000 00:00 0
7f21807c4000-7f2180c30000 ---p 00000000 00:00 0
7f2180c30000-7f2180c31000 rw-p 00000000 00:00 0
7f2180c40000-7f2180c94000 rw-p 00000000 00:00 0
7f2180c94000-7f2181000000 ---p 00000000 00:00 0
7f2181000000-7f21824f0000 rwxp 00000000 00:00 0
7f21824f0000-7f2190000000 ---p 00000000 00:00 0
7f2190000000-7f21906c4000 rw-p 00000000 00:00 0
7f21906c4000-7f2194000000 ---p 00000000 00:00 0
7f2194020000-7f2194021000 ---p 00000000 00:00 0
7f2194021000-7f2194121000 rw-p 00000000 00:00 0
7f2194130000-7f2194131000 ---p 00000000 00:00 0
7f2194131000-7f2194231000 rw-p 00000000 00:00 0
7f2194240000-7f2194241000 ---p 00000000 00:00 0
7f2194241000-7f2194341000 rw-p 00000000 00:00 0
7f2194350000-7f219436b000 r-xp 00000000 00:00 126512             /usr/lib/jvm/java-8-oracle/jre/lib/amd64/libzip.so
7f219436b000-7f2194370000 ---p 0001b000 00:00 126512             /usr/lib/jvm/java-8-oracle/jre/lib/amd64/libzip.so
7f2194370000-7f219456a000 ---p 00000020 00:00 126512             /usr/lib/jvm/java-8-oracle/jre/lib/amd64/libzip.so
7f219456a000-7f219456b000 r--p 0001a000 00:00 126512             /usr/lib/jvm/java-8-oracle/jre/lib/amd64/libzip.so
7f219456b000-7f219456c000 rw-p 0001b000 00:00 126512             /usr/lib/jvm/java-8-oracle/jre/lib/amd64/libzip.so
7f2194570000-7f219457b000 r-xp 00000000 00:00 102549             /lib/x86_64-linux-gnu/libnss_files-2.27.so
7f219457b000-7f219457c000 ---p 0000b000 00:00 102549             /lib/x86_64-linux-gnu/libnss_files-2.27.so
7f219457c000-7f219477a000 ---p 0000000c 00:00 102549             /lib/x86_64-linux-gnu/libnss_files-2.27.so
7f219477a000-7f219477b000 r--p 0000a000 00:00 102549             /lib/x86_64-linux-gnu/libnss_files-2.27.so
7f219477b000-7f219477c000 rw-p 0000b000 00:00 102549             /lib/x86_64-linux-gnu/libnss_files-2.27.so
7f219477c000-7f2194782000 rw-p 00000000 00:00 0
7f2194790000-7f21947a7000 r-xp 00000000 00:00 102543             /lib/x86_64-linux-gnu/libnsl-2.27.so
7f21947a7000-7f21947a8000 ---p 00017000 00:00 102543             /lib/x86_64-linux-gnu/libnsl-2.27.so
7f21947a8000-7f21949a6000 ---p 00000018 00:00 102543             /lib/x86_64-linux-gnu/libnsl-2.27.so
7f21949a6000-7f21949a7000 r--p 00016000 00:00 102543             /lib/x86_64-linux-gnu/libnsl-2.27.so
7f21949a7000-7f21949a8000 rw-p 00017000 00:00 102543             /lib/x86_64-linux-gnu/libnsl-2.27.so
7f21949a8000-7f21949aa000 rw-p 00000000 00:00 0
7f21949b0000-7f21949bb000 r-xp 00000000 00:00 102553             /lib/x86_64-linux-gnu/libnss_nis-2.27.so
7f21949bb000-7f21949bc000 ---p 0000b000 00:00 102553             /lib/x86_64-linux-gnu/libnss_nis-2.27.so
7f21949bc000-7f2194bba000 ---p 0000000c 00:00 102553             /lib/x86_64-linux-gnu/libnss_nis-2.27.so
7f2194bba000-7f2194bbb000 r--p 0000a000 00:00 102553             /lib/x86_64-linux-gnu/libnss_nis-2.27.so
7f2194bbb000-7f2194bbc000 rw-p 0000b000 00:00 102553             /lib/x86_64-linux-gnu/libnss_nis-2.27.so
7f2194bc0000-7f2194bc8000 r-xp 00000000 00:00 102545             /lib/x86_64-linux-gnu/libnss_compat-2.27.so
7f2194bc8000-7f2194bca000 ---p 00008000 00:00 102545             /lib/x86_64-linux-gnu/libnss_compat-2.27.so
7f2194bca000-7f2194dc8000 ---p 0000000a 00:00 102545             /lib/x86_64-linux-gnu/libnss_compat-2.27.so
7f2194dc8000-7f2194dc9000 r--p 00008000 00:00 102545             /lib/x86_64-linux-gnu/libnss_compat-2.27.so
7f2194dc9000-7f2194dca000 rw-p 00009000 00:00 102545             /lib/x86_64-linux-gnu/libnss_compat-2.27.so
7f2194dd0000-7f2194dfc000 r-xp 00000000 00:00 126508             /usr/lib/jvm/java-8-oracle/jre/lib/amd64/libjava.so
7f2194dfc000-7f2194e09000 ---p 0002c000 00:00 126508             /usr/lib/jvm/java-8-oracle/jre/lib/amd64/libjava.so
7f2194e09000-7f2194ffc000 ---p 00000039 00:00 126508             /usr/lib/jvm/java-8-oracle/jre/lib/amd64/libjava.so
7f2194ffc000-7f2194ffd000 r--p 0002c000 00:00 126508             /usr/lib/jvm/java-8-oracle/jre/lib/amd64/libjava.so
7f2194ffd000-7f2194fff000 rw-p 0002d000 00:00 126508             /usr/lib/jvm/java-8-oracle/jre/lib/amd64/libjava.so
7f2195000000-7f219500d000 r-xp 00000000 00:00 126511             /usr/lib/jvm/java-8-oracle/jre/lib/amd64/libverify.so
7f219500d000-7f2195011000 ---p 0000d000 00:00 126511             /usr/lib/jvm/java-8-oracle/jre/lib/amd64/libverify.so
7f2195011000-7f219520c000 ---p 00000011 00:00 126511             /usr/lib/jvm/java-8-oracle/jre/lib/amd64/libverify.so
7f219520c000-7f219520e000 r--p 0000c000 00:00 126511             /usr/lib/jvm/java-8-oracle/jre/lib/amd64/libverify.so
7f219520e000-7f219520f000 rw-p 0000e000 00:00 126511             /usr/lib/jvm/java-8-oracle/jre/lib/amd64/libverify.so
7f2195210000-7f2195217000 r-xp 00000000 00:00 102591             /lib/x86_64-linux-gnu/librt-2.27.so
7f2195217000-7f2195218000 ---p 00007000 00:00 102591             /lib/x86_64-linux-gnu/librt-2.27.so
7f2195218000-7f2195416000 ---p 00000008 00:00 102591             /lib/x86_64-linux-gnu/librt-2.27.so
7f2195416000-7f2195417000 r--p 00006000 00:00 102591             /lib/x86_64-linux-gnu/librt-2.27.so
7f2195417000-7f2195418000 rw-p 00007000 00:00 102591             /lib/x86_64-linux-gnu/librt-2.27.so
7f2195420000-7f21955bd000 r-xp 00000000 00:00 102526             /lib/x86_64-linux-gnu/libm-2.27.so
7f21955bd000-7f21955c0000 ---p 0019d000 00:00 102526             /lib/x86_64-linux-gnu/libm-2.27.so
7f21955c0000-7f21957bc000 ---p 000001a0 00:00 102526             /lib/x86_64-linux-gnu/libm-2.27.so
7f21957bc000-7f21957bd000 r--p 0019c000 00:00 102526             /lib/x86_64-linux-gnu/libm-2.27.so
7f21957bd000-7f21957be000 rw-p 0019d000 00:00 102526             /lib/x86_64-linux-gnu/libm-2.27.so
7f21957c7000-7f21964af000 r-xp 00000000 00:00 126532             /usr/lib/jvm/java-8-oracle/jre/lib/amd64/server/libjvm.so
7f21964af000-7f21966ae000 ---p 00ce8000 00:00 126532             /usr/lib/jvm/java-8-oracle/jre/lib/amd64/server/libjvm.so
7f21966ae000-7f2196744000 r--p 00ce7000 00:00 126532             /usr/lib/jvm/java-8-oracle/jre/lib/amd64/server/libjvm.so
7f2196744000-7f2196775000 rw-p 00d7d000 00:00 126532             /usr/lib/jvm/java-8-oracle/jre/lib/amd64/server/libjvm.so
7f2196775000-7f21967b0000 rw-p 00000000 00:00 0
7f21967b0000-7f2196997000 r-xp 00000000 00:00 102462             /lib/x86_64-linux-gnu/libc-2.27.so
7f2196997000-7f21969a0000 ---p 001e7000 00:00 102462             /lib/x86_64-linux-gnu/libc-2.27.so
7f21969a0000-7f2196b97000 ---p 000001f0 00:00 102462             /lib/x86_64-linux-gnu/libc-2.27.so
7f2196b97000-7f2196b9b000 r--p 001e7000 00:00 102462             /lib/x86_64-linux-gnu/libc-2.27.so
7f2196b9b000-7f2196b9d000 rw-p 001eb000 00:00 102462             /lib/x86_64-linux-gnu/libc-2.27.so
7f2196b9d000-7f2196ba1000 rw-p 00000000 00:00 0
7f2196bb0000-7f2196bb3000 r-xp 00000000 00:00 102486             /lib/x86_64-linux-gnu/libdl-2.27.so
7f2196bb3000-7f2196bb4000 ---p 00003000 00:00 102486             /lib/x86_64-linux-gnu/libdl-2.27.so
7f2196bb4000-7f2196db2000 ---p 00000004 00:00 102486             /lib/x86_64-linux-gnu/libdl-2.27.so
7f2196db2000-7f2196db3000 r--p 00002000 00:00 102486             /lib/x86_64-linux-gnu/libdl-2.27.so
7f2196db3000-7f2196db4000 rw-p 00003000 00:00 102486             /lib/x86_64-linux-gnu/libdl-2.27.so
7f2196dc0000-7f2196dd7000 r-xp 00000000 00:00 126491             /usr/lib/jvm/java-8-oracle/jre/lib/amd64/jli/libjli.so
7f2196dd7000-7f2196ddb000 ---p 00017000 00:00 126491             /usr/lib/jvm/java-8-oracle/jre/lib/amd64/jli/libjli.so
7f2196ddb000-7f2196fd6000 ---p 0000001b 00:00 126491             /usr/lib/jvm/java-8-oracle/jre/lib/amd64/jli/libjli.so
7f2196fd6000-7f2196fd7000 r--p 00016000 00:00 126491             /usr/lib/jvm/java-8-oracle/jre/lib/amd64/jli/libjli.so
7f2196fd7000-7f2196fd8000 rw-p 00017000 00:00 126491             /usr/lib/jvm/java-8-oracle/jre/lib/amd64/jli/libjli.so
7f2196fe0000-7f2196ffa000 r-xp 00000000 00:00 102583             /lib/x86_64-linux-gnu/libpthread-2.27.so
7f2196ffa000-7f2197004000 ---p 0001a000 00:00 102583             /lib/x86_64-linux-gnu/libpthread-2.27.so
7f2197004000-7f21971f9000 ---p 00000024 00:00 102583             /lib/x86_64-linux-gnu/libpthread-2.27.so
7f21971f9000-7f21971fa000 r--p 00019000 00:00 102583             /lib/x86_64-linux-gnu/libpthread-2.27.so
7f21971fa000-7f21971fb000 rw-p 0001a000 00:00 102583             /lib/x86_64-linux-gnu/libpthread-2.27.so
7f21971fb000-7f21971ff000 rw-p 00000000 00:00 0
7f2197200000-7f2197226000 r-xp 00000000 00:00 102437             /lib/x86_64-linux-gnu/ld-2.27.so
7f2197226000-7f2197227000 r-xp 00026000 00:00 102437             /lib/x86_64-linux-gnu/ld-2.27.so
7f2197250000-7f219729f000 rw-p 00000000 00:00 0
7f21972a0000-7f2197316000 rw-p 00000000 00:00 0
7f2197320000-7f2197324000 ---p 00000000 00:00 0
7f2197324000-7f2197421000 rw-p 00000000 00:00 0
7f2197427000-7f2197428000 r--p 00027000 00:00 102437             /lib/x86_64-linux-gnu/ld-2.27.so
7f2197428000-7f2197429000 rw-p 00028000 00:00 102437             /lib/x86_64-linux-gnu/ld-2.27.so
7f2197429000-7f219742a000 rw-p 00000000 00:00 0
7f2197430000-7f219748b000 rw-p 00000000 00:00 0
7f2197490000-7f21974b8000 rw-p 00000000 00:00 0
7f21974c0000-7f21974c1000 rw-p 00000000 00:00 0
7f21974d0000-7f21974d1000 ---p 00000000 00:00 0
7f21974dc000-7f21974e0000 r--s 000a1000 00:00 126364             /usr/lib/jvm/java-8-oracle/jre/lib/jsse.jar
7f21974e0000-7f21974e2000 rw-p 00000000 00:00 0
7f21974e3000-7f21974e4000 r--p 00000000 00:00 104170             /usr/lib/locale/C.UTF-8/LC_NUMERIC
7f21974e4000-7f21974e5000 r--p 00000000 00:00 104173             /usr/lib/locale/C.UTF-8/LC_TIME
7f21974e5000-7f21974e6000 r--p 00000000 00:00 104159             /usr/lib/locale/C.UTF-8/LC_MONETARY
7f21974e6000-7f21974e7000 r--p 00000000 00:00 104158             /usr/lib/locale/C.UTF-8/LC_MESSAGES/SYS_LC_MESSAGES
7f21974e7000-7f21974e8000 r--p 00000000 00:00 104171             /usr/lib/locale/C.UTF-8/LC_PAPER
7f21974e8000-7f21974e9000 r--p 00000000 00:00 104160             /usr/lib/locale/C.UTF-8/LC_NAME
7f21974e9000-7f21974f0000 r--s 00000000 00:00 136706             /usr/lib/x86_64-linux-gnu/gconv/gconv-modules.cache
7f21974f0000-7f21974f2000 rw-p 00000000 00:00 0
7f21974f2000-7f21974f3000 r--p 00000000 00:00 104150             /usr/lib/locale/C.UTF-8/LC_ADDRESS
7f21974f3000-7f21974f4000 r--p 00000000 00:00 104172             /usr/lib/locale/C.UTF-8/LC_TELEPHONE
7f21974f4000-7f21974f5000 r--p 00000000 00:00 104154             /usr/lib/locale/C.UTF-8/LC_MEASUREMENT
7f21974f5000-7f21974f6000 r--p 00000000 00:00 104153             /usr/lib/locale/C.UTF-8/LC_IDENTIFICATION
7f21974f6000-7f21974fe000 rw-s 00000000 00:00 93354              /tmp/hsperfdata_root/11665
7fffee9f9000-7fffef1f9000 rw-p 00000000 00:00 0                  [stack]
7fffef2aa000-7fffef2ab000 r-xp 00000000 00:00 0                  [vdso]

VM Arguments:
jvm_args: -Xmx16G 
java_command: presto.android.Main -sootandroidDir /mnt/d/ResearchSpace/ResearchProjects/UMLx/facility-tools/gator/sootandroid -sdkDir /mnt/d/Android_SDK -listenerSpecFile /mnt/d/ResearchSpace/ResearchProjects/UMLx/facility-tools/gator/sootandroid/listeners.xml -wtgSpecFile /mnt/d/ResearchSpace/ResearchProjects/UMLx/facility-tools/gator/sootandroid/wtg.xml -resourcePath /mnt/d/AndroidAnalysis/GatorAnalysisResults/AnExplorer/Resources/res -manifestFile /mnt/d/AndroidAnalysis/GatorAnalysisResults/AnExplorer/Resources/AndroidManifest.xml -project /mnt/d/AndroidAnalysis/GatorAnalysisResults/AnExplorer/AnExplorer.apk -apiLevel android-28 -guiAnalysis -benchmarkName AnExplorer.apk -android /mnt/d/Android_SDK/platforms/android-28/android.jar -client GUIHierarchyPrinterClient -outputDir /mnt/d/AndroidAnalysis/GatorAnalysisResults/AnExplorer
java_class_path (initial): /mnt/d/ResearchSpace/ResearchProjects/UMLx/facility-tools/gator/sootandroid/build/libs/sootandroid-1.0-SNAPSHOT-all.jar
Launcher Type: SUN_STANDARD

Environment Variables:
JAVA_HOME=/usr/lib/jvm/java-8-oracle
PATH=/usr/local/sbin:/usr/local/bin:/usr/sbin:/usr/bin:/sbin:/bin:/usr/games:/usr/local/games:/mnt/c/Program Files (x86)/Common Files/Oracle/Java/javapath_target_809171:/mnt/c/Program Files (x86)/Intel/iCLS Client:/mnt/c/Program Files/Intel/iCLS Client:/mnt/c/Windows/System32:/mnt/c/Windows:/mnt/c/Windows/System32/wbem:/mnt/c/Windows/System32/WindowsPowerShell/v1.0:/mnt/c/Windows/System32/OpenSSH:/mnt/c/Program Files/Intel/Intel(R) Management Engine Components/DAL:/mnt/c/Program Files (x86)/Intel/Intel(R) Management Engine Components/DAL:/mnt/c/Program Files/Intel/Intel(R) Management Engine Components/IPT:/mnt/c/Program Files (x86)/Intel/Intel(R) Management Engine Components/IPT:/mnt/c/Program Files/Git/cmd:/mnt/c/Program Files/nodejs:/mnt/c/Program Files/R/R-3.5.0/bin:/mnt/c/Program Files/MongoDB/Server/3.2/bin:/mnt/c/Python27:/mnt/d/ResearchSpace/ResearchProjects/UMLx/tools:/mnt/c/Program Files (x86)/Graphviz2.38/bin:/mnt/c/Program Files (x86)/srcML 0.9.5/bin:/mnt/c/Users/UMLxUser/AppData/Local/Microsoft/WindowsApps:/snap/bin:/usr/lib/jvm/java-8-oracle/bin:/usr/lib/jvm/java-8-oracle/db/bin:/usr/lib/jvm/java-8-oracle/jre/bin
SHELL=/bin/bash
HOSTTYPE=x86_64

Signal Handlers:
SIGSEGV: [libjvm.so+0xad3e60], sa_mask[0]=11111111111111111111111111111110, sa_flags=SA_RESTART|SA_SIGINFO
SIGBUS: [libjvm.so+0xad3e60], sa_mask[0]=11111111111111111111111111111110, sa_flags=SA_RESTART|SA_SIGINFO
SIGFPE: [libjvm.so+0x90b880], sa_mask[0]=11111111111111111111111111111110, sa_flags=SA_RESTART|SA_SIGINFO
SIGPIPE: [libjvm.so+0x90b880], sa_mask[0]=11111111111111111111111111111110, sa_flags=SA_RESTART|SA_SIGINFO
SIGXFSZ: [libjvm.so+0x90b880], sa_mask[0]=11111111111111111111111111111110, sa_flags=SA_RESTART|SA_SIGINFO
SIGILL: [libjvm.so+0x90b880], sa_mask[0]=11111111111111111111111111111110, sa_flags=SA_RESTART|SA_SIGINFO
SIGUSR1: SIG_DFL, sa_mask[0]=00000000010000000000000000000000, sa_flags=SA_RESTART
SIGUSR2: [libjvm.so+0x90b750], sa_mask[0]=00100000000000000000000000000000, sa_flags=SA_RESTART|SA_SIGINFO
SIGHUP: [libjvm.so+0x90bd70], sa_mask[0]=11111111111111111111111111111110, sa_flags=SA_RESTART|SA_SIGINFO
SIGINT: [libjvm.so+0x90bd70], sa_mask[0]=11111111111111111111111111111110, sa_flags=SA_RESTART|SA_SIGINFO
SIGTERM: [libjvm.so+0x90bd70], sa_mask[0]=11111111111111111111111111111110, sa_flags=SA_RESTART|SA_SIGINFO
SIGQUIT: [libjvm.so+0x90bd70], sa_mask[0]=11111111111111111111111111111110, sa_flags=SA_RESTART|SA_SIGINFO


---------------  S Y S T E M  ---------------

OS:DISTRIB_ID=Ubuntu
DISTRIB_RELEASE=18.04
DISTRIB_CODENAME=bionic
DISTRIB_DESCRIPTION="Ubuntu 18.04.1 LTS"

uname:Linux 4.4.0-17134-Microsoft #706-Microsoft Mon Apr 01 18:13:00 PST 2019 x86_64
libc:glibc 2.27 NPTL 2.27 
rlimit: STACK 8192k, CORE 0k, NPROC 7823, NOFILE 65536, AS infinity
load average:0.52 0.58 0.59

/proc/meminfo:
MemTotal:       12434412 kB
MemFree:          871404 kB
Buffers:           34032 kB
Cached:           188576 kB
SwapCached:            0 kB
Active:           167556 kB
Inactive:         157876 kB
Active(anon):     103104 kB
Inactive(anon):    17440 kB
Active(file):      64452 kB
Inactive(file):   140436 kB
Unevictable:           0 kB
Mlocked:               0 kB
SwapTotal:       8388604 kB
SwapFree:        7146228 kB
Dirty:                 0 kB
Writeback:             0 kB
AnonPages:        102824 kB
Mapped:            71404 kB
Shmem:             17720 kB
Slab:              13868 kB
SReclaimable:       6744 kB
SUnreclaim:         7124 kB
KernelStack:        2848 kB
PageTables:         2524 kB
NFS_Unstable:          0 kB
Bounce:                0 kB
WritebackTmp:          0 kB
CommitLimit:      515524 kB
Committed_AS:    3450064 kB
VmallocTotal:     122880 kB
VmallocUsed:       21296 kB
VmallocChunk:      66044 kB
HardwareCorrupted:     0 kB
AnonHugePages:      2048 kB
HugePages_Total:       0
HugePages_Free:        0
HugePages_Rsvd:        0
HugePages_Surp:        0
Hugepagesize:       2048 kB
DirectMap4k:       12280 kB
DirectMap4M:      897024 kB


CPU:total 4 (initial active 4) (4 cores per cpu, 1 threads per core) family 6 model 58 stepping 9, cmov, cx8, fxsr, mmx, sse, sse2, sse3, ssse3, sse4.1, sse4.2, popcnt, avx, aes, clmul, erms, tsc, tscinvbit, tscinv

/proc/cpuinfo:
processor	: 0
vendor_id	: GenuineIntel
cpu family	: 6
model		: 58
model name	:         Intel(R) Core(TM) i5-3470 CPU @ 3.20GHz
stepping	: 9
microcode	: 0xffffffff
cpu MHz		: 3201.000
cache size	: 256 KB
physical id	: 0
siblings	: 4
core id		: 0
cpu cores	: 4
apicid		: 0
initial apicid	: 0
fpu		: yes
fpu_exception	: yes
cpuid level	: 6
wp		: yes
flags		: fpu vme de pse tsc msr pae mce cx8 apic sep mtrr pge mca cmov pat pse36 clflush mmx fxsr sse sse2 ss ht syscall nx rdtscp lm pni pclmulqdq vmx ssse3 cx16 pcid sse4_1 sse4_2 x2apic popcnt tsc_deadline_timer aes xsave osxsave avx f16c rdrand hypervisor
bogomips	: 6402.00
clflush size	: 64
cache_alignment	: 64
address sizes	: 36 bits physical, 48 bits virtual
power management:

processor	: 1
vendor_id	: GenuineIntel
cpu family	: 6
model		: 58
model name	:         Intel(R) Core(TM) i5-3470 CPU @ 3.20GHz
stepping	: 9
microcode	: 0xffffffff
cpu MHz		: 3201.000
cache size	: 256 KB
physical id	: 0
siblings	: 4
core id		: 1
cpu cores	: 4
apicid		: 0
initial apicid	: 0
fpu		: yes
fpu_exception	: yes
cpuid level	: 6
wp		: yes
flags		: fpu vme de pse tsc msr pae mce cx8 apic sep mtrr pge mca cmov pat pse36 clflush mmx fxsr sse sse2 ss ht syscall nx rdtscp lm pni pclmulqdq vmx ssse3 cx16 pcid sse4_1 sse4_2 x2apic popcnt tsc_deadline_timer aes xsave osxsave avx f16c rdrand hypervisor
bogomips	: 6402.00
clflush size	: 64
cache_alignment	: 64
address sizes	: 36 bits physical, 48 bits virtual
power management:

processor	: 2
vendor_id	: GenuineIntel
cpu family	: 6
model		: 58
model name	:         Intel(R) Core(TM) i5-3470 CPU @ 3.20GHz
stepping	: 9
microcode	: 0xffffffff
cpu MHz		: 3201.000
cache size	: 256 KB
physical id	: 0
siblings	: 4
core id		: 2
cpu cores	: 4
apicid		: 0
initial apicid	: 0
fpu		: yes
fpu_exception	: yes
cpuid level	: 6
wp		: yes
flags		: fpu vme de pse tsc msr pae mce cx8 apic sep mtrr pge mca cmov pat pse36 clflush mmx fxsr sse sse2 ss ht syscall nx rdtscp lm pni pclmulqdq vmx ssse3 cx16 pcid sse4_1 sse4_2 x2apic popcnt tsc_deadline_timer aes xsave osxsave avx f16c rdrand hypervisor
bogomips	: 6402.00
clflush size	: 64
cache_alignment	: 64
address sizes	: 36 bits physical, 48 bits virtual
power management:

processor	: 3
vendor_id	: GenuineIntel
cpu family	: 6
model		: 58
model name	:         Intel(R) Core(TM) i5-3470 CPU @ 3.20GHz
stepping	: 9
microcode	: 0xffffffff
cpu MHz		: 3201.000
cache size	: 256 KB
physical id	: 0
siblings	: 4
core id		: 3
cpu cores	: 4
apicid		: 0
initial apicid	: 0
fpu		: yes
fpu_exception	: yes
cpuid level	: 6
wp		: yes
flags		: fpu vme de pse tsc msr pae mce cx8 apic sep mtrr pge mca cmov pat pse36 clflush mmx fxsr sse sse2 ss ht syscall nx rdtscp lm pni pclmulqdq vmx ssse3 cx16 pcid sse4_1 sse4_2 x2apic popcnt tsc_deadline_timer aes xsave osxsave avx f16c rdrand hypervisor
bogomips	: 6402.00
clflush size	: 64
cache_alignment	: 64
address sizes	: 36 bits physical, 48 bits virtual
power management:



Memory: 4k page, physical 12434412k(871400k free), swap 8388604k(7146228k free)

vm_info: Java HotSpot(TM) 64-Bit Server VM (25.201-b09) for linux-amd64 JRE (1.8.0_201-b09), built on Dec 15 2018 11:35:59 by "java_re" with gcc 7.3.0

time: Sun Apr 21 19:02:08 2019
timezone: DST
elapsed time: 85 seconds (0d 0h 1m 25s)

