#
# There is insufficient memory for the Java Runtime Environment to continue.
# Native memory allocation (malloc) failed to allocate 34176 bytes for Chunk::new
# Possible reasons:
#   The system is out of physical RAM or swap space
#   In 32 bit mode, the process size limit was hit
# Possible solutions:
#   Reduce memory load on the system
#   Increase physical memory or swap space
#   Check if swap backing store is full
#   Use 64 bit Java on a 64 bit OS
#   Decrease Java heap size (-Xmx/-Xms)
#   Decrease number of Java threads
#   Decrease Java thread stack sizes (-Xss)
#   Set larger code cache with -XX:ReservedCodeCacheSize=
# This output file may be truncated or incomplete.
#
#  Out of Memory Error (allocation.cpp:390), pid=2428, tid=0x0000000000000118
#
# JRE version: Java(TM) SE Runtime Environment (8.0_171-b11) (build 1.8.0_171-b11)
# Java VM: Java HotSpot(TM) 64-Bit Server VM (25.171-b11 mixed mode windows-amd64 compressed oops)
# Failed to write core dump. Minidumps are not enabled by default on client versions of Windows
#

---------------  T H R E A D  ---------------

Current thread (0x000000001c0eb800):  JavaThread "C2 CompilerThread1" daemon [_thread_in_native, id=280, stack(0x000000001d710000,0x000000001d810000)]

Stack: [0x000000001d710000,0x000000001d810000]
[error occurred during error reporting (printing stack bounds), id 0xc0000005]

Native frames: (J=compiled Java code, j=interpreted, Vv=VM code, C=native code)


Current CompileTask:
C2:  13700  197       4       jdk.internal.org.objectweb.asm.ByteVector::putUTF8 (142 bytes)


---------------  P R O C E S S  ---------------

Java Threads: ( => current thread )
  0x000000001d910800 JavaThread "Service Thread" daemon [_thread_blocked, id=20860, stack(0x000000001dd10000,0x000000001de10000)]
  0x000000001c0ec800 JavaThread "C1 CompilerThread2" daemon [_thread_blocked, id=17372, stack(0x000000001d810000,0x000000001d910000)]
=>0x000000001c0eb800 JavaThread "C2 CompilerThread1" daemon [_thread_in_native, id=280, stack(0x000000001d710000,0x000000001d810000)]
  0x000000001c08e000 JavaThread "C2 CompilerThread0" daemon [_thread_blocked, id=5588, stack(0x000000001d610000,0x000000001d710000)]
  0x000000001c08c800 JavaThread "Attach Listener" daemon [_thread_blocked, id=26528, stack(0x000000001d510000,0x000000001d610000)]
  0x0000000002a2e800 JavaThread "Signal Dispatcher" daemon [_thread_blocked, id=31940, stack(0x000000001d410000,0x000000001d510000)]
  0x0000000002a27800 JavaThread "Finalizer" daemon [_thread_blocked, id=24060, stack(0x000000001d300000,0x000000001d400000)]
  0x0000000002a22000 JavaThread "Reference Handler" daemon [_thread_blocked, id=25160, stack(0x000000001d200000,0x000000001d300000)]
  0x000000000282e800 JavaThread "main" [_thread_blocked, id=10052, stack(0x0000000002830000,0x0000000002930000)]

Other Threads:
  0x000000001c057800 VMThread [stack: 0x000000001d100000,0x000000001d200000] [id=21320]
  0x000000001d91b800 WatcherThread [stack: 0x000000001de10000,0x000000001df10000] [id=32656]

VM state:not at safepoint (normal execution)

VM Mutex/Monitor currently owned by a thread: None

Heap:
 PSYoungGen      total 76288K, used 3932K [0x000000076af00000, 0x0000000770400000, 0x00000007c0000000)
  eden space 65536K, 6% used [0x000000076af00000,0x000000076b2d70e0,0x000000076ef00000)
  from space 10752K, 0% used [0x000000076f980000,0x000000076f980000,0x0000000770400000)
  to   space 10752K, 0% used [0x000000076ef00000,0x000000076ef00000,0x000000076f980000)
 ParOldGen       total 175104K, used 0K [0x00000006c0c00000, 0x00000006cb700000, 0x000000076af00000)
  object space 175104K, 0% used [0x00000006c0c00000,0x00000006c0c00000,0x00000006cb700000)
 Metaspace       used 4110K, capacity 4832K, committed 4992K, reserved 1056768K
  class space    used 463K, capacity 550K, committed 640K, reserved 1048576K

Card table byte_map: [0x0000000011df0000,0x00000000125f0000] byte_map_base: 0x000000000e7ea000

Marking Bits: (ParMarkBitMap*) 0x00000000568a08c0
 Begin Bits: [0x0000000012f50000, 0x0000000016f20000)
 End Bits:   [0x0000000016f20000, 0x000000001aef0000)

Polling page: 0x0000000000a20000

CodeCache: size=245760Kb used=1458Kb max_used=1458Kb free=244301Kb
 bounds [0x0000000002a30000, 0x0000000002ca0000, 0x0000000011a30000]
 total_blobs=480 nmethods=198 adapters=195
 compilation: enabled

Compilation events (10 events):
Event: 13.691 Thread 0x000000001c0ec800  190       3       java.lang.invoke.MethodType$ConcurrentWeakInternSet::get (54 bytes)
Event: 13.692 Thread 0x000000001c0ec800 nmethod 190 0x0000000002b99cd0 code [0x0000000002b99f00, 0x0000000002b9abd8]
Event: 13.692 Thread 0x000000001c0ec800  191       3       java.lang.invoke.MethodType$ConcurrentWeakInternSet$WeakEntry::<init> (14 bytes)
Event: 13.692 Thread 0x000000001c0ec800 nmethod 191 0x0000000002b9b190 code [0x0000000002b9b320, 0x0000000002b9b748]
Event: 13.692 Thread 0x000000001c0ec800  189  s    3       java.lang.StringBuffer::toString (36 bytes)
Event: 13.692 Thread 0x000000001c0ec800 nmethod 189 0x0000000002b9b910 code [0x0000000002b9baa0, 0x0000000002b9bf48]
Event: 13.692 Thread 0x000000001c0ec800  196       3       java.lang.invoke.LambdaForm::argument (27 bytes)
Event: 13.692 Thread 0x000000001c0ec800 nmethod 196 0x0000000002b9c090 code [0x0000000002b9c220, 0x0000000002b9c5a8]
Event: 13.692 Thread 0x000000001c0ec800  192       1       java.lang.invoke.MethodTypeForm::erasedType (5 bytes)
Event: 13.693 Thread 0x000000001c0ec800 nmethod 192 0x0000000002b9c790 code [0x0000000002b9c8e0, 0x0000000002b9c9f0]

GC Heap History (0 events):
No events

Deoptimization events (0 events):
No events

Classes redefined (0 events):
No events

Internal exceptions (9 events):
Event: 4.806 Thread 0x000000000282e800 Exception <a 'java/lang/NoSuchMethodError': Method sun.misc.Unsafe.defineClass(Ljava/lang/String;[BII)Ljava/lang/Class; name or signature does not match> (0x000000076af07cb0) thrown at [C:\re\workspace\8-2-build-windows-amd64-cygwin\jdk8u171\10807\hotspot
Event: 4.806 Thread 0x000000000282e800 Exception <a 'java/lang/NoSuchMethodError': Method sun.misc.Unsafe.prefetchRead(Ljava/lang/Object;J)V name or signature does not match> (0x000000076af07f98) thrown at [C:\re\workspace\8-2-build-windows-amd64-cygwin\jdk8u171\10807\hotspot\src\share\vm\prim
Event: 13.418 Thread 0x000000000282e800 Exception <a 'java/security/PrivilegedActionException'> (0x000000076b198cb8) thrown at [C:\re\workspace\8-2-build-windows-amd64-cygwin\jdk8u171\10807\hotspot\src\share\vm\prims\jvm.cpp, line 1435]
Event: 13.418 Thread 0x000000000282e800 Exception <a 'java/security/PrivilegedActionException'> (0x000000076b198ec8) thrown at [C:\re\workspace\8-2-build-windows-amd64-cygwin\jdk8u171\10807\hotspot\src\share\vm\prims\jvm.cpp, line 1435]
Event: 13.419 Thread 0x000000000282e800 Exception <a 'java/security/PrivilegedActionException'> (0x000000076b19cd20) thrown at [C:\re\workspace\8-2-build-windows-amd64-cygwin\jdk8u171\10807\hotspot\src\share\vm\prims\jvm.cpp, line 1435]
Event: 13.419 Thread 0x000000000282e800 Exception <a 'java/security/PrivilegedActionException'> (0x000000076b19cf30) thrown at [C:\re\workspace\8-2-build-windows-amd64-cygwin\jdk8u171\10807\hotspot\src\share\vm\prims\jvm.cpp, line 1435]
Event: 13.421 Thread 0x000000000282e800 Exception <a 'java/io/FileNotFoundException'> (0x000000076b19e9e8) thrown at [C:\re\workspace\8-2-build-windows-amd64-cygwin\jdk8u171\10807\hotspot\src\share\vm\prims\jni.cpp, line 709]
Event: 13.688 Thread 0x000000000282e800 Exception <a 'java/lang/NoSuchFieldError': method resolution failed> (0x000000076b26f100) thrown at [C:\re\workspace\8-2-build-windows-amd64-cygwin\jdk8u171\10807\hotspot\src\share\vm\prims\methodHandles.cpp, line 1167]
Event: 13.690 Thread 0x000000000282e800 Exception <a 'java/lang/NoSuchFieldError': method resolution failed> (0x000000076b27c8a0) thrown at [C:\re\workspace\8-2-build-windows-amd64-cygwin\jdk8u171\10807\hotspot\src\share\vm\prims\methodHandles.cpp, line 1167]

Events (10 events):
Event: 13.624 loading class java/lang/invoke/WrongMethodTypeException
Event: 13.624 loading class java/lang/invoke/WrongMethodTypeException done
Event: 13.635 loading class java/lang/invoke/MethodHandleImpl$Lazy
Event: 13.640 loading class java/lang/invoke/MethodHandleImpl$Lazy done
Event: 13.640 loading class java/lang/invoke/MethodHandleImpl$IntrinsicMethodHandle
Event: 13.640 loading class java/lang/invoke/MethodHandleImpl$IntrinsicMethodHandle done
Event: 13.688 loading class java/lang/NoSuchFieldError
Event: 13.688 loading class java/lang/NoSuchFieldError done
Event: 13.689 loading class java/lang/IllegalAccessException
Event: 13.689 loading class java/lang/IllegalAccessException done


Dynamic libraries:
0x00007ff7280d0000 - 0x00007ff728107000 	C:\Program Files\Java\jre1.8.0_171\bin\java.exe
0x00007ffc55850000 - 0x00007ffc55a31000 	C:\WINDOWS\SYSTEM32\ntdll.dll
0x00007ffc55380000 - 0x00007ffc55432000 	C:\WINDOWS\System32\KERNEL32.DLL
0x00007ffc52a60000 - 0x00007ffc52cd3000 	C:\WINDOWS\System32\KERNELBASE.dll
0x00007ffc55440000 - 0x00007ffc554e1000 	C:\WINDOWS\System32\ADVAPI32.dll
0x00007ffc52d60000 - 0x00007ffc52dfe000 	C:\WINDOWS\System32\msvcrt.dll
0x00007ffc550b0000 - 0x00007ffc5510b000 	C:\WINDOWS\System32\sechost.dll
0x00007ffc54a40000 - 0x00007ffc54b64000 	C:\WINDOWS\System32\RPCRT4.dll
0x00007ffc52fe0000 - 0x00007ffc53170000 	C:\WINDOWS\System32\USER32.dll
0x00007ffc527a0000 - 0x00007ffc527c0000 	C:\WINDOWS\System32\win32u.dll
0x00007ffc52fb0000 - 0x00007ffc52fd8000 	C:\WINDOWS\System32\GDI32.dll
0x00007ffc52580000 - 0x00007ffc52712000 	C:\WINDOWS\System32\gdi32full.dll
0x00007ffc51cd0000 - 0x00007ffc51d6f000 	C:\WINDOWS\System32\msvcp_win.dll
0x00007ffc51d70000 - 0x00007ffc51e6a000 	C:\WINDOWS\System32\ucrtbase.dll
0x00007ffc42780000 - 0x00007ffc429e9000 	C:\WINDOWS\WinSxS\amd64_microsoft.windows.common-controls_6595b64144ccf1df_6.0.17134.345_none_fb429a5930656358\COMCTL32.dll
0x00007ffc554f0000 - 0x00007ffc55813000 	C:\WINDOWS\System32\combase.dll
0x00007ffc52720000 - 0x00007ffc5279a000 	C:\WINDOWS\System32\bcryptPrimitives.dll
0x00007ffc52e00000 - 0x00007ffc52e2d000 	C:\WINDOWS\System32\IMM32.DLL
0x0000000056d20000 - 0x0000000056df2000 	C:\Program Files\Java\jre1.8.0_171\bin\msvcr100.dll
0x0000000056080000 - 0x0000000056920000 	C:\Program Files\Java\jre1.8.0_171\bin\server\jvm.dll
0x00007ffc52ce0000 - 0x00007ffc52ce8000 	C:\WINDOWS\System32\PSAPI.DLL
0x00007ffc408e0000 - 0x00007ffc408e9000 	C:\WINDOWS\SYSTEM32\WSOCK32.dll
0x00007ffc54830000 - 0x00007ffc5489c000 	C:\WINDOWS\System32\WS2_32.dll
0x00007ffc4def0000 - 0x00007ffc4df13000 	C:\WINDOWS\SYSTEM32\WINMM.dll
0x00007ffc4d040000 - 0x00007ffc4d04a000 	C:\WINDOWS\SYSTEM32\VERSION.dll
0x00007ffc4deb0000 - 0x00007ffc4deda000 	C:\WINDOWS\SYSTEM32\WINMMBASE.dll
0x00007ffc51c20000 - 0x00007ffc51c69000 	C:\WINDOWS\System32\cfgmgr32.dll
0x0000000058030000 - 0x000000005803f000 	C:\Program Files\Java\jre1.8.0_171\bin\verify.dll
0x0000000057010000 - 0x0000000057039000 	C:\Program Files\Java\jre1.8.0_171\bin\java.dll
0x0000000056ff0000 - 0x0000000057006000 	C:\Program Files\Java\jre1.8.0_171\bin\zip.dll
0x00007ffc53170000 - 0x00007ffc545af000 	C:\WINDOWS\System32\SHELL32.dll
0x00007ffc52e30000 - 0x00007ffc52ed9000 	C:\WINDOWS\System32\shcore.dll
0x00007ffc51e70000 - 0x00007ffc5257d000 	C:\WINDOWS\System32\windows.storage.dll
0x00007ffc547d0000 - 0x00007ffc54821000 	C:\WINDOWS\System32\shlwapi.dll
0x00007ffc51be0000 - 0x00007ffc51bf1000 	C:\WINDOWS\System32\kernel.appcore.dll
0x00007ffc51b70000 - 0x00007ffc51b8f000 	C:\WINDOWS\System32\profapi.dll
0x00007ffc51b90000 - 0x00007ffc51bdc000 	C:\WINDOWS\System32\powrprof.dll
0x00007ffc51b60000 - 0x00007ffc51b6a000 	C:\WINDOWS\System32\FLTLIB.DLL
0x0000000055ee0000 - 0x0000000056078000 	C:\Program Files\Java\jre1.8.0_171\bin\awt.dll
0x00007ffc52ee0000 - 0x00007ffc52fa2000 	C:\WINDOWS\System32\OLEAUT32.dll
0x00007ffc4ecf0000 - 0x00007ffc4ed7b000 	C:\WINDOWS\SYSTEM32\apphelp.dll

VM Arguments:
java_command: ./tools/plantuml.jar C:\Users\flyqk\Documents\Google Drive\ResearchSpace\Repositories\577 projects\10-25\F13a_Cityof_LosAngeles_Personnel_Department_Mobile_Applications_2018-9-26@1540542856841_analysis/EAID_2AE3B047_18FA_4247_95D2_D0A335DF991A/sequence_diagram.txt
java_class_path (initial): ./tools/plantuml.jar
Launcher Type: SUN_STANDARD

Environment Variables:
JAVA_HOME=C:\Program Files (x86)\Java\jdk1.8.0_101
JRE_HOME=C:\Program Files (x86)\Java\jre1.8.0_101
PATH=C:/Program Files/Java/jre1.8.0_171/bin/server;C:/Program Files/Java/jre1.8.0_171/bin;C:/Program Files/Java/jre1.8.0_171/lib/amd64;C:\Program Files (x86)\Common Files\Oracle\Java\javapath;C:\ProgramData\Oracle\Java\javapath;C:\WINDOWS\system32;C:\WINDOWS;C:\WINDOWS\System32\Wbem;C:\WINDOWS\System32\WindowsPowerShell\v1.0\;C:\Users\flyqk\.dnx\bin;C:\Program Files\Microsoft DNX\Dnvm\;C:\Program Files\Microsoft SQL Server\130\Tools\Binn\;C:\Program Files (x86)\Windows Kits\8.1\Windows Performance Toolkit\;C:\Program Files\MATLAB\R2016b\bin;C:\Program Files\MATLAB\R2016a\bin;C:\Program Files\MATLAB\R2016b\bin\win64;C:\Program Files\MiKTeX 2.9\miktex\bin\x64\;C:\Program Files (x86)\Windows Kits\10\Windows Performance Toolkit\;C:\Program Files (x86)\Windows Kits\10\Microsoft Application Virtualization\Sequencer\;C:\Program Files\nodejs\;;C:\WINDOWS\system32;C:\WINDOWS;C:\WINDOWS\System32\Wbem;C:\WINDOWS\System32\WindowsPowerShell\v1.0\;C:\WINDOWS\System32\OpenSSH\;C:\Program Files (x86)\NVIDIA Corporation\PhysX\Common;C:\Program Files\MySQL\MySQL Server 5.7\bin;C:\Users\flyqk\AppData\Local\Microsoft\WindowsApps;C:\Program Files (x86)\Java\jdk1.8.0_101\bin;C:\Program Files (x86)\Graphviz2.38\bin;C:\Program Files (x86)\python27;C:\Users\flyqk\Documents\tools\apache-maven-3.3.9\bin;C:\Users\flyqk\Documents\Research Workspace\workspace\Callgraph\tools;C:\cygwin64\bin;C:\Program Files\Sublime Text 2;C:\Program Files (x86)\GPSBabel;C:\Users\flyqk\AppData\Local\Pandoc\;C:\Program Files\MongoDB\Server\3.4\bin;C:\Users\flyqk\AppData\Roaming\npm;C:\Program Files\R\R-3.5.1\bin;;C:\Users\flyqk\Documents\Research Projects\eclipse\java-oxygen\eclipse;
USERNAME=Kan Qi
OS=Windows_NT
PROCESSOR_IDENTIFIER=Intel64 Family 6 Model 58 Stepping 9, GenuineIntel



---------------  S Y S T E M  ---------------

OS: Windows 10.0 , 64 bit Build 17134 (10.0.17134.1)

CPU:total 4 (initial active 4) (4 cores per cpu, 1 threads per core) family 6 model 58 stepping 9, cmov, cx8, fxsr, mmx, sse, sse2, sse3, ssse3, sse4.1, sse4.2, popcnt, avx, aes, clmul, erms, tsc, tscinvbit, tscinv

Memory: 4k page, physical 16720296k(6179976k free), swap 67051944k(3068k free)

vm_info: Java HotSpot(TM) 64-Bit Server VM (25.171-b11) for windows-amd64 JRE (1.8.0_171-b11), built on Mar 28 2018 16:06:12 by "java_re" with MS VC++ 10.0 (VS2010)

time: Fri Oct 26 01:46:55 2018
elapsed time: 13 seconds (0d 0h 0m 13s)

