#
# A fatal error has been detected by the Java Runtime Environment:
#
#  EXCEPTION_STACK_OVERFLOW (0xc00000fd) at pc=0x0000000056294447, pid=20696, tid=0x0000000000002a94
#
# JRE version: Java(TM) SE Runtime Environment (8.0_171-b11) (build 1.8.0_171-b11)
# Java VM: Java HotSpot(TM) 64-Bit Server VM (25.171-b11 mixed mode windows-amd64 compressed oops)
# Problematic frame:
# V  [jvm.dll+0x214447]
#
# Failed to write core dump. Minidumps are not enabled by default on client versions of Windows
#
# If you would like to submit a bug report, please visit:
#   http://bugreport.java.com/bugreport/crash.jsp
#

---------------  T H R E A D  ---------------

Current thread (0x000000001d9f3800):  JavaThread "Java2D Disposer" daemon [_thread_in_vm, id=10900, stack(0x000000001e750000,0x000000001e850000)]

siginfo: ExceptionCode=0xc00000fd, ExceptionInformation=0x0000000000000001 0x000000001e84a190 

Registers:
RAX=0x000000001e84a190, RBX=0x0000000000000006, RCX=0x0000000000005000, RDX=0x0000000000000006
RSP=0x000000001e84f190, RBP=0x0000000000000000, RSI=0x000000001e84f190, RDI=0x0000000000000006
R8 =0x0000000000000006, R9 =0x000000001d811f50, R10=0x000000001b47c3e8, R11=0x000000001e75a148
R12=0x000000001d811f50, R13=0x000000001d9f3800, R14=0x000000001e84f258, R15=0x000000001b47c3e8
RIP=0x0000000056294447, EFLAGS=0x0000000000010206

Top of Stack: (sp=0x000000001e84f190)
0x000000001e84f190:   000029e6d2e80518 00000007c0006bc8
0x000000001e84f1a0:   000000001d9f3800 000000001d811f50
0x000000001e84f1b0:   00000000ffffffff 0000000056295377
0x000000001e84f1c0:   000000001e84f2c0 000000001b47c3e8
0x000000001e84f1d0:   000000001d9f3800 0000000056140703
0x000000001e84f1e0:   000000001e84f220 000000001d9f3800
0x000000001e84f1f0:   000000001e84f2b0 000000001d9f3800
0x000000001e84f200:   000000001b47c3e8 000000001d9f3800
0x000000001e84f210:   00000000027a3be0 000000001d9f3800
0x000000001e84f220:   000000001b47c3e8 000000001d9f3800
0x000000001e84f230:   000000001b47c3e8 000000001d9f3800
0x000000001e84f240:   0000000000000001 000000001b47c3e8
0x000000001e84f250:   000000001d9f3800 000000001d64b6e0
0x000000001e84f260:   000000001d9f3800 0000000056141e6d
0x000000001e84f270:   000000001e84f578 00000007c0006bc8
0x000000001e84f280:   00000007c0006bc8 00007ffc52ef85cd 

Instructions: (pc=0x0000000056294447)
0x0000000056294427:   48 89 6c 24 30 33 ed 66 90 e8 6b 3f 08 00 ff c3
0x0000000056294437:   48 63 c8 48 8b c6 48 0f af cf 48 ff c7 48 2b c1
0x0000000056294447:   89 28 48 63 c3 48 3b 05 85 62 59 00 7e db 48 8b
0x0000000056294457:   6c 24 30 48 8b 5c 24 38 48 8b 74 24 40 48 83 c4 


Register to memory mapping:

RAX=0x000000001e84a190 is pointing into the stack for thread: 0x000000001d9f3800
RBX=0x0000000000000006 is an unknown value
RCX=0x0000000000005000 is an unknown value
RDX=0x0000000000000006 is an unknown value
RSP=0x000000001e84f190 is pointing into the stack for thread: 0x000000001d9f3800
RBP=0x0000000000000000 is an unknown value
RSI=0x000000001e84f190 is pointing into the stack for thread: 0x000000001d9f3800
RDI=0x0000000000000006 is an unknown value
R8 =0x0000000000000006 is an unknown value
R9 =0x000000001d811f50 is an unknown value
R10={method} {0x000000001b47c3f0} 'run' '()V' in 'java/lang/Thread'
R11=0x000000001e75a148 is pointing into the stack for thread: 0x000000001d9f3800
R12=0x000000001d811f50 is an unknown value
R13=0x000000001d9f3800 is a thread
R14=0x000000001e84f258 is pointing into the stack for thread: 0x000000001d9f3800
R15={method} {0x000000001b47c3f0} 'run' '()V' in 'java/lang/Thread'


Stack: [0x000000001e750000,0x000000001e850000],  sp=0x000000001e84f190,  free space=1020k
Native frames: (J=compiled Java code, j=interpreted, Vv=VM code, C=native code)


---------------  P R O C E S S  ---------------

Java Threads: ( => current thread )
=>0x000000001d9f3800 JavaThread "Java2D Disposer" daemon [_thread_in_vm, id=10900, stack(0x000000001e750000,0x000000001e850000)]
  0x000000001d649000 JavaThread "Service Thread" daemon [_thread_blocked, id=20416, stack(0x000000001db40000,0x000000001dc40000)]
  0x000000001d643800 JavaThread "C1 CompilerThread2" daemon [_thread_blocked, id=11756, stack(0x000000001da40000,0x000000001db40000)]
  0x000000001bdf5800 JavaThread "C2 CompilerThread1" daemon [_thread_blocked, id=18900, stack(0x000000001d540000,0x000000001d640000)]
  0x000000001bded000 JavaThread "C2 CompilerThread0" daemon [_thread_blocked, id=15004, stack(0x000000001d440000,0x000000001d540000)]
  0x000000001bdec000 JavaThread "Attach Listener" daemon [_thread_blocked, id=15236, stack(0x000000001d340000,0x000000001d440000)]
  0x000000001bdf7000 JavaThread "Signal Dispatcher" daemon [_thread_blocked, id=16996, stack(0x000000001d240000,0x000000001d340000)]
  0x000000000278d000 JavaThread "Finalizer" daemon [_thread_blocked, id=20164, stack(0x000000001d050000,0x000000001d150000)]
  0x0000000002782000 JavaThread "Reference Handler" daemon [_thread_blocked, id=18744, stack(0x000000001cf50000,0x000000001d050000)]
  0x000000000258e800 JavaThread "main" [_thread_in_vm, id=8336, stack(0x0000000002470000,0x0000000002570000)]

Other Threads:
  0x000000001bdb7800 VMThread [stack: 0x000000001ce50000,0x000000001cf50000] [id=9128]
  0x000000001d64a800 WatcherThread [stack: 0x000000001dc40000,0x000000001dd40000] [id=13956]

VM state:not at safepoint (normal execution)

VM Mutex/Monitor currently owned by a thread: None

Heap:
 PSYoungGen      total 76288K, used 5243K [0x000000076af00000, 0x0000000770400000, 0x00000007c0000000)
  eden space 65536K, 8% used [0x000000076af00000,0x000000076b41ec30,0x000000076ef00000)
  from space 10752K, 0% used [0x000000076f980000,0x000000076f980000,0x0000000770400000)
  to   space 10752K, 0% used [0x000000076ef00000,0x000000076ef00000,0x000000076f980000)
 ParOldGen       total 175104K, used 0K [0x00000006c0c00000, 0x00000006cb700000, 0x000000076af00000)
  object space 175104K, 0% used [0x00000006c0c00000,0x00000006c0c00000,0x00000006cb700000)
 Metaspace       used 6272K, capacity 6360K, committed 6400K, reserved 1056768K
  class space    used 700K, capacity 762K, committed 768K, reserved 1048576K

Card table byte_map: [0x0000000011b50000,0x0000000012350000] byte_map_base: 0x000000000e54a000

Marking Bits: (ParMarkBitMap*) 0x00000000568a08c0
 Begin Bits: [0x0000000012cb0000, 0x0000000016c80000)
 End Bits:   [0x0000000016c80000, 0x000000001ac50000)

Polling page: 0x00000000008f0000

CodeCache: size=245760Kb used=1725Kb max_used=1725Kb free=244034Kb
 bounds [0x0000000002790000, 0x0000000002a00000, 0x0000000011790000]
 total_blobs=678 nmethods=296 adapters=295
 compilation: enabled

Compilation events (10 events):
Event: 5.228 Thread 0x000000001d643800  292  s    3       java.io.ByteArrayInputStream::read (36 bytes)
Event: 5.228 Thread 0x000000001d643800 nmethod 292 0x000000000293dd90 code [0x000000000293df00, 0x000000000293e250]
Event: 5.228 Thread 0x000000001d643800  293       3       java.io.DataInputStream::readByte (23 bytes)
Event: 5.228 Thread 0x000000001d643800 nmethod 293 0x000000000293e350 code [0x000000000293e4e0, 0x000000000293e7b8]
Event: 5.228 Thread 0x000000001d643800  294       3       sun.util.calendar.ZoneInfoFile::indexOf (32 bytes)
Event: 5.228 Thread 0x000000001d643800 nmethod 294 0x000000000293e8d0 code [0x000000000293ea40, 0x000000000293ecb0]
Event: 5.229 Thread 0x000000001d643800  295       3       java.util.zip.CRC32::update (16 bytes)
Event: 5.229 Thread 0x000000001d643800 nmethod 295 0x000000000293f250 code [0x000000000293f3a0, 0x000000000293f530]
Event: 5.229 Thread 0x000000001d643800  296       3       sun.util.calendar.ZoneInfoFile$Checksum::update (39 bytes)
Event: 5.229 Thread 0x000000001d643800 nmethod 296 0x000000000293f5d0 code [0x000000000293f740, 0x000000000293fa50]

GC Heap History (0 events):
No events

Deoptimization events (0 events):
No events

Classes redefined (0 events):
No events

Internal exceptions (10 events):
Event: 0.454 Thread 0x000000000258e800 Exception <a 'java/lang/NoSuchMethodError': Method sun.misc.Unsafe.defineClass(Ljava/lang/String;[BII)Ljava/lang/Class; name or signature does not match> (0x000000076af07cb0) thrown at [C:\re\workspace\8-2-build-windows-amd64-cygwin\jdk8u171\10807\hotspot
Event: 0.454 Thread 0x000000000258e800 Exception <a 'java/lang/NoSuchMethodError': Method sun.misc.Unsafe.prefetchRead(Ljava/lang/Object;J)V name or signature does not match> (0x000000076af07f98) thrown at [C:\re\workspace\8-2-build-windows-amd64-cygwin\jdk8u171\10807\hotspot\src\share\vm\prim
Event: 3.245 Thread 0x000000000258e800 Exception <a 'java/security/PrivilegedActionException'> (0x000000076b198e90) thrown at [C:\re\workspace\8-2-build-windows-amd64-cygwin\jdk8u171\10807\hotspot\src\share\vm\prims\jvm.cpp, line 1435]
Event: 3.245 Thread 0x000000000258e800 Exception <a 'java/security/PrivilegedActionException'> (0x000000076b1990a0) thrown at [C:\re\workspace\8-2-build-windows-amd64-cygwin\jdk8u171\10807\hotspot\src\share\vm\prims\jvm.cpp, line 1435]
Event: 3.245 Thread 0x000000000258e800 Exception <a 'java/security/PrivilegedActionException'> (0x000000076b19cef8) thrown at [C:\re\workspace\8-2-build-windows-amd64-cygwin\jdk8u171\10807\hotspot\src\share\vm\prims\jvm.cpp, line 1435]
Event: 3.245 Thread 0x000000000258e800 Exception <a 'java/security/PrivilegedActionException'> (0x000000076b19d108) thrown at [C:\re\workspace\8-2-build-windows-amd64-cygwin\jdk8u171\10807\hotspot\src\share\vm\prims\jvm.cpp, line 1435]
Event: 3.248 Thread 0x000000000258e800 Exception <a 'java/io/FileNotFoundException'> (0x000000076b19ebc0) thrown at [C:\re\workspace\8-2-build-windows-amd64-cygwin\jdk8u171\10807\hotspot\src\share\vm\prims\jni.cpp, line 709]
Event: 3.810 Thread 0x000000000258e800 Exception <a 'java/lang/NoSuchFieldError': method resolution failed> (0x000000076b26f2d8) thrown at [C:\re\workspace\8-2-build-windows-amd64-cygwin\jdk8u171\10807\hotspot\src\share\vm\prims\methodHandles.cpp, line 1167]
Event: 3.812 Thread 0x000000000258e800 Exception <a 'java/lang/NoSuchFieldError': method resolution failed> (0x000000076b27ca78) thrown at [C:\re\workspace\8-2-build-windows-amd64-cygwin\jdk8u171\10807\hotspot\src\share\vm\prims\methodHandles.cpp, line 1167]
Event: 4.993 Thread 0x000000000258e800 Exception <a 'java/io/FileNotFoundException'> (0x000000076b30b938) thrown at [C:\re\workspace\8-2-build-windows-amd64-cygwin\jdk8u171\10807\hotspot\src\share\vm\prims\jni.cpp, line 709]

Events (10 events):
Event: 5.234 loading class sun/util/locale/provider/LocaleDataMetaInfo done
Event: 5.234 loading class sun/util/locale/provider/JRELocaleProviderAdapter$1
Event: 5.234 loading class sun/util/locale/provider/JRELocaleProviderAdapter$1 done
Event: 5.234 loading class sun/util/locale/provider/SPILocaleProviderAdapter$1
Event: 5.234 loading class sun/util/locale/provider/SPILocaleProviderAdapter$1 done
Event: 5.235 loading class sun/util/locale/provider/TimeZoneNameUtility$TimeZoneNameGetter
Event: 5.235 loading class sun/util/locale/provider/LocaleServiceProviderPool$LocalizedObjectGetter
Event: 5.235 loading class sun/util/locale/provider/LocaleServiceProviderPool$LocalizedObjectGetter done
Event: 5.235 loading class sun/util/locale/provider/TimeZoneNameUtility$TimeZoneNameGetter done
Event: 5.235 loading class sun/util/locale/provider/LocaleResources


Dynamic libraries:
0x00007ff7280d0000 - 0x00007ff728107000 	C:\Program Files\Java\jre1.8.0_171\bin\java.exe
0x00007ffc55850000 - 0x00007ffc55a31000 	C:\WINDOWS\SYSTEM32\ntdll.dll
0x00007ffc55380000 - 0x00007ffc55432000 	C:\WINDOWS\System32\KERNEL32.DLL
0x00007ffc52a60000 - 0x00007ffc52cd3000 	C:\WINDOWS\System32\KERNELBASE.dll
0x00007ffc55440000 - 0x00007ffc554e1000 	C:\WINDOWS\System32\ADVAPI32.dll
0x00007ffc52d60000 - 0x00007ffc52dfe000 	C:\WINDOWS\System32\msvcrt.dll
0x00007ffc550b0000 - 0x00007ffc5510b000 	C:\WINDOWS\System32\sechost.dll
0x00007ffc54a40000 - 0x00007ffc54b64000 	C:\WINDOWS\System32\RPCRT4.dll
0x00007ffc52fe0000 - 0x00007ffc53170000 	C:\WINDOWS\System32\USER32.dll
0x00007ffc527a0000 - 0x00007ffc527c0000 	C:\WINDOWS\System32\win32u.dll
0x00007ffc52fb0000 - 0x00007ffc52fd8000 	C:\WINDOWS\System32\GDI32.dll
0x00007ffc52580000 - 0x00007ffc52712000 	C:\WINDOWS\System32\gdi32full.dll
0x00007ffc51cd0000 - 0x00007ffc51d6f000 	C:\WINDOWS\System32\msvcp_win.dll
0x00007ffc51d70000 - 0x00007ffc51e6a000 	C:\WINDOWS\System32\ucrtbase.dll
0x00007ffc42780000 - 0x00007ffc429e9000 	C:\WINDOWS\WinSxS\amd64_microsoft.windows.common-controls_6595b64144ccf1df_6.0.17134.345_none_fb429a5930656358\COMCTL32.dll
0x00007ffc554f0000 - 0x00007ffc55813000 	C:\WINDOWS\System32\combase.dll
0x00007ffc52720000 - 0x00007ffc5279a000 	C:\WINDOWS\System32\bcryptPrimitives.dll
0x00007ffc52e00000 - 0x00007ffc52e2d000 	C:\WINDOWS\System32\IMM32.DLL
0x0000000056d20000 - 0x0000000056df2000 	C:\Program Files\Java\jre1.8.0_171\bin\msvcr100.dll
0x0000000056080000 - 0x0000000056920000 	C:\Program Files\Java\jre1.8.0_171\bin\server\jvm.dll
0x00007ffc52ce0000 - 0x00007ffc52ce8000 	C:\WINDOWS\System32\PSAPI.DLL
0x00007ffc408e0000 - 0x00007ffc408e9000 	C:\WINDOWS\SYSTEM32\WSOCK32.dll
0x00007ffc54830000 - 0x00007ffc5489c000 	C:\WINDOWS\System32\WS2_32.dll
0x00007ffc4def0000 - 0x00007ffc4df13000 	C:\WINDOWS\SYSTEM32\WINMM.dll
0x00007ffc4d040000 - 0x00007ffc4d04a000 	C:\WINDOWS\SYSTEM32\VERSION.dll
0x00007ffc4deb0000 - 0x00007ffc4deda000 	C:\WINDOWS\SYSTEM32\WINMMBASE.dll
0x00007ffc51c20000 - 0x00007ffc51c69000 	C:\WINDOWS\System32\cfgmgr32.dll
0x0000000058030000 - 0x000000005803f000 	C:\Program Files\Java\jre1.8.0_171\bin\verify.dll
0x0000000057010000 - 0x0000000057039000 	C:\Program Files\Java\jre1.8.0_171\bin\java.dll
0x0000000056ff0000 - 0x0000000057006000 	C:\Program Files\Java\jre1.8.0_171\bin\zip.dll
0x00007ffc53170000 - 0x00007ffc545af000 	C:\WINDOWS\System32\SHELL32.dll
0x00007ffc52e30000 - 0x00007ffc52ed9000 	C:\WINDOWS\System32\shcore.dll
0x00007ffc51e70000 - 0x00007ffc5257d000 	C:\WINDOWS\System32\windows.storage.dll
0x00007ffc547d0000 - 0x00007ffc54821000 	C:\WINDOWS\System32\shlwapi.dll
0x00007ffc51be0000 - 0x00007ffc51bf1000 	C:\WINDOWS\System32\kernel.appcore.dll
0x00007ffc51b70000 - 0x00007ffc51b8f000 	C:\WINDOWS\System32\profapi.dll
0x00007ffc51b90000 - 0x00007ffc51bdc000 	C:\WINDOWS\System32\powrprof.dll
0x00007ffc51b60000 - 0x00007ffc51b6a000 	C:\WINDOWS\System32\FLTLIB.DLL
0x0000000055ee0000 - 0x0000000056078000 	C:\Program Files\Java\jre1.8.0_171\bin\awt.dll
0x00007ffc52ee0000 - 0x00007ffc52fa2000 	C:\WINDOWS\System32\OLEAUT32.dll
0x00007ffc4ecf0000 - 0x00007ffc4ed7b000 	C:\WINDOWS\SYSTEM32\apphelp.dll
0x00007ffc4f410000 - 0x00007ffc4f439000 	C:\WINDOWS\system32\DWMAPI.DLL
0x00007ffc4f060000 - 0x00007ffc4f0f8000 	C:\WINDOWS\system32\uxtheme.dll

VM Arguments:
java_command: ./tools/plantuml.jar C:\Users\flyqk\Documents\Google Drive\ResearchSpace\Repositories\577 projects\10-25\Los_Angeles_Child_Guidance_Clinic_Employment_Opportunities_Online_Application_System_2018-9-26@1540542856839_analysis/EAID_1C44AB22_8FFB_4ff4_859E_4EB71725F3E9/sequence_diagram.txt
java_class_path (initial): ./tools/plantuml.jar
Launcher Type: SUN_STANDARD

Environment Variables:
JAVA_HOME=C:\Program Files (x86)\Java\jdk1.8.0_101
JRE_HOME=C:\Program Files (x86)\Java\jre1.8.0_101
PATH=C:/Program Files/Java/jre1.8.0_171/bin/server;C:/Program Files/Java/jre1.8.0_171/bin;C:/Program Files/Java/jre1.8.0_171/lib/amd64;C:\Program Files (x86)\Common Files\Oracle\Java\javapath;C:\ProgramData\Oracle\Java\javapath;C:\WINDOWS\system32;C:\WINDOWS;C:\WINDOWS\System32\Wbem;C:\WINDOWS\System32\WindowsPowerShell\v1.0\;C:\Users\flyqk\.dnx\bin;C:\Program Files\Microsoft DNX\Dnvm\;C:\Program Files\Microsoft SQL Server\130\Tools\Binn\;C:\Program Files (x86)\Windows Kits\8.1\Windows Performance Toolkit\;C:\Program Files\MATLAB\R2016b\bin;C:\Program Files\MATLAB\R2016a\bin;C:\Program Files\MATLAB\R2016b\bin\win64;C:\Program Files\MiKTeX 2.9\miktex\bin\x64\;C:\Program Files (x86)\Windows Kits\10\Windows Performance Toolkit\;C:\Program Files (x86)\Windows Kits\10\Microsoft Application Virtualization\Sequencer\;C:\Program Files\nodejs\;;C:\WINDOWS\system32;C:\WINDOWS;C:\WINDOWS\System32\Wbem;C:\WINDOWS\System32\WindowsPowerShell\v1.0\;C:\WINDOWS\System32\OpenSSH\;C:\Program Files (x86)\NVIDIA Corporation\PhysX\Common;C:\Program Files\MySQL\MySQL Server 5.7\bin;C:\Users\flyqk\AppData\Local\Microsoft\WindowsApps;C:\Program Files (x86)\Java\jdk1.8.0_101\bin;C:\Program Files (x86)\Graphviz2.38\bin;C:\Program Files (x86)\python27;C:\Users\flyqk\Documents\tools\apache-maven-3.3.9\bin;C:\Users\flyqk\Documents\Research Workspace\workspace\Callgraph\tools;C:\cygwin64\bin;C:\Program Files\Sublime Text 2;C:\Program Files (x86)\GPSBabel;C:\Users\flyqk\AppData\Local\Pandoc\;C:\Program Files\MongoDB\Server\3.4\bin;C:\Users\flyqk\AppData\Roaming\npm;C:\Program Files\R\R-3.5.1\bin;;C:\Users\flyqk\Documents\Research Projects\eclipse\java-oxygen\eclipse;
USERNAME=Kan Qi
OS=Windows_NT
PROCESSOR_IDENTIFIER=Intel64 Family 6 Model 58 Stepping 9, GenuineIntel



---------------  S Y S T E M  ---------------

OS: Windows 10.0 , 64 bit Build 17134 (10.0.17134.1)

CPU:total 4 (initial active 4) (4 cores per cpu, 1 threads per core) family 6 model 58 stepping 9, cmov, cx8, fxsr, mmx, sse, sse2, sse3, ssse3, sse4.1, sse4.2, popcnt, avx, aes, clmul, erms, tsc, tscinvbit, tscinv

Memory: 4k page, physical 16720296k(6178884k free), swap 67051944k(4k free)

vm_info: Java HotSpot(TM) 64-Bit Server VM (25.171-b11) for windows-amd64 JRE (1.8.0_171-b11), built on Mar 28 2018 16:06:12 by "java_re" with MS VC++ 10.0 (VS2010)

time: Fri Oct 26 01:46:44 2018
elapsed time: 5 seconds (0d 0h 0m 5s)

