#
# There is insufficient memory for the Java Runtime Environment to continue.
# Native memory allocation (malloc) failed to allocate 32744 bytes for ChunkPool::allocate
# Possible reasons:
#   The system is out of physical RAM or swap space
#   In 32 bit mode, the process size limit was hit
# Possible solutions:
#   Reduce memory load on the system
#   Increase physical memory or swap space
#   Check if swap backing store is full
#   Use 64 bit Java on a 64 bit OS
#   Decrease Java heap size (-Xmx/-Xms)
#   Decrease number of Java threads
#   Decrease Java thread stack sizes (-Xss)
#   Set larger code cache with -XX:ReservedCodeCacheSize=
# This output file may be truncated or incomplete.
#
#  Out of Memory Error (allocation.cpp:273), pid=14116, tid=0x0000000000000a34
#
# JRE version: Java(TM) SE Runtime Environment (8.0_171-b11) (build 1.8.0_171-b11)
# Java VM: Java HotSpot(TM) 64-Bit Server VM (25.171-b11 mixed mode windows-amd64 compressed oops)
# Failed to write core dump. Minidumps are not enabled by default on client versions of Windows
#

---------------  T H R E A D  ---------------

Current thread (0x000000001c61c800):  JavaThread "C1 CompilerThread2" daemon [_thread_in_native, id=2612, stack(0x000000001de10000,0x000000001df10000)]

Stack: [0x000000001de10000,0x000000001df10000]
[error occurred during error reporting (printing stack bounds), id 0xc0000005]

Native frames: (J=compiled Java code, j=interpreted, Vv=VM code, C=native code)


Current CompileTask:
C1:   4634  148       3       jdk.internal.org.objectweb.asm.Frame::execute (2252 bytes)


---------------  P R O C E S S  ---------------

Java Threads: ( => current thread )
  0x000000001df10800 JavaThread "Service Thread" daemon [_thread_blocked, id=22804, stack(0x000000001e310000,0x000000001e410000)]
=>0x000000001c61c800 JavaThread "C1 CompilerThread2" daemon [_thread_in_native, id=2612, stack(0x000000001de10000,0x000000001df10000)]
  0x000000001c61c000 JavaThread "C2 CompilerThread1" daemon [_thread_blocked, id=27208, stack(0x000000001dd10000,0x000000001de10000)]
  0x000000001c5bd000 JavaThread "C2 CompilerThread0" daemon [_thread_blocked, id=20356, stack(0x000000001dc10000,0x000000001dd10000)]
  0x000000001c5bb800 JavaThread "Attach Listener" daemon [_thread_blocked, id=24036, stack(0x000000001db10000,0x000000001dc10000)]
  0x000000001c5ba800 JavaThread "Signal Dispatcher" daemon [_thread_blocked, id=9740, stack(0x000000001da10000,0x000000001db10000)]
  0x000000001c5aa800 JavaThread "Finalizer" daemon [_thread_blocked, id=24124, stack(0x000000001d820000,0x000000001d920000)]
  0x0000000002f50800 JavaThread "Reference Handler" daemon [_thread_blocked, id=8996, stack(0x000000001d720000,0x000000001d820000)]
  0x0000000002d5e800 JavaThread "main" [_thread_in_vm, id=10220, stack(0x0000000002c40000,0x0000000002d40000)]

Other Threads:
  0x000000001c588800 VMThread [stack: 0x000000001d620000,0x000000001d720000] [id=15860]
  0x000000001df16000 WatcherThread [stack: 0x000000001e410000,0x000000001e510000] [id=16264]

VM state:not at safepoint (normal execution)

VM Mutex/Monitor currently owned by a thread: None

Heap:
 PSYoungGen      total 76288K, used 3932K [0x000000076af00000, 0x0000000770400000, 0x00000007c0000000)
  eden space 65536K, 6% used [0x000000076af00000,0x000000076b2d70c8,0x000000076ef00000)
  from space 10752K, 0% used [0x000000076f980000,0x000000076f980000,0x0000000770400000)
  to   space 10752K, 0% used [0x000000076ef00000,0x000000076ef00000,0x000000076f980000)
 ParOldGen       total 175104K, used 0K [0x00000006c0c00000, 0x00000006cb700000, 0x000000076af00000)
  object space 175104K, 0% used [0x00000006c0c00000,0x00000006c0c00000,0x00000006cb700000)
 Metaspace       used 4062K, capacity 4766K, committed 4864K, reserved 1056768K
  class space    used 453K, capacity 501K, committed 512K, reserved 1048576K

Card table byte_map: [0x0000000012320000,0x0000000012b20000] byte_map_base: 0x000000000ed1a000

Marking Bits: (ParMarkBitMap*) 0x00000000568a08c0
 Begin Bits: [0x0000000013480000, 0x0000000017450000)
 End Bits:   [0x0000000017450000, 0x000000001b420000)

Polling page: 0x00000000012c0000

CodeCache: size=245760Kb used=1313Kb max_used=1313Kb free=244446Kb
 bounds [0x0000000002f60000, 0x00000000031d0000, 0x0000000011f60000]
 total_blobs=430 nmethods=149 adapters=194
 compilation: enabled

Compilation events (10 events):
Event: 4.628 Thread 0x000000001c61c800 nmethod 142 0x00000000030a7590 code [0x00000000030a76e0, 0x00000000030a77f0]
Event: 4.628 Thread 0x000000001c61c800  143       1       java.lang.invoke.LambdaForm$BasicType::basicTypeChar (5 bytes)
Event: 4.628 Thread 0x000000001c61c800 nmethod 143 0x00000000030a7850 code [0x00000000030a79a0, 0x00000000030a7ab0]
Event: 4.628 Thread 0x000000001c61c800  144       1       java.lang.invoke.LambdaForm$BasicType::access$100 (5 bytes)
Event: 4.628 Thread 0x000000001c61c800 nmethod 144 0x00000000030a7b10 code [0x00000000030a7c60, 0x00000000030a7d50]
Event: 4.628 Thread 0x000000001c61c800  145       1       java.lang.invoke.LambdaForm$Name::access$000 (5 bytes)
Event: 4.628 Thread 0x000000001c61c800 nmethod 145 0x00000000030a7dd0 code [0x00000000030a7f20, 0x00000000030a8010]
Event: 4.628 Thread 0x000000001c61c800  146       1       java.lang.invoke.LambdaForm$BasicType::basicTypeClass (5 bytes)
Event: 4.628 Thread 0x000000001c61c800 nmethod 146 0x00000000030a8090 code [0x00000000030a81e0, 0x00000000030a82f0]
Event: 4.629 Thread 0x000000001c61c800  148       3       jdk.internal.org.objectweb.asm.Frame::execute (2252 bytes)

GC Heap History (0 events):
No events

Deoptimization events (0 events):
No events

Classes redefined (0 events):
No events

Internal exceptions (7 events):
Event: 1.235 Thread 0x0000000002d5e800 Exception <a 'java/lang/NoSuchMethodError': Method sun.misc.Unsafe.defineClass(Ljava/lang/String;[BII)Ljava/lang/Class; name or signature does not match> (0x000000076af07cb0) thrown at [C:\re\workspace\8-2-build-windows-amd64-cygwin\jdk8u171\10807\hotspot
Event: 1.235 Thread 0x0000000002d5e800 Exception <a 'java/lang/NoSuchMethodError': Method sun.misc.Unsafe.prefetchRead(Ljava/lang/Object;J)V name or signature does not match> (0x000000076af07f98) thrown at [C:\re\workspace\8-2-build-windows-amd64-cygwin\jdk8u171\10807\hotspot\src\share\vm\prim
Event: 4.156 Thread 0x0000000002d5e800 Exception <a 'java/security/PrivilegedActionException'> (0x000000076b198a30) thrown at [C:\re\workspace\8-2-build-windows-amd64-cygwin\jdk8u171\10807\hotspot\src\share\vm\prims\jvm.cpp, line 1435]
Event: 4.156 Thread 0x0000000002d5e800 Exception <a 'java/security/PrivilegedActionException'> (0x000000076b198c40) thrown at [C:\re\workspace\8-2-build-windows-amd64-cygwin\jdk8u171\10807\hotspot\src\share\vm\prims\jvm.cpp, line 1435]
Event: 4.157 Thread 0x0000000002d5e800 Exception <a 'java/security/PrivilegedActionException'> (0x000000076b19ca98) thrown at [C:\re\workspace\8-2-build-windows-amd64-cygwin\jdk8u171\10807\hotspot\src\share\vm\prims\jvm.cpp, line 1435]
Event: 4.157 Thread 0x0000000002d5e800 Exception <a 'java/security/PrivilegedActionException'> (0x000000076b19cca8) thrown at [C:\re\workspace\8-2-build-windows-amd64-cygwin\jdk8u171\10807\hotspot\src\share\vm\prims\jvm.cpp, line 1435]
Event: 4.159 Thread 0x0000000002d5e800 Exception <a 'java/io/FileNotFoundException'> (0x000000076b19e760) thrown at [C:\re\workspace\8-2-build-windows-amd64-cygwin\jdk8u171\10807\hotspot\src\share\vm\prims\jni.cpp, line 709]

Events (10 events):
Event: 4.614 loading class java/lang/invoke/MethodHandleImpl$AsVarargsCollector
Event: 4.614 loading class java/lang/invoke/DelegatingMethodHandle
Event: 4.614 loading class java/lang/invoke/DelegatingMethodHandle done
Event: 4.614 loading class java/lang/invoke/MethodHandleImpl$AsVarargsCollector done
Event: 4.615 loading class java/lang/invoke/WrongMethodTypeException
Event: 4.616 loading class java/lang/invoke/WrongMethodTypeException done
Event: 4.619 loading class java/lang/invoke/MethodHandleImpl$Lazy
Event: 4.619 loading class java/lang/invoke/MethodHandleImpl$Lazy done
Event: 4.619 loading class java/lang/invoke/MethodHandleImpl$IntrinsicMethodHandle
Event: 4.619 loading class java/lang/invoke/MethodHandleImpl$IntrinsicMethodHandle done


Dynamic libraries:
0x00007ff7280d0000 - 0x00007ff728107000 	C:\Program Files\Java\jre1.8.0_171\bin\java.exe
0x00007ffc55850000 - 0x00007ffc55a31000 	C:\WINDOWS\SYSTEM32\ntdll.dll
0x00007ffc55380000 - 0x00007ffc55432000 	C:\WINDOWS\System32\KERNEL32.DLL
0x00007ffc52a60000 - 0x00007ffc52cd3000 	C:\WINDOWS\System32\KERNELBASE.dll
0x00007ffc55440000 - 0x00007ffc554e1000 	C:\WINDOWS\System32\ADVAPI32.dll
0x00007ffc52d60000 - 0x00007ffc52dfe000 	C:\WINDOWS\System32\msvcrt.dll
0x00007ffc550b0000 - 0x00007ffc5510b000 	C:\WINDOWS\System32\sechost.dll
0x00007ffc54a40000 - 0x00007ffc54b64000 	C:\WINDOWS\System32\RPCRT4.dll
0x00007ffc52fe0000 - 0x00007ffc53170000 	C:\WINDOWS\System32\USER32.dll
0x00007ffc527a0000 - 0x00007ffc527c0000 	C:\WINDOWS\System32\win32u.dll
0x00007ffc52fb0000 - 0x00007ffc52fd8000 	C:\WINDOWS\System32\GDI32.dll
0x00007ffc52580000 - 0x00007ffc52712000 	C:\WINDOWS\System32\gdi32full.dll
0x00007ffc51cd0000 - 0x00007ffc51d6f000 	C:\WINDOWS\System32\msvcp_win.dll
0x00007ffc51d70000 - 0x00007ffc51e6a000 	C:\WINDOWS\System32\ucrtbase.dll
0x00007ffc42780000 - 0x00007ffc429e9000 	C:\WINDOWS\WinSxS\amd64_microsoft.windows.common-controls_6595b64144ccf1df_6.0.17134.345_none_fb429a5930656358\COMCTL32.dll
0x00007ffc554f0000 - 0x00007ffc55813000 	C:\WINDOWS\System32\combase.dll
0x00007ffc52720000 - 0x00007ffc5279a000 	C:\WINDOWS\System32\bcryptPrimitives.dll
0x00007ffc52e00000 - 0x00007ffc52e2d000 	C:\WINDOWS\System32\IMM32.DLL
0x0000000056d20000 - 0x0000000056df2000 	C:\Program Files\Java\jre1.8.0_171\bin\msvcr100.dll
0x0000000056080000 - 0x0000000056920000 	C:\Program Files\Java\jre1.8.0_171\bin\server\jvm.dll
0x00007ffc52ce0000 - 0x00007ffc52ce8000 	C:\WINDOWS\System32\PSAPI.DLL
0x00007ffc408e0000 - 0x00007ffc408e9000 	C:\WINDOWS\SYSTEM32\WSOCK32.dll
0x00007ffc54830000 - 0x00007ffc5489c000 	C:\WINDOWS\System32\WS2_32.dll
0x00007ffc4def0000 - 0x00007ffc4df13000 	C:\WINDOWS\SYSTEM32\WINMM.dll
0x00007ffc4d040000 - 0x00007ffc4d04a000 	C:\WINDOWS\SYSTEM32\VERSION.dll
0x00007ffc4deb0000 - 0x00007ffc4deda000 	C:\WINDOWS\SYSTEM32\WINMMBASE.dll
0x00007ffc51c20000 - 0x00007ffc51c69000 	C:\WINDOWS\System32\cfgmgr32.dll
0x0000000058030000 - 0x000000005803f000 	C:\Program Files\Java\jre1.8.0_171\bin\verify.dll
0x0000000057010000 - 0x0000000057039000 	C:\Program Files\Java\jre1.8.0_171\bin\java.dll
0x0000000056ff0000 - 0x0000000057006000 	C:\Program Files\Java\jre1.8.0_171\bin\zip.dll
0x00007ffc53170000 - 0x00007ffc545af000 	C:\WINDOWS\System32\SHELL32.dll
0x00007ffc52e30000 - 0x00007ffc52ed9000 	C:\WINDOWS\System32\shcore.dll
0x00007ffc51e70000 - 0x00007ffc5257d000 	C:\WINDOWS\System32\windows.storage.dll
0x00007ffc547d0000 - 0x00007ffc54821000 	C:\WINDOWS\System32\shlwapi.dll
0x00007ffc51be0000 - 0x00007ffc51bf1000 	C:\WINDOWS\System32\kernel.appcore.dll
0x00007ffc51b70000 - 0x00007ffc51b8f000 	C:\WINDOWS\System32\profapi.dll
0x00007ffc51b90000 - 0x00007ffc51bdc000 	C:\WINDOWS\System32\powrprof.dll
0x00007ffc51b60000 - 0x00007ffc51b6a000 	C:\WINDOWS\System32\FLTLIB.DLL
0x0000000055ee0000 - 0x0000000056078000 	C:\Program Files\Java\jre1.8.0_171\bin\awt.dll
0x00007ffc52ee0000 - 0x00007ffc52fa2000 	C:\WINDOWS\System32\OLEAUT32.dll
0x00007ffc4ecf0000 - 0x00007ffc4ed7b000 	C:\WINDOWS\SYSTEM32\apphelp.dll

VM Arguments:
java_command: ./tools/plantuml.jar C:\Users\flyqk\Documents\Google Drive\ResearchSpace\Repositories\577 projects\10-25\F14a_black_professionals_net_2018-9-26@1540542856843_analysis/EAID_90263E32_D4C2_4a2e_B2EC_81BCADB1C2C7/sequence_diagram.txt
java_class_path (initial): ./tools/plantuml.jar
Launcher Type: SUN_STANDARD

Environment Variables:
JAVA_HOME=C:\Program Files (x86)\Java\jdk1.8.0_101
JRE_HOME=C:\Program Files (x86)\Java\jre1.8.0_101
PATH=C:/Program Files/Java/jre1.8.0_171/bin/server;C:/Program Files/Java/jre1.8.0_171/bin;C:/Program Files/Java/jre1.8.0_171/lib/amd64;C:\Program Files (x86)\Common Files\Oracle\Java\javapath;C:\ProgramData\Oracle\Java\javapath;C:\WINDOWS\system32;C:\WINDOWS;C:\WINDOWS\System32\Wbem;C:\WINDOWS\System32\WindowsPowerShell\v1.0\;C:\Users\flyqk\.dnx\bin;C:\Program Files\Microsoft DNX\Dnvm\;C:\Program Files\Microsoft SQL Server\130\Tools\Binn\;C:\Program Files (x86)\Windows Kits\8.1\Windows Performance Toolkit\;C:\Program Files\MATLAB\R2016b\bin;C:\Program Files\MATLAB\R2016a\bin;C:\Program Files\MATLAB\R2016b\bin\win64;C:\Program Files\MiKTeX 2.9\miktex\bin\x64\;C:\Program Files (x86)\Windows Kits\10\Windows Performance Toolkit\;C:\Program Files (x86)\Windows Kits\10\Microsoft Application Virtualization\Sequencer\;C:\Program Files\nodejs\;;C:\WINDOWS\system32;C:\WINDOWS;C:\WINDOWS\System32\Wbem;C:\WINDOWS\System32\WindowsPowerShell\v1.0\;C:\WINDOWS\System32\OpenSSH\;C:\Program Files (x86)\NVIDIA Corporation\PhysX\Common;C:\Program Files\MySQL\MySQL Server 5.7\bin;C:\Users\flyqk\AppData\Local\Microsoft\WindowsApps;C:\Program Files (x86)\Java\jdk1.8.0_101\bin;C:\Program Files (x86)\Graphviz2.38\bin;C:\Program Files (x86)\python27;C:\Users\flyqk\Documents\tools\apache-maven-3.3.9\bin;C:\Users\flyqk\Documents\Research Workspace\workspace\Callgraph\tools;C:\cygwin64\bin;C:\Program Files\Sublime Text 2;C:\Program Files (x86)\GPSBabel;C:\Users\flyqk\AppData\Local\Pandoc\;C:\Program Files\MongoDB\Server\3.4\bin;C:\Users\flyqk\AppData\Roaming\npm;C:\Program Files\R\R-3.5.1\bin;;C:\Users\flyqk\Documents\Research Projects\eclipse\java-oxygen\eclipse;
USERNAME=Kan Qi
OS=Windows_NT
PROCESSOR_IDENTIFIER=Intel64 Family 6 Model 58 Stepping 9, GenuineIntel



---------------  S Y S T E M  ---------------

OS: Windows 10.0 , 64 bit Build 17134 (10.0.17134.1)

CPU:total 4 (initial active 4) (4 cores per cpu, 1 threads per core) family 6 model 58 stepping 9, cmov, cx8, fxsr, mmx, sse, sse2, sse3, ssse3, sse4.1, sse4.2, popcnt, avx, aes, clmul, erms, tsc, tscinvbit, tscinv

Memory: 4k page, physical 16720296k(6270268k free), swap 67051944k(168k free)

vm_info: Java HotSpot(TM) 64-Bit Server VM (25.171-b11) for windows-amd64 JRE (1.8.0_171-b11), built on Mar 28 2018 16:06:12 by "java_re" with MS VC++ 10.0 (VS2010)

time: Fri Oct 26 01:47:11 2018
elapsed time: 4 seconds (0d 0h 0m 4s)

