0000000056295377
0x000000001eb4f6c0:   000000001eb4f7c0 000000001c05c3e8
0x000000001eb4f6d0:   000000001e6ab000 0000000056140703
0x000000001eb4f6e0:   000000001eb4f720 000000001e6ab000
0x000000001eb4f6f0:   000000001eb4f7b0 000000001e6ab000
0x000000001eb4f700:   000000001c05c3e8 000000001e6ab000
0x000000001eb4f710:   0000000003383be0 000000001e6ab000
0x000000001eb4f720:   000000001c05c3e8 000000001e6ab000
0x000000001eb4f730:   000000001c05c3e8 000000001e6ab000
0x000000001eb4f740:   0000000000000001 000000001c05c3e8
0x000000001eb4f750:   000000001e6ab000 000000001e657f90
0x000000001eb4f760:   000000001e6ab000 0000000056141e6d
0x000000001eb4f770:   000000001eb4fa78 00000007c0006bc8
0x000000001eb4f780:   00000007c0006bc8 0000000000000000 

Instructions: (pc=0x0000000056294447)
0x0000000056294427:   48 89 6c 24 30 33 ed 66 90 e8 6b 3f 08 00 ff c3
0x0000000056294437:   48 63 c8 48 8b c6 48 0f af cf 48 ff c7 48 2b c1
0x0000000056294447:   89 28 48 63 c3 48 3b 05 85 62 59 00 7e db 48 8b
0x0000000056294457:   6c 24 30 48 8b 5c 24 38 48 8b 74 24 40 48 83 c4 


Register to memory mapping:

RAX=0x000000001eb4d690 is pointing into the stack for thread: 0x000000001e6ab000
RBX=0x0000000000000003 is an unknown value
RCX=0x0000000000002000 is an unknown value
RDX=0x0000000000000006 is an unknown value
RSP=0x000000001eb4f690 is pointing into the stack for thread: 0x000000001e6ab000
RBP=0x0000000000000000 is an unknown value
RSI=0x000000001eb4f690 is pointing into the stack for thread: 0x000000001e6ab000
RDI=0x0000000000000003 is an unknown value
R8 =0x0000000000000006 is an unknown value
R9 =0x000000001e6369f0 is an unknown value
R10={method} {0x000000001c05c3f0} 'run' '()V' in 'java/lang/Thread'
R11=0x000000001ea5a148 is pointing into the stack for thread: 0x000000001e6ab000
R12=0x000000001e6369f0 is an unknown value
R13=0x000000001e6ab000 is a thread
R14=0x000000001eb4f758 is pointing into the stack for thread: 0x000000001e6ab000
R15={method} {0x000000001c05c3f0} 'run' '()V' in 'java/lang/Thread'


Stack: [0x000000001ea50000,0x000000001eb50000],  sp=0x000000001eb4f690,  free space=1021k
Native frames: (J=compiled Java code, j=interpreted, Vv=VM code, C=native code)


---------------  P R O C E S S  ---------------

Java Threads: ( => current thread )
=>0x000000001e6ab000 JavaThread "Java2D Disposer" daemon [_thread_in_vm, id=22196, stack(0x000000001ea50000,0x000000001eb50000)]
  0x000000001e31a000 JavaThread "Service Thread" daemon [_thread_blocked, id=780, stack(0x000000001e710000,0x000000001e810000)]
  0x000000001ca2d000 JavaThread "C1 CompilerThread2" daemon [_thread_blocked, id=31412, stack(0x000000001e210000,0x000000001e310000)]
  0x000000001ca2c000 JavaThread "C2 CompilerThread1" daemon [_thread_blocked, id=25416, stack(0x000000001e110000,0x000000001e210000)]
  0x000000001c9ca800 JavaThread "C2 CompilerThread0" daemon [_thread_blocked, id=18604, stack(0x000000001e010000,0x000000001e110000)]
  0x000000001c9d6800 JavaThread "Attach Listener" daemon [_thread_blocked, id=20996, stack(0x000000001df10000,0x000000001e010000)]
  0x000000001c9d5000 JavaThread "Signal Dispatcher" daemon [_thread_blocked, id=30568, stack(0x000000001de10000,0x000000001df10000)]
  0x000000001c9ba800 JavaThread "Finalizer" daemon [_thread_blocked, id=15220, stack(0x000000001dc20000,0x000000001dd20000)]
  0x0000000003360800 JavaThread "Reference Handler" daemon [_thread_blocked, id=15704, stack(0x000000001db20000,0x000000001dc20000)]
  0x000000000326e800 JavaThread "main" [_thread_blocked, id=31220, stack(0x0000000003140000,0x0000000003240000)]

Other Threads:
  0x000000001c998800 VMThread [stack: 0x000000001da20000,0x000000001db20000] [id=19916]
  0x000000001e31c800 WatcherThread [stack: 0x000000001e810000,0x000000001e910000] [id=26556]

VM state:synchronizing (normal execution)

VM Mutex/Monitor currently owned by a thread:  ([mutex/lock_event])
[0x000000000326d2c0] Threads_lock - owner thread: 0x000000001c998800
[0x000000000326d240] Heap_lock - owner thread: 0x000000000326e800

Heap:
 PSYoungGen      total 76288K, used 5243K [0x000000076af00000, 0x0000000770400000, 0x00000007c0000000)
  eden space 65536K, 8% used [0x000000076af00000,0x000000076b41ec30,0x000000076ef00000)
  from space 10752K, 0% used [0x000000076f980000,0x000000076f980000,0x0000000770400000)
  to   space 10752K, 0% used [0x000000076ef00000,0x000000076ef00000,0x000000076f980000)
 ParOldGen       total 175104K, used 0K [0x00000006c0c00000, 0x00000006cb700000, 0x000000076af00000)
  object space 175104K, 0% used [0x00000006c0c00000,0x00000006c0c00000,0x00000006cb700000)
 Metaspace       used 5649K, capacity 5784K, committed 5888K, reserved 1058816K
  class space    used 625K, capacity 698K, committed 768K, reserved 1048576K

Card table byte_map: [0x0000000012730000,0x0000000012f30000] byte_map_base: 0x000000000f12a000

Marking Bits: (ParMarkBitMap*) 0x00000000568a08c0
 Begin Bits: [0x0000000013890000, 0x0000000017860000)
 End Bits:   [0x0000000017860000, 0x000000001b830000)

Polling page: 0x0000000001490000

CodeCache: size=245760Kb used=1613Kb max_used=1613Kb free=244146Kb
 bounds [0x0000000003370000, 0x00000000035e0000, 0x0000000012370000]
 total_blobs=618 nmethods=255 adapters=276
 compilation: enabled

Compilation events (10 events):
Event: 4.149 Thread 0x000000001ca2d000  250  s    1       java.util.Vector::size (5 bytes)
Event: 4.149 Thread 0x000000001ca2d000 nmethod 250 0x00000000034f4e90 code [0x00000000034f4fe0, 0x00000000034f5250]
Event: 4.152 Thread 0x000000001ca2d000  251       3       java.util.HashMap::get (23 bytes)
Event: 4.152 Thread 0x000000001ca2d000 nmethod 251 0x00000000034f5510 code [0x00000000034f56a0, 0x00000000034f5ab8]
Event: 4.246 Thread 0x000000001ca2d000  252       3       java.util.HashMap::putVal (300 bytes)
Event: 4.247 Thread 0x000000001ca2d000 nmethod 252 0x00000000034fc650 code [0x00000000034fc8c0, 0x00000000034fdbb8]
Event: 4.247 Thread 0x000000001ca2d000  253       3       java.util.HashMap::put (13 bytes)
Event: 4.248 Thread 0x000000001ca2d000 nmethod 253 0x00000000034fe290 code [0x00000000034fe420, 0x00000000034fe7d8]
Event: 5.413 Thread 0x000000001ca2d000  254       3       java.io.WinNTFileSystem::normalize (143 bytes)
Event: 5.414 Thread 0x000000001ca2d000 nmethod 254 0x00000000034ff350 code [0x00000000034ff540, 0x00000000034ffd68]

GC Heap History (0 events):
No events

Deoptimization events (0 events):
No events

Classes redefined (0 events):
No events

Internal exceptions (10 events):
Event: 0.832 Thread 0x000000000326e800 Exception <a 'java/lang/NoSuchMethodError': Method sun.misc.Unsafe.defineClass(Ljava/lang/String;[BII)Ljava/lang/Class; name or signature does not match> (0x000000076af07cb0) thrown at [C:\re\workspace\8-2-build-windows-amd64-cygwin\jdk8u171\10807\hotspot
Event: 0.832 Thread 0x000000000326e800 Exception <a 'java/lang/NoSuchMethodError': Method sun.misc.Unsafe.prefetchRead(Ljava/lang/Object;J)V name or signature does not match> (0x000000076af07f98) thrown at [C:\re\workspace\8-2-build-windows-amd64-cygwin\jdk8u171\10807\hotspot\src\share\vm\prim
Event: 3.645 Thread 0x000000000326e800 Exception <a 'java/security/PrivilegedActionException'> (0x000000076b198978) thrown at [C:\re\workspace\8-2-build-windows-amd64-cygwin\jdk8u171\10807\hotspot\src\share\vm\prims\jvm.cpp, line 1435]
Event: 3.645 Thread 0x000000000326e800 Exception <a 'java/security/PrivilegedActionException'> (0x000000076b198b88) thrown at [C:\re\workspace\8-2-build-windows-amd64-cygwin\jdk8u171\10807\hotspot\src\share\vm\prims\jvm.cpp, line 1435]
Event: 3.647 Thread 0x000000000326e800 Exception <a 'java/security/PrivilegedActionException'> (0x000000076b19c9e0) thrown at [C:\re\workspace\8-2-build-windows-amd64-cygwin\jdk8u171\10807\hotspot\src\share\vm\prims\jvm.cpp, line 1435]
Event: 3.647 Thread 0x000000000326e800 Exception <a 'java/security/PrivilegedActionException'> (0x000000076b19cbf0) thrown at [C:\re\workspace\8-2-build-windows-amd64-cygwin\jdk8u171\10807\hotspot\src\share\vm\prims\jvm.cpp, line 1435]
Event: 3.649 Thread 0x000000000326e800 Exception <a 'java/io/FileNotFoundException'> (0x000000076b19e6a8) thrown at [C:\re\workspace\8-2-build-windows-amd64-cygwin\jdk8u171\10807\hotspot\src\share\vm\prims\jni.cpp, line 709]
Event: 4.083 Thread 0x000000000326e800 Exception <a 'java/lang/NoSuchFieldError': method resolution failed> (0x000000076b26edc0) thrown at [C:\re\workspace\8-2-build-windows-amd64-cygwin\jdk8u171\10807\hotspot\src\share\vm\prims\methodHandles.cpp, line 1167]
Event: 4.085 Thread 0x000000000326e800 Exception <a 'java/lang/NoSuchFieldError': method resolution failed> (0x000000076b27c560) thrown at [C:\re\workspace\8-2-build-windows-amd64-cygwin\jdk8u171\10807\hotspot\src\share\vm\prims\methodHandles.cpp, line 1167]
Event: 5.412 Thread 0x000000000326e800 Exception <a 'java/io/FileNotFoundException'> (0x000000076b30b3b8) thrown at [C:\re\workspace\8-2-build-windows-amd64-cygwin\jdk8u171\10807\hotspot\src\share\vm\prims\jni.cpp, line 709]

Events (10 events):
Event: 5.413 loading class sun/java2d/Disposer done
Event: 5.413 loading class sun/java2d/Disposer$1
Event: 5.413 loading class sun/java2d/Disposer$1 done
Event: 5.414 loading class sun/misc/ThreadGroupUtils
Event: 5.414 loading class sun/misc/ThreadGroupUtils done
Event: 5.414 Thread 0x000000001e6ab000 Thread added: 0x000000001e6ab000
Event: 5.414 loading class sun/java2d/DefaultDisposerRecord
Event: 5.414 loading class sun/java2d/DisposerRecord
Event: 5.414 loading class sun/java2d/DisposerRecord done
Event: 5.414 loading class sun/java2d/DefaultDisposerRecord done


Dynamic libraries:
0x00007ff7280d0000 - 0x00007ff728107000 	C:\Program Files\Java\jre1.8.0_171\bin\java.exe
0x00007ffc55850000 - 0x00007ffc55a31000 	C:\WINDOWS\SYSTEM32\ntdll.dll
0x00007ffc55380000 - 0x00007ffc55432000 	C:\WINDOWS\System32\KERNEL32.DLL
0x00007ffc52a60000 - 0x00007ffc52cd3000 	C:\WINDOWS\System32\KERNELBASE.dll
0x00007ffc55440000 - 0x00007ffc554e1000 	C:\WINDOWS\System32\ADVAPI32.dll
0x00007ffc52d60000 - 0x00007ffc52dfe000 	C:\WINDOWS\System32\msvcrt.dll
0x00007ffc550b0000 - 0x00007ffc5510b000 	C:\WINDOWS\System32\sechost.dll
0x00007ffc54a40000 - 0x00007ffc54b64000 	C:\WINDOWS\System32\RPCRT4.dll
0x00007ffc52fe0000 - 0x00007ffc53170000 	C:\WINDOWS\System32\USER32.dll
0x00007ffc527a0000 - 0x00007ffc527c0000 	C:\WINDOWS\System32\win32u.dll
0x00007ffc52fb0000 - 0x00007ffc52fd8000 	C:\WINDOWS\System32\GDI32.dll
0x00007ffc52580000 - 0x00007ffc52712000 	C:\WINDOWS\System32\gdi32full.dll
0x00007ffc51cd0000 - 0x00007ffc51d6f000 	C:\WINDOWS\System32\msvcp_win.dll
0x00007ffc51d70000 - 0x00007ffc51e6a000 	C:\WINDOWS\System32\ucrtbase.dll
0x00007ffc42780000 - 0x00007ffc429e9000 	C:\WINDOWS\WinSxS\amd64_microsoft.windows.common-controls_6595b64144ccf1df_6.0.17134.345_none_fb429a5930656358\COMCTL32.dll
0x00007ffc554f0000 - 0x00007ffc55813000 	C:\WINDOWS\System32\combase.dll
0x00007ffc52720000 - 0x00007ffc5279a000 	C:\WINDOWS\System32\bcryptPrimitives.dll
0x00007ffc52e00000 - 0x00007ffc52e2d000 	C:\WINDOWS\System32\IMM32.DLL
0x0000000056d20000 - 0x0000000056df2000 	C:\Program Files\Java\jre1.8.0_171\bin\msvcr100.dll
0x0000000056080000 - 0x0000000056920000 	C:\Program Files\Java\jre1.8.0_171\bin\server\jvm.dll
0x00007ffc52ce0000 - 0x00007ffc52ce8000 	C:\WINDOWS\System32\PSAPI.DLL
0x00007ffc408e0000 - 0x00007ffc408e9000 	C:\WINDOWS\SYSTEM32\WSOCK32.dll
0x00007ffc54830000 - 0x00007ffc5489c000 	C:\WINDOWS\System32\WS2_32.dll
0x00007ffc4def0000 - 0x00007ffc4df13000 	C:\WINDOWS\SYSTEM32\WINMM.dll
0x00007ffc4d040000 - 0x00007ffc4d04a000 	C:\WINDOWS\SYSTEM32\VERSION.dll
0x00007ffc4deb0000 - 0x00007ffc4deda000 	C:\WINDOWS\SYSTEM32\WINMMBASE.dll
0x00007ffc51c20000 - 0x00007ffc51c69000 	C:\WINDOWS\System32\cfgmgr32.dll
0x0000000058030000 - 0x000000005803f000 	C:\Program Files\Java\jre1.8.0_171\bin\verify.dll
0x0000000057010000 - 0x0000000057039000 	C:\Program Files\Java\jre1.8.0_171\bin\java.dll
0x0000000056ff0000 - 0x0000000057006000 	C:\Program Files\Java\jre1.8.0_171\bin\zip.dll
0x00007ffc53170000 - 0x00007ffc545af000 	C:\WINDOWS\System32\SHELL32.dll
0x00007ffc52e30000 - 0x00007ffc52ed9000 	C:\WINDOWS\System32\shcore.dll
0x00007ffc51e70000 - 0x00007ffc5257d000 	C:\WINDOWS\System32\windows.storage.dll
0x00007ffc547d0000 - 0x00007ffc54821000 	C:\WINDOWS\System32\shlwapi.dll
0x00007ffc51be0000 - 0x00007ffc51bf1000 	C:\WINDOWS\System32\kernel.appcore.dll
0x00007ffc51b70000 - 0x00007ffc51b8f000 	C:\WINDOWS\System32\profapi.dll
0x00007ffc51b90000 - 0x00007ffc51bdc000 	C:\WINDOWS\System32\powrprof.dll
0x00007ffc51b60000 - 0x00007ffc51b6a000 	C:\WINDOWS\System32\FLTLIB.DLL
0x0000000055ee0000 - 0x0000000056078000 	C:\Program Files\Java\jre1.8.0_171\bin\awt.dll
0x00007ffc52ee0000 - 0x00007ffc52fa2000 	C:\WINDOWS\System32\OLEAUT32.dll
0x00007ffc4ecf0000 - 0x00007ffc4ed7b000 	C:\WINDOWS\SYSTEM32\apphelp.dll
0x00007ffc4f410000 - 0x00007ffc4f439000 	C:\WINDOWS\system32\DWMAPI.DLL
0x00007ffc4f060000 - 0x00007ffc4f0f8000 	C:\WINDOWS\system32\uxtheme.dll

VM Arguments:
java_command: ./tools/plantuml.jar C:\Users\flyqk\Documents\Google Drive\ResearchSpace\Repositories\577 projects\10-25\Art_Crafts_Website_2018-9-26@1540542856840_analysis/EAID_98EFA93B_96FD_4173_BD53_F0038222BC96/sequence_diagram.txt
java_class_path (initial): ./tools/plantuml.jar
Launcher Type: SUN_STANDARD

Environment Variables:
JAVA_HOME=C:\Program Files (x86)\Java\jdk1.8.0_101
JRE_HOME=C:\Program Files (x86)\Java\jre1.8.0_101
PATH=C:/Program Files/Java/jre1.8.0_171/bin/server;C:/Program Files/Java/jre1.8.0_171/bin;C:/Program Files/Java/jre1.8.0_171/lib/amd64;C:\Program Files (x86)\Common Files\Oracle\Java\javapath;C:\ProgramData\Oracle\Java\javapath;C:\WINDOWS\system32;C:\WINDOWS;C:\WINDOWS\System32\Wbem;C:\WINDOWS\System32\WindowsPowerShell\v1.0\;C:\Users\flyqk\.dnx\bin;C:\Program Files\Microsoft DNX\Dnvm\;C:\Program Files\Microsoft SQL Server\130\Tools\Binn\;C:\Program Files (x86)\Windows Kits\8.1\Windows Performance Toolkit\;C:\Program Files\MATLAB\R2016b\bin;C:\Program Files\MATLAB\R2016a\bin;C:\Program Files\MATLAB\R2016b\bin\win64;C:\Program Files\MiKTeX 2.9\miktex\bin\x64\;C:\Program Files (x86)\Windows Kits\10\Windows Performance Toolkit\;C:\Program Files (x86)\Windows Kits\10\Microsoft Application Virtualization\Sequencer\;C:\Program Files\nodejs\;;C:\WINDOWS\system32;C:\WINDOWS;C:\WINDOWS\System32\Wbem;C:\WINDOWS\System32\WindowsPowerShell\v1.0\;C:\WINDOWS\System32\OpenSSH\;C:\Program Files (x86)\NVIDIA Corporation\PhysX\Common;C:\Program Files\MySQL\MySQL Server 5.7\bin;C:\Users\flyqk\AppData\Local\Microsoft\WindowsApps;C:\Program Files (x86)\Java\jdk1.8.0_101\bin;C:\Program Files (x86)\Graphviz2.38\bin;C:\Program Files (x86)\python27;C:\Users\flyqk\Documents\tools\apache-maven-3.3.9\bin;C:\Users\flyqk\Documents\Research Workspace\workspace\Callgraph\tools;C:\cygwin64\bin;C:\Program Files\Sublime Text 2;C:\Program Files (x86)\GPSBabel;C:\Users\flyqk\AppData\Local\Pandoc\;C:\Program Files\MongoDB\Server\3.4\bin;C:\Users\flyqk\AppData\Roaming\npm;C:\Program Files\R\R-3.5.1\bin;;C:\Users\flyqk\Documents\Research Projects\eclipse\java-oxygen\eclipse;
USERNAME=Kan Qi
OS=Windows_NT
PROCESSOR_IDENTIFIER=Intel64 Family 6 Model 58 Stepping 9, GenuineIntel



---------------  S Y S T E M  ---------------

OS: Windows 10.0 , 64 bit Build 17134 (10.0.17134.1)

CPU:total 4 (initial active 4) (4 cores per cpu, 1 threads per core) family 6 model 58 stepping 9, cmov, cx8, fxsr, mmx, sse, sse2, sse3, ssse3, sse4.1, sse4.2, popcnt, avx, aes, clmul, erms, tsc, tscinvbit, tscinv

Memory: 4k page, physical 16720296k(6187956k free), swap 67051944k(428392k free)

vm_info: Java HotSpot(TM) 64-Bit Server VM (25.171-b11) for windows-amd64 JRE (1.8.0_171-b11), built on Mar 28 2018 16:06:12 by "java_re" with MS VC++ 10.0 (VS2010)

time: Fri Oct 26 01:46:44 2018
elapsed time: 5 seconds (0d 0h 0m 5s)

