#
# There is insufficient memory for the Java Runtime Environment to continue.
# Native memory allocation (malloc) failed to allocate 387056 bytes for Chunk::new
# Possible reasons:
#   The system is out of physical RAM or swap space
#   In 32 bit mode, the process size limit was hit
# Possible solutions:
#   Reduce memory load on the system
#   Increase physical memory or swap space
#   Check if swap backing store is full
#   Use 64 bit Java on a 64 bit OS
#   Decrease Java heap size (-Xmx/-Xms)
#   Decrease number of Java threads
#   Decrease Java thread stack sizes (-Xss)
#   Set larger code cache with -XX:ReservedCodeCacheSize=
# This output file may be truncated or incomplete.
#
#  Out of Memory Error (allocation.cpp:390), pid=19000, tid=0x0000000000002d0c
#
# JRE version: Java(TM) SE Runtime Environment (8.0_121-b13) (build 1.8.0_121-b13)
# Java VM: Java HotSpot(TM) 64-Bit Server VM (25.121-b13 mixed mode windows-amd64 compressed oops)
# Failed to write core dump. Minidumps are not enabled by default on client versions of Windows
#

---------------  T H R E A D  ---------------

Current thread (0x000000001a2a8000):  JavaThread "C2 CompilerThread0" daemon [_thread_in_native, id=11532, stack(0x000000001aa70000,0x000000001ab70000)]

Stack: [0x000000001aa70000,0x000000001ab70000]
[error occurred during error reporting (printing stack bounds), id 0xc0000005]

Native frames: (J=compiled Java code, j=interpreted, Vv=VM code, C=native code)


Current CompileTask:
C2:   3609  761 %     4       java.util.regex.Pattern::compile @ 66 (406 bytes)


---------------  P R O C E S S  ---------------

Java Threads: ( => current thread )
  0x000000001b3bf800 JavaThread "AWT-Windows" daemon [_thread_in_native, id=17076, stack(0x000000001bdb0000,0x000000001beb0000)]
  0x000000001b49e000 JavaThread "AWT-Shutdown" [_thread_blocked, id=9396, stack(0x000000001bcb0000,0x000000001bdb0000)]
  0x000000001b25e000 JavaThread "Java2D Disposer" daemon [_thread_blocked, id=9384, stack(0x000000001b9b0000,0x000000001bab0000)]
  0x000000001a316000 JavaThread "Service Thread" daemon [_thread_blocked, id=3948, stack(0x000000001ae70000,0x000000001af70000)]
  0x000000001a30d800 JavaThread "C1 CompilerThread3" daemon [_thread_blocked, id=20660, stack(0x000000001ad70000,0x000000001ae70000)]
  0x000000001a30b000 JavaThread "C2 CompilerThread2" daemon [_thread_blocked, id=18592, stack(0x000000001ac70000,0x000000001ad70000)]
  0x000000001a305800 JavaThread "C2 CompilerThread1" daemon [_thread_blocked, id=1672, stack(0x000000001ab70000,0x000000001ac70000)]
=>0x000000001a2a8000 JavaThread "C2 CompilerThread0" daemon [_thread_in_native, id=11532, stack(0x000000001aa70000,0x000000001ab70000)]
  0x000000001a2a7000 JavaThread "Attach Listener" daemon [_thread_blocked, id=3548, stack(0x000000001a970000,0x000000001aa70000)]
  0x000000001a2a6000 JavaThread "Signal Dispatcher" daemon [_thread_blocked, id=10280, stack(0x000000001a870000,0x000000001a970000)]
  0x00000000033fd800 JavaThread "Finalizer" daemon [_thread_blocked, id=24520, stack(0x000000001a680000,0x000000001a780000)]
  0x00000000033f6800 JavaThread "Reference Handler" daemon [_thread_blocked, id=8624, stack(0x000000001a180000,0x000000001a280000)]
  0x0000000003302800 JavaThread "main" [_thread_in_vm, id=21444, stack(0x0000000003200000,0x0000000003300000)]

Other Threads:
  0x00000000183a9800 VMThread [stack: 0x000000001a080000,0x000000001a180000] [id=18108]
  0x000000001a319800 WatcherThread [stack: 0x000000001af70000,0x000000001b070000] [id=9916]

VM state:not at safepoint (normal execution)

VM Mutex/Monitor currently owned by a thread: None

Heap:
 PSYoungGen      total 71680K, used 11897K [0x00000000d5d00000, 0x00000000da800000, 0x0000000100000000)
  eden space 66560K, 11% used [0x00000000d5d00000,0x00000000d64496f0,0x00000000d9e00000)
  from space 5120K, 86% used [0x00000000da300000,0x00000000da754d68,0x00000000da800000)
  to   space 5120K, 0% used [0x00000000d9e00000,0x00000000d9e00000,0x00000000da300000)
 ParOldGen       total 87552K, used 37221K [0x0000000081600000, 0x0000000086b80000, 0x00000000d5d00000)
  object space 87552K, 42% used [0x0000000081600000,0x0000000083a595c0,0x0000000086b80000)
 Metaspace       used 10856K, capacity 11018K, committed 11136K, reserved 1058816K
  class space    used 1309K, capacity 1375K, committed 1408K, reserved 1048576K

Card table byte_map: [0x00000000127c0000,0x0000000012bc0000] byte_map_base: 0x00000000123b5000

Marking Bits: (ParMarkBitMap*) 0x000000006645b6d0
 Begin Bits: [0x0000000013670000, 0x0000000015618000)
 End Bits:   [0x0000000015618000, 0x00000000175c0000)

Polling page: 0x0000000001380000

CodeCache: size=245760Kb used=3294Kb max_used=3305Kb free=242465Kb
 bounds [0x0000000003400000, 0x0000000003740000, 0x0000000012400000]
 total_blobs=1214 nmethods=737 adapters=389
 compilation: enabled

Compilation events (10 events):
Event: 3.597 Thread 0x000000001a30d800 nmethod 779 0x00000000035161d0 code [0x0000000003516320, 0x0000000003516430]
Event: 3.597 Thread 0x000000001a30d800  780       1       sun.font.SunFontManager::usingPerAppContextComposites (5 bytes)
Event: 3.598 Thread 0x000000001a30d800 nmethod 780 0x0000000003515f10 code [0x0000000003516060, 0x0000000003516170]
Event: 3.598 Thread 0x000000001a30d800  743       1       sun.font.StandardGlyphVector::access$700 (5 bytes)
Event: 3.598 Thread 0x000000001a30d800 nmethod 743 0x0000000003515c50 code [0x0000000003515da0, 0x0000000003515e90]
Event: 3.598 Thread 0x000000001a30d800  745       1       sun.font.StandardGlyphVector::access$1000 (5 bytes)
Event: 3.598 Thread 0x000000001a30d800 nmethod 745 0x0000000003515990 code [0x0000000003515ae0, 0x0000000003515bd0]
Event: 3.598 Thread 0x000000001a30d800  759       1       net.sourceforge.plantuml.FontParam::getDefaultFamily (5 bytes)
Event: 3.598 Thread 0x000000001a30d800 nmethod 759 0x00000000035156d0 code [0x0000000003515820, 0x0000000003515930]
Event: 3.603 Thread 0x000000001a30b000 nmethod 781 0x000000000373b790 code [0x000000000373b8e0, 0x000000000373bdb8]

GC Heap History (8 events):
Event: 1.909 GC heap before
{Heap before GC invocations=1 (full 0):
 PSYoungGen      total 38400K, used 33280K [0x00000000d5d00000, 0x00000000d8780000, 0x0000000100000000)
  eden space 33280K, 100% used [0x00000000d5d00000,0x00000000d7d80000,0x00000000d7d80000)
  from space 5120K, 0% used [0x00000000d8280000,0x00000000d8280000,0x00000000d8780000)
  to   space 5120K, 0% used [0x00000000d7d80000,0x00000000d7d80000,0x00000000d8280000)
 ParOldGen       total 87552K, used 0K [0x0000000081600000, 0x0000000086b80000, 0x00000000d5d00000)
  object space 87552K, 0% used [0x0000000081600000,0x0000000081600000,0x0000000086b80000)
 Metaspace       used 8312K, capacity 8438K, committed 8576K, reserved 1056768K
  class space    used 986K, capacity 1049K, committed 1152K, reserved 1048576K
Event: 1.987 GC heap after
Heap after GC invocations=1 (full 0):
 PSYoungGen      total 38400K, used 5088K [0x00000000d5d00000, 0x00000000da800000, 0x0000000100000000)
  eden space 33280K, 0% used [0x00000000d5d00000,0x00000000d5d00000,0x00000000d7d80000)
  from space 5120K, 99% used [0x00000000d7d80000,0x00000000d8278020,0x00000000d8280000)
  to   space 5120K, 0% used [0x00000000da300000,0x00000000da300000,0x00000000da800000)
 ParOldGen       total 87552K, used 6021K [0x0000000081600000, 0x0000000086b80000, 0x00000000d5d00000)
  object space 87552K, 6% used [0x0000000081600000,0x0000000081be15c0,0x0000000086b80000)
 Metaspace       used 8312K, capacity 8438K, committed 8576K, reserved 1056768K
  class space    used 986K, capacity 1049K, committed 1152K, reserved 1048576K
}
Event: 2.069 GC heap before
{Heap before GC invocations=2 (full 0):
 PSYoungGen      total 38400K, used 38368K [0x00000000d5d00000, 0x00000000da800000, 0x0000000100000000)
  eden space 33280K, 100% used [0x00000000d5d00000,0x00000000d7d80000,0x00000000d7d80000)
  from space 5120K, 99% used [0x00000000d7d80000,0x00000000d8278020,0x00000000d8280000)
  to   space 5120K, 0% used [0x00000000da300000,0x00000000da300000,0x00000000da800000)
 ParOldGen       total 87552K, used 6021K [0x0000000081600000, 0x0000000086b80000, 0x00000000d5d00000)
  object space 87552K, 6% used [0x0000000081600000,0x0000000081be15c0,0x0000000086b80000)
 Metaspace       used 8332K, capacity 8438K, committed 8576K, reserved 1056768K
  class space    used 987K, capacity 1049K, committed 1152K, reserved 1048576K
Event: 2.145 GC heap after
Heap after GC invocations=2 (full 0):
 PSYoungGen      total 71680K, used 5104K [0x00000000d5d00000, 0x00000000da800000, 0x0000000100000000)
  eden space 66560K, 0% used [0x00000000d5d00000,0x00000000d5d00000,0x00000000d9e00000)
  from space 5120K, 99% used [0x00000000da300000,0x00000000da7fc010,0x00000000da800000)
  to   space 5120K, 0% used [0x00000000d9e00000,0x00000000d9e00000,0x00000000da300000)
 ParOldGen       total 87552K, used 16285K [0x0000000081600000, 0x0000000086b80000, 0x00000000d5d00000)
  object space 87552K, 18% used [0x0000000081600000,0x00000000825e75c0,0x0000000086b80000)
 Metaspace       used 8332K, capacity 8438K, committed 8576K, reserved 1056768K
  class space    used 987K, capacity 1049K, committed 1152K, reserved 1048576K
}
Event: 2.467 GC heap before
{Heap before GC invocations=3 (full 0):
 PSYoungGen      total 71680K, used 71664K [0x00000000d5d00000, 0x00000000da800000, 0x0000000100000000)
  eden space 66560K, 100% used [0x00000000d5d00000,0x00000000d9e00000,0x00000000d9e00000)
  from space 5120K, 99% used [0x00000000da300000,0x00000000da7fc010,0x00000000da800000)
  to   space 5120K, 0% used [0x00000000d9e00000,0x00000000d9e00000,0x00000000da300000)
 ParOldGen       total 87552K, used 16285K [0x0000000081600000, 0x0000000086b80000, 0x00000000d5d00000)
  object space 87552K, 18% used [0x0000000081600000,0x00000000825e75c0,0x0000000086b80000)
 Metaspace       used 8355K, capacity 8502K, committed 8832K, reserved 1056768K
  class space    used 989K, capacity 1049K, committed 1152K, reserved 1048576K
Event: 2.655 GC heap after
Heap after GC invocations=3 (full 0):
 PSYoungGen      total 71680K, used 5104K [0x00000000d5d00000, 0x00000000da800000, 0x0000000100000000)
  eden space 66560K, 0% used [0x00000000d5d00000,0x00000000d5d00000,0x00000000d9e00000)
  from space 5120K, 99% used [0x00000000d9e00000,0x00000000da2fc010,0x00000000da300000)
  to   space 5120K, 0% used [0x00000000da300000,0x00000000da300000,0x00000000da800000)
 ParOldGen       total 87552K, used 37213K [0x0000000081600000, 0x0000000086b80000, 0x00000000d5d00000)
  object space 87552K, 42% used [0x0000000081600000,0x0000000083a575c0,0x0000000086b80000)
 Metaspace       used 8355K, capacity 8502K, committed 8832K, reserved 1056768K
  class space    used 989K, capacity 1049K, committed 1152K, reserved 1048576K
}
Event: 3.418 GC heap before
{Heap before GC invocations=4 (full 0):
 PSYoungGen      total 71680K, used 71664K [0x00000000d5d00000, 0x00000000da800000, 0x0000000100000000)
  eden space 66560K, 100% used [0x00000000d5d00000,0x00000000d9e00000,0x00000000d9e00000)
  from space 5120K, 99% used [0x00000000d9e00000,0x00000000da2fc010,0x00000000da300000)
  to   space 5120K, 0% used [0x00000000da300000,0x00000000da300000,0x00000000da800000)
 ParOldGen       total 87552K, used 37213K [0x0000000081600000, 0x0000000086b80000, 0x00000000d5d00000)
  object space 87552K, 42% used [0x0000000081600000,0x0000000083a575c0,0x0000000086b80000)
 Metaspace       used 10334K, capacity 10506K, committed 10880K, reserved 1058816K
  class space    used 1241K, capacity 1311K, committed 1408K, reserved 1048576K
Event: 3.447 GC heap after
Heap after GC invocations=4 (full 0):
 PSYoungGen      total 71680K, used 4435K [0x00000000d5d00000, 0x00000000da800000, 0x0000000100000000)
  eden space 66560K, 0% used [0x00000000d5d00000,0x00000000d5d00000,0x00000000d9e00000)
  from space 5120K, 86% used [0x00000000da300000,0x00000000da754d68,0x00000000da800000)
  to   space 5120K, 0% used [0x00000000d9e00000,0x00000000d9e00000,0x00000000da300000)
 ParOldGen       total 87552K, used 37221K [0x0000000081600000, 0x0000000086b80000, 0x00000000d5d00000)
  object space 87552K, 42% used [0x0000000081600000,0x0000000083a595c0,0x0000000086b80000)
 Metaspace       used 10334K, capacity 10506K, committed 10880K, reserved 1058816K
  class space    used 1241K, capacity 1311K, committed 1408K, reserved 1048576K
}

Deoptimization events (10 events):
Event: 0.896 Thread 0x0000000003302800 Uncommon trap: reason=unstable_if action=reinterpret pc=0x00000000035dbbc4 method=java.util.regex.Matcher.search(I)Z @ 91
Event: 1.120 Thread 0x0000000003302800 Uncommon trap: reason=bimorphic action=maybe_recompile pc=0x0000000003622810 method=java.util.regex.Pattern$Start.match(Ljava/util/regex/Matcher;ILjava/lang/CharSequence;)Z @ 44
Event: 1.121 Thread 0x0000000003302800 Uncommon trap: reason=bimorphic action=maybe_recompile pc=0x0000000003622810 method=java.util.regex.Pattern$Start.match(Ljava/util/regex/Matcher;ILjava/lang/CharSequence;)Z @ 44
Event: 1.121 Thread 0x0000000003302800 Uncommon trap: reason=bimorphic action=maybe_recompile pc=0x0000000003622810 method=java.util.regex.Pattern$Start.match(Ljava/util/regex/Matcher;ILjava/lang/CharSequence;)Z @ 44
Event: 1.121 Thread 0x0000000003302800 Uncommon trap: reason=bimorphic action=maybe_recompile pc=0x0000000003622810 method=java.util.regex.Pattern$Start.match(Ljava/util/regex/Matcher;ILjava/lang/CharSequence;)Z @ 44
Event: 1.124 Thread 0x0000000003302800 Uncommon trap: reason=unstable_if action=reinterpret pc=0x0000000003644c28 method=java.util.regex.Pattern.closure(Ljava/util/regex/Pattern$Node;)Ljava/util/regex/Pattern$Node; @ 182
Event: 1.319 Thread 0x0000000003302800 Uncommon trap: reason=unstable_if action=reinterpret pc=0x000000000365c624 method=java.util.regex.Pattern.sequence(Ljava/util/regex/Pattern$Node;)Ljava/util/regex/Pattern$Node; @ 536
Event: 1.596 Thread 0x0000000003302800 Uncommon trap: reason=unstable_if action=reinterpret pc=0x0000000003668288 method=java.util.regex.Pattern.closure(Ljava/util/regex/Pattern$Node;)Ljava/util/regex/Pattern$Node; @ 138
Event: 2.801 Thread 0x0000000003302800 Uncommon trap: reason=unstable_if action=reinterpret pc=0x0000000003601e14 method=java.lang.String.indexOf([CII[CIII)I @ 134
Event: 2.818 Thread 0x0000000003302800 Uncommon trap: reason=unstable_if action=reinterpret pc=0x000000000362f2fc method=java.util.regex.Pattern.compile()V @ 126

Internal exceptions (10 events):
Event: 0.057 Thread 0x0000000003302800 Exception <a 'java/lang/NoSuchMethodError': Method sun.misc.Unsafe.defineClass(Ljava/lang/String;[BII)Ljava/lang/Class; name or signature does not match> (0x00000000d5d07ca8) thrown at [C:\re\workspace\8-2-build-windows-amd64-cygwin\jdk8u121\8372\hotspot\
Event: 0.057 Thread 0x0000000003302800 Exception <a 'java/lang/NoSuchMethodError': Method sun.misc.Unsafe.prefetchRead(Ljava/lang/Object;J)V name or signature does not match> (0x00000000d5d07f90) thrown at [C:\re\workspace\8-2-build-windows-amd64-cygwin\jdk8u121\8372\hotspot\src\share\vm\prims
Event: 0.325 Thread 0x0000000003302800 Exception <a 'java/security/PrivilegedActionException'> (0x00000000d5efc288) thrown at [C:\re\workspace\8-2-build-windows-amd64-cygwin\jdk8u121\8372\hotspot\src\share\vm\prims\jvm.cpp, line 1390]
Event: 0.325 Thread 0x0000000003302800 Exception <a 'java/security/PrivilegedActionException'> (0x00000000d5efc498) thrown at [C:\re\workspace\8-2-build-windows-amd64-cygwin\jdk8u121\8372\hotspot\src\share\vm\prims\jvm.cpp, line 1390]
Event: 0.326 Thread 0x0000000003302800 Exception <a 'java/security/PrivilegedActionException'> (0x00000000d5f002f0) thrown at [C:\re\workspace\8-2-build-windows-amd64-cygwin\jdk8u121\8372\hotspot\src\share\vm\prims\jvm.cpp, line 1390]
Event: 0.326 Thread 0x0000000003302800 Exception <a 'java/security/PrivilegedActionException'> (0x00000000d5f00500) thrown at [C:\re\workspace\8-2-build-windows-amd64-cygwin\jdk8u121\8372\hotspot\src\share\vm\prims\jvm.cpp, line 1390]
Event: 0.329 Thread 0x0000000003302800 Exception <a 'java/io/FileNotFoundException'> (0x00000000d5f024a8) thrown at [C:\re\workspace\8-2-build-windows-amd64-cygwin\jdk8u121\8372\hotspot\src\share\vm\prims\jni.cpp, line 709]
Event: 0.437 Thread 0x0000000003302800 Exception <a 'java/lang/NoSuchFieldError': method resolution failed> (0x00000000d5fcf6d8) thrown at [C:\re\workspace\8-2-build-windows-amd64-cygwin\jdk8u121\8372\hotspot\src\share\vm\prims\methodHandles.cpp, line 1146]
Event: 0.440 Thread 0x0000000003302800 Exception <a 'java/lang/NoSuchFieldError': method resolution failed> (0x00000000d5fdce78) thrown at [C:\re\workspace\8-2-build-windows-amd64-cygwin\jdk8u121\8372\hotspot\src\share\vm\prims\methodHandles.cpp, line 1146]
Event: 0.594 Thread 0x0000000003302800 Exception <a 'java/io/FileNotFoundException'> (0x00000000d6065b48) thrown at [C:\re\workspace\8-2-build-windows-amd64-cygwin\jdk8u121\8372\hotspot\src\share\vm\prims\jni.cpp, line 709]

Events (10 events):
Event: 3.605 loading class net/sourceforge/plantuml/ugraphic/g2d/DriverDotPathG2d
Event: 3.605 loading class net/sourceforge/plantuml/ugraphic/g2d/DriverDotPathG2d done
Event: 3.605 loading class net/sourceforge/plantuml/ugraphic/g2d/DriverPathG2d
Event: 3.605 loading class net/sourceforge/plantuml/ugraphic/g2d/DriverPathG2d done
Event: 3.606 loading class net/sourceforge/plantuml/ugraphic/UCenteredCharacter
Event: 3.606 loading class net/sourceforge/plantuml/ugraphic/UCenteredCharacter done
Event: 3.606 loading class net/sourceforge/plantuml/ugraphic/g2d/DriverCenteredCharacterG2d
Event: 3.606 loading class net/sourceforge/plantuml/ugraphic/g2d/DriverCenteredCharacterG2d done
Event: 3.606 loading class net/sourceforge/plantuml/graphic/HtmlColorGradient
Event: 3.606 loading class net/sourceforge/plantuml/graphic/HtmlColorGradient done


Dynamic libraries:
0x00007ff6e5610000 - 0x00007ff6e5647000 	C:\Program Files\Java\jre1.8.0_121\bin\java.exe
0x00007ffd15db0000 - 0x00007ffd15f91000 	C:\WINDOWS\SYSTEM32\ntdll.dll
0x00007ffd13790000 - 0x00007ffd13842000 	C:\WINDOWS\System32\KERNEL32.DLL
0x00007ffd124d0000 - 0x00007ffd12743000 	C:\WINDOWS\System32\KERNELBASE.dll
0x00007ffd14260000 - 0x00007ffd14301000 	C:\WINDOWS\System32\ADVAPI32.dll
0x00007ffd13560000 - 0x00007ffd135fe000 	C:\Program Files\Java\jre1.8.0_121\bin\msvcr100.dll
0x00007ffd13460000 - 0x00007ffd134bb000 	C:\WINDOWS\System32\sechost.dll
0x00007ffd143c0000 - 0x00007ffd144e4000 	C:\WINDOWS\System32\RPCRT4.dll
0x00007ffd13600000 - 0x00007ffd13790000 	C:\WINDOWS\System32\USER32.dll
0x00007ffd13170000 - 0x00007ffd13190000 	C:\WINDOWS\SYSTEM32\WSOCK32.dll
0x00007ffd13ed0000 - 0x00007ffd13ef8000 	C:\WINDOWS\System32\GDI32.dll
0x00007ffd12750000 - 0x00007ffd128e2000 	C:\WINDOWS\System32\gdi32full.dll
0x00007ffd130d0000 - 0x00007ffd1316f000 	C:\WINDOWS\System32\msvcp_win.dll
0x00007ffd12180000 - 0x00007ffd1227a000 	C:\WINDOWS\SYSTEM32\VERSION.dll
0x00007ffcff740000 - 0x00007ffcff9a9000 	C:\WINDOWS\SYSTEM32\WINMMBASE.dll
0x00007ffd13f00000 - 0x00007ffd14223000 	C:\WINDOWS\System32\combase.dll
0x00007ffd13050000 - 0x00007ffd130ca000 	C:\WINDOWS\System32\bcryptPrimitives.dll
0x00007ffd14230000 - 0x00007ffd1425d000 	C:\WINDOWS\System32\IMM32.DLL
0x0000000065760000 - 0x0000000065832000 	C:\Program Files\Java\jre1.8.0_121\bin\msvcr100.dll
0x0000000065c40000 - 0x00000000664db000 	C:\Program Files\Java\jre1.8.0_121\bin\server\jvm.dll
0x00007ffd13550000 - 0x00007ffd13558000 	C:\WINDOWS\System32\PSAPI.DLL
0x00007ffd03ee0000 - 0x00007ffd03ee9000 	C:\WINDOWS\System32\msvcrt.dll
0x00007ffd13870000 - 0x00007ffd138dc000 	C:\WINDOWS\System32\RPCRT4.dll
0x00007ffd06b80000 - 0x00007ffd06ba3000 	C:\WINDOWS\System32\GDI32.dll
0x00007ffd06770000 - 0x00007ffd0677a000 	C:\WINDOWS\System32\msvcp_win.dll
0x00007ffd06a60000 - 0x00007ffd06a8a000 	C:\WINDOWS\WinSxS\amd64_microsoft.windows.common-controls_6595b64144ccf1df_6.0.17134.345_none_fb429a5930656358\COMCTL32.dll
0x00007ffd13000000 - 0x00007ffd13049000 	C:\WINDOWS\System32\IMM32.DLL
0x0000000065c30000 - 0x0000000065c3f000 	C:\Program Files\Java\jre1.8.0_121\bin\verify.dll
0x0000000065c00000 - 0x0000000065c29000 	C:\WINDOWS\System32\PSAPI.DLL
0x0000000065be0000 - 0x0000000065bf6000 	C:\PINDOWS\System32\WS2_32.dll0x00007ffd14940000 - 0x00007ffd15d7f000 	C:\WINDOWS\SYSTEM32\WINMMBASE.dll
0x00007ffd14310000 - 0x00007ffd143b9000 	C:\WINDOWS\System32\shcore.dll
0x00007ffd128f0000 - 0x00007ffd12ffd000 	C:\WINDOWS\System32\windows.storage.dll
0x00007ffd13330000 - 0x00007ffd13381000 	C:\WINDOWS\System32\shlwapi.dll
0x00007ffd120c0000 - 0x00007ffd120d1000 	C:\WINDOWS\SYSTEM32\ntdll.dll
0x00007ffd120e0000 - 0x00007ffd120ff000 	C:\WINDOWS\System32\RPCRT4.dll0x00007ffd12110000 - 0x00007ffd1215c000 	C:\WINDOWS\System32\GDI32.dll
0x00007ffd12100000 - 0x00007ffd1210a000 	C:\WINDOWS\System32\ucrtbase.dll
0x00000000655c0000 - 0x0000000065758000 	C:\WINDOWS\System32\bcryptPrimitives.dll
0x00007ffd13390000 - 0x00007ffd13452000 	C:\Program Files\Java\jre1.8.0_121\bin\msvcr100.dll
0x00007ffd10510000 - 0x00007ffd1059b000 	C:\WINDOWS\System32\PSAPI.DLL
0x00007ffd10850000 - 0x00007ffd10879000 	C:\WINDOWS\System32\WS2_32.dll
0x00007ffd10770000 - 0x00007ffd10808000 	C:\WINDOWS\SYSTEM32\VERSION.dll
0x0000000065570000 - 0x00000000655b7000 	C:\WINDOWS\System32\cfgmgr32.dll
0x00007ffcfb400000 - 0x00007ffcfb520000 	C:\Program Files\Java\jre1.8.0_121\bin\java.dll
0x00007ffd0a540000 - 0x00007ffd0a56c000 	C:\WINDOWS\SYSTEM32\GLU32.dll
0x00007ffd13cb0000 - 0x00007ffd13e24000 	C:\WINDOWS\System32\msvcrt.dll
0x00007ffd139a0000 - 0x00007ffd13af1000 	C:\WINDOWS\System32\GDI32.dll
0x0000000065bc0000 - 0x0000000065bda000 	C:\WINDOWS\WinSxS\amd64_microsoft.windows.common-controls_6595b64144ccf1df_6.0.17134.345_none_fb429a5930656358\COMCTL32.dll
0x00007ffd118e0000 - 0x00007ffd11946000 	C:\WINDOWS\System32\IMM32.DLL
0x0000000065ba0000 - 0x0000000065bb1000 	C:\Program Files\Java\jre1.8.0_121\bin\server\jvm.dll
0x0000000065520000 - 0x0000000065562000 	C:\WINDOWS\System32\WS2_32.dll
0x00007ffd018c0000 - 0x00007ffd018d6000 	C:\WINDOWS\SYSTEM32\VERSION.dll
0x00007ffd01880000 - 0x00007ffd0189a000 	C:\WINDOWS\System32\cfgmgr32.dll
0x00007ffd0eeb0000 - 0x00007ffd0eec9000 	C:\Program Files\Java\jre1.8.0_121\bin\java.dll
0x00007ffd116a0000 - 0x00007ffd1175e000 	C:\WINDOWS\SYSTEM32\DNSAPI.dll
0x00007ffd13ca0000 - 0x00007ffd13ca8000 	C:\WINDOWS\System32\NSI.dll
0x00007ffd11660000 - 0x00007ffd11698000 	C:\WINDOWS\SYSTEM32\IPHLPAPI.DLL
0x00007ffd01830000 - 0x00007ffd0183e000 	C:\WINDOWS\System32\winrnr.dll
0x00007ffd0a5f0000 - 0x00007ffd0a605000 	C:\WINDOWS\System32\wshbth.dll
0x00007ffd07530000 - 0x00007ffd0753a000 	C:\Windows\System32\rasadhlp.dll
0x00007ffd08830000 - 0x00007ffd088a2000 	C:\WINDOWS\System32\fwpuclnt.dll
0x00007ffd11bc0000 - 0x00007ffd11be5000 	C:\WINDOWS\SYSTEM32\bcrypt.dll

VM Arguments:
java_command: ./tools/plantuml.jar ./data/UMLExperiment/debug/EAID_A702BD5C_347F_449e_AC49_9B2EC6E9BC56/sequence_diagram.txt
java_class_path (initial): ./tools/plantuml.jar
Launcher Type: SUN_STANDARD

Environment Variables:
PATH=C:/Program Files/Java/jre1.8.0_121/bin/server;C:/Program Files/Java/jre1.8.0_121/bin;C:/Program Files/Java/jre1.8.0_121/lib/amd64;C:\ProgramData\Oracle\Java\javapath;C:\Program Files (x86)\Intel\iCLS Client\;C:\Program Files\Intel\iCLS Client\;C:\WINDOWS\system32;C:\WINDOWS;C:\WINDOWS\System32\Wbem;C:\WINDOWS\System32\WindowsPowerShell\v1.0\;C:\Program Files\Intel\Intel(R) Management Engine Components\DAL;C:\Program Files (x86)\Intel\Intel(R) Management Engine Components\DAL;C:\Program Files\Intel\Intel(R) Management Engine Components\IPT;C:\Program Files (x86)\Intel\Intel(R) Management Engine Components\IPT;C:\Program Files\Git\cmd;C:\Program Files\nodejs\;C:\Program Files (x86)\Graphviz2.38\bin;C:\Program Files\MiKTeX 2.9\miktex\bin\x64\;C:\Program Files\Git LFS;;C:\WINDOWS\System32\OpenSSH\;C:\Users\flyqk\AppData\Local\Microsoft\WindowsApps;C:\Users\flyqk\AppData\Roaming\npm;C:\Program Files\MongoDB\Server\3.4\bin;C:\Program Files\MySQL\MySQL Server 5.7\bin;C:\Program Files\Java\jdk1.8.0_121\bin;C:\Program Files (x86)\Python27;C:\Program Files (x86)\Python27\Scripts;C:\Program Files\Visual Paradigm 15.0\bin;C:\Users\flyqk\Documents\Google Drive\ResearchSpace\Research Projects\CaseStudies\eclipse-java-luna-SR2-win32-x86_64\eclipse;C:\Program Files\R\R-3.5.1\bin;;D:\Research Projects\eclipse\java-oxygen\eclipse;
USERNAME=flyqk
OS=Windows_NT
PROCESSOR_IDENTIFIER=Intel64 Family 6 Model 70 Stepping 1, GenuineIntel



---------------  S Y S T E M  ---------------

OS: Windows 10.0 , 64 bit Build 17134 (10.0.17134.1)

CPU:total 8 (4 cores per cpu, 2 threads per core) family 6 model 70 stepping 1, cmov, cx8, fxsr, mmx, sse, sse2, sse3, ssse3, sse4.1, sse4.2, popcnt, avx, avx2, aes, clmul, erms, lzcnt, ht, tsc, tscinvbit, bmi1, bmi2

Memory: 4k page, physical 8294644k(370276k free), swap 19839656k(4748k free)

vm_info: Java HotSpot(TM) 64-Bit Server VM (25.121-b13) for windows-amd64 JRE (1.8.0_121-b13), built on Dec 12 2016 18:21:36 by "java_re" with MS VC++ 10.0 (VS2010)

time: Sun Oct 28 01:28:19 2018
elapsed time: 3 seconds (0d 0h 0m 3s)

