#
# A fatal error has been detected by the Java Runtime Environment:
#
#  EXCEPTION_STACK_OVERFLOW (0xc00000fd) at pc=0x0000000065e53b57, pid=8580, tid=0x0000000000000dac
#
# JRE version: Java(TM) SE Runtime Environment (8.0_121-b13) (build 1.8.0_121-b13)
# Java VM: Java HotSpot(TM) 64-Bit Server VM (25.121-b13 mixed mode windows-amd64 compressed oops)
# Problematic frame:
# V  [jvm.dll+0x213b57]
#
# Failed to write core dump. Minidumps are not enabled by default on client versions of Windows
#
# If you would like to submit a bug report, please visit:
#   http://bugreport.java.com/bugreport/crash.jsp
#

---------------  T H R E A D  ---------------

Current thread (0x000000001b321000):  JavaThread "Java2D Disposer" daemon [_thread_in_vm, id=3500, stack(0x000000001bac0000,0x000000001bbc0000)]

siginfo: ExceptionCode=0xc00000fd, ExceptionInformation=0x0000000000000001 0x000000001bbbd150 

Registers:
RAX=0x000000001bbbd150, RBX=0x0000000000000003, RCX=0x0000000000002000, RDX=0x0000000000000006
RSP=0x000000001bbbf150, RBP=0x0000000000000000, RSI=0x000000001bbbf150, RDI=0x0000000000000003
R8 =0x0000000000000006, R9 =0x000000001a5a9a20, R10=0x0000000017b0b8e0, R11=0x000000001baca148
R12=0x000000001a5a9a20, R13=0x000000001b321000, R14=0x000000001bbbf218, R15=0x0000000017b0b8e0
RIP=0x0000000065e53b57, EFLAGS=0x0000000000010206

Top of Stack: (sp=0x000000001bbbf150)
0x000000001bbbf150:   00000c48000bc504 00000000657b4e7e
0x000000001bbbf160:   000000001b321000 000000001a5a9a20
0x000000001bbbf170:   00000000ffffffff 0000000065e54a87
0x000000001bbbf180:   000000001bbbf280 0000000017b0b8e0
0x000000001bbbf190:   000000001b321000 0000000065d00923
0x000000001bbbf1a0:   000000001bbbf1e0 000000001b321000
0x000000001bbbf1b0:   000000001bbbf270 000000001b321000
0x000000001bbbf1c0:   0000000017b0b8e0 000000001b321000
0x000000001bbbf1d0:   0000000003533200 000000001b321000
0x000000001bbbf1e0:   0000000017b0b8e0 000000001b321000
0x000000001bbbf1f0:   0000000017b0b8e0 000000001b321000
0x000000001bbbf200:   0000000000000001 0000000017b0b8e0
0x000000001bbbf210:   000000001b321000 000000001a78be70
0x000000001bbbf220:   000000001b321000 0000000065d01e0d
0x000000001bbbf230:   000000001bbbf538 00000001000069a0
0x000000001bbbf240:   00000001000069a0 0000000000000000 

Instructions: (pc=0x0000000065e53b57)
0x0000000065e53b37:   48 89 6c 24 30 33 ed 66 90 e8 2b 3b 08 00 ff c3
0x0000000065e53b47:   48 63 c8 48 8b c6 48 0f af cf 48 ff c7 48 2b c1
0x0000000065e53b57:   89 28 48 63 c3 48 3b 05 75 1b 59 00 7e db 48 8b
0x0000000065e53b67:   6c 24 30 48 8b 5c 24 38 48 8b 74 24 40 48 83 c4 


Register to memory mapping:

RAX=0x000000001bbbd150 is pointing into the stack for thread: 0x000000001b321000
RBX=0x0000000000000003 is an unknown value
RCX=0x0000000000002000 is an unknown value
RDX=0x0000000000000006 is an unknown value
RSP=0x000000001bbbf150 is pointing into the stack for thread: 0x000000001b321000
RBP=0x0000000000000000 is an unknown value
RSI=0x000000001bbbf150 is pointing into the stack for thread: 0x000000001b321000
RDI=0x0000000000000003 is an unknown value
R8 =0x0000000000000006 is an unknown value
R9 =0x000000001a5a9a20 is an unknown value
R10={method} {0x0000000017b0b8e8} 'run' '()V' in 'java/lang/Thread'
R11=0x000000001baca148 is pointing into the stack for thread: 0x000000001b321000
R12=0x000000001a5a9a20 is an unknown value
R13=0x000000001b321000 is a thread
R14=0x000000001bbbf218 is pointing into the stack for thread: 0x000000001b321000
R15={method} {0x0000000017b0b8e8} 'run' '()V' in 'java/lang/Thread'


Stack: [0x000000001bac0000,0x000000001bbc0000],  sp=0x000000001bbbf150,  free space=1020k
Native frames: (J=compiled Java code, j=interpreted, Vv=VM code, C=native code)


---------------  P R O C E S S  ---------------

Java Threads: ( => current thread )
=>0x000000001b321000 JavaThread "Java2D Disposer" daemon [_thread_in_vm, id=3500, stack(0x000000001bac0000,0x000000001bbc0000)]
  0x000000001a424000 JavaThread "Service Thread" daemon [_thread_blocked, id=16856, stack(0x000000001af80000,0x000000001b080000)]
  0x000000001a41b800 JavaThread "C1 CompilerThread3" daemon [_thread_blocked, id=19736, stack(0x000000001ae80000,0x000000001af80000)]
  0x000000001a418000 JavaThread "C2 CompilerThread2" daemon [_thread_blocked, id=22840, stack(0x000000001ad80000,0x000000001ae80000)]
  0x000000001a414000 JavaThread "C2 CompilerThread1" daemon [_thread_blocked, id=17984, stack(0x000000001ac80000,0x000000001ad80000)]
  0x000000001a3ba000 JavaThread "C2 CompilerThread0" daemon [_thread_blocked, id=9328, stack(0x000000001ab80000,0x000000001ac80000)]
  0x000000001a3b9000 JavaThread "Attach Listener" daemon [_thread_blocked, id=2388, stack(0x000000001aa80000,0x000000001ab80000)]
  0x000000001a3b6000 JavaThread "Signal Dispatcher" daemon [_thread_blocked, id=4632, stack(0x000000001a980000,0x000000001aa80000)]
  0x000000000351d800 JavaThread "Finalizer" daemon [_thread_blocked, id=23604, stack(0x000000001a790000,0x000000001a890000)]
  0x0000000003516800 JavaThread "Reference Handler" daemon [_thread_blocked, id=6688, stack(0x000000001a290000,0x000000001a390000)]
  0x0000000003422800 JavaThread "main" [_thread_in_native, id=24216, stack(0x0000000003320000,0x0000000003420000)]

Other Threads:
  0x00000000184c9800 VMThread [stack: 0x000000001a190000,0x000000001a290000] [id=11052]
  0x000000001a429000 WatcherThread [stack: 0x000000001b080000,0x000000001b180000] [id=9188]

VM state:not at safepoint (normal execution)

VM Mutex/Monitor currently owned by a thread: None

Heap:
 PSYoungGen      total 38400K, used 4000K [0x00000000d5d00000, 0x00000000d8780000, 0x0000000100000000)
  eden space 33280K, 12% used [0x00000000d5d00000,0x00000000d60e82e0,0x00000000d7d80000)
  from space 5120K, 0% used [0x00000000d8280000,0x00000000d8280000,0x00000000d8780000)
  to   space 5120K, 0% used [0x00000000d7d80000,0x00000000d7d80000,0x00000000d8280000)
 ParOldGen       total 87552K, used 0K [0x0000000081600000, 0x0000000086b80000, 0x00000000d5d00000)
  object space 87552K, 0% used [0x0000000081600000,0x0000000081600000,0x0000000086b80000)
 Metaspace       used 5601K, capacity 5782K, committed 5888K, reserved 1056768K
  class space    used 630K, capacity 697K, committed 768K, reserved 1048576K

Card table byte_map: [0x00000000128e0000,0x0000000012ce0000] byte_map_base: 0x00000000124d5000

Marking Bits: (ParMarkBitMap*) 0x000000006645b6d0
 Begin Bits: [0x0000000013790000, 0x0000000015738000)
 End Bits:   [0x0000000015738000, 0x00000000176e0000)

Polling page: 0x0000000002fa0000

CodeCache: size=245760Kb used=1540Kb max_used=1540Kb free=244219Kb
 bounds [0x0000000003520000, 0x0000000003790000, 0x0000000012520000]
 total_blobs=584 nmethods=226 adapters=271
 compilation: enabled

Compilation events (10 events):
Event: 1.264 Thread 0x000000001a41b800  222       3       java.util.HashMap::get (23 bytes)
Event: 1.264 Thread 0x000000001a41b800 nmethod 222 0x0000000003693210 code [0x00000000036933a0, 0x0000000003693798]
Event: 1.280 Thread 0x000000001a41b800  223       3       java.util.HashMap::putVal (300 bytes)
Event: 1.281 Thread 0x000000001a41b800 nmethod 223 0x000000000369b7d0 code [0x000000000369ba40, 0x000000000369ccf8]
Event: 1.281 Thread 0x000000001a41b800  224       3       java.util.HashMap::put (13 bytes)
Event: 1.281 Thread 0x000000001a41b800 nmethod 224 0x000000000369d3d0 code [0x000000000369d560, 0x000000000369d918]
Event: 1.398 Thread 0x000000001a41b800  225       3       jdk.internal.org.objectweb.asm.ByteVector::enlarge (51 bytes)
Event: 1.398 Thread 0x000000001a41b800 nmethod 225 0x000000000369e490 code [0x000000000369e600, 0x000000000369e928]
Event: 1.401 Thread 0x000000001a41b800  226       3       java.util.HashMap$Node::<init> (26 bytes)
Event: 1.401 Thread 0x000000001a41b800 nmethod 226 0x000000000369ea10 code [0x000000000369eb60, 0x000000000369ed50]

GC Heap History (0 events):
No events

Deoptimization events (0 events):
No events

Internal exceptions (10 events):
Event: 0.108 Thread 0x0000000003422800 Exception <a 'java/lang/NoSuchMethodError': Method sun.misc.Unsafe.defineClass(Ljava/lang/String;[BII)Ljava/lang/Class; name or signature does not match> (0x00000000d5d07ca8) thrown at [C:\re\workspace\8-2-build-windows-amd64-cygwin\jdk8u121\8372\hotspot\
Event: 0.108 Thread 0x0000000003422800 Exception <a 'java/lang/NoSuchMethodError': Method sun.misc.Unsafe.prefetchRead(Ljava/lang/Object;J)V name or signature does not match> (0x00000000d5d07f90) thrown at [C:\re\workspace\8-2-build-windows-amd64-cygwin\jdk8u121\8372\hotspot\src\share\vm\prims
Event: 0.672 Thread 0x0000000003422800 Exception <a 'java/security/PrivilegedActionException'> (0x00000000d5efc600) thrown at [C:\re\workspace\8-2-build-windows-amd64-cygwin\jdk8u121\8372\hotspot\src\share\vm\prims\jvm.cpp, line 1390]
Event: 0.673 Thread 0x0000000003422800 Exception <a 'java/security/PrivilegedActionException'> (0x00000000d5efc810) thrown at [C:\re\workspace\8-2-build-windows-amd64-cygwin\jdk8u121\8372\hotspot\src\share\vm\prims\jvm.cpp, line 1390]
Event: 0.691 Thread 0x0000000003422800 Exception <a 'java/security/PrivilegedActionException'> (0x00000000d5f00668) thrown at [C:\re\workspace\8-2-build-windows-amd64-cygwin\jdk8u121\8372\hotspot\src\share\vm\prims\jvm.cpp, line 1390]
Event: 0.691 Thread 0x0000000003422800 Exception <a 'java/security/PrivilegedActionException'> (0x00000000d5f00878) thrown at [C:\re\workspace\8-2-build-windows-amd64-cygwin\jdk8u121\8372\hotspot\src\share\vm\prims\jvm.cpp, line 1390]
Event: 0.697 Thread 0x0000000003422800 Exception <a 'java/io/FileNotFoundException'> (0x00000000d5f02820) thrown at [C:\re\workspace\8-2-build-windows-amd64-cygwin\jdk8u121\8372\hotspot\src\share\vm\prims\jni.cpp, line 709]
Event: 1.127 Thread 0x0000000003422800 Exception <a 'java/lang/NoSuchFieldError': method resolution failed> (0x00000000d5fcfa58) thrown at [C:\re\workspace\8-2-build-windows-amd64-cygwin\jdk8u121\8372\hotspot\src\share\vm\prims\methodHandles.cpp, line 1146]
Event: 1.129 Thread 0x0000000003422800 Exception <a 'java/lang/NoSuchFieldError': method resolution failed> (0x00000000d5fdd1f8) thrown at [C:\re\workspace\8-2-build-windows-amd64-cygwin\jdk8u121\8372\hotspot\src\share\vm\prims\methodHandles.cpp, line 1146]
Event: 1.394 Thread 0x0000000003422800 Exception <a 'java/io/FileNotFoundException'> (0x00000000d6065df8) thrown at [C:\re\workspace\8-2-build-windows-amd64-cygwin\jdk8u121\8372\hotspot\src\share\vm\prims\jni.cpp, line 709]

Events (10 events):
Event: 1.400 loading class sun/java2d/DisposerRecord
Event: 1.400 loading class sun/java2d/DisposerRecord done
Event: 1.400 loading class sun/java2d/DefaultDisposerRecord done
Event: 1.400 loading class sun/java2d/loops/CompositeType
Event: 1.400 loading class sun/java2d/loops/CompositeType done
Event: 1.401 loading class sun/java2d/loops/GraphicsPrimitive
Event: 1.401 loading class sun/java2d/loops/GraphicsPrimitive done
Event: 1.401 loading class sun/java2d/loops/DrawLine
Event: 1.401 loading class sun/java2d/loops/DrawLine done
Event: 1.401 loading class sun/java2d/loops/GraphicsPrimitiveMgr


Dynamic libraries:
0x00007ff6e5610000 - 0x00007ff6e5647000 	C:\Program Files\Java\jre1.8.0_121\bin\java.exe
0x00007ffd15db0000 - 0x00007ffd15f91000 	C:\WINDOWS\SYSTEM32\ntdll.dll
0x00007ffd13790000 - 0x00007ffd13842000 	C:\WINDOWS\System32\KERNEL32.DLL
0x00007ffd124d0000 - 0x00007ffd12743000 	C:\WINDOWS\System32\KERNELBASE.dll
0x00007ffd14260000 - 0x00007ffd14301000 	C:\WINDOWS\System32\ADVAPI32.dll
0x00007ffd13560000 - 0x00007ffd135fe000 	C:\WINDOWS\System32\msvcrt.dll
0x00007ffd13460000 - 0x00007ffd134bb000 	C:\WINDOWS\System32\sechost.dll
0x00007ffd143c0000 - 0x00007ffd144e4000 	C:\WINDOWS\System32\RPCRT4.dll
0x00007ffd13600000 - 0x00007ffd13790000 	C:\WINDOWS\System32\USER32.dll
0x00007ffd13170000 - 0x00007ffd13190000 	C:\WINDOWS\System32\win32u.dll
0x00007ffd13ed0000 - 0x00007ffd13ef8000 	C:\WINDOWS\System32\GDI32.dll
0x00007ffd12750000 - 0x00007ffd128e2000 	C:\WINDOWS\System32\gdi32full.dll
0x00007ffd130d0000 - 0x00007ffd1316f000 	C:\WINDOWS\System32\msvcp_win.dll
0x00007ffd12180000 - 0x00007ffd1227a000 	C:\WINDOWS\System32\ucrtbase.dll
0x00007ffcff740000 - 0x00007ffcff9a9000 	C:\WINDOWS\WinSxS\amd64_microsoft.windows.common-controls_6595b64144ccf1df_6.0.17134.345_none_fb429a5930656358\COMCTL32.dll
0x00007ffd13f00000 - 0x00007ffd14223000 	C:\WINDOWS\System32\combase.dll
0x00007ffd13050000 - 0x00007ffd130ca000 	C:\WINDOWS\System32\bcryptPrimitives.dll
0x00007ffd14230000 - 0x00007ffd1425d000 	C:\WINDOWS\System32\IMM32.DLL
0x0000000065760000 - 0x0000000065832000 	C:\Program Files\Java\jre1.8.0_121\bin\msvcr100.dll
0x0000000065c40000 - 0x00000000664db000 	C:\Program Files\Java\jre1.8.0_121\bin\server\jvm.dll
0x00007ffd13550000 - 0x00007ffd13558000 	C:\WINDOWS\System32\PSAPI.DLL
0x00007ffd03ee0000 - 0x00007ffd03ee9000 	C:\WINDOWS\SYSTEM32\WSOCK32.dll
0x00007ffd13870000 - 0x00007ffd138dc000 	C:\WINDOWS\System32\WS2_32.dll
0x00007ffd06b80000 - 0x00007ffd06ba3000 	C:\WINDOWS\SYSTEM32\WINMM.dll
0x00007ffd06770000 - 0x00007ffd0677a000 	C:\WINDOWS\SYSTEM32\VERSION.dll
0x00007ffd06a60000 - 0x00007ffd06a8a000 	C:\WINDOWS\SYSTEM32\WINMMBASE.dll
0x00007ffd13000000 - 0x00007ffd13049000 	C:\WINDOWS\System32\cfgmgr32.dll
0x0000000065c30000 - 0x0000000065c3f000 	C:\Program Files\Java\jre1.8.0_121\bin\verify.dll
0x0000000065c00000 - 0x0000000065c29000 	C:\Program Files\Java\jre1.8.0_121\bin\java.dll
0x0000000065be0000 - 0x0000000065bf6000 	C:\Program Files\Java\jre1.8.0_121\bin\zip.dll
0x00007ffd14940000 - 0x00007ffd15d7f000 	C:\WINDOWS\System32\SHELL32.dll
0x00007ffd14310000 - 0x00007ffd143b9000 	C:\WINDOWS\System32\shcore.dll
0x00007ffd128f0000 - 0x00007ffd12ffd000 	C:\WINDOWS\System32\windows.storage.dll
0x00007ffd13330000 - 0x00007ffd13381000 	C:\WINDOWS\System32\shlwapi.dll
0x00007ffd120c0000 - 0x00007ffd120d1000 	C:\WINDOWS\System32\kernel.appcore.dll
0x00007ffd120e0000 - 0x00007ffd120ff000 	C:\WINDOWS\System32\profapi.dll
0x00007ffd12110000 - 0x00007ffd1215c000 	C:\WINDOWS\System32\powrprof.dll
0x00007ffd12100000 - 0x00007ffd1210a000 	C:\WINDOWS\System32\FLTLIB.DLL
0x00000000655c0000 - 0x0000000065758000 	C:\Program Files\Java\jre1.8.0_121\bin\awt.dll
0x00007ffd13390000 - 0x00007ffd13452000 	C:\WINDOWS\System32\OLEAUT32.dll
0x00007ffd10510000 - 0x00007ffd1059b000 	C:\WINDOWS\SYSTEM32\apphelp.dll

VM Arguments:
java_command: ./tools/plantuml.jar ./data/UMLExperiment/debug/EAID_A702BD5C_347F_449e_AC49_9B2EC6E9BC56/sequence_diagram.txt
java_class_path (initial): ./tools/plantuml.jar
Launcher Type: SUN_STANDARD

Environment Variables:
PATH=C:/Program Files/Java/jre1.8.0_121/bin/server;C:/Program Files/Java/jre1.8.0_121/bin;C:/Program Files/Java/jre1.8.0_121/lib/amd64;C:\ProgramData\Oracle\Java\javapath;C:\Program Files (x86)\Intel\iCLS Client\;C:\Program Files\Intel\iCLS Client\;C:\WINDOWS\system32;C:\WINDOWS;C:\WINDOWS\System32\Wbem;C:\WINDOWS\System32\WindowsPowerShell\v1.0\;C:\Program Files\Intel\Intel(R) Management Engine Components\DAL;C:\Program Files (x86)\Intel\Intel(R) Management Engine Components\DAL;C:\Program Files\Intel\Intel(R) Management Engine Components\IPT;C:\Program Files (x86)\Intel\Intel(R) Management Engine Components\IPT;C:\Program Files\Git\cmd;C:\Program Files\nodejs\;C:\Program Files (x86)\Graphviz2.38\bin;C:\Program Files\MiKTeX 2.9\miktex\bin\x64\;C:\Program Files\Git LFS;;C:\WINDOWS\System32\OpenSSH\;C:\Users\flyqk\AppData\Local\Microsoft\WindowsApps;C:\Users\flyqk\AppData\Roaming\npm;C:\Program Files\MongoDB\Server\3.4\bin;C:\Program Files\MySQL\MySQL Server 5.7\bin;C:\Program Files\Java\jdk1.8.0_121\bin;C:\Program Files (x86)\Python27;C:\Program Files (x86)\Python27\Scripts;C:\Program Files\Visual Paradigm 15.0\bin;C:\Users\flyqk\Documents\Google Drive\ResearchSpace\Research Projects\CaseStudies\eclipse-java-luna-SR2-win32-x86_64\eclipse;C:\Program Files\R\R-3.5.1\bin;;D:\Research Projects\eclipse\java-oxygen\eclipse;
USERNAME=flyqk
OS=Windows_NT
PROCESSOR_IDENTIFIER=Intel64 Family 6 Model 70 Stepping 1, GenuineIntel



---------------  S Y S T E M  ---------------

OS: Windows 10.0 , 64 bit Build 17134 (10.0.17134.1)

CPU:total 8 (4 cores per cpu, 2 threads per core) family 6 model 70 stepping 1, cmov, cx8, fxsr, mmx, sse, sse2, sse3, ssse3, sse4.1, sse4.2, popcnt, avx, avx2, aes, clmul, erms, lzcnt, ht, tsc, tscinvbit, bmi1, bmi2

Memory: 4k page, physical 8294644k(1114456k free), swap 19839656k(2460k free)

vm_info: Java HotSpot(TM) 64-Bit Server VM (25.121-b13) for windows-amd64 JRE (1.8.0_121-b13), built on Dec 12 2016 18:21:36 by "java_re" with MS VC++ 10.0 (VS2010)

time: Sun Oct 28 01:33:14 2018
elapsed time: 1 seconds (0d 0h 0m 1s)

