#
# There is insufficient memory for the Java Runtime Environment to continue.
# Native memory allocation (malloc) failed to allocate 1048576 bytes for AllocateHeap
# Possible reasons:
#   The system is out of physical RAM or swap space
#   In 32 bit mode, the process size limit was hit
# Possible solutions:
#   Reduce memory load on the system
#   Increase physical memory or swap space
#   Check if swap backing store is full
#   Use 64 bit Java on a 64 bit OS
#   Decrease Java heap size (-Xmx/-Xms)
#   Decrease number of Java threads
#   Decrease Java thread stack sizes (-Xss)
#   Set larger code cache with -XX:ReservedCodeCacheSize=
# This output file may be truncated or incomplete.
#
#  Out of Memory Error (memory/allocation.inline.hpp:61), pid=24320, tid=0x00000000000073e8
#
# JRE version:  (8.0_171-b11) (build )
# Java VM: Java HotSpot(TM) 64-Bit Server VM (25.171-b11 mixed mode windows-amd64 compressed oops)
# Failed to write core dump. Minidumps are not enabled by default on client versions of Windows
#

---------------  T H R E A D  ---------------

Current thread (0x00000000026ae800):  JavaThread "Unknown thread" [_thread_in_vm, id=29672, stack(0x0000000002580000,0x0000000002680000)]

Stack: [0x0000000002580000,0x0000000002680000]
[error occurred during error reporting (printing stack bounds), id 0xc0000005]

Native frames: (J=compiled Java code, j=interpreted, Vv=VM code, C=native code)


---------------  P R O C E S S  ---------------

Java Threads: ( => current thread )

Other Threads:

=>0x00000000026ae800 (exited) JavaThread "Unknown thread" [_thread_in_vm, id=29672, stack(0x0000000002580000,0x0000000002680000)]

VM state:not at safepoint (normal execution)

VM Mutex/Monitor currently owned by a thread: None

Heap:
 PSYoungGen      total 76288K, used 1310K [0x000000076af00000, 0x0000000770400000, 0x00000007c0000000)
  eden space 65536K, 2% used [0x000000076af00000,0x000000076b047af0,0x000000076ef00000)
  from space 10752K, 0% used [0x000000076f980000,0x000000076f980000,0x0000000770400000)
  to   space 10752K, 0% used [0x000000076ef00000,0x000000076ef00000,0x000000076f980000)
 ParOldGen       total 175104K, used 0K [0x00000006c0c00000, 0x00000006cb700000, 0x000000076af00000)
  object space 175104K, 0% used [0x00000006c0c00000,0x00000006c0c00000,0x00000006cb700000)
 Metaspace       used 750K, capacity 4480K, committed 4480K, reserved 1056768K
  class space    used 76K, capacity 384K, committed 384K, reserved 1048576K

Card table byte_map: [0x0000000011b70000,0x0000000012370000] byte_map_base: 0x000000000e56a000

Marking Bits: (ParMarkBitMap*) 0x00000000568a08c0
 Begin Bits: [0x0000000012cd0000, 0x0000000016ca0000)
 End Bits:   [0x0000000016ca0000, 0x000000001ac70000)

Polling page: 0x0000000000b70000

CodeCache: size=245760Kb used=328Kb max_used=328Kb free=245431Kb
 bounds [0x00000000027b0000, 0x0000000002a20000, 0x00000000117b0000]
 total_blobs=58 nmethods=0 adapters=38
 compilation: enabled

Compilation events (0 events):
No events

GC Heap History (0 events):
No events

Deoptimization events (0 events):
No events

Classes redefined (0 events):
No events

Internal exceptions (0 events):
No events

Events (10 events):
Event: 1.785 loading class java/lang/Short
Event: 1.785 loading class java/lang/Short done
Event: 1.785 loading class java/lang/Integer
Event: 1.785 loading class java/lang/Integer done
Event: 1.785 loading class java/lang/Long
Event: 1.786 loading class java/lang/Long done
Event: 1.786 loading class java/lang/NullPointerException
Event: 1.786 loading class java/lang/NullPointerException done
Event: 1.786 loading class java/lang/ArithmeticException
Event: 1.786 loading class java/lang/ArithmeticException done


Dynamic libraries:
0x00007ff7280d0000 - 0x00007ff728107000 	C:\Program Files\Java\jre1.8.0_171\bin\java.exe
0x00007ffc55850000 - 0x00007ffc55a31000 	C:\WINDOWS\SYSTEM32\ntdll.dll
0x00007ffc55380000 - 0x00007ffc55432000 	C:\WINDOWS\System32\KERNEL32.DLL
0x00007ffc52a60000 - 0x00007ffc52cd3000 	C:\WINDOWS\System32\KERNELBASE.dll
0x00007ffc55440000 - 0x00007ffc554e1000 	C:\WINDOWS\System32\ADVAPI32.dll
0x00007ffc52d60000 - 0x00007ffc52dfe000 	C:\WINDOWS\System32\msvcrt.dll
0x00007ffc550b0000 - 0x00007ffc5510b000 	C:\WINDOWS\System32\sechost.dll
0x00007ffc54a40000 - 0x00007ffc54b64000 	C:\WINDOWS\System32\RPCRT4.dll
0x00007ffc52fe0000 - 0x00007ffc53170000 	C:\WINDOWS\System32\USER32.dll
0x00007ffc527a0000 - 0x00007ffc527c0000 	C:\WINDOWS\System32\win32u.dll
0x00007ffc52fb0000 - 0x00007ffc52fd8000 	C:\WINDOWS\System32\GDI32.dll
0x00007ffc52580000 - 0x00007ffc52712000 	C:\WINDOWS\System32\gdi32full.dll
0x00007ffc51cd0000 - 0x00007ffc51d6f000 	C:\WINDOWS\System32\msvcp_win.dll
0x00007ffc51d70000 - 0x00007ffc51e6a000 	C:\WINDOWS\System32\ucrtbase.dll
0x00007ffc42780000 - 0x00007ffc429e9000 	C:\WINDOWS\WinSxS\amd64_microsoft.windows.common-controls_6595b64144ccf1df_6.0.17134.345_none_fb429a5930656358\COMCTL32.dll
0x00007ffc554f0000 - 0x00007ffc55813000 	C:\WINDOWS\System32\combase.dll
0x00007ffc52720000 - 0x00007ffc5279a000 	C:\WINDOWS\System32\bcryptPrimitives.dll
0x00007ffc52e00000 - 0x00007ffc52e2d000 	C:\WINDOWS\System32\IMM32.DLL
0x0000000056d20000 - 0x0000000056df2000 	C:\Program Files\Java\jre1.8.0_171\bin\msvcr100.dll
0x0000000056080000 - 0x0000000056920000 	C:\Program Files\Java\jre1.8.0_171\bin\server\jvm.dll
0x00007ffc52ce0000 - 0x00007ffc52ce8000 	C:\WINDOWS\System32\PSAPI.DLL
0x00007ffc408e0000 - 0x00007ffc408e9000 	C:\WINDOWS\SYSTEM32\WSOCK32.dll
0x00007ffc54830000 - 0x00007ffc5489c000 	C:\WINDOWS\System32\WS2_32.dll
0x00007ffc4def0000 - 0x00007ffc4df13000 	C:\WINDOWS\SYSTEM32\WINMM.dll
0x00007ffc4d040000 - 0x00007ffc4d04a000 	C:\WINDOWS\SYSTEM32\VERSION.dll
0x00007ffc4deb0000 - 0x00007ffc4deda000 	C:\WINDOWS\SYSTEM32\WINMMBASE.dll
0x00007ffc51c20000 - 0x00007ffc51c69000 	C:\WINDOWS\System32\cfgmgr32.dll
0x0000000058030000 - 0x000000005803f000 	C:\Program Files\Java\jre1.8.0_171\bin\verify.dll
0x0000000057010000 - 0x0000000057039000 	C:\Program Files\Java\jre1.8.0_171\bin\java.dll
0x0000000056ff0000 - 0x0000000057006000 	C:\Program Files\Java\jre1.8.0_171\bin\zip.dll

VM Arguments:
java_command: ./tools/plantuml.jar C:\Users\flyqk\Documents\Google Drive\ResearchSpace\Repositories\577 projects\10-25\F13a_LA_Commons_upgradeof_website_2018-9-26@1540542856841_analysis/EAID_3C227A54_F40F_4749_B964_3C1957C29FDD/sequence_diagram.txt
java_class_path (initial): ./tools/plantuml.jar
Launcher Type: SUN_STANDARD

Environment Variables:
JAVA_HOME=C:\Program Files (x86)\Java\jdk1.8.0_101
JRE_HOME=C:\Program Files (x86)\Java\jre1.8.0_101
PATH=C:/Program Files/Java/jre1.8.0_171/bin/server;C:/Program Files/Java/jre1.8.0_171/bin;C:/Program Files/Java/jre1.8.0_171/lib/amd64;C:\Program Files (x86)\Common Files\Oracle\Java\javapath;C:\ProgramData\Oracle\Java\javapath;C:\WINDOWS\system32;C:\WINDOWS;C:\WINDOWS\System32\Wbem;C:\WINDOWS\System32\WindowsPowerShell\v1.0\;C:\Users\flyqk\.dnx\bin;C:\Program Files\Microsoft DNX\Dnvm\;C:\Program Files\Microsoft SQL Server\130\Tools\Binn\;C:\Program Files (x86)\Windows Kits\8.1\Windows Performance Toolkit\;C:\Program Files\MATLAB\R2016b\bin;C:\Program Files\MATLAB\R2016a\bin;C:\Program Files\MATLAB\R2016b\bin\win64;C:\Program Files\MiKTeX 2.9\miktex\bin\x64\;C:\Program Files (x86)\Windows Kits\10\Windows Performance Toolkit\;C:\Program Files (x86)\Windows Kits\10\Microsoft Application Virtualization\Sequencer\;C:\Program Files\nodejs\;;C:\WINDOWS\system32;C:\WINDOWS;C:\WINDOWS\System32\Wbem;C:\WINDOWS\System32\WindowsPowerShell\v1.0\;C:\WINDOWS\System32\OpenSSH\;C:\Program Files (x86)\NVIDIA Corporation\PhysX\Common;C:\Program Files\MySQL\MySQL Server 5.7\bin;C:\Users\flyqk\AppData\Local\Microsoft\WindowsApps;C:\Program Files (x86)\Java\jdk1.8.0_101\bin;C:\Program Files (x86)\Graphviz2.38\bin;C:\Program Files (x86)\python27;C:\Users\flyqk\Documents\tools\apache-maven-3.3.9\bin;C:\Users\flyqk\Documents\Research Workspace\workspace\Callgraph\tools;C:\cygwin64\bin;C:\Program Files\Sublime Text 2;C:\Program Files (x86)\GPSBabel;C:\Users\flyqk\AppData\Local\Pandoc\;C:\Program Files\MongoDB\Server\3.4\bin;C:\Users\flyqk\AppData\Roaming\npm;C:\Program Files\R\R-3.5.1\bin;;C:\Users\flyqk\Documents\Research Projects\eclipse\java-oxygen\eclipse;
USERNAME=Kan Qi
OS=Windows_NT
PROCESSOR_IDENTIFIER=Intel64 Family 6 Model 58 Stepping 9, GenuineIntel



---------------  S Y S T E M  ---------------

OS: Windows 10.0 , 64 bit Build 17134 (10.0.17134.1)

CPU:total 4 (initial active 4) (4 cores per cpu, 1 threads per core) family 6 model 58 stepping 9, cmov, cx8, fxsr, mmx, sse, sse2, sse3, ssse3, sse4.1, sse4.2, popcnt, avx, aes, clmul, erms, tsc, tscinvbit, tscinv

Memory: 4k page, physical 16720296k(6154448k free), swap 67051944k(1524952k free)

vm_info: Java HotSpot(TM) 64-Bit Server VM (25.171-b11) for windows-amd64 JRE (1.8.0_171-b11), built on Mar 28 2018 16:06:12 by "java_re" with MS VC++ 10.0 (VS2010)

time: Fri Oct 26 01:46:45 2018
elapsed time: 2 seconds (0d 0h 0m 2s)

