#
# There is insufficient memory for the Java Runtime Environment to continue.
# Native memory allocation (malloc) failed to allocate 32744 bytes for ChunkPool::allocate
# Possible reasons:
#   The system is out of physical RAM or swap space
#   In 32 bit mode, the process size limit was hit
# Possible solutions:
#   Reduce memory load on the system
#   Increase physical memory or swap space
#   Check if swap backing store is full
#   Use 64 bit Java on a 64 bit OS
#   Decrease Java heap size (-Xmx/-Xms)
#   Decrease number of Java threads
#   Decrease Java thread stack sizes (-Xss)
#   Set larger code cache with -XX:ReservedCodeCacheSize=
# This output file may be truncated or incomplete.
#
#  Out of Memory Error (allocation.cpp:273), pid=25908, tid=0x00000000000039bc
#
# JRE version: Java(TM) SE Runtime Environment (8.0_171-b11) (build 1.8.0_171-b11)
# Java VM: Java HotSpot(TM) 64-Bit Server VM (25.171-b11 mixed mode windows-amd64 compressed oops)
# Failed to write core dump. Minidumps are not enabled by default on client versions of Windows
#

---------------  T H R E A D  ---------------

Current thread (0x000000001bb4d800):  JavaThread "C1 CompilerThread2" daemon [_thread_in_native, id=14780, stack(0x000000001d340000,0x000000001d440000)]

Stack: [0x000000001d340000,0x000000001d440000]
[error occurred during error reporting (printing stack bounds), id 0xc0000005]

Native frames: (J=compiled Java code, j=interpreted, Vv=VM code, C=native code)


Current CompileTask:
C1:   4671  178       3       jdk.internal.org.objectweb.asm.Frame::execute (2252 bytes)


---------------  P R O C E S S  ---------------

Java Threads: ( => current thread )
  0x000000001d442000 JavaThread "Service Thread" daemon [_thread_blocked, id=31452, stack(0x000000001d840000,0x000000001d940000)]
=>0x000000001bb4d800 JavaThread "C1 CompilerThread2" daemon [_thread_in_native, id=14780, stack(0x000000001d340000,0x000000001d440000)]
  0x000000001bb4d000 JavaThread "C2 CompilerThread1" daemon [_thread_blocked, id=21956, stack(0x000000001d240000,0x000000001d340000)]
  0x000000001baeb800 JavaThread "C2 CompilerThread0" daemon [_thread_blocked, id=25984, stack(0x000000001d140000,0x000000001d240000)]
  0x000000001baf7800 JavaThread "Attach Listener" daemon [_thread_blocked, id=5032, stack(0x000000001d040000,0x000000001d140000)]
  0x000000001baf6000 JavaThread "Signal Dispatcher" daemon [_thread_blocked, id=25904, stack(0x000000001cf40000,0x000000001d040000)]
  0x000000001bada800 JavaThread "Finalizer" daemon [_thread_blocked, id=14140, stack(0x000000001cd50000,0x000000001ce50000)]
  0x0000000002430800 JavaThread "Reference Handler" daemon [_thread_blocked, id=24332, stack(0x000000001cc50000,0x000000001cd50000)]
  0x000000000223e800 JavaThread "main" [_thread_in_vm, id=24408, stack(0x0000000002100000,0x0000000002200000)]

Other Threads:
  0x000000001bab8800 VMThread [stack: 0x000000001cb50000,0x000000001cc50000] [id=16648]
  0x000000001d44c000 WatcherThread [stack: 0x000000001d940000,0x000000001da40000] [id=13808]

VM state:not at safepoint (normal execution)

VM Mutex/Monitor currently owned by a thread: None

Heap:
 PSYoungGen      total 76288K, used 3932K [0x000000076af00000, 0x0000000770400000, 0x00000007c0000000)
  eden space 65536K, 6% used [0x000000076af00000,0x000000076b2d70e0,0x000000076ef00000)
  from space 10752K, 0% used [0x000000076f980000,0x000000076f980000,0x0000000770400000)
  to   space 10752K, 0% used [0x000000076ef00000,0x000000076ef00000,0x000000076f980000)
 ParOldGen       total 175104K, used 0K [0x00000006c0c00000, 0x00000006cb700000, 0x000000076af00000)
  object space 175104K, 0% used [0x00000006c0c00000,0x00000006c0c00000,0x00000006cb700000)
 Metaspace       used 4097K, capacity 4826K, committed 4992K, reserved 1056768K
  class space    used 462K, capacity 547K, committed 640K, reserved 1048576K

Card table byte_map: [0x0000000011800000,0x0000000012000000] byte_map_base: 0x000000000e1fa000

Marking Bits: (ParMarkBitMap*) 0x00000000568a08c0
 Begin Bits: [0x0000000012960000, 0x0000000016930000)
 End Bits:   [0x0000000016930000, 0x000000001a900000)

Polling page: 0x0000000001fc0000

CodeCache: size=245760Kb used=1359Kb max_used=1359Kb free=244400Kb
 bounds [0x0000000002440000, 0x00000000026b0000, 0x0000000011440000]
 total_blobs=461 nmethods=180 adapters=194
 compilation: enabled

Compilation events (10 events):
Event: 4.664 Thread 0x000000001bb4d800 nmethod 165 0x000000000258cf10 code [0x000000000258d100, 0x000000000258d9f0]
Event: 4.664 Thread 0x000000001bb4d800  168       3       java.util.Arrays$ArrayList::size (6 bytes)
Event: 4.664 Thread 0x000000001bb4d800 nmethod 168 0x000000000258ddd0 code [0x000000000258df20, 0x000000000258e090]
Event: 4.664 Thread 0x000000001bb4d800  169       3       java.util.AbstractList$Itr::hasNext (20 bytes)
Event: 4.664 Thread 0x000000001bb4d800 nmethod 169 0x000000000258e150 code [0x000000000258e2c0, 0x000000000258e548]
Event: 4.664 Thread 0x000000001bb4d800  170       3       java.lang.invoke.InvokerBytecodeGenerator::isStaticallyNameable (116 bytes)
Event: 4.666 Thread 0x000000001bb4d800 nmethod 170 0x000000000258ea90 code [0x000000000258ee00, 0x0000000002590f38]
Event: 4.666 Thread 0x000000001bb4d800  174       3       jdk.internal.org.objectweb.asm.Item::isEqualTo (354 bytes)
Event: 4.666 Thread 0x000000001bb4d800 nmethod 174 0x0000000002592050 code [0x0000000002592280, 0x0000000002592f88]
Event: 4.666 Thread 0x000000001bb4d800  178       3       jdk.internal.org.objectweb.asm.Frame::execute (2252 bytes)

GC Heap History (0 events):
No events

Deoptimization events (0 events):
No events

Classes redefined (0 events):
No events

Internal exceptions (7 events):
Event: 1.517 Thread 0x000000000223e800 Exception <a 'java/lang/NoSuchMethodError': Method sun.misc.Unsafe.defineClass(Ljava/lang/String;[BII)Ljava/lang/Class; name or signature does not match> (0x000000076af07cb0) thrown at [C:\re\workspace\8-2-build-windows-amd64-cygwin\jdk8u171\10807\hotspot
Event: 1.517 Thread 0x000000000223e800 Exception <a 'java/lang/NoSuchMethodError': Method sun.misc.Unsafe.prefetchRead(Ljava/lang/Object;J)V name or signature does not match> (0x000000076af07f98) thrown at [C:\re\workspace\8-2-build-windows-amd64-cygwin\jdk8u171\10807\hotspot\src\share\vm\prim
Event: 4.397 Thread 0x000000000223e800 Exception <a 'java/security/PrivilegedActionException'> (0x000000076b198760) thrown at [C:\re\workspace\8-2-build-windows-amd64-cygwin\jdk8u171\10807\hotspot\src\share\vm\prims\jvm.cpp, line 1435]
Event: 4.397 Thread 0x000000000223e800 Exception <a 'java/security/PrivilegedActionException'> (0x000000076b198970) thrown at [C:\re\workspace\8-2-build-windows-amd64-cygwin\jdk8u171\10807\hotspot\src\share\vm\prims\jvm.cpp, line 1435]
Event: 4.398 Thread 0x000000000223e800 Exception <a 'java/security/PrivilegedActionException'> (0x000000076b19c7c8) thrown at [C:\re\workspace\8-2-build-windows-amd64-cygwin\jdk8u171\10807\hotspot\src\share\vm\prims\jvm.cpp, line 1435]
Event: 4.398 Thread 0x000000000223e800 Exception <a 'java/security/PrivilegedActionException'> (0x000000076b19c9d8) thrown at [C:\re\workspace\8-2-build-windows-amd64-cygwin\jdk8u171\10807\hotspot\src\share\vm\prims\jvm.cpp, line 1435]
Event: 4.400 Thread 0x000000000223e800 Exception <a 'java/io/FileNotFoundException'> (0x000000076b19e490) thrown at [C:\re\workspace\8-2-build-windows-amd64-cygwin\jdk8u171\10807\hotspot\src\share\vm\prims\jni.cpp, line 709]

Events (10 events):
Event: 4.653 loading class java/lang/invoke/MethodHandleImpl$AsVarargsCollector
Event: 4.653 loading class java/lang/invoke/DelegatingMethodHandle
Event: 4.653 loading class java/lang/invoke/DelegatingMethodHandle done
Event: 4.653 loading class java/lang/invoke/MethodHandleImpl$AsVarargsCollector done
Event: 4.654 loading class java/lang/invoke/WrongMethodTypeException
Event: 4.654 loading class java/lang/invoke/WrongMethodTypeException done
Event: 4.657 loading class java/lang/invoke/MethodHandleImpl$Lazy
Event: 4.657 loading class java/lang/invoke/MethodHandleImpl$Lazy done
Event: 4.657 loading class java/lang/invoke/MethodHandleImpl$IntrinsicMethodHandle
Event: 4.657 loading class java/lang/invoke/MethodHandleImpl$IntrinsicMethodHandle done


Dynamic libraries:
0x00007ff7280d0000 - 0x00007ff728107000 	C:\Program Files\Java\jre1.8.0_171\bin\java.exe
0x00007ffc55850000 - 0x00007ffc55a31000 	C:\WINDOWS\SYSTEM32\ntdll.dll
0x00007ffc55380000 - 0x00007ffc55432000 	C:\WINDOWS\System32\KERNEL32.DLL
0x00007ffc52a60000 - 0x00007ffc52cd3000 	C:\WINDOWS\System32\KERNELBASE.dll
0x00007ffc55440000 - 0x00007ffc554e1000 	C:\WINDOWS\System32\ADVAPI32.dll
0x00007ffc52d60000 - 0x00007ffc52dfe000 	C:\WINDOWS\System32\msvcrt.dll
0x00007ffc550b0000 - 0x00007ffc5510b000 	C:\WINDOWS\System32\sechost.dll
0x00007ffc54a40000 - 0x00007ffc54b64000 	C:\WINDOWS\System32\RPCRT4.dll
0x00007ffc52fe0000 - 0x00007ffc53170000 	C:\WINDOWS\System32\USER32.dll
0x00007ffc527a0000 - 0x00007ffc527c0000 	C:\WINDOWS\System32\win32u.dll
0x00007ffc52fb0000 - 0x00007ffc52fd8000 	C:\WINDOWS\System32\GDI32.dll
0x00007ffc52580000 - 0x00007ffc52712000 	C:\WINDOWS\System32\gdi32full.dll
0x00007ffc51cd0000 - 0x00007ffc51d6f000 	C:\WINDOWS\System32\msvcp_win.dll
0x00007ffc51d70000 - 0x00007ffc51e6a000 	C:\WINDOWS\System32\ucrtbase.dll
0x00007ffc42780000 - 0x00007ffc429e9000 	C:\WINDOWS\WinSxS\amd64_microsoft.windows.common-controls_6595b64144ccf1df_6.0.17134.345_none_fb429a5930656358\COMCTL32.dll
0x00007ffc554f0000 - 0x00007ffc55813000 	C:\WINDOWS\System32\combase.dll
0x00007ffc52720000 - 0x00007ffc5279a000 	C:\WINDOWS\System32\bcryptPrimitives.dll
0x00007ffc52e00000 - 0x00007ffc52e2d000 	C:\WINDOWS\System32\IMM32.DLL
0x0000000056d20000 - 0x0000000056df2000 	C:\Program Files\Java\jre1.8.0_171\bin\msvcr100.dll
0x0000000056080000 - 0x0000000056920000 	C:\Program Files\Java\jre1.8.0_171\bin\server\jvm.dll
0x00007ffc52ce0000 - 0x00007ffc52ce8000 	C:\WINDOWS\System32\PSAPI.DLL
0x00007ffc408e0000 - 0x00007ffc408e9000 	C:\WINDOWS\SYSTEM32\WSOCK32.dll
0x00007ffc54830000 - 0x00007ffc5489c000 	C:\WINDOWS\System32\WS2_32.dll
0x00007ffc4def0000 - 0x00007ffc4df13000 	C:\WINDOWS\SYSTEM32\WINMM.dll
0x00007ffc4d040000 - 0x00007ffc4d04a000 	C:\WINDOWS\SYSTEM32\VERSION.dll
0x00007ffc4deb0000 - 0x00007ffc4deda000 	C:\WINDOWS\SYSTEM32\WINMMBASE.dll
0x00007ffc51c20000 - 0x00007ffc51c69000 	C:\WINDOWS\System32\cfgmgr32.dll
0x0000000058030000 - 0x000000005803f000 	C:\Program Files\Java\jre1.8.0_171\bin\verify.dll
0x0000000057010000 - 0x0000000057039000 	C:\Program Files\Java\jre1.8.0_171\bin\java.dll
0x0000000056ff0000 - 0x0000000057006000 	C:\Program Files\Java\jre1.8.0_171\bin\zip.dll
0x00007ffc53170000 - 0x00007ffc545af000 	C:\WINDOWS\System32\SHELL32.dll
0x00007ffc52e30000 - 0x00007ffc52ed9000 	C:\WINDOWS\System32\shcore.dll
0x00007ffc51e70000 - 0x00007ffc5257d000 	C:\WINDOWS\System32\windows.storage.dll
0x00007ffc547d0000 - 0x00007ffc54821000 	C:\WINDOWS\System32\shlwapi.dll
0x00007ffc51be0000 - 0x00007ffc51bf1000 	C:\WINDOWS\System32\kernel.appcore.dll
0x00007ffc51b70000 - 0x00007ffc51b8f000 	C:\WINDOWS\System32\profapi.dll
0x00007ffc51b90000 - 0x00007ffc51bdc000 	C:\WINDOWS\System32\powrprof.dll
0x00007ffc51b60000 - 0x00007ffc51b6a000 	C:\WINDOWS\System32\FLTLIB.DLL
0x0000000055ee0000 - 0x0000000056078000 	C:\Program Files\Java\jre1.8.0_171\bin\awt.dll
0x00007ffc52ee0000 - 0x00007ffc52fa2000 	C:\WINDOWS\System32\OLEAUT32.dll
0x00007ffc4ecf0000 - 0x00007ffc4ed7b000 	C:\WINDOWS\SYSTEM32\apphelp.dll

VM Arguments:
java_command: ./tools/plantuml.jar C:\Users\flyqk\Documents\Google Drive\ResearchSpace\Repositories\577 projects\10-25\S14b_E-LockBox_2018-9-26@1540542856842_analysis/domainModel/class_diagram.txt
java_class_path (initial): ./tools/plantuml.jar
Launcher Type: SUN_STANDARD

Environment Variables:
JAVA_HOME=C:\Program Files (x86)\Java\jdk1.8.0_101
JRE_HOME=C:\Program Files (x86)\Java\jre1.8.0_101
PATH=C:/Program Files/Java/jre1.8.0_171/bin/server;C:/Program Files/Java/jre1.8.0_171/bin;C:/Program Files/Java/jre1.8.0_171/lib/amd64;C:\Program Files (x86)\Common Files\Oracle\Java\javapath;C:\ProgramData\Oracle\Java\javapath;C:\WINDOWS\system32;C:\WINDOWS;C:\WINDOWS\System32\Wbem;C:\WINDOWS\System32\WindowsPowerShell\v1.0\;C:\Users\flyqk\.dnx\bin;C:\Program Files\Microsoft DNX\Dnvm\;C:\Program Files\Microsoft SQL Server\130\Tools\Binn\;C:\Program Files (x86)\Windows Kits\8.1\Windows Performance Toolkit\;C:\Program Files\MATLAB\R2016b\bin;C:\Program Files\MATLAB\R2016a\bin;C:\Program Files\MATLAB\R2016b\bin\win64;C:\Program Files\MiKTeX 2.9\miktex\bin\x64\;C:\Program Files (x86)\Windows Kits\10\Windows Performance Toolkit\;C:\Program Files (x86)\Windows Kits\10\Microsoft Application Virtualization\Sequencer\;C:\Program Files\nodejs\;;C:\WINDOWS\system32;C:\WINDOWS;C:\WINDOWS\System32\Wbem;C:\WINDOWS\System32\WindowsPowerShell\v1.0\;C:\WINDOWS\System32\OpenSSH\;C:\Program Files (x86)\NVIDIA Corporation\PhysX\Common;C:\Program Files\MySQL\MySQL Server 5.7\bin;C:\Users\flyqk\AppData\Local\Microsoft\WindowsApps;C:\Program Files (x86)\Java\jdk1.8.0_101\bin;C:\Program Files (x86)\Graphviz2.38\bin;C:\Program Files (x86)\python27;C:\Users\flyqk\Documents\tools\apache-maven-3.3.9\bin;C:\Users\flyqk\Documents\Research Workspace\workspace\Callgraph\tools;C:\cygwin64\bin;C:\Program Files\Sublime Text 2;C:\Program Files (x86)\GPSBabel;C:\Users\flyqk\AppData\Local\Pandoc\;C:\Program Files\MongoDB\Server\3.4\bin;C:\Users\flyqk\AppData\Roaming\npm;C:\Program Files\R\R-3.5.1\bin;;C:\Users\flyqk\Documents\Research Projects\eclipse\java-oxygen\eclipse;
USERNAME=Kan Qi
OS=Windows_NT
PROCESSOR_IDENTIFIER=Intel64 Family 6 Model 58 Stepping 9, GenuineIntel



---------------  S Y S T E M  ---------------

OS: Windows 10.0 , 64 bit Build 17134 (10.0.17134.1)

CPU:total 4 (initial active 4) (4 cores per cpu, 1 threads per core) family 6 model 58 stepping 9, cmov, cx8, fxsr, mmx, sse, sse2, sse3, ssse3, sse4.1, sse4.2, popcnt, avx, aes, clmul, erms, tsc, tscinvbit, tscinv

Memory: 4k page, physical 16720296k(6317360k free), swap 67051944k(3076k free)

vm_info: Java HotSpot(TM) 64-Bit Server VM (25.171-b11) for windows-amd64 JRE (1.8.0_171-b11), built on Mar 28 2018 16:06:12 by "java_re" with MS VC++ 10.0 (VS2010)

time: Fri Oct 26 01:47:09 2018
elapsed time: 4 seconds (0d 0h 0m 4s)

