#
# A fatal error has been detected by the Java Runtime Environment:
#
#  SIGSEGV (0xb) at pc=0x00007ff7d5f4e8f4, pid=1607, tid=0x00007ff7c0130700
#
# JRE version: Java(TM) SE Runtime Environment (8.0_201-b09) (build 1.8.0_201-b09)
# Java VM: Java HotSpot(TM) 64-Bit Server VM (25.201-b09 mixed mode linux-amd64 compressed oops)
# Problematic frame:
# V  [libjvm.so+0x9878f4]
#
# Failed to write core dump. Core dumps have been disabled. To enable core dumping, try "ulimit -c unlimited" before starting Java again
#
# If you would like to submit a bug report, please visit:
#   http://bugreport.java.com/bugreport/crash.jsp
#

---------------  T H R E A D  ---------------

Current thread (0x00007ff7d0026800):  GCTaskThread [stack: 0x00007ff7c0031000,0x00007ff7c0131000] [id=1612]

siginfo: si_signo: 11 (SIGSEGV), si_code: 2 (SEGV_ACCERR), si_addr: 0x00000007bd50c018

Registers:
RAX=0x0000000000000000, RBX=0x0000000793971c50, RCX=0x0000000000000004, RDX=0x00007ff7d612fed0
RSP=0x00007ff7c012fbd0, RBP=0x00007ff7c012fc60, RSI=0x0000000793971c50, RDI=0x00007ff7d6548a40
R8 =0x0000000000000005, R9 =0x00007ff7d65932b0, R10=0x00007ff7d655fda0, R11=0x0000000000000020
R12=0x00007ff7d0077080, R13=0x00000007bd50c000, R14=0x0000000000000000, R15=0x0000000000000004
RIP=0x00007ff7d5f4e8f4, EFLAGS=0x0000000000010207, CSGSFS=0x00000053002b0033, ERR=0x0000000000000000
  TRAPNO=0x0000000000000000

Top of Stack: (sp=0x00007ff7c012fbd0)
0x00007ff7c012fbd0:   00007ff7c012fc60 00007ff7d5f4d441
0x00007ff7c012fbe0:   0000008000000000 0000000000000020
0x00007ff7c012fbf0:   00007ff700000004 0000000000000005
0x00007ff7c012fc00:   00000007bd508040 0000000000001000
0x00007ff7c012fc10:   0000000000489ff8 0000000000000000
0x00007ff7c012fc20:   000000000000007c 00007ff7d0027a50
0x00007ff7c012fc30:   00007ff7d0027a28 00007ff7d0077080
0x00007ff7c012fc40:   000000070f964058 0000000000000000
0x00007ff7c012fc50:   00007ff7d00770e8 00007ff7d655fdb0
0x00007ff7c012fc60:   00007ff7c012fcb0 00007ff7d5f4e048
0x00007ff7c012fc70:   00007ff7c012fcb0 00007ff7d5c11e8e
0x00007ff7c012fc80:   00007ff7d0020cc0 000000070f970000
0x00007ff7c012fc90:   00007ff7d0011ad0 0000000000000240
0x00007ff7c012fca0:   00007ff7c06bab81 00007ff7c06bab81
0x00007ff7c012fcb0:   00007ff7c012fd70 00007ff7d599839e
0x00007ff7c012fcc0:   00007ff7c012fd20 00007ff7c06bab80
0x00007ff7c012fcd0:   00007ff7c0650100 0000000000000100
0x00007ff7c012fce0:   00007ff7c0650000 00007ff7d0077080
0x00007ff7c012fcf0:   000000070f970000 000000071493cc70
0x00007ff7c012fd00:   000000070f970000 00007ff7c06bab00
0x00007ff7c012fd10:   0000000000000200 00007ff7c06bab00
0x00007ff7c012fd20:   00007ff7c06e29e7 00007ff7c06baa00
0x00007ff7c012fd30:   00007ff7c06bab81 00007ff7d0011880
0x00007ff7c012fd40:   00007ff7d0020d70 00007ff7d0028e40
0x00007ff7c012fd50:   00007ff7d0077080 00007ff7d0026800
0x00007ff7c012fd60:   0000000000000000 00007ff7d6584188
0x00007ff7c012fd70:   00007ff7c012fda0 00007ff7d5f52139
0x00007ff7c012fd80:   0000000000000004 00007ff7d5f52101
0x00007ff7c012fd90:   0000000000000001 00007ff7d0028e40
0x00007ff7c012fda0:   00007ff7c012feb0 00007ff7d5b8a666
0x00007ff7c012fdb0:   00000000000003d8 00007ff7d0026dd0
0x00007ff7c012fdc0:   00007ff7d00271f8 00007ff7d0026e20 

Instructions: (pc=0x00007ff7d5f4e8f4)
0x00007ff7d5f4e8d4:   49 89 45 38 48 8b 43 30 49 89 45 30 48 8b 43 28
0x00007ff7d5f4e8e4:   49 89 45 28 48 8b 43 20 49 89 45 20 48 8b 43 18
0x00007ff7d5f4e8f4:   49 89 45 18 48 8b 43 10 49 89 45 10 48 8b 43 08
0x00007ff7d5f4e904:   49 89 45 08 48 8b 03 49 89 45 00 e9 7c fb ff ff 

Register to memory mapping:

RAX=0x0000000000000000 is an unknown value
RBX=0x0000000793971c50 is an oop
java.util.HashMap$Node 
 - klass: 'java/util/HashMap$Node'
RCX=0x0000000000000004 is an unknown value
RDX=0x00007ff7d612fed0: <offset 0xb68ed0> in /usr/lib/jvm/java-8-oracle/jre/lib/amd64/server/libjvm.so at 0x00007ff7d55c7000
RSP=0x00007ff7c012fbd0 is an unknown value
RBP=0x00007ff7c012fc60 is an unknown value
RSI=0x0000000793971c50 is an oop
java.util.HashMap$Node 
 - klass: 'java/util/HashMap$Node'
RDI=0x00007ff7d6548a40: <offset 0xf81a40> in /usr/lib/jvm/java-8-oracle/jre/lib/amd64/server/libjvm.so at 0x00007ff7d55c7000
R8 =0x0000000000000005 is an unknown value
R9 =0x00007ff7d65932b0: <offset 0xfcc2b0> in /usr/lib/jvm/java-8-oracle/jre/lib/amd64/server/libjvm.so at 0x00007ff7d55c7000
R10=0x00007ff7d655fda0: <offset 0xf98da0> in /usr/lib/jvm/java-8-oracle/jre/lib/amd64/server/libjvm.so at 0x00007ff7d55c7000
R11=0x0000000000000020 is an unknown value
R12=0x00007ff7d0077080 is an unknown value
R13=0x00000007bd50c000 is an unknown value
R14=0x0000000000000000 is an unknown value
R15=0x0000000000000004 is an unknown value


Stack: [0x00007ff7c0031000,0x00007ff7c0131000],  sp=0x00007ff7c012fbd0,  free space=1018k
Native frames: (J=compiled Java code, j=interpreted, Vv=VM code, C=native code)
V  [libjvm.so+0x9878f4]
V  [libjvm.so+0x987048]
V  [libjvm.so+0x3d139e]
V  [libjvm.so+0x98b139]
V  [libjvm.so+0x5c3666]
V  [libjvm.so+0x90d922]


---------------  P R O C E S S  ---------------

Java Threads: ( => current thread )
  0x00007ff7d031f800 JavaThread "process reaper" daemon [_thread_blocked, id=1623, stack(0x00007ff7b8910000,0x00007ff7b8949000)]
  0x00007ff7d00ee800 JavaThread "Service Thread" daemon [_thread_blocked, id=1620, stack(0x00007ff7b9330000,0x00007ff7b9431000)]
  0x00007ff7d00c1800 JavaThread "C1 CompilerThread2" daemon [_thread_blocked, id=1619, stack(0x00007ff7b9441000,0x00007ff7b9541000)]
  0x00007ff7d00bf800 JavaThread "C2 CompilerThread1" daemon [_thread_blocked, id=1618, stack(0x00007ff7b9551000,0x00007ff7b9651000)]
  0x00007ff7d00bd000 JavaThread "C2 CompilerThread0" daemon [_thread_blocked, id=1617, stack(0x00007ff7b9661000,0x00007ff7b9761000)]
  0x00007ff7d00bb800 JavaThread "Signal Dispatcher" daemon [_thread_blocked, id=1616, stack(0x00007ff7b9770000,0x00007ff7b9871000)]
  0x00007ff7d0086000 JavaThread "Finalizer" daemon [_thread_blocked, id=1615, stack(0x00007ff7b9bb0000,0x00007ff7b9cb1000)]
  0x00007ff7d0083800 JavaThread "Reference Handler" daemon [_thread_blocked, id=1614, stack(0x00007ff7b9cc0000,0x00007ff7b9dc1000)]
  0x00007ff7d000b800 JavaThread "main" [_thread_blocked, id=1608, stack(0x00007ff7d7251000,0x00007ff7d7351000)]

Other Threads:
  0x00007ff7d0079800 VMThread [stack: 0x00007ff7b9dd1000,0x00007ff7b9ed1000] [id=1613]
  0x00007ff7d00f9800 WatcherThread [stack: 0x00007ff7b9221000,0x00007ff7b9321000] [id=1621]

=>0x00007ff7d0026800 (exited) GCTaskThread [stack: 0x00007ff7c0031000,0x00007ff7c0131000] [id=1612]

VM state:at safepoint (normal execution)

VM Mutex/Monitor currently owned by a thread:  ([mutex/lock_event])
[0x00007ff7d0007ca0] Threads_lock - owner thread: 0x00007ff7d0079800
[0x00007ff7d00081a0] Heap_lock - owner thread: 0x00007ff7d000b800

heap address: 0x0000000702400000, size: 3036 MB, Compressed Oops mode: Zero based, Oop shift amount: 3
Narrow klass base: 0x0000000000000000, Narrow klass shift: 3
Compressed class space size: 1073741824 Address: 0x00000007c0000000

Heap:
 PSYoungGen      total 948224K, used 869376K [0x0000000780c00000, 0x00000007bff00000, 0x00000007c0000000)
  eden space 869376K, 100% used [0x0000000780c00000,0x00000007b5d00000,0x00000007b5d00000)
  from space 78848K, 0% used [0x00000007b5d00000,0x00000007b5d00000,0x00000007baa00000)
  to   space 75776K, 47% used [0x00000007bb500000,0x00000007bd830050,0x00000007bff00000)
 ParOldGen       total 437248K, used 300275K [0x0000000702400000, 0x000000071cf00000, 0x0000000780c00000)
  object space 437248K, 68% used [0x0000000702400000,0x000000071493cc70,0x000000071cf00000)
 Metaspace       used 14581K, capacity 14750K, committed 14848K, reserved 1062912K
  class space    used 1613K, capacity 1699K, committed 1792K, reserved 1048576K

Card table byte_map: [0x00007ff7c0650000,0x00007ff7c0c3f000] byte_map_base: 0x00007ff7bce3e000

Marking Bits: (ParMarkBitMap*) 0x00007ff7d6592d80
 Begin Bits: [0x00007ff79e120000, 0x00007ff7a1090000)
 End Bits:   [0x00007ff7a1090000, 0x00007ff7a4000000)

Polling page: 0x00007ff7d7380000

CodeCache: size=245760Kb used=18097Kb max_used=19564Kb free=227662Kb
 bounds [0x00007ff7c1000000, 0x00007ff7c23a0000, 0x00007ff7d0000000]
 total_blobs=4079 nmethods=3766 adapters=226
 compilation: enabled

Compilation events (10 events):
Event: 200.350 Thread 0x00007ff7d00bd000 5398       4       soot.toolkits.scalar.LocalPacker::v (7 bytes)
Event: 200.352 Thread 0x00007ff7d00bd000 nmethod 5398 0x00007ff7c1975550 code [0x00007ff7c19756a0, 0x00007ff7c1975758]
Event: 200.352 Thread 0x00007ff7d00bd000 5399       4       soot.jimple.toolkits.scalar.UnreachableCodeEliminator::v (7 bytes)
Event: 200.353 Thread 0x00007ff7d00bd000 nmethod 5399 0x00007ff7c1c18550 code [0x00007ff7c1c186a0, 0x00007ff7c1c18758]
Event: 200.353 Thread 0x00007ff7d00bd000 5397       4       soot.jimple.toolkits.typing.TypeAssigner::v (7 bytes)
Event: 200.354 Thread 0x00007ff7d00bd000 nmethod 5397 0x00007ff7c1cb3dd0 code [0x00007ff7c1cb3f20, 0x00007ff7c1cb3fd8]
Event: 200.354 Thread 0x00007ff7d00bd000 5400       4       soot.jimple.toolkits.scalar.FieldStaticnessCorrector::v (7 bytes)
Event: 200.355 Thread 0x00007ff7d00bd000 nmethod 5400 0x00007ff7c1d2a0d0 code [0x00007ff7c1d2a220, 0x00007ff7c1d2a2d8]
Event: 200.453 Thread 0x00007ff7d00bf800 nmethod 5388 0x00007ff7c1fff510 code [0x00007ff7c1fffea0, 0x00007ff7c2005e80]
Event: 200.892 Thread 0x00007ff7d00c1800 5401       3       soot.jimple.toolkits.typing.integer.ConstraintChecker::handleInvokeExpr (298 bytes)

GC Heap History (10 events):
Event: 180.246 GC heap after
Heap after GC invocations=14 (full 2):
 PSYoungGen      total 850432K, used 14752K [0x0000000780c00000, 0x00000007bcd80000, 0x00000007c0000000)
  eden space 816640K, 0% used [0x0000000780c00000,0x0000000780c00000,0x00000007b2980000)
  from space 33792K, 43% used [0x00000007bac80000,0x00000007bbae80a0,0x00000007bcd80000)
  to   space 83968K, 0% used [0x00000007b2980000,0x00000007b2980000,0x00000007b7b80000)
 ParOldGen       total 323072K, used 210182K [0x0000000702400000, 0x0000000715f80000, 0x0000000780c00000)
  object space 323072K, 65% used [0x0000000702400000,0x000000070f141a40,0x0000000715f80000)
 Metaspace       used 14483K, capacity 14686K, committed 14848K, reserved 1062912K
  class space    used 1612K, capacity 1699K, committed 1792K, reserved 1048576K
}
Event: 185.841 GC heap before
{Heap before GC invocations=15 (full 2):
 PSYoungGen      total 850432K, used 831392K [0x0000000780c00000, 0x00000007bcd80000, 0x00000007c0000000)
  eden space 816640K, 100% used [0x0000000780c00000,0x00000007b2980000,0x00000007b2980000)
  from space 33792K, 43% used [0x00000007bac80000,0x00000007bbae80a0,0x00000007bcd80000)
  to   space 83968K, 0% used [0x00000007b2980000,0x00000007b2980000,0x00000007b7b80000)
 ParOldGen       total 323072K, used 210182K [0x0000000702400000, 0x0000000715f80000, 0x0000000780c00000)
  object space 323072K, 65% used [0x0000000702400000,0x000000070f141a40,0x0000000715f80000)
 Metaspace       used 14548K, capacity 14750K, committed 14848K, reserved 1062912K
  class space    used 1612K, capacity 1699K, committed 1792K, reserved 1048576K
Event: 186.160 GC heap after
Heap after GC invocations=15 (full 2):
 PSYoungGen      total 900608K, used 44102K [0x0000000780c00000, 0x00000007c0000000, 0x00000007c0000000)
  eden space 816640K, 0% used [0x0000000780c00000,0x0000000780c00000,0x00000007b2980000)
  from space 83968K, 52% used [0x00000007b2980000,0x00000007b54919e0,0x00000007b7b80000)
  to   space 82944K, 0% used [0x00000007baf00000,0x00000007baf00000,0x00000007c0000000)
 ParOldGen       total 323072K, used 223830K [0x0000000702400000, 0x0000000715f80000, 0x0000000780c00000)
  object space 323072K, 69% used [0x0000000702400000,0x000000070fe95ad0,0x0000000715f80000)
 Metaspace       used 14548K, capacity 14750K, committed 14848K, reserved 1062912K
  class space    used 1612K, capacity 1699K, committed 1792K, reserved 1048576K
}
Event: 190.413 GC heap before
{Heap before GC invocations=16 (full 2):
 PSYoungGen      total 900608K, used 860742K [0x0000000780c00000, 0x00000007c0000000, 0x00000007c0000000)
  eden space 816640K, 100% used [0x0000000780c00000,0x00000007b2980000,0x00000007b2980000)
  from space 83968K, 52% used [0x00000007b2980000,0x00000007b54919e0,0x00000007b7b80000)
  to   space 82944K, 0% used [0x00000007baf00000,0x00000007baf00000,0x00000007c0000000)
 ParOldGen       total 323072K, used 223830K [0x0000000702400000, 0x0000000715f80000, 0x0000000780c00000)
  object space 323072K, 69% used [0x0000000702400000,0x000000070fe95ad0,0x0000000715f80000)
 Metaspace       used 14564K, capacity 14750K, committed 14848K, reserved 1062912K
  class space    used 1612K, capacity 1699K, committed 1792K, reserved 1048576K
Event: 190.790 GC heap after
Heap after GC invocations=16 (full 2):
 PSYoungGen      total 943104K, used 29984K [0x0000000780c00000, 0x00000007bf700000, 0x00000007c0000000)
  eden space 869376K, 0% used [0x0000000780c00000,0x0000000780c00000,0x00000007b5d00000)
  from space 73728K, 40% used [0x00000007baf00000,0x00000007bcc48050,0x00000007bf700000)
  to   space 78848K, 0% used [0x00000007b5d00000,0x00000007b5d00000,0x00000007baa00000)
 ParOldGen       total 323072K, used 268185K [0x0000000702400000, 0x0000000715f80000, 0x0000000780c00000)
  object space 323072K, 83% used [0x0000000702400000,0x00000007129e6590,0x0000000715f80000)
 Metaspace       used 14564K, capacity 14750K, committed 14848K, reserved 1062912K
  class space    used 1612K, capacity 1699K, committed 1792K, reserved 1048576K
}
Event: 194.571 GC heap before
{Heap before GC invocations=17 (full 2):
 PSYoungGen      total 943104K, used 899360K [0x0000000780c00000, 0x00000007bf700000, 0x00000007c0000000)
  eden space 869376K, 100% used [0x0000000780c00000,0x00000007b5d00000,0x00000007b5d00000)
  from space 73728K, 40% used [0x00000007baf00000,0x00000007bcc48050,0x00000007bf700000)
  to   space 78848K, 0% used [0x00000007b5d00000,0x00000007b5d00000,0x00000007baa00000)
 ParOldGen       total 323072K, used 268185K [0x0000000702400000, 0x0000000715f80000, 0x0000000780c00000)
  object space 323072K, 83% used [0x0000000702400000,0x00000007129e6590,0x0000000715f80000)
 Metaspace       used 14575K, capacity 14750K, committed 14848K, reserved 1062912K
  class space    used 1612K, capacity 1699K, committed 1792K, reserved 1048576K
Event: 194.823 GC heap after
Heap after GC invocations=17 (full 2):
 PSYoungGen      total 948224K, used 23980K [0x0000000780c00000, 0x00000007bff00000, 0x00000007c0000000)
  eden space 869376K, 0% used [0x0000000780c00000,0x0000000780c00000,0x00000007b5d00000)
  from space 78848K, 30% used [0x00000007b5d00000,0x00000007b746b398,0x00000007baa00000)
  to   space 75776K, 0% used [0x00000007bb500000,0x00000007bb500000,0x00000007bff00000)
 ParOldGen       total 323072K, used 298009K [0x0000000702400000, 0x0000000715f80000, 0x0000000780c00000)
  object space 323072K, 92% used [0x0000000702400000,0x0000000714706610,0x0000000715f80000)
 Metaspace       used 14575K, capacity 14750K, committed 14848K, reserved 1062912K
  class space    used 1612K, capacity 1699K, committed 1792K, reserved 1048576K
}
Event: 194.823 GC heap before
{Heap before GC invocations=18 (full 3):
 PSYoungGen      total 948224K, used 23980K [0x0000000780c00000, 0x00000007bff00000, 0x00000007c0000000)
  eden space 869376K, 0% used [0x0000000780c00000,0x0000000780c00000,0x00000007b5d00000)
  from space 78848K, 30% used [0x00000007b5d00000,0x00000007b746b398,0x00000007baa00000)
  to   space 75776K, 0% used [0x00000007bb500000,0x00000007bb500000,0x00000007bff00000)
 ParOldGen       total 323072K, used 298009K [0x0000000702400000, 0x0000000715f80000, 0x0000000780c00000)
  object space 323072K, 92% used [0x0000000702400000,0x0000000714706610,0x0000000715f80000)
 Metaspace       used 14575K, capacity 14750K, committed 14848K, reserved 1062912K
  class space    used 1612K, capacity 1699K, committed 1792K, reserved 1048576K
Event: 196.640 GC heap after
Heap after GC invocations=18 (full 3):
 PSYoungGen      total 948224K, used 0K [0x0000000780c00000, 0x00000007bff00000, 0x00000007c0000000)
  eden space 869376K, 0% used [0x0000000780c00000,0x0000000780c00000,0x00000007b5d00000)
  from space 78848K, 0% used [0x00000007b5d00000,0x00000007b5d00000,0x00000007baa00000)
  to   space 75776K, 0% used [0x00000007bb500000,0x00000007bb500000,0x00000007bff00000)
 ParOldGen       total 437248K, used 300275K [0x0000000702400000, 0x000000071cf00000, 0x0000000780c00000)
  object space 437248K, 68% used [0x0000000702400000,0x000000071493cc70,0x000000071cf00000)
 Metaspace       used 14575K, capacity 14750K, committed 14848K, reserved 1062912K
  class space    used 1612K, capacity 1699K, committed 1792K, reserved 1048576K
}
Event: 200.895 GC heap before
{Heap before GC invocations=19 (full 3):
 PSYoungGen      total 948224K, used 869376K [0x0000000780c00000, 0x00000007bff00000, 0x00000007c0000000)
  eden space 869376K, 100% used [0x0000000780c00000,0x00000007b5d00000,0x00000007b5d00000)
  from space 78848K, 0% used [0x00000007b5d00000,0x00000007b5d00000,0x00000007baa00000)
  to   space 75776K, 0% used [0x00000007bb500000,0x00000007bb500000,0x00000007bff00000)
 ParOldGen       total 437248K, used 300275K [0x0000000702400000, 0x000000071cf00000, 0x0000000780c00000)
  object space 437248K, 68% used [0x0000000702400000,0x000000071493cc70,0x000000071cf00000)
 Metaspace       used 14581K, capacity 14750K, committed 14848K, reserved 1062912K
  class space    used 1613K, capacity 1699K, committed 1792K, reserved 1048576K

Deoptimization events (10 events):
Event: 196.803 Thread 0x00007ff7d000b800 Uncommon trap: reason=unstable_if action=reinterpret pc=0x00007ff7c140b1d4 method=soot.util.HashChain.iterator(Ljava/lang/Object;Ljava/lang/Object;)Ljava/util/Iterator; @ 28
Event: 196.803 Thread 0x00007ff7d000b800 Uncommon trap: reason=class_check action=maybe_recompile pc=0x00007ff7c13f3c04 method=soot.PatchingChain$PatchingIterator.hasNext()Z @ 4
Event: 196.803 Thread 0x00007ff7d000b800 Uncommon trap: reason=class_check action=maybe_recompile pc=0x00007ff7c13f3c04 method=soot.PatchingChain$PatchingIterator.hasNext()Z @ 4
Event: 196.804 Thread 0x00007ff7d000b800 Uncommon trap: reason=class_check action=maybe_recompile pc=0x00007ff7c13f3c04 method=soot.PatchingChain$PatchingIterator.hasNext()Z @ 4
Event: 197.432 Thread 0x00007ff7d000b800 Uncommon trap: reason=class_check action=maybe_recompile pc=0x00007ff7c2016d20 method=soot.jimple.toolkits.typing.fast.AugHierarchy.ancestor_(Lsoot/Type;Lsoot/Type;)Z @ 185
Event: 197.435 Thread 0x00007ff7d000b800 Uncommon trap: reason=bimorphic action=maybe_recompile pc=0x00007ff7c11beefc method=soot.jimple.toolkits.scalar.IdentityCastEliminator.internalTransform(Lsoot/Body;Ljava/lang/String;Ljava/util/Map;)V @ 91
Event: 197.539 Thread 0x00007ff7d000b800 Uncommon trap: reason=class_check action=maybe_recompile pc=0x00007ff7c2016d20 method=soot.jimple.toolkits.typing.fast.AugHierarchy.ancestor_(Lsoot/Type;Lsoot/Type;)Z @ 185
Event: 198.818 Thread 0x00007ff7d000b800 Uncommon trap: reason=unstable_if action=reinterpret pc=0x00007ff7c1cf65f0 method=soot.jimple.toolkits.scalar.CopyPropagator.internalTransform(Lsoot/Body;Ljava/lang/String;Ljava/util/Map;)V @ 1066
Event: 199.555 Thread 0x00007ff7d000b800 Uncommon trap: reason=bimorphic action=maybe_recompile pc=0x00007ff7c11beefc method=soot.jimple.toolkits.scalar.IdentityCastEliminator.internalTransform(Lsoot/Body;Ljava/lang/String;Ljava/util/Map;)V @ 91
Event: 199.660 Thread 0x00007ff7d000b800 Uncommon trap: reason=bimorphic action=maybe_recompile pc=0x00007ff7c11beefc method=soot.jimple.toolkits.scalar.IdentityCastEliminator.internalTransform(Lsoot/Body;Ljava/lang/String;Ljava/util/Map;)V @ 91

Classes redefined (0 events):
No events

Internal exceptions (10 events):
Event: 163.264 Thread 0x00007ff7d000b800 Implicit null exception at 0x00007ff7c152e88f to 0x00007ff7c152e905
Event: 163.275 Thread 0x00007ff7d000b800 Implicit null exception at 0x00007ff7c198a016 to 0x00007ff7c198a135
Event: 163.471 Thread 0x00007ff7d000b800 Implicit null exception at 0x00007ff7c1980982 to 0x00007ff7c1980d85
Event: 164.773 Thread 0x00007ff7d000b800 Implicit null exception at 0x00007ff7c13dfc95 to 0x00007ff7c13e00fd
Event: 164.773 Thread 0x00007ff7d000b800 Implicit null exception at 0x00007ff7c1398dd8 to 0x00007ff7c1398e66
Event: 164.773 Thread 0x00007ff7d000b800 Implicit null exception at 0x00007ff7c13af36f to 0x00007ff7c13af429
Event: 168.823 Thread 0x00007ff7d000b800 Implicit null exception at 0x00007ff7c1695a6a to 0x00007ff7c1698899
Event: 179.679 Thread 0x00007ff7d000b800 Implicit null exception at 0x00007ff7c1a4c474 to 0x00007ff7c1a4c613
Event: 188.965 Thread 0x00007ff7d000b800 Implicit null exception at 0x00007ff7c1ba1070 to 0x00007ff7c1ba27e1
Event: 189.262 Thread 0x00007ff7d000b800 Implicit null exception at 0x00007ff7c180e1fd to 0x00007ff7c1812cb9

Events (10 events):
Event: 199.660 Thread 0x00007ff7d000b800 Uncommon trap: trap_request=0xffffffc6 fr.pc=0x00007ff7c11beefc
Event: 199.660 Thread 0x00007ff7d000b800 DEOPT PACKING pc=0x00007ff7c11beefc sp=0x00007ff7d734f1c0
Event: 199.660 Thread 0x00007ff7d000b800 DEOPT UNPACKING pc=0x00007ff7c104573a sp=0x00007ff7d734f158 mode 2
Event: 199.786 Thread 0x00007ff7d000b800 DEOPT PACKING pc=0x00007ff7c1ef92a6 sp=0x00007ff7d734f030
Event: 199.786 Thread 0x00007ff7d000b800 DEOPT UNPACKING pc=0x00007ff7c1047784 sp=0x00007ff7d734ee50 mode 0
Event: 200.208 Thread 0x00007ff7d000b800 DEOPT PACKING pc=0x00007ff7c1ef92a6 sp=0x00007ff7d734f030
Event: 200.208 Thread 0x00007ff7d000b800 DEOPT UNPACKING pc=0x00007ff7c1047784 sp=0x00007ff7d734ee50 mode 0
Event: 200.446 Thread 0x00007ff7d000b800 DEOPT PACKING pc=0x00007ff7c1ef9335 sp=0x00007ff7d734f030
Event: 200.446 Thread 0x00007ff7d000b800 DEOPT UNPACKING pc=0x00007ff7c1047784 sp=0x00007ff7d734ee50 mode 0
Event: 200.895 Executing VM operation: ParallelGCFailedAllocation


Dynamic libraries:

VM Arguments:
java_command: org.umlx.UMLxAndroidToolKit /mnt/d/AndroidAnalysis/GatorAnalysisResults/FastHub/FastHub.apk /mnt/d/AndroidAnalysis/GatorAnalysisResults/FastHub
java_class_path (initial): ./facility-tools/Android-toolkit/bin:./facility-tools/Android-toolkit/libs/axml-2.0.jar:./facility-tools/Android-toolkit/libs/AXMLPrinter.jar:./facility-tools/Android-toolkit/libs/gson-2.8.5-javadoc.jar:./facility-tools/Android-toolkit/libs/gson-2.8.5.jar:./facility-tools/Android-toolkit/libs/herosclasses-trunk-jar-with-dependencies.jar:./facility-tools/Android-toolkit/libs/json-simple-1.1.jar:./facility-tools/Android-toolkit/libs/slf4j-api-1.7.5.jar:./facility-tools/Android-toolkit/libs/slf4j-simple-1.7.5.jar:./facility-tools/Android-toolkit/libs/soot-infoflow-android-classes.jar:./facility-tools/Android-toolkit/libs/soot-infoflow-classes.jar:./facility-tools/Android-toolkit/libs/sootclasses-trunk-jar-with-dependencies.jar:./facility-tools/Android-toolkit/libs/trove-3.0.3.jar:./facility-tools/Android-toolkit/libs/xmlpull-1.1.3.1.jar
Launcher Type: SUN_STANDARD

Environment Variables:
JAVA_HOME=/usr/lib/jvm/java-8-oracle
PATH=/usr/local/sbin:/usr/local/bin:/usr/sbin:/usr/bin:/sbin:/bin:/usr/games:/usr/local/games:/mnt/c/Program Files (x86)/Common Files/Oracle/Java/javapath_target_809171:/mnt/c/Program Files (x86)/Intel/iCLS Client:/mnt/c/Program Files/Intel/iCLS Client:/mnt/c/Windows/System32:/mnt/c/Windows:/mnt/c/Windows/System32/wbem:/mnt/c/Windows/System32/WindowsPowerShell/v1.0:/mnt/c/Windows/System32/OpenSSH:/mnt/c/Program Files/Intel/Intel(R) Management Engine Components/DAL:/mnt/c/Program Files (x86)/Intel/Intel(R) Management Engine Components/DAL:/mnt/c/Program Files/Intel/Intel(R) Management Engine Components/IPT:/mnt/c/Program Files (x86)/Intel/Intel(R) Management Engine Components/IPT:/mnt/c/Program Files/Git/cmd:/mnt/c/Program Files/nodejs:/mnt/c/Program Files/R/R-3.5.0/bin:/mnt/c/Program Files/MongoDB/Server/3.2/bin:/mnt/c/Python27:/mnt/d/ResearchSpace/ResearchProjects/UMLx/tools:/mnt/c/Program Files (x86)/Graphviz2.38/bin:/mnt/c/Program Files (x86)/srcML 0.9.5/bin:/mnt/c/Users/UMLxUser/AppData/Local/Microsoft/WindowsApps:/snap/bin:/usr/lib/jvm/java-8-oracle/bin:/usr/lib/jvm/java-8-oracle/db/bin:/usr/lib/jvm/java-8-oracle/jre/bin
SHELL=/bin/bash
HOSTTYPE=x86_64

Signal Handlers:
SIGSEGV: [libjvm.so+0xad3e60], sa_mask[0]=11111111111111111111111111111110, sa_flags=SA_RESTART|SA_SIGINFO
SIGBUS: [libjvm.so+0xad3e60], sa_mask[0]=11111111111111111111111111111110, sa_flags=SA_RESTART|SA_SIGINFO
SIGFPE: [libjvm.so+0x90b880], sa_mask[0]=11111111111111111111111111111110, sa_flags=SA_RESTART|SA_SIGINFO
SIGPIPE: [libjvm.so+0x90b880], sa_mask[0]=11111111111111111111111111111110, sa_flags=SA_RESTART|SA_SIGINFO
SIGXFSZ: [libjvm.so+0x90b880], sa_mask[0]=11111111111111111111111111111110, sa_flags=SA_RESTART|SA_SIGINFO
SIGILL: [libjvm.so+0x90b880], sa_mask[0]=11111111111111111111111111111110, sa_flags=SA_RESTART|SA_SIGINFO
SIGUSR1: SIG_DFL, sa_mask[0]=00000000010000000000000000000000, sa_flags=SA_RESTART
SIGUSR2: [libjvm.so+0x90b750], sa_mask[0]=00000000000000000000000000000000, sa_flags=SA_RESTART|SA_SIGINFO
SIGHUP: [libjvm.so+0x90bd70], sa_mask[0]=11111111111111111111111111111110, sa_flags=SA_RESTART|SA_SIGINFO
SIGINT: [libjvm.so+0x90bd70], sa_mask[0]=11111111111111111111111111111110, sa_flags=SA_RESTART|SA_SIGINFO
SIGTERM: [libjvm.so+0x90bd70], sa_mask[0]=11111111111111111111111111111110, sa_flags=SA_RESTART|SA_SIGINFO
SIGQUIT: [libjvm.so+0x90bd70], sa_mask[0]=11111111111111111111111111111110, sa_flags=SA_RESTART|SA_SIGINFO


---------------  S Y S T E M  ---------------

OS:DISTRIB_ID=Ubuntu
DISTRIB_RELEASE=18.04
DISTRIB_CODENAME=bionic
DISTRIB_DESCRIPTION="Ubuntu 18.04.1 LTS"

uname:Linux 4.4.0-17134-Microsoft #706-Microsoft Mon Apr 01 18:13:00 PST 2019 x86_64
libc:glibc 2.27 NPTL 2.27 
rlimit: STACK 8192k, CORE 0k, NPROC 7823, NOFILE 65536, AS infinity
load average:0.52 0.58 0.59

/proc/meminfo:
MemTotal:       12434412 kB
MemFree:         1045820 kB
Buffers:           34032 kB
Cached:           188576 kB
SwapCached:            0 kB
Active:           167556 kB
Inactive:         157876 kB
Active(anon):     103104 kB
Inactive(anon):    17440 kB
Active(file):      64452 kB
Inactive(file):   140436 kB
Unevictable:           0 kB
Mlocked:               0 kB
SwapTotal:       8388604 kB
SwapFree:        7080216 kB
Dirty:                 0 kB
Writeback:             0 kB
AnonPages:        102824 kB
Mapped:            71404 kB
Shmem:             17720 kB
Slab:              13868 kB
SReclaimable:       6744 kB
SUnreclaim:         7124 kB
KernelStack:        2848 kB
PageTables:         2524 kB
NFS_Unstable:          0 kB
Bounce:                0 kB
WritebackTmp:          0 kB
CommitLimit:      515524 kB
Committed_AS:    3450064 kB
VmallocTotal:     122880 kB
VmallocUsed:       21296 kB
VmallocChunk:      66044 kB
HardwareCorrupted:     0 kB
AnonHugePages:      2048 kB
HugePages_Total:       0
HugePages_Free:        0
HugePages_Rsvd:        0
HugePages_Surp:        0
Hugepagesize:       2048 kB
DirectMap4k:       12280 kB
DirectMap4M:      897024 kB
total 4 (initial active 4) (4 cores per cpu, 1 threads per core) family 6 model 58 stepping 9, cmov, cx8, fxsr, mmx, sse, sse2, sse3, ssse3, sse4.1, sse4.2, popcnt, avx, aes, clmul, erms, tsc, tscinvbit, tscinvprocessor	: 0
vendor_id	: GenuineIntel
cpu family	: 6
model		: 58
model name	:         Intel(R) Core(TM) i5-3470 CPU @ 3.20GHz
stepping	: 9
microcode	: 0xffffffff
cpu MHz		: 3201.000
cache size	: 256 KB
physical id	: 0
siblings	: 4
core id		: 0
cpu cores	: 4
apicid		: 0
initial apicid	: 0
fpu		: yes
fpu_exception	: yes
cpuid level	: 6
wp		: yes
flags		: fpu vme de pse tsc msr pae mce cx8 apic sep mtrr pge mca cmov pat pse36 clflush mmx fxsr sse sse2 ss ht syscall nx rdtscp lm pni pclmulqdq vmx ssse3 cx16 pcid sse4_1 sse4_2 x2apic popcnt tsc_deadline_timer aes xsave osxsave avx f16c rdrand hypervisor
bogomips	: 6402.00
clflush size	: 64
cache_alignment	: 64
address sizes	: 36 bits physical, 48 bits virtual
power management:

processor	: 1
vendor_id	: GenuineIntel
cpu family	: 6
model		: 58
model name	:         Intel(R) Core(TM) i5-3470 CPU @ 3.20GHz
stepping	: 9
microcode	: 0xffffffff
cpu MHz		: 3201.000
cache size	: 256 KB
physical id	: 0
siblings	: 4
core id		: 1
cpu cores	: 4
apicid		: 0
initial apicid	: 0
fpu		: yes
fpu_exception	: yes
cpuid level	: 6
wp		: yes
flags		: fpu vme de pse tsc msr pae mce cx8 apic sep mtrr pge mca cmov pat pse36 clflush mmx fxsr sse sse2 ss ht syscall nx rdtscp lm pni pclmulqdq vmx ssse3 cx16 pcid sse4_1 sse4_2 x2apic popcnt tsc_deadline_timer aes xsave osxsave avx f16c rdrand hypervisor
bogomips	: 6402.00
clflush size	: 64
cache_alignment	: 64
address sizes	: 36 bits physical, 48 bits virtual
power management:

processor	: 2
vendor_id	: GenuineIntel
cpu family	: 6
model		: 58
model name	:         Intel(R) Core(TM) i5-3470 CPU @ 3.20GHz
stepping	: 9
microcode	: 0xffffffff
cpu MHz		: 3201.000
cache size	: 256 KB
physical id	: 0
siblings	: 4
core id		: 2
cpu cores	: 4
apicid		: 0
initial apicid	: 0
fpu		: yes
fpu_exception	: yes
cpuid level	: 6
wp		: yes
flags		: fpu vme de pse tsc msr pae mce cx8 apic sep mtrr pge mca cmov pat pse36 clflush mmx fxsr sse sse2 ss ht syscall nx rdtscp lm pni pclmulqdq vmx ssse3 cx16 pcid sse4_1 sse4_2 x2apic popcnt tsc_deadline_timer aes xsave osxsave avx f16c rdrand hypervisor
bogomips	: 6402.00
clflush size	: 64
cache_alignment	: 64
address sizes	: 36 bits physical, 48 bits virtual
power management:

processor	: 3
vendor_id	: GenuineIntel
cpu family	: 6
model		: 58
model name	:         Intel(R) Core(TM) i5-3470 CPU @ 3.20GHz
stepping	: 9
microcode	: 0xffffffff
cpu MHz		: 3201.000
cache size	: 256 KB
physical id	: 0
siblings	: 4
core id		: 3
cpu cores	: 4
apicid		: 0
initial apicid	: 0
fpu		: yes
fpu_exception	: yes
cpuid level	: 6
wp		: yes
flags		: fpu vme de pse tsc msr pae mce cx8 apic sep mtrr pge mca cmov pat pse36 clflush mmx fxsr sse sse2 ss ht syscall nx rdtscp lm pni pclmulqdq vmx ssse3 cx16 pcid sse4_1 sse4_2 x2apic popcnt tsc_deadline_timer aes xsave osxsave avx f16c rdrand hypervisor
bogomips	: 6402.00
clflush size	: 64
cache_alignment	: 64
address sizes	: 36 bits physical, 48 bits virtual
power management:

 4k page, physical 12434412k(3146940k free), swap 6307091040916593k(5146223264735715k free)vm_info: Java HotSpot(TM) 64-Bit Server VM (25.201-b09) for linux-amd64 JRE (1.8.0_201-b09), built on Dec 15 2018 11:35:59 by "java_re" with gcc 7.3.0
time: Thu Apr 18 09:49:34 2019
timezone: DST
elapsed time: 201 seconds (0d 0h 3m 21s)
