#
# A fatal error has been detected by the Java Runtime Environment:
#
#  EXCEPTION_ACCESS_VIOLATION (0xc0000005) at pc=0x0000000056294447, pid=11092, tid=0x0000000000006ce8
#
# JRE version: Java(TM) SE Runtime Environment (8.0_171-b11) (build 1.8.0_171-b11)
# Java VM: Java HotSpot(TM) 64-Bit Server VM (25.171-b11 mixed mode windows-amd64 compressed oops)
# Problematic frame:
# V  [jvm.dll+0x214447]
#
# Failed to write core dump. Minidumps are not enabled by default on client versions of Windows
#
# If you would like to submit a bug report, please visit:
#   http://bugreport.java.com/bugreport/crash.jsp
#

---------------  T H R E A D  ---------------

Current thread (0x00000000026be800):  JavaThread "Signal Dispatcher" daemon [_thread_in_vm, id=27880, stack(0x000000001d170000,0x000000001d270000)]

siginfo: ExceptionCode=0xc0000005, writing address 0x000000001d26afe0

Registers:
RAX=0x000000001d26afe0, RBX=0x0000000000000005, RCX=0x0000000000004000, RDX=0x0000000000000006
RSP=0x000000001d26efe0, RBP=0x0000000000000000, RSI=0x000000001d26efe0, RDI=0x0000000000000005
R8 =0x0000000000000006, R9 =0x000000001bce6290, R10=0x000000001b3ac4a8, R11=0x000000001d17a150
R12=0x000000001bce6290, R13=0x00000000026be800, R14=0x000000001d26f0a8, R15=0x000000001b3ac4a8
RIP=0x0000000056294447, EFLAGS=0x0000000000010202

Top of Stack: (sp=0x000000001d26efe0)
0x000000001d26efe0:   fffffffffffffffe 00000007c0006bc8
0x000000001d26eff0:   00000000026be800 000000001bce6290
0x000000001d26f000:   00000000ffffffff 0000000056295377
0x000000001d26f010:   000000001d26f110 000000001b3ac4a8
0x000000001d26f020:   00000000026be800 0000000056140703
0x000000001d26f030:   000000001d26f070 00000000026be800
0x000000001d26f040:   000000001d26f100 00000000026be800
0x000000001d26f050:   000000001b3ac4a8 00000000026be800
0x000000001d26f060:   00000000026d3be0 00000000026be800
0x000000001d26f070:   000000001b3ac4a8 00000000026be800
0x000000001d26f080:   000000001b3ac4a8 00000000026be800
0x000000001d26f090:   0000000000000001 000000001b3ac4a8
0x000000001d26f0a0:   00000000026be800 00000000026bedd0
0x000000001d26f0b0:   00000000026be800 0000000056141e6d
0x000000001d26f0c0:   000000001d26f4d0 00000007c0006bc8
0x000000001d26f0d0:   00000007c0006bc8 00007ffc51d79a9a 

Instructions: (pc=0x0000000056294447)
0x0000000056294427:   48 89 6c 24 30 33 ed 66 90 e8 6b 3f 08 00 ff c3
0x0000000056294437:   48 63 c8 48 8b c6 48 0f af cf 48 ff c7 48 2b c1
0x0000000056294447:   89 28 48 63 c3 48 3b 05 85 62 59 00 7e db 48 8b
0x0000000056294457:   6c 24 30 48 8b 5c 24 38 48 8b 74 24 40 48 83 c4 


Register to memory mapping:

RAX=0x000000001d26afe0 is pointing into the stack for thread: 0x00000000026be800
RBX=0x0000000000000005 is an unknown value
RCX=0x0000000000004000 is an unknown value
RDX=0x0000000000000006 is an unknown value
RSP=0x000000001d26efe0 is pointing into the stack for thread: 0x00000000026be800
RBP=0x0000000000000000 is an unknown value
RSI=0x000000001d26efe0 is pointing into the stack for thread: 0x00000000026be800
RDI=0x0000000000000005 is an unknown value
R8 =0x0000000000000006 is an unknown value
R9 =0x000000001bce6290 is an unknown value
R10={method} {0x000000001b3ac4b0} 'exit' '()V' in 'java/lang/Thread'
R11=0x000000001d17a150 is pointing into the stack for thread: 0x00000000026be800
R12=0x000000001bce6290 is an unknown value
R13=0x00000000026be800 is a thread
R14=0x000000001d26f0a8 is pointing into the stack for thread: 0x00000000026be800
R15={method} {0x000000001b3ac4b0} 'exit' '()V' in 'java/lang/Thread'


Stack: [0x000000001d170000,0x000000001d270000],  sp=0x000000001d26efe0,  free space=1019k
Native frames: (J=compiled Java code, j=interpreted, Vv=VM code, C=native code)


---------------  P R O C E S S  ---------------

Java Threads: ( => current thread )
  0x000000001d670800 JavaThread "Service Thread" daemon [_thread_blocked, id=21612, stack(0x000000001da70000,0x000000001db70000)]
  0x000000001bd7c800 JavaThread "C1 CompilerThread2" daemon [_thread_blocked, id=29980, stack(0x000000001d570000,0x000000001d670000)]
  0x000000001bd7c000 JavaThread "C2 CompilerThread1" daemon [_thread_blocked, id=22572, stack(0x000000001d470000,0x000000001d570000)]
  0x000000001bd1d000 JavaThread "C2 CompilerThread0" daemon [_thread_blocked, id=31676, stack(0x000000001d370000,0x000000001d470000)]
  0x000000001bd1b800 JavaThread "Attach Listener" daemon [_thread_blocked, id=16720, stack(0x000000001d270000,0x000000001d370000)]
=>0x00000000026be800 JavaThread "Signal Dispatcher" daemon [_thread_in_vm, id=27880, stack(0x000000001d170000,0x000000001d270000)]
  0x000000001bd0a800 JavaThread "Finalizer" daemon [_thread_blocked, id=28520, stack(0x000000001cf80000,0x000000001d080000)]
  0x00000000026b0800 JavaThread "Reference Handler" daemon [_thread_blocked, id=27196, stack(0x000000001ce80000,0x000000001cf80000)]

Other Threads:
  0x000000001bce8800 VMThread [stack: 0x000000001cd80000,0x000000001ce80000] [id=17404]

VM state:synchronizing (normal execution)

VM Mutex/Monitor currently owned by a thread:  ([mutex/lock_event])
[0x00000000025bd2c0] Threads_lock - owner thread: 0x000000001bce8800
[0x00000000025bd340] Heap_lock - owner thread: 0x00000000025be800

Heap:
 PSYoungGen      total 76288K, used 3932K [0x000000076af00000, 0x0000000770400000, 0x00000007c0000000)
  eden space 65536K, 6% used [0x000000076af00000,0x000000076b2d7240,0x000000076ef00000)
  from space 10752K, 0% used [0x000000076f980000,0x000000076f980000,0x0000000770400000)
  to   space 10752K, 0% used [0x000000076ef00000,0x000000076ef00000,0x000000076f980000)
 ParOldGen       total 175104K, used 0K [0x00000006c0c00000, 0x00000006cb700000, 0x000000076af00000)
  object space 175104K, 0% used [0x00000006c0c00000,0x00000006c0c00000,0x00000006cb700000)
 Metaspace       used 3077K, capacity 4652K, committed 4864K, reserved 1056768K
  class space    used 342K, capacity 424K, committed 512K, reserved 1048576K

Card table byte_map: [0x0000000011a80000,0x0000000012280000] byte_map_base: 0x000000000e47a000

Marking Bits: (ParMarkBitMap*) 0x00000000568a08c0
 Begin Bits: [0x0000000012be0000, 0x0000000016bb0000)
 End Bits:   [0x0000000016bb0000, 0x000000001ab80000)

Polling page: 0x0000000000660000

CodeCache: size=245760Kb used=1141Kb max_used=1141Kb free=244618Kb
 bounds [0x00000000026c0000, 0x0000000002930000, 0x00000000116c0000]
 total_blobs=287 nmethods=48 adapters=152
 compilation: enabled

Compilation events (10 events):
Event: 11.475 Thread 0x000000001bd7c800   44       1       java.lang.String::length (6 bytes)
Event: 11.475 Thread 0x000000001bd7c800 nmethod 44 0x00000000027db250 code [0x00000000027db3a0, 0x00000000027db4b0]
Event: 11.475 Thread 0x000000001bd7c800   45       3       java.util.HashMap::getNode (148 bytes)
Event: 11.475 Thread 0x000000001bd7c800 nmethod 45 0x00000000027db550 code [0x00000000027db720, 0x00000000027dc0c8]
Event: 11.658 Thread 0x000000001bd7c800   46       3       sun.nio.cs.SingleByte$Encoder::encode (32 bytes)
Event: 11.658 Thread 0x000000001bd7c800 nmethod 46 0x00000000027dca10 code [0x00000000027dcb80, 0x00000000027dcd90]
Event: 11.658 Thread 0x000000001bd7c800   47       1       java.nio.Buffer::position (5 bytes)
Event: 11.658 Thread 0x000000001bd7c800 nmethod 47 0x00000000027dced0 code [0x00000000027dd020, 0x00000000027dd130]
Event: 11.658 Thread 0x000000001bd7c800   48       1       java.nio.Buffer::limit (5 bytes)
Event: 11.658 Thread 0x000000001bd7c800 nmethod 48 0x00000000027dd190 code [0x00000000027dd2e0, 0x00000000027dd3f0]

GC Heap History (0 events):
No events

Deoptimization events (0 events):
No events

Classes redefined (0 events):
No events

Internal exceptions (8 events):
Event: 3.159 Thread 0x00000000025be800 Exception <a 'java/lang/NoSuchMethodError': Method sun.misc.Unsafe.defineClass(Ljava/lang/String;[BII)Ljava/lang/Class; name or signature does not match> (0x000000076af07cb0) thrown at [C:\re\workspace\8-2-build-windows-amd64-cygwin\jdk8u171\10807\hotspot
Event: 3.159 Thread 0x00000000025be800 Exception <a 'java/lang/NoSuchMethodError': Method sun.misc.Unsafe.prefetchRead(Ljava/lang/Object;J)V name or signature does not match> (0x000000076af07f98) thrown at [C:\re\workspace\8-2-build-windows-amd64-cygwin\jdk8u171\10807\hotspot\src\share\vm\prim
Event: 11.657 Thread 0x00000000025be800 Exception <a 'java/lang/UnsatisfiedLinkError'> (0x000000076afed320) thrown at [C:\re\workspace\8-2-build-windows-amd64-cygwin\jdk8u171\10807\hotspot\src\share\vm\prims\jvm.cpp, line 4028]
Event: 11.657 Thread 0x00000000025be800 Exception <a 'java/lang/UnsatisfiedLinkError'> (0x000000076afed320) thrown at [C:\re\workspace\8-2-build-windows-amd64-cygwin\jdk8u171\10807\hotspot\src\share\vm\prims\jni.cpp, line 709]
Event: 11.657 Thread 0x00000000025be800 Exception <a 'java/lang/UnsatisfiedLinkError'> (0x000000076afed320) thrown at [C:\re\workspace\8-2-build-windows-amd64-cygwin\jdk8u171\10807\hotspot\src\share\vm\prims\jvm.cpp, line 1439]
Event: 11.657 Thread 0x00000000025be800 Exception <a 'java/lang/UnsatisfiedLinkError'> (0x000000076afed320) thrown at [C:\re\workspace\8-2-build-windows-amd64-cygwin\jdk8u171\10807\hotspot\src\share\vm\oops\instanceKlass.cpp, line 959]
Event: 11.657 Thread 0x00000000025be800 Exception <a 'java/lang/UnsatisfiedLinkError'> (0x000000076afed320) thrown at [C:\re\workspace\8-2-build-windows-amd64-cygwin\jdk8u171\10807\hotspot\src\share\vm\oops\instanceKlass.cpp, line 959]
Event: 11.657 Thread 0x00000000025be800 Exception <a 'java/lang/UnsatisfiedLinkError'> (0x000000076afed320) thrown at [C:\re\workspace\8-2-build-windows-amd64-cygwin\jdk8u171\10807\hotspot\src\share\vm\oops\instanceKlass.cpp, line 959]

Events (10 events):
Event: 11.658 loading class java/util/IdentityHashMap done
Event: 11.658 loading class java/util/IdentityHashMap$KeySet
Event: 11.658 loading class java/util/IdentityHashMap$KeySet done
Event: 11.658 Thread 0x00000000025be800 Thread exited: 0x00000000025be800
Event: 11.659 Thread 0x00000000025be800 Thread added: 0x00000000025be800
Event: 11.659 loading class java/lang/Shutdown
Event: 11.659 loading class java/lang/Shutdown done
Event: 11.659 loading class java/lang/Shutdown$Lock
Event: 11.659 loading class java/lang/Shutdown$Lock done
Event: 11.659 Thread 0x00000000025be800 Thread exited: 0x00000000025be800


Dynamic libraries:
0x00007ff7280d0000 - 0x00007ff728107000 	C:\Program Files\Java\jre1.8.0_171\bin\java.exe
0x00007ffc55850000 - 0x00007ffc55a31000 	C:\WINDOWS\SYSTEM32\ntdll.dll
0x00007ffc55380000 - 0x00007ffc55432000 	C:\WINDOWS\System32\KERNEL32.DLL
0x00007ffc52a60000 - 0x00007ffc52cd3000 	C:\WINDOWS\System32\KERNELBASE.dll
0x00007ffc55440000 - 0x00007ffc554e1000 	C:\WINDOWS\System32\ADVAPI32.dll
0x00007ffc52d60000 - 0x00007ffc52dfe000 	C:\WINDOWS\System32\msvcrt.dll
0x00007ffc550b0000 - 0x00007ffc5510b000 	C:\WINDOWS\System32\sechost.dll
0x00007ffc54a40000 - 0x00007ffc54b64000 	C:\WINDOWS\System32\RPCRT4.dll
0x00007ffc52fe0000 - 0x00007ffc53170000 	C:\WINDOWS\System32\USER32.dll
0x00007ffc527a0000 - 0x00007ffc527c0000 	C:\WINDOWS\System32\win32u.dll
0x00007ffc52fb0000 - 0x00007ffc52fd8000 	C:\WINDOWS\System32\GDI32.dll
0x00007ffc52580000 - 0x00007ffc52712000 	C:\WINDOWS\System32\gdi32full.dll
0x00007ffc51cd0000 - 0x00007ffc51d6f000 	C:\WINDOWS\System32\msvcp_win.dll
0x00007ffc51d70000 - 0x00007ffc51e6a000 	C:\WINDOWS\System32\ucrtbase.dll
0x00007ffc42780000 - 0x00007ffc429e9000 	C:\WINDOWS\WinSxS\amd64_microsoft.windows.common-controls_6595b64144ccf1df_6.0.17134.345_none_fb429a5930656358\COMCTL32.dll
0x00007ffc554f0000 - 0x00007ffc55813000 	C:\WINDOWS\System32\combase.dll
0x00007ffc52720000 - 0x00007ffc5279a000 	C:\WINDOWS\System32\bcryptPrimitives.dll
0x00007ffc52e00000 - 0x00007ffc52e2d000 	C:\WINDOWS\System32\IMM32.DLL
0x0000000056d20000 - 0x0000000056df2000 	C:\Program Files\Java\jre1.8.0_171\bin\msvcr100.dll
0x0000000056080000 - 0x0000000056920000 	C:\Program Files\Java\jre1.8.0_171\bin\server\jvm.dll
0x00007ffc52ce0000 - 0x00007ffc52ce8000 	C:\WINDOWS\System32\PSAPI.DLL
0x00007ffc408e0000 - 0x00007ffc408e9000 	C:\WINDOWS\SYSTEM32\WSOCK32.dll
0x00007ffc54830000 - 0x00007ffc5489c000 	C:\WINDOWS\System32\WS2_32.dll
0x00007ffc4def0000 - 0x00007ffc4df13000 	C:\WINDOWS\SYSTEM32\WINMM.dll
0x00007ffc4d040000 - 0x00007ffc4d04a000 	C:\WINDOWS\SYSTEM32\VERSION.dll
0x00007ffc4deb0000 - 0x00007ffc4deda000 	C:\WINDOWS\SYSTEM32\WINMMBASE.dll
0x00007ffc51c20000 - 0x00007ffc51c69000 	C:\WINDOWS\System32\cfgmgr32.dll
0x0000000058030000 - 0x000000005803f000 	C:\Program Files\Java\jre1.8.0_171\bin\verify.dll
0x0000000057010000 - 0x0000000057039000 	C:\Program Files\Java\jre1.8.0_171\bin\java.dll
0x0000000056ff0000 - 0x0000000057006000 	C:\Program Files\Java\jre1.8.0_171\bin\zip.dll
0x00007ffc53170000 - 0x00007ffc545af000 	C:\WINDOWS\System32\SHELL32.dll
0x00007ffc52e30000 - 0x00007ffc52ed9000 	C:\WINDOWS\System32\shcore.dll
0x00007ffc51e70000 - 0x00007ffc5257d000 	C:\WINDOWS\System32\windows.storage.dll
0x00007ffc547d0000 - 0x00007ffc54821000 	C:\WINDOWS\System32\shlwapi.dll
0x00007ffc51be0000 - 0x00007ffc51bf1000 	C:\WINDOWS\System32\kernel.appcore.dll
0x00007ffc51b70000 - 0x00007ffc51b8f000 	C:\WINDOWS\System32\profapi.dll
0x00007ffc51b90000 - 0x00007ffc51bdc000 	C:\WINDOWS\System32\powrprof.dll
0x00007ffc51b60000 - 0x00007ffc51b6a000 	C:\WINDOWS\System32\FLTLIB.DLL

VM Arguments:
java_command: ./tools/plantuml.jar C:\Users\flyqk\Documents\Google Drive\ResearchSpace\Repositories\577 projects\10-25\F13a_Spherical_Modeling_Tool_2018-9-26@1540542856842_analysis/EAID_FEF5461F_A274_4a38_B2B4_AF6E79BACFA7/sequence_diagram.txt
java_class_path (initial): ./tools/plantuml.jar
Launcher Type: SUN_STANDARD

Environment Variables:
JAVA_HOME=C:\Program Files (x86)\Java\jdk1.8.0_101
JRE_HOME=C:\Program Files (x86)\Java\jre1.8.0_101
PATH=C:/Program Files/Java/jre1.8.0_171/bin/server;C:/Program Files/Java/jre1.8.0_171/bin;C:/Program Files/Java/jre1.8.0_171/lib/amd64;C:\Program Files (x86)\Common Files\Oracle\Java\javapath;C:\ProgramData\Oracle\Java\javapath;C:\WINDOWS\system32;C:\WINDOWS;C:\WINDOWS\System32\Wbem;C:\WINDOWS\System32\WindowsPowerShell\v1.0\;C:\Users\flyqk\.dnx\bin;C:\Program Files\Microsoft DNX\Dnvm\;C:\Program Files\Microsoft SQL Server\130\Tools\Binn\;C:\Program Files (x86)\Windows Kits\8.1\Windows Performance Toolkit\;C:\Program Files\MATLAB\R2016b\bin;C:\Program Files\MATLAB\R2016a\bin;C:\Program Files\MATLAB\R2016b\bin\win64;C:\Program Files\MiKTeX 2.9\miktex\bin\x64\;C:\Program Files (x86)\Windows Kits\10\Windows Performance Toolkit\;C:\Program Files (x86)\Windows Kits\10\Microsoft Application Virtualization\Sequencer\;C:\Program Files\nodejs\;;C:\WINDOWS\system32;C:\WINDOWS;C:\WINDOWS\System32\Wbem;C:\WINDOWS\System32\WindowsPowerShell\v1.0\;C:\WINDOWS\System32\OpenSSH\;C:\Program Files (x86)\NVIDIA Corporation\PhysX\Common;C:\Program Files\MySQL\MySQL Server 5.7\bin;C:\Users\flyqk\AppData\Local\Microsoft\WindowsApps;C:\Program Files (x86)\Java\jdk1.8.0_101\bin;C:\Program Files (x86)\Graphviz2.38\bin;C:\Program Files (x86)\python27;C:\Users\flyqk\Documents\tools\apache-maven-3.3.9\bin;C:\Users\flyqk\Documents\Research Workspace\workspace\Callgraph\tools;C:\cygwin64\bin;C:\Program Files\Sublime Text 2;C:\Program Files (x86)\GPSBabel;C:\Users\flyqk\AppData\Local\Pandoc\;C:\Program Files\MongoDB\Server\3.4\bin;C:\Users\flyqk\AppData\Roaming\npm;C:\Program Files\R\R-3.5.1\bin;;C:\Users\flyqk\Documents\Research Projects\eclipse\java-oxygen\eclipse;
USERNAME=Kan Qi
OS=Windows_NT
PROCESSOR_IDENTIFIER=Intel64 Family 6 Model 58 Stepping 9, GenuineIntel



---------------  S Y S T E M  ---------------

OS: Windows 10.0 , 64 bit Build 17134 (10.0.17134.1)

CPU:total 4 (initial active 4) (4 cores per cpu, 1 threads per core) family 6 model 58 stepping 9, cmov, cx8, fxsr, mmx, sse, sse2, sse3, ssse3, sse4.1, sse4.2, popcnt, avx, aes, clmul, erms, tsc, tscinvbit, tscinv

Memory: 4k page, physical 16720296k(6185588k free), swap 67051944k(173680k free)

vm_info: Java HotSpot(TM) 64-Bit Server VM (25.171-b11) for windows-amd64 JRE (1.8.0_171-b11), built on Mar 28 2018 16:06:12 by "java_re" with MS VC++ 10.0 (VS2010)

time: Fri Oct 26 01:46:55 2018
elapsed time: 11 seconds (0d 0h 0m 11s)

