#
# There is insufficient memory for the Java Runtime Environment to continue.
# Native memory allocation (malloc) failed to allocate 256496 bytes for Chunk::new
# Possible reasons:
#   The system is out of physical RAM or swap space
#   In 32 bit mode, the process size limit was hit
# Possible solutions:
#   Reduce memory load on the system
#   Increase physical memory or swap space
#   Check if swap backing store is full
#   Use 64 bit Java on a 64 bit OS
#   Decrease Java heap size (-Xmx/-Xms)
#   Decrease number of Java threads
#   Decrease Java thread stack sizes (-Xss)
#   Set larger code cache with -XX:ReservedCodeCacheSize=
# This output file may be truncated or incomplete.
#
#  Out of Memory Error (allocation.cpp:390), pid=23072, tid=0x0000000000000498
#
# JRE version: Java(TM) SE Runtime Environment (8.0_121-b13) (build 1.8.0_121-b13)
# Java VM: Java HotSpot(TM) 64-Bit Server VM (25.121-b13 mixed mode windows-amd64 compressed oops)
# Failed to write core dump. Minidumps are not enabled by default on client versions of Windows
#

---------------  T H R E A D  ---------------

Current thread (0x000000001a288800):  JavaThread "C2 CompilerThread0" daemon [_thread_in_native, id=1176, stack(0x000000001aa50000,0x000000001ab50000)]

Stack: [0x000000001aa50000,0x000000001ab50000]
[error occurred during error reporting (printing stack bounds), id 0xc0000005]

Native frames: (J=compiled Java code, j=interpreted, Vv=VM code, C=native code)


Current CompileTask:
C2:   3578  658       4       java.util.regex.Matcher::appendReplacement (571 bytes)


---------------  P R O C E S S  ---------------

Java Threads: ( => current thread )
  0x000000001b23b800 JavaThread "Java2D Disposer" daemon [_thread_blocked, id=10112, stack(0x000000001b990000,0x000000001ba90000)]
  0x000000001a318800 JavaThread "Service Thread" daemon [_thread_blocked, id=15272, stack(0x000000001ae50000,0x000000001af50000)]
  0x000000001a2f4800 JavaThread "C1 CompilerThread3" daemon [_thread_blocked, id=19128, stack(0x000000001ad50000,0x000000001ae50000)]
  0x000000001a2e6000 JavaThread "C2 CompilerThread2" daemon [_thread_in_native, id=8928, stack(0x000000001ac50000,0x000000001ad50000)]
  0x000000001a2da000 JavaThread "C2 CompilerThread1" daemon [_thread_in_native, id=20896, stack(0x000000001ab50000,0x000000001ac50000)]
=>0x000000001a288800 JavaThread "C2 CompilerThread0" daemon [_thread_in_native, id=1176, stack(0x000000001aa50000,0x000000001ab50000)]
  0x000000001a287000 JavaThread "Attach Listener" daemon [_thread_blocked, id=13060, stack(0x000000001a950000,0x000000001aa50000)]
  0x000000001a286000 JavaThread "Signal Dispatcher" daemon [_thread_blocked, id=16292, stack(0x000000001a850000,0x000000001a950000)]
  0x000000001a280800 JavaThread "Finalizer" daemon [_thread_blocked, id=21184, stack(0x000000001a660000,0x000000001a760000)]
  0x00000000033d6800 JavaThread "Reference Handler" daemon [_thread_blocked, id=22028, stack(0x000000001a160000,0x000000001a260000)]
  0x00000000032e0800 JavaThread "main" [_thread_in_Java, id=13604, stack(0x00000000031e0000,0x00000000032e0000)]

Other Threads:
  0x0000000018389800 VMThread [stack: 0x000000001a060000,0x000000001a160000] [id=19640]
  0x000000001a31d800 WatcherThread [stack: 0x000000001af50000,0x000000001b050000] [id=13568]

VM state:not at safepoint (normal execution)

VM Mutex/Monitor currently owned by a thread: None

Heap:
 PSYoungGen      total 38400K, used 21915K [0x00000000d5d00000, 0x00000000d8780000, 0x0000000100000000)
  eden space 33280K, 50% used [0x00000000d5d00000,0x00000000d6d68d20,0x00000000d7d80000)
  from space 5120K, 99% used [0x00000000d7d80000,0x00000000d827e230,0x00000000d8280000)
  to   space 5120K, 0% used [0x00000000d8280000,0x00000000d8280000,0x00000000d8780000)
 ParOldGen       total 87552K, used 6274K [0x0000000081600000, 0x0000000086b80000, 0x00000000d5d00000)
  object space 87552K, 7% used [0x0000000081600000,0x0000000081c20b20,0x0000000086b80000)
 Metaspace       used 8306K, capacity 8438K, committed 8576K, reserved 1056768K
  class space    used 987K, capacity 1049K, committed 1152K, reserved 1048576K

Card table byte_map: [0x00000000127a0000,0x0000000012ba0000] byte_map_base: 0x0000000012395000

Marking Bits: (ParMarkBitMap*) 0x000000006645b6d0
 Begin Bits: [0x0000000013650000, 0x00000000155f8000)
 End Bits:   [0x00000000155f8000, 0x00000000175a0000)

Polling page: 0x0000000000ff0000

CodeCache: size=245760Kb used=2913Kb max_used=2913Kb free=242846Kb
 bounds [0x00000000033e0000, 0x00000000036c0000, 0x00000000123e0000]
 total_blobs=1048 nmethods=661 adapters=298
 compilation: enabled

Compilation events (10 events):
Event: 3.567 Thread 0x000000001a2da000 nmethod 657 0x00000000036b1c50 code [0x00000000036b1dc0, 0x00000000036b21d8]
Event: 3.567 Thread 0x000000001a2f4800 nmethod 659 0x00000000036b6110 code [0x00000000036b63a0, 0x00000000036b76e8]
Event: 3.568 Thread 0x000000001a2f4800  660       3       net.sourceforge.plantuml.project3.Month::getRegexString (85 bytes)
Event: 3.569 Thread 0x000000001a2f4800 nmethod 660 0x00000000036b7f90 code [0x00000000036b8200, 0x00000000036b9458]
Event: 3.570 Thread 0x000000001a2f4800  661       3       java.util.AbstractList::iterator (10 bytes)
Event: 3.570 Thread 0x000000001a2f4800 nmethod 661 0x00000000036b4110 code [0x00000000036b4280, 0x00000000036b4570]
Event: 3.570 Thread 0x000000001a2f4800  662       1       java.util.Arrays$ArrayList::size (6 bytes)
Event: 3.570 Thread 0x000000001a2f4800 nmethod 662 0x00000000036b3e10 code [0x00000000036b3f60, 0x00000000036b4070]
Event: 3.572 Thread 0x000000001a2da000  663       4       net.sourceforge.plantuml.command.regex.RegexLeaf::getPattern (8 bytes)
Event: 3.572 Thread 0x000000001a2da000 nmethod 663 0x000000000362b190 code [0x000000000362b2c0, 0x000000000362b358]

GC Heap History (2 events):
Event: 3.405 GC heap before
{Heap before GC invocations=1 (full 0):
 PSYoungGen      total 38400K, used 33280K [0x00000000d5d00000, 0x00000000d8780000, 0x0000000100000000)
  eden space 33280K, 100% used [0x00000000d5d00000,0x00000000d7d80000,0x00000000d7d80000)
  from space 5120K, 0% used [0x00000000d8280000,0x00000000d8280000,0x00000000d8780000)
  to   space 5120K, 0% used [0x00000000d7d80000,0x00000000d7d80000,0x00000000d8280000)
 ParOldGen       total 87552K, used 0K [0x0000000081600000, 0x0000000086b80000, 0x00000000d5d00000)
  object space 87552K, 0% used [0x0000000081600000,0x0000000081600000,0x0000000086b80000)
 Metaspace       used 8293K, capacity 8438K, committed 8576K, reserved 1056768K
  class space    used 987K, capacity 1049K, committed 1152K, reserved 1048576K
Event: 3.548 GC heap after
Heap after GC invocations=1 (full 0):
 PSYoungGen      total 38400K, used 5112K [0x00000000d5d00000, 0x00000000d8780000, 0x0000000100000000)
  eden space 33280K, 0% used [0x00000000d5d00000,0x00000000d5d00000,0x00000000d7d80000)
  from space 5120K, 99% used [0x00000000d7d80000,0x00000000d827e230,0x00000000d8280000)
  to   space 5120K, 0% used [0x00000000d8280000,0x00000000d8280000,0x00000000d8780000)
 ParOldGen       total 87552K, used 6274K [0x0000000081600000, 0x0000000086b80000, 0x00000000d5d00000)
  object space 87552K, 7% used [0x0000000081600000,0x0000000081c20b20,0x0000000086b80000)
 Metaspace       used 8293K, capacity 8438K, committed 8576K, reserved 1056768K
  class space    used 987K, capacity 1049K, committed 1152K, reserved 1048576K
}

Deoptimization events (6 events):
Event: 1.405 Thread 0x00000000032e0800 Uncommon trap: reason=unstable_if action=reinterpret pc=0x000000000359c650 method=java.lang.String.startsWith(Ljava/lang/String;I)Z @ 25
Event: 2.055 Thread 0x00000000032e0800 Uncommon trap: reason=unstable_if action=reinterpret pc=0x000000000360e494 method=java.util.regex.Pattern.closure(Ljava/util/regex/Pattern$Node;)Ljava/util/regex/Pattern$Node; @ 182
Event: 2.090 Thread 0x00000000032e0800 Uncommon trap: reason=unstable_if action=reinterpret pc=0x00000000036269e4 method=java.util.regex.Pattern.sequence(Ljava/util/regex/Pattern$Node;)Ljava/util/regex/Pattern$Node; @ 536
Event: 2.554 Thread 0x00000000032e0800 Uncommon trap: reason=unstable_if action=reinterpret pc=0x000000000362d3f0 method=java.util.regex.ASCII.isUpper(I)Z @ 9
Event: 2.554 Thread 0x00000000032e0800 Uncommon trap: reason=unstable_if action=reinterpret pc=0x0000000003627fa8 method=java.util.regex.ASCII.isUpper(I)Z @ 9
Event: 3.034 Thread 0x00000000032e0800 Uncommon trap: reason=unstable_if action=reinterpret pc=0x000000000363b408 method=java.util.regex.Pattern.closure(Ljava/util/regex/Pattern$Node;)Ljava/util/regex/Pattern$Node; @ 138

Internal exceptions (10 events):
Event: 0.074 Thread 0x00000000032e0800 Exception <a 'java/lang/NoSuchMethodError': Method sun.misc.Unsafe.defineClass(Ljava/lang/String;[BII)Ljava/lang/Class; name or signature does not match> (0x00000000d5d07ca8) thrown at [C:\re\workspace\8-2-build-windows-amd64-cygwin\jdk8u121\8372\hotspot\
Event: 0.074 Thread 0x00000000032e0800 Exception <a 'java/lang/NoSuchMethodError': Method sun.misc.Unsafe.prefetchRead(Ljava/lang/Object;J)V name or signature does not match> (0x00000000d5d07f90) thrown at [C:\re\workspace\8-2-build-windows-amd64-cygwin\jdk8u121\8372\hotspot\src\share\vm\prims
Event: 0.382 Thread 0x00000000032e0800 Exception <a 'java/security/PrivilegedActionException'> (0x00000000d5efc288) thrown at [C:\re\workspace\8-2-build-windows-amd64-cygwin\jdk8u121\8372\hotspot\src\share\vm\prims\jvm.cpp, line 1390]
Event: 0.382 Thread 0x00000000032e0800 Exception <a 'java/security/PrivilegedActionException'> (0x00000000d5efc498) thrown at [C:\re\workspace\8-2-build-windows-amd64-cygwin\jdk8u121\8372\hotspot\src\share\vm\prims\jvm.cpp, line 1390]
Event: 0.383 Thread 0x00000000032e0800 Exception <a 'java/security/PrivilegedActionException'> (0x00000000d5f002f0) thrown at [C:\re\workspace\8-2-build-windows-amd64-cygwin\jdk8u121\8372\hotspot\src\share\vm\prims\jvm.cpp, line 1390]
Event: 0.383 Thread 0x00000000032e0800 Exception <a 'java/security/PrivilegedActionException'> (0x00000000d5f00500) thrown at [C:\re\workspace\8-2-build-windows-amd64-cygwin\jdk8u121\8372\hotspot\src\share\vm\prims\jvm.cpp, line 1390]
Event: 0.386 Thread 0x00000000032e0800 Exception <a 'java/io/FileNotFoundException'> (0x00000000d5f024a8) thrown at [C:\re\workspace\8-2-build-windows-amd64-cygwin\jdk8u121\8372\hotspot\src\share\vm\prims\jni.cpp, line 709]
Event: 0.643 Thread 0x00000000032e0800 Exception <a 'java/lang/NoSuchFieldError': method resolution failed> (0x00000000d5fcf6d8) thrown at [C:\re\workspace\8-2-build-windows-amd64-cygwin\jdk8u121\8372\hotspot\src\share\vm\prims\methodHandles.cpp, line 1146]
Event: 0.645 Thread 0x00000000032e0800 Exception <a 'java/lang/NoSuchFieldError': method resolution failed> (0x00000000d5fdce78) thrown at [C:\re\workspace\8-2-build-windows-amd64-cygwin\jdk8u121\8372\hotspot\src\share\vm\prims\methodHandles.cpp, line 1146]
Event: 0.911 Thread 0x00000000032e0800 Exception <a 'java/io/FileNotFoundException'> (0x00000000d6065870) thrown at [C:\re\workspace\8-2-build-windows-amd64-cygwin\jdk8u121\8372\hotspot\src\share\vm\prims\jni.cpp, line 709]

Events (10 events):
Event: 3.380 loading class net/sourceforge/plantuml/project3/VerbIsOff
Event: 3.380 loading class net/sourceforge/plantuml/project3/VerbIsOff done
Event: 3.381 loading class net/sourceforge/plantuml/project3/ComplementDates
Event: 3.381 loading class net/sourceforge/plantuml/project3/ComplementDates done
Event: 3.382 loading class net/sourceforge/plantuml/project3/NaturalCommandAnd
Event: 3.382 loading class net/sourceforge/plantuml/project3/NaturalCommandAnd done
Event: 3.402 loading class net/sourceforge/plantuml/project3/NaturalCommandAndAnd
Event: 3.402 loading class net/sourceforge/plantuml/project3/NaturalCommandAndAnd done
Event: 3.405 Executing VM operation: ParallelGCFailedAllocation
Event: 3.548 Executing VM operation: ParallelGCFailedAllocation done


Dynamic libraries:
0x00007ff752c40000 - 0x00007ff752c77000 	C:\Program Files\Java\jre1.8.0_121\bin\java.exe
0x00007ffd15db0000 - 0x00007ffd15f91000 	C:\WINDOWS\SYSTEM32\ntdll.dll
0x00007ffd13790000 - 0x00007ffd13842000 	C:\WINDOWS\System32\KERNEL32.DLL
0x00007ffd124d0000 - 0x00007ffd12743000 	C:\WINDOWS\System32\KERNELBASE.dll
0x00007ffd14260000 - 0x00007ffd14301000 	C:\WINDOWS\System32\ADVAPI32.dll
0x00007ffd13560000 - 0x00007ffd135fe000 	C:\WINDOWS\System32\msvcrt.dll
0x00007ffd13460000 - 0x00007ffd134bb000 	C:\WINDOWS\System32\sechost.dll
0x00007ffd143c0000 - 0x00007ffd144e4000 	C:\WINDOWS\System32\RPCRT4.dll
0x00007ffd13600000 - 0x00007ffd13790000 	C:\WINDOWS\System32\USER32.dll
0x00007ffd13170000 - 0x00007ffd13190000 	C:\WINDOWS\System32\win32u.dll
0x00007ffd13ed0000 - 0x00007ffd13ef8000 	C:\WINDOWS\System32\GDI32.dll
0x00007ffd12750000 - 0x00007ffd128e2000 	C:\WINDOWS\System32\gdi32full.dll
0x00007ffd130d0000 - 0x00007ffd1316f000 	C:\WINDOWS\System32\msvcp_win.dll
0x00007ffd12180000 - 0x00007ffd1227a000 	C:\WINDOWS\System32\ucrtbase.dll
0x00007ffcff740000 - 0x00007ffcff9a9000 	C:\WINDOWS\WinSxS\amd64_microsoft.windows.common-controls_6595b64144ccf1df_6.0.17134.345_none_fb429a5930656358\COMCTL32.dll
0x00007ffd13f00000 - 0x00007ffd14223000 	C:\WINDOWS\System32\combase.dll
0x00007ffd13050000 - 0x00007ffd130ca000 	C:\WINDOWS\System32\bcryptPrimitives.dll
0x00007ffd14230000 - 0x00007ffd1425d000 	C:\WINDOWS\System32\IMM32.DLL
0x0000000065760000 - 0x0000000065832000 	C:\Program Files\Java\jre1.8.0_121\bin\msvcr100.dll
0x0000000065c40000 - 0x00000000664db000 	C:\Program Files\Java\jre1.8.0_121\bin\server\jvm.dll
0x00007ffd13550000 - 0x00007ffd13558000 	C:\WINDOWS\System32\PSAPI.DLL
0x00007ffd03ee0000 - 0x00007ffd03ee9000 	C:\WINDOWS\SYSTEM32\WSOCK32.dll
0x00007ffd13870000 - 0x00007ffd138dc000 	C:\WINDOWS\System32\WS2_32.dll
0x00007ffd06b80000 - 0x00007ffd06ba3000 	C:\WINDOWS\SYSTEM32\WINMM.dll
0x00007ffd06770000 - 0x00007ffd0677a000 	C:\WINDOWS\SYSTEM32\VERSION.dll
0x00007ffd06a60000 - 0x00007ffd06a8a000 	C:\WINDOWS\SYSTEM32\WINMMBASE.dll
0x00007ffd13000000 - 0x00007ffd13049000 	C:\WINDOWS\System32\cfgmgr32.dll
0x0000000065c30000 - 0x0000000065c3f000 	C:\Program Files\Java\jre1.8.0_121\bin\verify.dll
0x0000000065c00000 - 0x0000000065c29000 	C:\Program Files\Java\jre1.8.0_121\bin\java.dll
0x0000000065be0000 - 0x0000000065bf6000 	C:\Program Files\Java\jre1.8.0_121\bin\zip.dll
0x00007ffd14940000 - 0x00007ffd15d7f000 	C:\WINDOWS\System32\SHELL32.dll
0x00007ffd14310000 - 0x00007ffd143b9000 	C:\WINDOWS\System32\shcore.dll
0x00007ffd128f0000 - 0x00007ffd12ffd000 	C:\WINDOWS\System32\windows.storage.dll
0x00007ffd13330000 - 0x00007ffd13381000 	C:\WINDOWS\System32\shlwapi.dll
0x00007ffd120c0000 - 0x00007ffd120d1000 	C:\WINDOWS\System32\kernel.appcore.dll
0x00007ffd120e0000 - 0x00007ffd120ff000 	C:\WINDOWS\System32\profapi.dll
0x00007ffd12110000 - 0x00007ffd1215c000 	C:\WINDOWS\System32\powrprof.dll
0x00007ffd12100000 - 0x00007ffd1210a000 	C:\WINDOWS\System32\FLTLIB.DLL
0x00000000655c0000 - 0x0000000065758000 	C:\Program Files\Java\jre1.8.0_121\bin\awt.dll
0x00007ffd13390000 - 0x00007ffd13452000 	C:\WINDOWS\System32\OLEAUT32.dll
0x00007ffd10510000 - 0x00007ffd1059b000 	C:\WINDOWS\SYSTEM32\apphelp.dll
0x00007ffd10850000 - 0x00007ffd10879000 	C:\WINDOWS\system32\DWMAPI.DLL
0x00007ffd10770000 - 0x00007ffd10808000 	C:\WINDOWS\system32\uxtheme.dll

VM Arguments:
java_command: ./tools/plantuml.jar ./data/UMLExperiment/debug/EAID_AC92C026_EEE0_4cb1_81CC_B1959156202B/sequence_diagram.txt
java_class_path (initial): ./tools/plantuml.jar
Launcher Type: SUN_STANDARD

Environment Variables:
PATH=C:/Program Files/Java/jre1.8.0_121/bin/server;C:/Program Files/Java/jre1.8.0_121/bin;C:/Program Files/Java/jre1.8.0_121/lib/amd64;C:\ProgramData\Oracle\Java\javapath;C:\Program Files (x86)\Intel\iCLS Client\;C:\Program Files\Intel\iCLS Client\;C:\WINDOWS\system32;C:\WINDOWS;C:\WINDOWS\System32\Wbem;C:\WINDOWS\System32\WindowsPowerShell\v1.0\;C:\Program Files\Intel\Intel(R) Management Engine Components\DAL;C:\Program Files (x86)\Intel\Intel(R) Management Engine Components\DAL;C:\Program Files\Intel\Intel(R) Management Engine Components\IPT;C:\Program Files (x86)\Intel\Intel(R) Management Engine Components\IPT;C:\Program Files\Git\cmd;C:\Program Files\nodejs\;C:\Program Files (x86)\Graphviz2.38\bin;C:\Program Files\MiKTeX 2.9\miktex\bin\x64\;C:\Program Files\Git LFS;;C:\WINDOWS\System32\OpenSSH\;C:\Users\flyqk\AppData\Local\Microsoft\WindowsApps;C:\Users\flyqk\AppData\Roaming\npm;C:\Program Files\MongoDB\Server\3.4\bin;C:\Program Files\MySQL\MySQL Server 5.7\bin;C:\Program Files\Java\jdk1.8.0_121\bin;C:\Program Files (x86)\Python27;C:\Program Files (x86)\Python27\Scripts;C:\Program Files\Visual Paradigm 15.0\bin;C:\Users\flyqk\Documents\Google Drive\ResearchSpace\Research Projects\CaseStudies\eclipse-java-luna-SR2-win32-x86_64\eclipse;C:\Program Files\R\R-3.5.1\bin;;D:\Research Projects\eclipse\java-oxygen\eclipse;
USERNAME=flyqk
OS=Windows_NT
PROCESSOR_IDENTIFIER=Intel64 Family 6 Model 70 Stepping 1, GenuineIntel



---------------  S Y S T E M  ---------------

OS: Windows 10.0 , 64 bit Build 17134 (10.0.17134.1)

CPU:total 8 (4 cores per cpu, 2 threads per core) family 6 model 70 stepping 1, cmov, cx8, fxsr, mmx, sse, sse2, sse3, ssse3, sse4.1, sse4.2, popcnt, avx, avx2, aes, clmul, erms, lzcnt, ht, tsc, tscinvbit, bmi1, bmi2

Memory: 4k page, physical 8294644k(293756k free), swap 19839656k(5308k free)

vm_info: Java HotSpot(TM) 64-Bit Server VM (25.121-b13) for windows-amd64 JRE (1.8.0_121-b13), built on Dec 12 2016 18:21:36 by "java_re" with MS VC++ 10.0 (VS2010)

time: Sun Oct 28 01:10:30 2018
elapsed time: 3 seconds (0d 0h 0m 3s)

