#
# A fatal error has been detected by the Java Runtime Environment:
#
#  Internal Error (0xc06d007e), pid=11740, tid=0x00000000000046f4
#
# JRE version:  (8.0_171-b11) (build )
# Java VM: Java HotSpot(TM) 64-Bit Server VM (25.171-b11 mixed mode windows-amd64 compressed oops)
# Problematic frame:
# C  [KERNELBASE.dll+0x3a388]
#
# Failed to write core dump. Minidumps are not enabled by default on client versions of Windows
#
# If you would like to submit a bug report, please visit:
#   http://bugreport.java.com/bugreport/crash.jsp
# The crash happened outside the Java Virtual Machine in native code.
# See problematic frame for where to report the bug.
#

---------------  T H R E A D  ---------------

Current thread (0x000000000275e800):  JavaThread "main" [_thread_in_native, id=18164, stack(0x00000000025f0000,0x00000000026f0000)]

siginfo: ExceptionCode=0xc06d007e, ExceptionInformation=0x00000000026ee700 

Registers:
RAX=0x0000000000000043, RBX=0x0000000000000000, RCX=0x0000000000000000, RDX=0x00000000008caab0
RSP=0x00000000026ee600, RBP=0x00000000026ee758, RSI=0x000000005702d8cc, RDI=0x0000000000000000
R8 =0x00007ffc55860428, R9 =0x00000000026ee0d8, R10=0x00000000026ee0e0, R11=0x00000000008d7320
R12=0x0000000000000001, R13=0x0000000057035780, R14=0x0000000057035510, R15=0x000000005702d958
RIP=0x00007ffc52a9a388, EFLAGS=0x0000000000000202

Top of Stack: (sp=0x00000000026ee600)
0x00000000026ee600:   000000005702d958 0000000000000000
0x00000000026ee610:   000000005702d8cc 0000000000000000
0x00000000026ee620:   00000000c06d007e 0000000000000000
0x00000000026ee630:   00007ffc52a9a388 00007ffc00000001
0x00000000026ee640:   00000000026ee700 00000000008c7c80
0x00000000026ee650:   0000000000000000 0000000000000000
0x00000000026ee660:   0000000000000000 00007ffc52ac1caf
0x00000000026ee670:   0073005c00000000 000000005702d8cc
0x00000000026ee680:   00000539f3ab34c9 0000000000000000
0x00000000026ee690:   0000000000000000 0000000000000000
0x00000000026ee6a0:   000000005702cb90 00007ffc52ac1c59
0x00000000026ee6b0:   0000000000000000 0000000056d74e7e
0x00000000026ee6c0:   0000e66e1e0da108 0000000056d45695
0x00000000026ee6d0:   0000000000000000 0000000057028e77
0x00000000026ee6e0:   0000000000000000 000000005702d8cc
0x00000000026ee6f0:   0000000000000001 0000000056d738a8 

Instructions: (pc=0x00007ffc52a9a388)
0x00007ffc52a9a368:   49 8b d1 44 0f 47 c0 44 89 44 24 38 49 c1 e0 03
0x00007ffc52a9a378:   e8 4a 46 04 00 48 8d 4c 24 20 ff 15 a0 82 14 00
0x00007ffc52a9a388:   48 8b 8c 24 c0 00 00 00 48 33 cc e8 b8 05 04 00
0x00007ffc52a9a398:   48 81 c4 d8 00 00 00 c3 83 64 24 38 00 eb d6 cc 


Register to memory mapping:

RAX=0x0000000000000043 is an unknown value
RBX=0x0000000000000000 is an unknown value
RCX=0x0000000000000000 is an unknown value
RDX=0x00000000008caab0 is an unknown value
RSP=0x00000000026ee600 is pointing into the stack for thread: 0x000000000275e800
RBP=0x00000000026ee758 is pointing into the stack for thread: 0x000000000275e800
RSI=0x000000005702d8cc is an unknown value
RDI=0x0000000000000000 is an unknown value
R8 =0x00007ffc55860428 is an unknown value
R9 =0x00000000026ee0d8 is pointing into the stack for thread: 0x000000000275e800
R10=0x00000000026ee0e0 is pointing into the stack for thread: 0x000000000275e800
R11=0x00000000008d7320 is an unknown value
R12=0x0000000000000001 is an unknown value
R13=0x0000000057035780 is an unknown value
R14=0x0000000057035510 is an unknown value
R15=0x000000005702d958 is an unknown value


Stack: [0x00000000025f0000,0x00000000026f0000],  sp=0x00000000026ee600,  free space=1017k
Native frames: (J=compiled Java code, j=interpreted, Vv=VM code, C=native code)
C  [KERNELBASE.dll+0x3a388]

Java frames: (J=compiled Java code, j=interpreted, Vv=VM code)
j  java.lang.System.initProperties(Ljava/util/Properties;)Ljava/util/Properties;+0
j  java.lang.System.initializeSystemClass()V+13
v  ~StubRoutines::call_stub

---------------  P R O C E S S  ---------------

Java Threads: ( => current thread )
  0x000000001beaa800 JavaThread "Finalizer" daemon [_thread_blocked, id=6644, stack(0x000000001d110000,0x000000001d210000)]
  0x0000000002850800 JavaThread "Reference Handler" daemon [_thread_blocked, id=15468, stack(0x000000001d010000,0x000000001d110000)]
=>0x000000000275e800 JavaThread "main" [_thread_in_native, id=18164, stack(0x00000000025f0000,0x00000000026f0000)]

Other Threads:
  0x000000001be88800 VMThread [stack: 0x000000001cf10000,0x000000001d010000] [id=13236]

VM state:not at safepoint (normal execution)

VM Mutex/Monitor currently owned by a thread: None

Heap:
 PSYoungGen      total 76288K, used 1310K [0x000000076af00000, 0x0000000770400000, 0x00000007c0000000)
  eden space 65536K, 2% used [0x000000076af00000,0x000000076b047af0,0x000000076ef00000)
  from space 10752K, 0% used [0x000000076f980000,0x000000076f980000,0x0000000770400000)
  to   space 10752K, 0% used [0x000000076ef00000,0x000000076ef00000,0x000000076f980000)
 ParOldGen       total 175104K, used 0K [0x00000006c0c00000, 0x00000006cb700000, 0x000000076af00000)
  object space 175104K, 0% used [0x00000006c0c00000,0x00000006c0c00000,0x00000006cb700000)
 Metaspace       used 1075K, capacity 4480K, committed 4480K, reserved 1056768K
  class space    used 116K, capacity 384K, committed 384K, reserved 1048576K

Card table byte_map: [0x0000000011c20000,0x0000000012420000] byte_map_base: 0x000000000e61a000

Marking Bits: (ParMarkBitMap*) 0x00000000568a08c0
 Begin Bits: [0x0000000012d80000, 0x0000000016d50000)
 End Bits:   [0x0000000016d50000, 0x000000001ad20000)

Polling page: 0x0000000000810000

CodeCache: size=245760Kb used=405Kb max_used=405Kb free=245354Kb
 bounds [0x0000000002860000, 0x0000000002ad0000, 0x0000000011860000]
 total_blobs=103 nmethods=0 adapters=77
 compilation: enabled

Compilation events (0 events):
No events

GC Heap History (0 events):
No events

Deoptimization events (0 events):
No events

Classes redefined (0 events):
No events

Internal exceptions (2 events):
Event: 3.032 Thread 0x000000000275e800 Exception <a 'java/lang/NoSuchMethodError': Method sun.misc.Unsafe.defineClass(Ljava/lang/String;[BII)Ljava/lang/Class; name or signature does not match> (0x000000076af07cb0) thrown at [C:\re\workspace\8-2-build-windows-amd64-cygwin\jdk8u171\10807\hotspot
Event: 3.032 Thread 0x000000000275e800 Exception <a 'java/lang/NoSuchMethodError': Method sun.misc.Unsafe.prefetchRead(Ljava/lang/Object;J)V name or signature does not match> (0x000000076af07f98) thrown at [C:\re\workspace\8-2-build-windows-amd64-cygwin\jdk8u171\10807\hotspot\src\share\vm\prim

Events (10 events):
Event: 3.033 loading class java/util/HashMap$Node done
Event: 3.033 loading class sun/misc/VM
Event: 3.033 loading class sun/misc/VM done
Event: 3.033 loading class java/util/Hashtable$Entry
Event: 3.033 loading class java/util/Hashtable$Entry done
Event: 3.033 loading class java/lang/Math
Event: 3.033 loading class java/lang/Math done
Event: 3.034 loading class java/lang/ref/Finalizer$FinalizerThread
Event: 3.034 loading class java/lang/ref/Finalizer$FinalizerThread done
Event: 3.034 Thread 0x000000001beaa800 Thread added: 0x000000001beaa800


Dynamic libraries:
0x00007ff7280d0000 - 0x00007ff728107000 	C:\Program Files\Java\jre1.8.0_171\bin\java.exe
0x00007ffc55850000 - 0x00007ffc55a31000 	C:\WINDOWS\SYSTEM32\ntdll.dll
0x00007ffc55380000 - 0x00007ffc55432000 	C:\WINDOWS\System32\KERNEL32.DLL
0x00007ffc52a60000 - 0x00007ffc52cd3000 	C:\WINDOWS\System32\KERNELBASE.dll
0x00007ffc55440000 - 0x00007ffc554e1000 	C:\WINDOWS\System32\ADVAPI32.dll
0x00007ffc52d60000 - 0x00007ffc52dfe000 	C:\WINDOWS\System32\msvcrt.dll
0x00007ffc550b0000 - 0x00007ffc5510b000 	C:\WINDOWS\System32\sechost.dll
0x00007ffc54a40000 - 0x00007ffc54b64000 	C:\WINDOWS\System32\RPCRT4.dll
0x00007ffc52fe0000 - 0x00007ffc53170000 	C:\WINDOWS\System32\USER32.dll
0x00007ffc527a0000 - 0x00007ffc527c0000 	C:\WINDOWS\System32\win32u.dll
0x00007ffc52fb0000 - 0x00007ffc52fd8000 	C:\WINDOWS\System32\GDI32.dll
0x00007ffc52580000 - 0x00007ffc52712000 	C:\WINDOWS\System32\gdi32full.dll
0x00007ffc51cd0000 - 0x00007ffc51d6f000 	C:\WINDOWS\System32\msvcp_win.dll
0x00007ffc51d70000 - 0x00007ffc51e6a000 	C:\WINDOWS\System32\ucrtbase.dll
0x00007ffc42780000 - 0x00007ffc429e9000 	C:\WINDOWS\WinSxS\amd64_microsoft.windows.common-controls_6595b64144ccf1df_6.0.17134.345_none_fb429a5930656358\COMCTL32.dll
0x00007ffc554f0000 - 0x00007ffc55813000 	C:\WINDOWS\System32\combase.dll
0x00007ffc52720000 - 0x00007ffc5279a000 	C:\WINDOWS\System32\bcryptPrimitives.dll
0x00007ffc52e00000 - 0x00007ffc52e2d000 	C:\WINDOWS\System32\IMM32.DLL
0x0000000056d20000 - 0x0000000056df2000 	C:\Program Files\Java\jre1.8.0_171\bin\msvcr100.dll
0x0000000056080000 - 0x0000000056920000 	C:\Program Files\Java\jre1.8.0_171\bin\server\jvm.dll
0x00007ffc52ce0000 - 0x00007ffc52ce8000 	C:\WINDOWS\System32\PSAPI.DLL
0x00007ffc408e0000 - 0x00007ffc408e9000 	C:\WINDOWS\SYSTEM32\WSOCK32.dll
0x00007ffc54830000 - 0x00007ffc5489c000 	C:\WINDOWS\System32\WS2_32.dll
0x00007ffc4def0000 - 0x00007ffc4df13000 	C:\WINDOWS\SYSTEM32\WINMM.dll
0x00007ffc4d040000 - 0x00007ffc4d04a000 	C:\WINDOWS\SYSTEM32\VERSION.dll
0x00007ffc4deb0000 - 0x00007ffc4deda000 	C:\WINDOWS\SYSTEM32\WINMMBASE.dll
0x00007ffc51c20000 - 0x00007ffc51c69000 	C:\WINDOWS\System32\cfgmgr32.dll
0x0000000058030000 - 0x000000005803f000 	C:\Program Files\Java\jre1.8.0_171\bin\verify.dll
0x0000000057010000 - 0x0000000057039000 	C:\Program Files\Java\jre1.8.0_171\bin\java.dll
0x0000000056ff0000 - 0x0000000057006000 	C:\Program Files\Java\jre1.8.0_171\bin\zip.dll

VM Arguments:
java_command: ./tools/plantuml.jar C:\Users\flyqk\Documents\Google Drive\ResearchSpace\Repositories\577 projects\10-25\F14a_sharethetraining_com_2018-9-26@1540542856844_analysis/EAID_569C445F_D34D_48b8_A740_BAEC25117D0A/sequence_diagram.txt
java_class_path (initial): ./tools/plantuml.jar
Launcher Type: SUN_STANDARD

Environment Variables:
JAVA_HOME=C:\Program Files (x86)\Java\jdk1.8.0_101
JRE_HOME=C:\Program Files (x86)\Java\jre1.8.0_101
PATH=C:/Program Files/Java/jre1.8.0_171/bin/server;C:/Program Files/Java/jre1.8.0_171/bin;C:/Program Files/Java/jre1.8.0_171/lib/amd64;C:\Program Files (x86)\Common Files\Oracle\Java\javapath;C:\ProgramData\Oracle\Java\javapath;C:\WINDOWS\system32;C:\WINDOWS;C:\WINDOWS\System32\Wbem;C:\WINDOWS\System32\WindowsPowerShell\v1.0\;C:\Users\flyqk\.dnx\bin;C:\Program Files\Microsoft DNX\Dnvm\;C:\Program Files\Microsoft SQL Server\130\Tools\Binn\;C:\Program Files (x86)\Windows Kits\8.1\Windows Performance Toolkit\;C:\Program Files\MATLAB\R2016b\bin;C:\Program Files\MATLAB\R2016a\bin;C:\Program Files\MATLAB\R2016b\bin\win64;C:\Program Files\MiKTeX 2.9\miktex\bin\x64\;C:\Program Files (x86)\Windows Kits\10\Windows Performance Toolkit\;C:\Program Files (x86)\Windows Kits\10\Microsoft Application Virtualization\Sequencer\;C:\Program Files\nodejs\;;C:\WINDOWS\system32;C:\WINDOWS;C:\WINDOWS\System32\Wbem;C:\WINDOWS\System32\WindowsPowerShell\v1.0\;C:\WINDOWS\System32\OpenSSH\;C:\Program Files (x86)\NVIDIA Corporation\PhysX\Common;C:\Program Files\MySQL\MySQL Server 5.7\bin;C:\Users\flyqk\AppData\Local\Microsoft\WindowsApps;C:\Program Files (x86)\Java\jdk1.8.0_101\bin;C:\Program Files (x86)\Graphviz2.38\bin;C:\Program Files (x86)\python27;C:\Users\flyqk\Documents\tools\apache-maven-3.3.9\bin;C:\Users\flyqk\Documents\Research Workspace\workspace\Callgraph\tools;C:\cygwin64\bin;C:\Program Files\Sublime Text 2;C:\Program Files (x86)\GPSBabel;C:\Users\flyqk\AppData\Local\Pandoc\;C:\Program Files\MongoDB\Server\3.4\bin;C:\Users\flyqk\AppData\Roaming\npm;C:\Program Files\R\R-3.5.1\bin;;C:\Users\flyqk\Documents\Research Projects\eclipse\java-oxygen\eclipse;
USERNAME=Kan Qi
OS=Windows_NT
PROCESSOR_IDENTIFIER=Intel64 Family 6 Model 58 Stepping 9, GenuineIntel



---------------  S Y S T E M  ---------------

OS: Windows 10.0 , 64 bit Build 17134 (10.0.17134.1)

CPU:total 4 (initial active 4) (4 cores per cpu, 1 threads per core) family 6 model 58 stepping 9, cmov, cx8, fxsr, mmx, sse, sse2, sse3, ssse3, sse4.1, sse4.2, popcnt, avx, aes, clmul, erms, tsc, tscinvbit, tscinv

Memory: 4k page, physical 16720296k(6283340k free), swap 67051944k(460k free)

vm_info: Java HotSpot(TM) 64-Bit Server VM (25.171-b11) for windows-amd64 JRE (1.8.0_171-b11), built on Mar 28 2018 16:06:12 by "java_re" with MS VC++ 10.0 (VS2010)

time: Fri Oct 26 01:47:10 2018
elapsed time: 3 seconds (0d 0h 0m 3s)

