#
# There is insufficient memory for the Java Runtime Environment to continue.
# Native memory allocation (malloc) failed to allocate 86976 bytes for Chunk::new
# Possible reasons:
#   The system is out of physical RAM or swap space
#   In 32 bit mode, the process size limit was hit
# Possible solutions:
#   Reduce memory load on the system
#   Increase physical memory or swap space
#   Check if swap backing store is full
#   Use 64 bit Java on a 64 bit OS
#   Decrease Java heap size (-Xmx/-Xms)
#   Decrease number of Java threads
#   Decrease Java thread stack sizes (-Xss)
#   Set larger code cache with -XX:ReservedCodeCacheSize=
# This output file may be truncated or incomplete.
#
#  Out of Memory Error (allocation.cpp:390), pid=17316, tid=0x0000000000004010
#
# JRE version: Java(TM) SE Runtime Environment (8.0_121-b13) (build 1.8.0_121-b13)
# Java VM: Java HotSpot(TM) 64-Bit Server VM (25.121-b13 mixed mode windows-amd64 compressed oops)
# Failed to write core dump. Minidumps are not enabled by default on client versions of Windows
#

---------------  T H R E A D  ---------------

Current thread (0x0000000019c97800):  JavaThread "C2 CompilerThread0" daemon [_thread_in_native, id=16400, stack(0x000000001a460000,0x000000001a560000)]

Stack: [0x000000001a460000,0x000000001a560000]
[error occurred during error reporting (printing stack bounds), id 0xc0000005]

Native frames: (J=compiled Java code, j=interpreted, Vv=VM code, C=native code)


Current CompileTask:
C2:   1777  502       4       java.util.regex.Pattern::RemoveQEQuoting (346 bytes)


---------------  P R O C E S S  ---------------

Java Threads: ( => current thread )
  0x000000001a04a000 JavaThread "Java2D Disposer" daemon [_thread_blocked, id=17360, stack(0x000000001b3a0000,0x000000001b4a0000)]
  0x0000000019d17000 JavaThread "Service Thread" daemon [_thread_blocked, id=3540, stack(0x000000001a860000,0x000000001a960000)]
  0x0000000019d0f000 JavaThread "C1 CompilerThread3" daemon [_thread_blocked, id=17744, stack(0x000000001a760000,0x000000001a860000)]
  0x0000000019d00000 JavaThread "C2 CompilerThread2" daemon [_thread_in_native, id=20892, stack(0x000000001a660000,0x000000001a760000)]
  0x0000000019cf3000 JavaThread "C2 CompilerThread1" daemon [_thread_blocked, id=18560, stack(0x000000001a560000,0x000000001a660000)]
=>0x0000000019c97800 JavaThread "C2 CompilerThread0" daemon [_thread_in_native, id=16400, stack(0x000000001a460000,0x000000001a560000)]
  0x0000000019c96000 JavaThread "Attach Listener" daemon [_thread_blocked, id=14232, stack(0x000000001a360000,0x000000001a460000)]
  0x0000000019c95000 JavaThread "Signal Dispatcher" daemon [_thread_blocked, id=16032, stack(0x000000001a260000,0x000000001a360000)]
  0x0000000002ded800 JavaThread "Finalizer" daemon [_thread_blocked, id=15696, stack(0x000000001a070000,0x000000001a170000)]
  0x0000000002de6800 JavaThread "Reference Handler" daemon [_thread_blocked, id=22444, stack(0x0000000019b70000,0x0000000019c70000)]
  0x0000000002cf0800 JavaThread "main" [_thread_in_vm, id=9292, stack(0x0000000002bf0000,0x0000000002cf0000)]

Other Threads:
  0x0000000017d99800 VMThread [stack: 0x0000000019a70000,0x0000000019b70000] [id=9408]
  0x0000000019d1a800 WatcherThread [stack: 0x000000001a960000,0x000000001aa60000] [id=4748]

VM state:not at safepoint (normal execution)

VM Mutex/Monitor currently owned by a thread: None

Heap:
 PSYoungGen      total 38400K, used 9327K [0x00000000d5d00000, 0x00000000d8780000, 0x0000000100000000)
  eden space 33280K, 28% used [0x00000000d5d00000,0x00000000d661bed0,0x00000000d7d80000)
  from space 5120K, 0% used [0x00000000d8280000,0x00000000d8280000,0x00000000d8780000)
  to   space 5120K, 0% used [0x00000000d7d80000,0x00000000d7d80000,0x00000000d8280000)
 ParOldGen       total 87552K, used 0K [0x0000000081600000, 0x0000000086b80000, 0x00000000d5d00000)
  object space 87552K, 0% used [0x0000000081600000,0x0000000081600000,0x0000000086b80000)
 Metaspace       used 7142K, capacity 7286K, committed 7552K, reserved 1056768K
  class space    used 814K, capacity 857K, committed 896K, reserved 1048576K

Card table byte_map: [0x00000000121b0000,0x00000000125b0000] byte_map_base: 0x0000000011da5000

Marking Bits: (ParMarkBitMap*) 0x000000006645b6d0
 Begin Bits: [0x0000000013060000, 0x0000000015008000)
 End Bits:   [0x0000000015008000, 0x0000000016fb0000)

Polling page: 0x00000000029e0000

CodeCache: size=245760Kb used=2292Kb max_used=2301Kb free=243467Kb
 bounds [0x0000000002df0000, 0x0000000003060000, 0x0000000011df0000]
 total_blobs=886 nmethods=504 adapters=295
 compilation: enabled

Compilation events (10 events):
Event: 1.747 Thread 0x0000000019d0f000 nmethod 501 0x000000000302cad0 code [0x000000000302cc60, 0x000000000302d028]
Event: 1.753 Thread 0x0000000019cf3000 nmethod 488 0x000000000302a6d0 code [0x000000000302a860, 0x000000000302aec8]
Event: 1.767 Thread 0x0000000019c97800  502       4       java.util.regex.Pattern::RemoveQEQuoting (346 bytes)
Event: 1.767 Thread 0x0000000019d0f000  503       3       net.sourceforge.plantuml.command.regex.MyPattern::transform (29 bytes)
Event: 1.768 Thread 0x0000000019d0f000 nmethod 503 0x000000000302b850 code [0x000000000302ba80, 0x000000000302c5e8]
Event: 1.768 Thread 0x0000000019d0f000  504       3       net.sourceforge.plantuml.command.regex.Pattern2::<init> (10 bytes)
Event: 1.768 Thread 0x0000000019d0f000 nmethod 504 0x000000000302ebd0 code [0x000000000302ed20, 0x000000000302eef0]
Event: 1.768 Thread 0x0000000019cf3000  505       4       java.lang.AbstractStringBuilder::ensureCapacityInternal (27 bytes)
Event: 1.771 Thread 0x0000000019d0f000  506       3       java.util.regex.Pattern$Branch::study (162 bytes)
Event: 1.771 Thread 0x0000000019cf3000 nmethod 505 0x0000000003030950 code [0x0000000003030aa0, 0x0000000003030d78]

GC Heap History (0 events):
No events

Deoptimization events (2 events):
Event: 1.185 Thread 0x0000000002cf0800 Uncommon trap: reason=unstable_if action=reinterpret pc=0x0000000002fbddd0 method=java.lang.String.startsWith(Ljava/lang/String;I)Z @ 25
Event: 1.469 Thread 0x0000000002cf0800 Uncommon trap: reason=unstable_if action=reinterpret pc=0x0000000002fdbf04 method=java.util.regex.Matcher.search(I)Z @ 91

Internal exceptions (10 events):
Event: 0.098 Thread 0x0000000002cf0800 Exception <a 'java/lang/NoSuchMethodError': Method sun.misc.Unsafe.defineClass(Ljava/lang/String;[BII)Ljava/lang/Class; name or signature does not match> (0x00000000d5d07ca8) thrown at [C:\re\workspace\8-2-build-windows-amd64-cygwin\jdk8u121\8372\hotspot\
Event: 0.098 Thread 0x0000000002cf0800 Exception <a 'java/lang/NoSuchMethodError': Method sun.misc.Unsafe.prefetchRead(Ljava/lang/Object;J)V name or signature does not match> (0x00000000d5d07f90) thrown at [C:\re\workspace\8-2-build-windows-amd64-cygwin\jdk8u121\8372\hotspot\src\share\vm\prims
Event: 0.294 Thread 0x0000000002cf0800 Exception <a 'java/security/PrivilegedActionException'> (0x00000000d5efc158) thrown at [C:\re\workspace\8-2-build-windows-amd64-cygwin\jdk8u121\8372\hotspot\src\share\vm\prims\jvm.cpp, line 1390]
Event: 0.294 Thread 0x0000000002cf0800 Exception <a 'java/security/PrivilegedActionException'> (0x00000000d5efc368) thrown at [C:\re\workspace\8-2-build-windows-amd64-cygwin\jdk8u121\8372\hotspot\src\share\vm\prims\jvm.cpp, line 1390]
Event: 0.295 Thread 0x0000000002cf0800 Exception <a 'java/security/PrivilegedActionException'> (0x00000000d5f001c0) thrown at [C:\re\workspace\8-2-build-windows-amd64-cygwin\jdk8u121\8372\hotspot\src\share\vm\prims\jvm.cpp, line 1390]
Event: 0.295 Thread 0x0000000002cf0800 Exception <a 'java/security/PrivilegedActionException'> (0x00000000d5f003d0) thrown at [C:\re\workspace\8-2-build-windows-amd64-cygwin\jdk8u121\8372\hotspot\src\share\vm\prims\jvm.cpp, line 1390]
Event: 0.298 Thread 0x0000000002cf0800 Exception <a 'java/io/FileNotFoundException'> (0x00000000d5f02378) thrown at [C:\re\workspace\8-2-build-windows-amd64-cygwin\jdk8u121\8372\hotspot\src\share\vm\prims\jni.cpp, line 709]
Event: 0.497 Thread 0x0000000002cf0800 Exception <a 'java/lang/NoSuchFieldError': method resolution failed> (0x00000000d5fcf580) thrown at [C:\re\workspace\8-2-build-windows-amd64-cygwin\jdk8u121\8372\hotspot\src\share\vm\prims\methodHandles.cpp, line 1146]
Event: 0.499 Thread 0x0000000002cf0800 Exception <a 'java/lang/NoSuchFieldError': method resolution failed> (0x00000000d5fdcd20) thrown at [C:\re\workspace\8-2-build-windows-amd64-cygwin\jdk8u121\8372\hotspot\src\share\vm\prims\methodHandles.cpp, line 1146]
Event: 0.737 Thread 0x0000000002cf0800 Exception <a 'java/io/FileNotFoundException'> (0x00000000d6065680) thrown at [C:\re\workspace\8-2-build-windows-amd64-cygwin\jdk8u121\8372\hotspot\src\share\vm\prims\jni.cpp, line 709]

Events (10 events):
Event: 1.764 loading class net/sourceforge/plantuml/command/note/sequence/FactorySequenceNoteCommand$2
Event: 1.764 loading class net/sourceforge/plantuml/command/note/sequence/FactorySequenceNoteCommand$2 done
Event: 1.765 loading class net/sourceforge/plantuml/graphic/color/ColorType
Event: 1.765 loading class net/sourceforge/plantuml/graphic/color/ColorType done
Event: 1.766 loading class net/sourceforge/plantuml/command/note/sequence/FactorySequenceNoteOverSeveralCommand
Event: 1.766 loading class net/sourceforge/plantuml/command/note/sequence/FactorySequenceNoteOverSeveralCommand done
Event: 1.766 loading class net/sourceforge/plantuml/command/note/sequence/FactorySequenceNoteOverSeveralCommand$1
Event: 1.766 loading class net/sourceforge/plantuml/command/note/sequence/FactorySequenceNoteOverSeveralCommand$1 done
Event: 1.771 loading class net/sourceforge/plantuml/sequencediagram/command/CommandBoxStart
Event: 1.771 loading class net/sourceforge/plantuml/sequencediagram/command/CommandBoxStart done


Dynamic libraries:
0x00007ff6e5610000 - 0x00007ff6e5647000 	C:\Program Files\Java\jre1.8.0_121\bin\java.exe
0x00007ffd15db0000 - 0x00007ffd15f91000 	C:\WINDOWS\SYSTEM32\ntdll.dll
0x00007ffd13790000 - 0x00007ffd13842000 	C:\WINDOWS\System32\KERNEL32.DLL
0x00007ffd124d0000 - 0x00007ffd12743000 	C:\WINDOWS\System32\KERNELBASE.dll
0x00007ffd14260000 - 0x00007ffd14301000 	C:\WINDOWS\System32\ADVAPI32.dll
0x00007ffd13560000 - 0x00007ffd135fe000 	C:\WINDOWS\System32\msvcrt.dll
0x00007ffd13460000 - 0x00007ffd134bb000 	C:\WINDOWS\System32\sechost.dll
0x00007ffd143c0000 - 0x00007ffd144e4000 	C:\WINDOWS\System32\RPCRT4.dll
0x00007ffd13600000 - 0x00007ffd13790000 	C:\WINDOWS\System32\USER32.dll
0x00007ffd13170000 - 0x00007ffd13190000 	C:\WINDOWS\System32\win32u.dll
0x00007ffd13ed0000 - 0x00007ffd13ef8000 	C:\WINDOWS\System32\GDI32.dll
0x00007ffd12750000 - 0x00007ffd128e2000 	C:\WINDOWS\System32\gdi32full.dll
0x00007ffd130d0000 - 0x00007ffd1316f000 	C:\WINDOWS\System32\msvcp_win.dll
0x00007ffd12180000 - 0x00007ffd1227a000 	C:\WINDOWS\System32\ucrtbase.dll
0x00007ffcff740000 - 0x00007ffcff9a9000 	C:\WINDOWS\WinSxS\amd64_microsoft.windows.common-controls_6595b64144ccf1df_6.0.17134.345_none_fb429a5930656358\COMCTL32.dll
0x00007ffd13f00000 - 0x00007ffd14223000 	C:\WINDOWS\System32\combase.dll
0x00007ffd13050000 - 0x00007ffd130ca000 	C:\WINDOWS\System32\bcryptPrimitives.dll
0x00007ffd14230000 - 0x00007ffd1425d000 	C:\WINDOWS\System32\IMM32.DLL
0x0000000065760000 - 0x0000000065832000 	C:\Program Files\Java\jre1.8.0_121\bin\msvcr100.dll
0x0000000065c40000 - 0x00000000664db000 	C:\Program Files\Java\jre1.8.0_121\bin\server\jvm.dll
0x00007ffd13550000 - 0x00007ffd13558000 	C:\WINDOWS\System32\PSAPI.DLL
0x00007ffd03ee0000 - 0x00007ffd03ee9000 	C:\WINDOWS\SYSTEM32\WSOCK32.dll
0x00007ffd06b80000 - 0x00007ffd06ba3000 	C:\WINDOWS\SYSTEM32\WINMM.dll
0x00007ffd06770000 - 0x00007ffd0677a000 	C:\WINDOWS\SYSTEM32\VERSION.dll
0x00007ffd13870000 - 0x00007ffd138dc000 	C:\WINDOWS\System32\WS2_32.dll
0x00007ffd06a60000 - 0x00007ffd06a8a000 	C:\WINDOWS\SYSTEM32\winmmbase.dll
0x00007ffd13000000 - 0x00007ffd13049000 	C:\WINDOWS\System32\cfgmgr32.dll
0x0000000065c30000 - 0x0000000065c3f000 	C:\Program Files\Java\jre1.8.0_121\bin\verify.dll
0x0000000065c00000 - 0x0000000065c29000 	C:\Program Files\Java\jre1.8.0_121\bin\java.dll
0x0000000065be0000 - 0x0000000065bf6000 	C:\Program Files\Java\jre1.8.0_121\bin\zip.dll
0x00007ffd14940000 - 0x00007ffd15d7f000 	C:\WINDOWS\System32\SHELL32.dll
0x00007ffd14310000 - 0x00007ffd143b9000 	C:\WINDOWS\System32\shcore.dll
0x00007ffd128f0000 - 0x00007ffd12ffd000 	C:\WINDOWS\System32\windows.storage.dll
0x00007ffd13330000 - 0x00007ffd13381000 	C:\WINDOWS\System32\shlwapi.dll
0x00007ffd120c0000 - 0x00007ffd120d1000 	C:\WINDOWS\System32\kernel.appcore.dll
0x00007ffd120e0000 - 0x00007ffd120ff000 	C:\WINDOWS\System32\profapi.dll
0x00007ffd12110000 - 0x00007ffd1215c000 	C:\WINDOWS\System32\powrprof.dll
0x00007ffd12100000 - 0x00007ffd1210a000 	C:\WINDOWS\System32\FLTLIB.DLL
0x00000000655c0000 - 0x0000000065758000 	C:\Program Files\Java\jre1.8.0_121\bin\awt.dll
0x00007ffd13390000 - 0x00007ffd13452000 	C:\WINDOWS\System32\OLEAUT32.dll
0x00007ffd10510000 - 0x00007ffd1059b000 	C:\WINDOWS\SYSTEM32\apphelp.dll
0x00007ffd10850000 - 0x00007ffd10879000 	C:\WINDOWS\system32\DWMAPI.DLL
0x00007ffd10770000 - 0x00007ffd10808000 	C:\WINDOWS\system32\uxtheme.dll

VM Arguments:
java_command: ./tools/plantuml.jar ./data/UMLExperiment/debug/EAID_EE74AF9B_E7DF_4d4c_B2AE_3B8CD79721AD/sequence_diagram.txt
java_class_path (initial): ./tools/plantuml.jar
Launcher Type: SUN_STANDARD

Environment Variables:
PATH=C:/Program Files/Java/jre1.8.0_121/bin/server;C:/Program Files/Java/jre1.8.0_121/bin;C:/Program Files/Java/jre1.8.0_121/lib/amd64;C:\ProgramData\Oracle\Java\javapath;C:\Program Files (x86)\Intel\iCLS Client\;C:\Program Files\Intel\iCLS Client\;C:\WINDOWS\system32;C:\WINDOWS;C:\WINDOWS\System32\Wbem;C:\WINDOWS\System32\WindowsPowerShell\v1.0\;C:\Program Files\Intel\Intel(R) Management Engine Components\DAL;C:\Program Files (x86)\Intel\Intel(R) Management Engine Components\DAL;C:\Program Files\Intel\Intel(R) Management Engine Components\IPT;C:\Program Files (x86)\Intel\Intel(R) Management Engine Components\IPT;C:\Program Files\Git\cmd;C:\Program Files\nodejs\;C:\Program Files (x86)\Graphviz2.38\bin;C:\Program Files\MiKTeX 2.9\miktex\bin\x64\;C:\Program Files\Git LFS;;C:\WINDOWS\System32\OpenSSH\;C:\Users\flyqk\AppData\Local\Microsoft\WindowsApps;C:\Users\flyqk\AppData\Roaming\npm;C:\Program Files\MongoDB\Server\3.4\bin;C:\Program Files\MySQL\MySQL Server 5.7\bin;C:\Program Files\Java\jdk1.8.0_121\bin;C:\Program Files (x86)\Python27;C:\Program Files (x86)\Python27\Scripts;C:\Program Files\Visual Paradigm 15.0\bin;C:\Users\flyqk\Documents\Google Drive\ResearchSpace\Research Projects\CaseStudies\eclipse-java-luna-SR2-win32-x86_64\eclipse;C:\Program Files\R\R-3.5.1\bin;;D:\Research Projects\eclipse\java-oxygen\eclipse;
USERNAME=flyqk
OS=Windows_NT
PROCESSOR_IDENTIFIER=Intel64 Family 6 Model 70 Stepping 1, GenuineIntel



---------------  S Y S T E M  ---------------

OS: Windows 10.0 , 64 bit Build 17134 (10.0.17134.1)

CPU:total 8 (4 cores per cpu, 2 threads per core) family 6 model 70 stepping 1, cmov, cx8, fxsr, mmx, sse, sse2, sse3, ssse3, sse4.1, sse4.2, popcnt, avx, avx2, aes, clmul, erms, lzcnt, ht, tsc, tscinvbit, bmi1, bmi2

Memory: 4k page, physical 8294644k(1242864k free), swap 19839656k(656k free)

vm_info: Java HotSpot(TM) 64-Bit Server VM (25.121-b13) for windows-amd64 JRE (1.8.0_121-b13), built on Dec 12 2016 18:21:36 by "java_re" with MS VC++ 10.0 (VS2010)

time: Sun Oct 28 01:29:21 2018
elapsed time: 1 seconds (0d 0h 0m 1s)

