[TIMECOST] [32mVERBOSE[0m Main starting at 1529271352643
Soot started on Sun Jun 17 17:35:53 EDT 2018
[47m[30m[STAT] #Classes: 20979, #AppClasses: 18684[0m
[TIMECOST] [32mVERBOSE[0m Start at 1529271357415
[HIER] All classes: 20979 [App: 14187, Lib : 6706, Phantom: 86]
[HIER] Activities: 216, lib activities: 10
[HIER] App views: 320, Lib views: 166
[HIER] App Dialogs: 11, Lib Dialogs: 7
[TIMECOST] [32mVERBOSE[0m buildApplicationCodeMap parsing starting at 1529271357535
[TIMECOST] [32mVERBOSE[0m buildApplicationCodeMap parsing finished at 1529271386275
[TIMECOST] [32mVERBOSE[0m HIER parsing finished at 1529271386672
[TIMECOST] [32mVERBOSE[0m XML parsing finished at 1529271390480
[GUIAnalysis] Start
[XML] Layout Ids: 1480, Menu Ids: 58, Widget Ids: 4497, String Ids: 4401
[XML] MainActivity: com.tripadvisor.tripadvisor.TripAdvisorTripAdvisorActivity
[WARNING] [32mVERBOSE[0m Hierarchy.virtualDispatch called with non-concrete receiver class: org.apache.http.cookie.Cookie
[WARNING] [32mVERBOSE[0m Hierarchy.virtualDispatch called with non-concrete receiver class: org.apache.http.cookie.Cookie
[WARNING] [32mVERBOSE[0m Hierarchy.virtualDispatch called with non-concrete receiver class: org.apache.http.cookie.Cookie
[WARNING] [32mVERBOSE[0m Hierarchy.virtualDispatch called with non-concrete receiver class: org.apache.http.cookie.Cookie
[WARNING] [32mVERBOSE[0m Hierarchy.virtualDispatch called with non-concrete receiver class: org.apache.http.cookie.Cookie
[WARNING] [32mVERBOSE[0m Hierarchy.virtualDispatch called with non-concrete receiver class: org.apache.http.cookie.Cookie
[WARNING] [32mVERBOSE[0m Hierarchy.virtualDispatch called with non-concrete receiver class: org.apache.http.cookie.Cookie
[WARNING] [32mVERBOSE[0m Hierarchy.virtualDispatch called with non-concrete receiver class: org.apache.http.cookie.Cookie
[WARNING] [32mVERBOSE[0m Hierarchy.virtualDispatch called with non-concrete receiver class: org.apache.http.cookie.Cookie
[WARNING] [32mVERBOSE[0m Hierarchy.virtualDispatch called with non-concrete receiver class: org.apache.http.cookie.Cookie
[WARNING] [32mVERBOSE[0m Hierarchy.virtualDispatch called with non-concrete receiver class: org.apache.http.cookie.Cookie
[WARNING] [32mVERBOSE[0m Hierarchy.virtualDispatch called with non-concrete receiver class: org.apache.http.cookie.Cookie
[WARNING] [32mVERBOSE[0m Hierarchy.virtualDispatch called with non-concrete receiver class: org.apache.http.cookie.Cookie
[WARNING] [32mVERBOSE[0m Hierarchy.virtualDispatch called with non-concrete receiver class: org.apache.http.cookie.Cookie
[WARNING] [32mVERBOSE[0m Hierarchy.virtualDispatch called with non-concrete receiver class: org.apache.http.cookie.Cookie
[WARNING] [32mVERBOSE[0m Hierarchy.virtualDispatch called with non-concrete receiver class: org.apache.http.cookie.Cookie
[WARNING] [32mVERBOSE[0m Hierarchy.virtualDispatch called with non-concrete receiver class: org.apache.http.cookie.Cookie
[WARNING] [32mVERBOSE[0m Hierarchy.virtualDispatch called with non-concrete receiver class: org.apache.http.cookie.Cookie
[WARNING] [32mVERBOSE[0m Hierarchy.virtualDispatch called with non-concrete receiver class: org.apache.http.cookie.Cookie
[WARNING] [32mVERBOSE[0m Hierarchy.virtualDispatch called with non-concrete receiver class: org.apache.http.cookie.Cookie
[WARNING] [32mVERBOSE[0m Hierarchy.virtualDispatch called with non-concrete receiver class: org.apache.http.cookie.Cookie
[WARNING] [32mVERBOSE[0m Hierarchy.virtualDispatch called with non-concrete receiver class: org.apache.http.cookie.Cookie
[WARNING] [32mVERBOSE[0m Hierarchy.virtualDispatch called with non-concrete receiver class: java.beans.ConstructorProperties
[WARNING] [32mVERBOSE[0m Hierarchy.virtualDispatch called with non-concrete receiver class: java.beans.Transient
[WARNING] [32mVERBOSE[0m Hierarchy.virtualDispatch called with non-concrete receiver class: org.apache.http.cookie.Cookie
[WARNING] [32mVERBOSE[0m Hierarchy.virtualDispatch called with non-concrete receiver class: org.apache.http.cookie.Cookie
[WARNING] [32mVERBOSE[0m Hierarchy.virtualDispatch called with non-concrete receiver class: org.apache.http.cookie.Cookie
[WARNING] [32mVERBOSE[0m Hierarchy.virtualDispatch called with non-concrete receiver class: org.apache.http.cookie.Cookie
[WARNING] [32mVERBOSE[0m Hierarchy.virtualDispatch called with non-concrete receiver class: org.apache.http.cookie.Cookie
[WARNING] [32mVERBOSE[0m Hierarchy.virtualDispatch called with non-concrete receiver class: org.apache.http.cookie.Cookie
[WARNING] [32mVERBOSE[0m Hierarchy.virtualDispatch called with non-concrete receiver class: org.apache.http.cookie.Cookie
[WARNING] [32mVERBOSE[0m Hierarchy.virtualDispatch called with non-concrete receiver class: org.apache.http.cookie.Cookie
[WARNING] [32mVERBOSE[0m Hierarchy.virtualDispatch called with non-concrete receiver class: org.apache.http.cookie.SetCookie
[WARNING] [32mVERBOSE[0m Hierarchy.virtualDispatch called with non-concrete receiver class: org.apache.http.cookie.Cookie
[WARNING] [32mVERBOSE[0m Hierarchy.virtualDispatch called with non-concrete receiver class: org.apache.http.cookie.Cookie
[WARNING] [32mVERBOSE[0m Hierarchy.virtualDispatch called with non-concrete receiver class: org.apache.http.cookie.Cookie
[WARNING] [32mVERBOSE[0m Hierarchy.virtualDispatch called with non-concrete receiver class: org.apache.http.cookie.Cookie
[WARNING] [32mVERBOSE[0m Hierarchy.virtualDispatch called with non-concrete receiver class: org.apache.http.cookie.Cookie
[WARNING] [32mVERBOSE[0m Hierarchy.virtualDispatch called with non-concrete receiver class: org.apache.http.cookie.Cookie
[WARNING] [32mVERBOSE[0m Hierarchy.virtualDispatch called with non-concrete receiver class: org.apache.http.cookie.Cookie
[WARNING] [32mVERBOSE[0m Hierarchy.virtualDispatch called with non-concrete receiver class: org.apache.http.cookie.Cookie
[WARNING] [32mVERBOSE[0m Hierarchy.virtualDispatch called with non-concrete receiver class: org.apache.http.cookie.Cookie
[WARNING] [32mVERBOSE[0m Hierarchy.virtualDispatch called with non-concrete receiver class: org.apache.http.cookie.Cookie
[WARNING] [32mVERBOSE[0m Hierarchy.virtualDispatch called with non-concrete receiver class: org.apache.http.cookie.Cookie
[WARNING] [32mVERBOSE[0m Hierarchy.virtualDispatch called with non-concrete receiver class: org.apache.http.cookie.Cookie
[WARNING] [32mVERBOSE[0m Hierarchy.virtualDispatch called with non-concrete receiver class: org.apache.http.cookie.Cookie
[WARNING] [32mVERBOSE[0m Hierarchy.virtualDispatch called with non-concrete receiver class: org.apache.http.cookie.Cookie
[WARNING] [32mVERBOSE[0m Hierarchy.virtualDispatch called with non-concrete receiver class: org.apache.http.cookie.Cookie
  [1;31m[TODO][0m Customized AlertDialog: android.app.ProgressDialog
[Flowgraph] [31mWARN[0m Receiver object unknown for virtualinvoke $r11.<android.support.v7.app.c: void setCanceledOnTouchOutside(boolean)>(1) @ <com.tripadvisor.android.taflights.activities.FlightSearchResultsActivity$6: void onFlyScoreClicked(android.view.View,int)>
[Flowgraph] [31mWARN[0m Receiver object unknown for virtualinvoke $r5.<android.support.v7.app.c: void setCanceledOnTouchOutside(boolean)>(0) @ <com.tripadvisor.android.timeline.util.m: void a(android.content.Context,int)>
[Flowgraph] [31mWARN[0m Receiver object unknown for virtualinvoke $r20.<android.support.v7.app.c: void setOnDismissListener(android.content.DialogInterface$OnDismissListener)>($r21) @ <com.tripadvisor.android.timeline.util.d: boolean a(android.content.Context,java.lang.String,java.lang.String,java.util.List,java.util.List,java.lang.String[],com.tripadvisor.android.timeline.activity.a)>
[Flowgraph] [31mWARN[0m Receiver object unknown for virtualinvoke $r6.<android.support.v7.app.c: void setCanceledOnTouchOutside(boolean)>(1) @ <com.tripadvisor.android.lib.tamobile.shoppingcart.views.attractions.AttractionCartItemInfoView$1: void onClick(android.view.View)>
[Flowgraph] [31mWARN[0m Receiver object unknown for virtualinvoke $r11.<android.support.v7.app.c: void setTitle(java.lang.CharSequence)>($r12) @ <com.tripadvisor.android.login.b.a: void a(com.tripadvisor.android.login.b.a,com.tripadvisor.android.login.model.auth.AuthServiceResponseJson,com.google.android.gms.common.api.d,boolean)>
[Flowgraph] [31mWARN[0m Receiver object unknown for virtualinvoke $r40.<android.support.v7.app.c: void setTitle(java.lang.CharSequence)>($r1) @ <com.tripadvisor.android.lib.tamobile.activities.WriteReviewActivity: void A()>
[Flowgraph] [31mWARN[0m Receiver object unknown for virtualinvoke $r10.<android.support.v7.app.c: void setOnDismissListener(android.content.DialogInterface$OnDismissListener)>($r12) @ <com.tripadvisor.android.login.b.a: void b(com.google.android.gms.common.api.d)>
[Flowgraph] [31mWARN[0m Receiver object unknown for virtualinvoke $r3.<android.support.v7.app.c: void setTitle(java.lang.CharSequence)>($r4) @ <com.tripadvisor.android.lib.tamobile.activities.ReviewListActivity: void r_()>
[Flowgraph] [31mWARN[0m Receiver object unknown for virtualinvoke $r3.<android.support.v7.app.c: void setTitle(java.lang.CharSequence)>($r4) @ <com.tripadvisor.android.lib.tamobile.activities.WriteReviewActivity: boolean y()>
[Flowgraph] [31mWARN[0m Receiver object unknown for virtualinvoke $r4.<android.support.v7.app.c: void setTitle(java.lang.CharSequence)>($r1) @ <com.tripadvisor.android.lib.tamobile.views.af: void a(android.content.Context,java.lang.String,java.lang.String)>
[Flowgraph] [31mWARN[0m Receiver object unknown for virtualinvoke $r1.<android.app.Dialog: void setDismissMessage(android.os.Message)>(null) @ <com.facebook.internal.g: void onDestroyView()>
[Flowgraph] [31mWARN[0m Receiver object unknown for virtualinvoke $r5.<android.support.design.widget.BottomSheetDialog: void setOnKeyListener(android.content.DialogInterface$OnKeyListener)>($r6) @ <com.tripadvisor.android.lib.tamobile.saves.tripdetail.d: android.app.Dialog onCreateDialog(android.os.Bundle)>
[Flowgraph] [31mWARN[0m Receiver object unknown for virtualinvoke $r12.<android.support.v7.app.c: void show()>() @ <com.tripadvisor.android.lib.tamobile.activities.WriteReviewActivity: void n(com.tripadvisor.android.lib.tamobile.activities.WriteReviewActivity)>
[Flowgraph] [31mWARN[0m Receiver object unknown for virtualinvoke $r18.<android.support.v7.app.c: void show()>() @ <com.tripadvisor.android.login.activities.TASignUpActivity: void a(com.tripadvisor.android.login.activities.TASignUpActivity,okhttp3.z)>
[Flowgraph] [31mWARN[0m Receiver object unknown for virtualinvoke $r5.<android.support.v7.app.c: void show()>() @ <com.tripadvisor.android.timeline.util.m: void a(android.content.Context,int)>
[Flowgraph] [31mWARN[0m Receiver object unknown for virtualinvoke $r4.<android.support.v7.app.c: void show()>() @ <com.tripadvisor.android.lib.tamobile.shoppingcart.paymentdetails.CartPaymentDetailsActivity: void n()>
[Flowgraph] [31mWARN[0m Receiver object unknown for virtualinvoke $r5.<android.support.v7.app.c: void show()>() @ <com.tripadvisor.android.lib.tamobile.attractions.booking.a: void a(com.tripadvisor.android.lib.tamobile.shoppingcart.models.CartResultStatus)>
[Flowgraph] [31mWARN[0m Receiver object unknown for virtualinvoke $r4.<android.support.v7.app.c: void show()>() @ <com.tripadvisor.android.lib.tamobile.traxo.details.TraxoSegmentDetailActivity: void h()>
[Flowgraph] [31mWARN[0m Receiver object unknown for virtualinvoke $r4.<android.support.v7.app.c: void show()>() @ <com.tripadvisor.android.lib.tamobile.shoppingcart.itemdetails.CartItemDetailsActivity: void a()>
[Flowgraph] [31mWARN[0m Receiver object unknown for virtualinvoke $r11.<android.support.v7.app.c: void show()>() @ <com.tripadvisor.android.login.b.a: void a(com.tripadvisor.android.login.b.a,com.tripadvisor.android.login.model.auth.AuthServiceResponseJson,com.google.android.gms.common.api.d,boolean)>
[Flowgraph] [31mWARN[0m Receiver object unknown for virtualinvoke $r11.<android.support.v7.app.c: void show()>() @ <com.tripadvisor.android.lib.tamobile.activities.WriteReviewActivity: void j(com.tripadvisor.android.lib.tamobile.activities.WriteReviewActivity)>
[Flowgraph] [31mWARN[0m Receiver object unknown for virtualinvoke $r5.<android.support.v7.app.c: void show()>() @ <com.tripadvisor.android.taflights.activities.CalendarViewActivity$1: void onClick(android.view.View)>
[Flowgraph] [31mWARN[0m Receiver object unknown for virtualinvoke $r9.<android.support.v7.app.c: void show()>() @ <com.tripadvisor.android.lib.tamobile.attractions.availability.AttractionProductDatesGuestsActivity$4: void onClick(android.view.View)>
[Flowgraph] [31mWARN[0m Receiver object unknown for virtualinvoke $r7.<android.support.v7.app.c: void show()>() @ <com.tripadvisor.android.lib.tamobile.activities.WriteReviewActivity: void a(java.lang.String,boolean,boolean)>
[Flowgraph] [31mWARN[0m Receiver object unknown for virtualinvoke $r4.<android.support.v7.app.c: void show()>() @ <com.tripadvisor.android.lib.tamobile.poidetails.sections.common.photocarousel.PhotoCarouselView: void a(int)>
[Flowgraph] [31mWARN[0m Receiver object unknown for virtualinvoke $r7.<android.support.v7.app.c: void show()>() @ <com.tripadvisor.android.lib.tamobile.fragments.booking.h: void q()>
[Flowgraph] [31mWARN[0m Receiver object unknown for virtualinvoke $r3.<android.support.v7.app.c: void show()>() @ <com.tripadvisor.android.lib.tamobile.activities.ReviewListActivity: void r_()>
[Flowgraph] [31mWARN[0m Receiver object unknown for virtualinvoke $r3.<android.support.v7.app.c: void show()>() @ <com.tripadvisor.android.lib.tamobile.activities.WriteReviewActivity: boolean y()>
[Flowgraph] [31mWARN[0m Receiver object unknown for virtualinvoke $r14.<android.support.v7.app.c: void show()>() @ <com.tripadvisor.android.lib.tamobile.views.CreditCardFormView$8: boolean onTouch(android.view.View,android.view.MotionEvent)>
[Flowgraph] [31mWARN[0m Receiver object unknown for virtualinvoke $r13.<android.support.v7.app.c: void show()>() @ <com.tripadvisor.android.lib.tamobile.activities.WriteReviewActivity: void k(com.tripadvisor.android.lib.tamobile.activities.WriteReviewActivity)>
[Flowgraph] [31mWARN[0m Receiver object unknown for virtualinvoke $r15.<android.support.v7.app.c: void show()>() @ <com.tripadvisor.android.lib.tamobile.preferences.f$12: void onClick(android.view.View)>
[Flowgraph] [31mWARN[0m Receiver object unknown for virtualinvoke $r5.<android.support.v7.app.c: void show()>() @ <com.tripadvisor.android.lib.tamobile.activities.WriteReviewActivity: void i(com.tripadvisor.android.lib.tamobile.activities.WriteReviewActivity)>
[Flowgraph] [31mWARN[0m Receiver object unknown for virtualinvoke $r5.<android.support.v7.app.c: void show()>() @ <com.tripadvisor.android.lib.tamobile.attractions.booking.a: void a(int)>
[Flowgraph] [31mWARN[0m Receiver object unknown for virtualinvoke $r1.<android.support.v7.app.c: void show()>() @ <com.tripadvisor.android.lib.tamobile.activities.search.searchlists.SearchActivity: void E()>
[Flowgraph] [31mWARN[0m Receiver object unknown for virtualinvoke $r20.<android.support.v7.app.c: void show()>() @ <com.tripadvisor.android.timeline.util.d: boolean a(android.content.Context,java.lang.String,java.lang.String,java.util.List,java.util.List,java.lang.String[],com.tripadvisor.android.timeline.activity.a)>
[Flowgraph] [31mWARN[0m Receiver object unknown for virtualinvoke $r6.<android.support.v7.app.c: void show()>() @ <com.tripadvisor.android.lib.tamobile.shoppingcart.views.attractions.AttractionCartItemInfoView$1: void onClick(android.view.View)>
[Flowgraph] [31mWARN[0m Receiver object unknown for virtualinvoke $r2.<android.support.v7.app.c: void show()>() @ <com.tripadvisor.android.lib.tamobile.attractions.salepromos.AttractionsSalePromoBannerView$1: void onClick(android.view.View)>
[Flowgraph] [31mWARN[0m Receiver object unknown for virtualinvoke $r13.<android.support.v7.app.c: void show()>() @ <com.tripadvisor.android.lib.tamobile.activities.WriteReviewActivity: void m(com.tripadvisor.android.lib.tamobile.activities.WriteReviewActivity)>
[Flowgraph] [31mWARN[0m Receiver object unknown for virtualinvoke $r3.<android.app.Dialog: void show()>() @ <com.tripadvisor.android.lib.tamobile.discover.e: boolean b()>
[Flowgraph] [31mWARN[0m Receiver object unknown for virtualinvoke $r6.<android.support.v7.app.c: void show()>() @ <com.tripadvisor.android.lib.tamobile.poidetails.sections.common.photopager.PhotoPagerView: void onActivityResult(int,int,android.content.Intent)>
[Flowgraph] [31mWARN[0m Receiver object unknown for virtualinvoke $r4.<android.support.v7.app.c: void show()>() @ <com.tripadvisor.android.taflights.util.Utils: void showReturnConfirmationDialog(android.app.Activity)>
[Flowgraph] [31mWARN[0m Receiver object unknown for virtualinvoke $r5.<android.support.v7.app.c: void show()>() @ <com.tripadvisor.android.lib.tamobile.shoppingcart.paymentdetails.CartPaymentDetailsActivity: void z()>
[Flowgraph] [31mWARN[0m Receiver object unknown for virtualinvoke $r40.<android.support.v7.app.c: void show()>() @ <com.tripadvisor.android.lib.tamobile.activities.WriteReviewActivity: void A()>
[Flowgraph] [31mWARN[0m Receiver object unknown for virtualinvoke $r10.<android.support.v7.app.c: void show()>() @ <com.tripadvisor.android.login.b.a: void b(com.google.android.gms.common.api.d)>
[Flowgraph] [31mWARN[0m Receiver object unknown for virtualinvoke $r4.<android.support.v7.app.c: void show()>() @ <com.tripadvisor.android.lib.tamobile.views.af: void a(android.content.Context,java.lang.String,java.lang.String)>
[Flowgraph] [31mWARN[0m Receiver object unknown for virtualinvoke $r11.<android.support.v7.app.c: void show()>() @ <com.tripadvisor.android.login.auth.a.d: void a()>
[Flowgraph] [31mWARN[0m Receiver object unknown for virtualinvoke $r9.<android.support.v7.app.c: void show()>() @ <com.tripadvisor.android.lib.tamobile.shoppingcart.paymentdetails.CartPaymentDetailsActivity: void b(java.util.List)>
[Flowgraph] [31mWARN[0m Receiver object unknown for virtualinvoke $r4.<android.support.v7.app.c: void dismiss()>() @ <com.tripadvisor.android.lib.tamobile.inbox.conversationdetail.b: void a(java.lang.String,com.tripadvisor.android.inbox.domain.models.RemoteUniqueIdentifier,boolean)>
[Flowgraph] [31mWARN[0m Receiver object unknown for virtualinvoke $r1.<android.support.v7.app.c: void dismiss()>() @ <com.tripadvisor.android.lib.tamobile.attractions.booking.a: void a()>
[Flowgraph] [31mWARN[0m Receiver object unknown for virtualinvoke $r7.<android.support.v7.app.c: void dismiss()>() @ <com.tripadvisor.android.lib.tamobile.attractions.booking.a$1: void onClick(android.view.View)>
[Flowgraph] [31mWARN[0m Receiver object unknown for virtualinvoke $r6.<android.support.v7.app.c: void dismiss()>() @ <com.tripadvisor.android.lib.tamobile.views.i$1: void onClick(android.view.View)>
[Flowgraph] [31mWARN[0m Receiver object unknown for virtualinvoke $r3.<android.app.Dialog: void cancel()>() @ <com.wdullaer.materialdatetimepicker.time.f$5: void onClick(android.view.View)>
[Flowgraph] [31mWARN[0m Receiver object unknown for virtualinvoke $r1.<android.support.v7.app.c: void dismiss()>() @ <com.tripadvisor.android.taflights.activities.FlightSearchResultsActivity: void openItineraryDetail(int)>
[Flowgraph] [31mWARN[0m Receiver object unknown for virtualinvoke $r2.<android.support.design.widget.BottomSheetDialog: void cancel()>() @ <com.tripadvisor.android.lib.tamobile.saves.tripdetail.d$2: void onStateChanged(android.view.View,int)>
[Flowgraph] [31mWARN[0m Receiver object unknown for virtualinvoke $r2.<android.support.v7.app.c: void dismiss()>() @ <com.tripadvisor.android.lib.tamobile.attractions.availability.tourgrades.AttractionProductTourGradesActivity: void onPause()>
[WARNING] Unexpected listener arg for virtualinvoke $r0.<com.tripadvisor.android.lib.tamobile.views.ap: void setButton(int,java.lang.CharSequence,android.content.DialogInterface$OnClickListener)>(-2, $r10, null) @ <com.tripadvisor.android.lib.tamobile.views.ab: void <init>(android.content.Context,com.tripadvisor.android.models.location.restaurant.RACOptions,com.tripadvisor.android.lib.tamobile.i.l)>
[WARNING] Unexpected listener arg for virtualinvoke $r0.<com.tripadvisor.android.lib.tamobile.views.ap: void setButton(int,java.lang.CharSequence,android.content.DialogInterface$OnClickListener)>(-2, $r10, null) @ <com.tripadvisor.android.lib.tamobile.views.ab: void <init>(android.content.Context,com.tripadvisor.android.models.location.restaurant.RACOptions,com.tripadvisor.android.lib.tamobile.i.l)>
[WARNING] Unexpected listener arg for virtualinvoke $r0.<com.tripadvisor.android.lib.tamobile.views.ap: void setButton(int,java.lang.CharSequence,android.content.DialogInterface$OnClickListener)>(-2, $r10, null) @ <com.tripadvisor.android.lib.tamobile.views.ab: void <init>(android.content.Context,com.tripadvisor.android.models.location.restaurant.RACOptions,com.tripadvisor.android.lib.tamobile.i.l)>
[WARNING] Unexpected listener arg for virtualinvoke $r0.<com.tripadvisor.android.lib.tamobile.views.ap: void setButton(int,java.lang.CharSequence,android.content.DialogInterface$OnClickListener)>(-2, $r10, null) @ <com.tripadvisor.android.lib.tamobile.views.ab: void <init>(android.content.Context,com.tripadvisor.android.models.location.restaurant.RACOptions,com.tripadvisor.android.lib.tamobile.i.l)>
[WARNING] Unexpected listener arg for virtualinvoke $r0.<com.tripadvisor.android.lib.tamobile.views.ap: void setButton(int,java.lang.CharSequence,android.content.DialogInterface$OnClickListener)>(-2, $r10, null) @ <com.tripadvisor.android.lib.tamobile.views.ab: void <init>(android.content.Context,com.tripadvisor.android.models.location.restaurant.RACOptions,com.tripadvisor.android.lib.tamobile.i.l)>
[WARNING] Cannot find activity node for virtualinvoke $r0.<com.tripadvisor.android.lib.tamobile.activities.LocationDetailActivity: void showDialog(int)>($i0) @ <com.tripadvisor.android.lib.tamobile.activities.LocationDetailActivity: void showSharingOptions(android.view.MenuItem)>
[WARNING] Missing layout id for adapter at virtualinvoke $r16.<android.widget.GridView: void setAdapter(android.widget.ListAdapter)>($r18) in <com.tripadvisor.android.timeline.activity.PhotoGalleryActivity: void onCreate(android.os.Bundle)>
[WARNING] Window unknown at NAddView1OpNode[197487] virtualinvoke $r1.<android.app.Dialog: void setContentView(android.view.View)>($r3) @ <com.tripadvisor.android.lib.tamobile.inbox.conversationlist.c: void setupDialog(android.app.Dialog,int)>
[WARNING] Window unknown at NAddView1OpNode[328987] virtualinvoke $r5.<android.support.design.widget.BottomSheetDialog: void setContentView(android.view.View)>($r3) @ <com.tripadvisor.android.lib.tamobile.saves.tripdetail.d: android.app.Dialog onCreateDialog(android.os.Bundle)>
[FASTMODE] [32mVERBOSE[0m FixedPointSolver, stop at 1 iteration
[GUIAnalysis] End: 640.9531142300001 sec
[GUIHierarchyPrinterClient] Start
[GUIHIER] [32mVERBOSE[0m Visited: 10
[GUIHIER] [32mVERBOSE[0m Visited: 20
[GUIHIER] [32mVERBOSE[0m Visited: 30
[GUIHIER] [32mVERBOSE[0m Visited: 40
[GUIHIER] [32mVERBOSE[0m Visited: 50
[GUIHIER] [32mVERBOSE[0m Visited: 60
[GUIHIER] [32mVERBOSE[0m Visited: 70
[GUIHIER] [32mVERBOSE[0m Visited: 80
[GUIHIER] [32mVERBOSE[0m Visited: 90
[GUIHIER] [32mVERBOSE[0m Visited: 100
[GUIHIER] [32mVERBOSE[0m Visited: 110
[GUIHIER] [32mVERBOSE[0m Visited: 120
[GUIHIER] [32mVERBOSE[0m Visited: 130
[GUIHIER] [32mVERBOSE[0m Visited: 140
[GUIHIER] [32mVERBOSE[0m Visited: 150
[GUIHIER] [32mVERBOSE[0m Visited: 160
[GUIHIER] [32mVERBOSE[0m Visited: 170
[GUIHIER] [32mVERBOSE[0m Visited: 180
[GUIHIER] [32mVERBOSE[0m Visited: 190
[GUIHIER] [32mVERBOSE[0m Visited: 200
[GUIHIER] [32mVERBOSE[0m Visited: 210
[GUIHIER] [32mVERBOSE[0m Visited: 220
[GUIHIER] [32mVERBOSE[0m Visited: 230
[GUIHIER] [32mVERBOSE[0m Visited: 240
[GUIHIER] [32mVERBOSE[0m Visited: 250
[GUIHIER] [32mVERBOSE[0m Visited: 260
[GUIHIER] [32mVERBOSE[0m Visited: 270
[GUIHIER] [32mVERBOSE[0m Visited: 280
[GUIHIER] [32mVERBOSE[0m Visited: 290
[GUIHIER] [32mVERBOSE[0m Visited: 300
[GUIHIER] [32mVERBOSE[0m Visited: 310
[GUIHIER] [32mVERBOSE[0m Visited: 320
[GUIHIER] [32mVERBOSE[0m Visited: 330
[GUIHIER] [32mVERBOSE[0m Visited: 340
[GUIHIER] [32mVERBOSE[0m Visited: 350
[GUIHIER] [32mVERBOSE[0m Visited: 360
[GUIHIER] [32mVERBOSE[0m Visited: 370
[GUIHIER] [32mVERBOSE[0m Visited: 380
[GUIHIER] [32mVERBOSE[0m Visited: 390
[GUIHIER] [32mVERBOSE[0m Visited: 400
[GUIHIER] [32mVERBOSE[0m Visited: 410
[GUIHIER] [32mVERBOSE[0m Visited: 420
[GUIHIER] [32mVERBOSE[0m Visited: 430
[GUIHIER] [32mVERBOSE[0m Visited: 440
[GUIHIER] [32mVERBOSE[0m Visited: 450
[GUIHIER] [32mVERBOSE[0m Visited: 460
[GUIHIER] [32mVERBOSE[0m Visited: 470
[GUIHIER] [32mVERBOSE[0m Visited: 480
[GUIHIER] [32mVERBOSE[0m Visited: 490
[GUIHIER] [32mVERBOSE[0m Visited: 500
[GUIHIER] [32mVERBOSE[0m Visited: 510
[GUIHIER] [32mVERBOSE[0m Visited: 520
[GUIHIER] [32mVERBOSE[0m Visited: 530
[GUIHIER] [32mVERBOSE[0m Visited: 540
[GUIHIER] [32mVERBOSE[0m Visited: 550
[GUIHIER] [32mVERBOSE[0m Visited: 560
[GUIHIER] [32mVERBOSE[0m Visited: 570
[GUIHIER] [32mVERBOSE[0m Visited: 580
[GUIHIER] [32mVERBOSE[0m Visited: 590
[GUIHIER] [32mVERBOSE[0m Visited: 600
[GUIHIER] [32mVERBOSE[0m Visited: 610
[GUIHIER] [32mVERBOSE[0m Visited: 620
[GUIHIER] [32mVERBOSE[0m Visited: 630
[GUIHIER] [32mVERBOSE[0m Visited: 640
[GUIHIER] [32mVERBOSE[0m Visited: 650
[GUIHIER] [32mVERBOSE[0m Visited: 660
[GUIHIER] [32mVERBOSE[0m Visited: 670
[GUIHIER] [32mVERBOSE[0m Visited: 10
[GUIHIER] [32mVERBOSE[0m Visited: 10
[GUIHIER] [32mVERBOSE[0m Visited: 10
[GUIHIER] [32mVERBOSE[0m Visited: 10
[GUIHIER] [32mVERBOSE[0m Visited: 10
[GUIHIER] [32mVERBOSE[0m Visited: 20
[GUIHIER] [32mVERBOSE[0m Visited: 30
[GUIHIER] [32mVERBOSE[0m Visited: 40
[GUIHIER] [32mVERBOSE[0m Visited: 50
[GUIHIER] [32mVERBOSE[0m Visited: 60
[GUIHIER] [32mVERBOSE[0m Visited: 70
[GUIHIER] [32mVERBOSE[0m Visited: 80
[GUIHIER] [32mVERBOSE[0m Visited: 90
[GUIHIER] [32mVERBOSE[0m Visited: 100
[GUIHIER] [32mVERBOSE[0m Visited: 110
[GUIHIER] [32mVERBOSE[0m Visited: 120
[GUIHIER] [32mVERBOSE[0m Visited: 130
[GUIHIER] [32mVERBOSE[0m Visited: 140
[GUIHIER] [32mVERBOSE[0m Visited: 150
[GUIHIER] [32mVERBOSE[0m Visited: 160
[GUIHIER] [32mVERBOSE[0m Visited: 170
[GUIHIER] [32mVERBOSE[0m Visited: 10
[GUIHIER] [32mVERBOSE[0m Visited: 10
[GUIHIER] [32mVERBOSE[0m Visited: 20
[GUIHIER] [32mVERBOSE[0m Visited: 30
[GUIHIER] [32mVERBOSE[0m Visited: 40
[GUIHIER] [32mVERBOSE[0m Visited: 50
[GUIHIER] [32mVERBOSE[0m Visited: 60
[GUIHIER] [32mVERBOSE[0m Visited: 70
[GUIHIER] [32mVERBOSE[0m Visited: 80
[GUIHIER] [32mVERBOSE[0m Visited: 90
[GUIHIER] [32mVERBOSE[0m Visited: 100
[GUIHIER] [32mVERBOSE[0m Visited: 110
[GUIHIER] [32mVERBOSE[0m Visited: 120
[GUIHIER] [32mVERBOSE[0m Visited: 130
[GUIHIER] [32mVERBOSE[0m Visited: 140
[GUIHIER] [32mVERBOSE[0m Visited: 150
[GUIHIER] [32mVERBOSE[0m Visited: 160
[GUIHIER] [32mVERBOSE[0m Visited: 170
[GUIHIER] [32mVERBOSE[0m Visited: 180
[GUIHIER] [32mVERBOSE[0m Visited: 190
[GUIHIER] [32mVERBOSE[0m Visited: 200
[GUIHIER] [32mVERBOSE[0m Visited: 210
[GUIHIER] [32mVERBOSE[0m Visited: 220
[GUIHIER] [32mVERBOSE[0m Visited: 230
[GUIHIER] [32mVERBOSE[0m Visited: 240
[GUIHIER] [32mVERBOSE[0m Visited: 250
[GUIHIER] [32mVERBOSE[0m Visited: 260
[GUIHIER] [32mVERBOSE[0m Visited: 270
[GUIHIER] [32mVERBOSE[0m Visited: 280
[GUIHIER] [32mVERBOSE[0m Visited: 290
[GUIHIER] [32mVERBOSE[0m Visited: 300
[GUIHIER] [32mVERBOSE[0m Visited: 310
[GUIHIER] [32mVERBOSE[0m Visited: 320
[GUIHIER] [32mVERBOSE[0m Visited: 330
[GUIHIER] [32mVERBOSE[0m Visited: 340
[GUIHIER] [32mVERBOSE[0m Visited: 350
[GUIHIER] [32mVERBOSE[0m Visited: 360
[GUIHIER] [32mVERBOSE[0m Visited: 370
[GUIHIER] [32mVERBOSE[0m Visited: 380
[GUIHIER] [32mVERBOSE[0m Visited: 390
[GUIHIER] [32mVERBOSE[0m Visited: 400
[GUIHIER] [32mVERBOSE[0m Visited: 410
[GUIHIER] [32mVERBOSE[0m Visited: 420
[GUIHIER] [32mVERBOSE[0m Visited: 430
[GUIHIER] [32mVERBOSE[0m Visited: 440
[GUIHIER] [32mVERBOSE[0m Visited: 450
[GUIHIER] [32mVERBOSE[0m Visited: 460
[GUIHIER] [32mVERBOSE[0m Visited: 470
[GUIHIER] [32mVERBOSE[0m Visited: 480
[GUIHIER] [32mVERBOSE[0m Visited: 490
[GUIHIER] [32mVERBOSE[0m Visited: 500
[GUIHIER] [32mVERBOSE[0m Visited: 510
[GUIHIER] [32mVERBOSE[0m Visited: 520
[GUIHIER] [32mVERBOSE[0m Visited: 530
[GUIHIER] [32mVERBOSE[0m Visited: 540
[GUIHIER] [32mVERBOSE[0m Visited: 550
[GUIHIER] [32mVERBOSE[0m Visited: 560
[GUIHIER] [32mVERBOSE[0m Visited: 570
[GUIHIER] [32mVERBOSE[0m Visited: 580
[GUIHIER] [32mVERBOSE[0m Visited: 590
[GUIHIER] [32mVERBOSE[0m Visited: 600
[GUIHIER] [32mVERBOSE[0m Visited: 610
[GUIHIER] [32mVERBOSE[0m Visited: 620
[GUIHIER] [32mVERBOSE[0m Visited: 630
[GUIHIER] [32mVERBOSE[0m Visited: 640
[GUIHIER] [32mVERBOSE[0m Visited: 10
[GUIHIER] [32mVERBOSE[0m Visited: 20
[GUIHIER] [32mVERBOSE[0m Visited: 30
[GUIHIER] [32mVERBOSE[0m Visited: 40
[GUIHIER] [32mVERBOSE[0m Visited: 10
[GUIHIER] [32mVERBOSE[0m Visited: 20
[GUIHIER] [32mVERBOSE[0m Visited: 30
[GUIHIER] [32mVERBOSE[0m Visited: 40
[GUIHIER] [32mVERBOSE[0m Visited: 50
[GUIHIER] [32mVERBOSE[0m Visited: 60
[GUIHIER] [32mVERBOSE[0m Visited: 10
[GUIHIER] [32mVERBOSE[0m Visited: 20
[GUIHIER] [32mVERBOSE[0m Visited: 10
[GUIHIER] [32mVERBOSE[0m Visited: 20
[GUIHIER] [32mVERBOSE[0m Visited: 30
[GUIHIER] [32mVERBOSE[0m Visited: 40
[GUIHIER] [32mVERBOSE[0m Visited: 50
[GUIHIER] [32mVERBOSE[0m Visited: 60
[GUIHIER] [32mVERBOSE[0m Visited: 70
[GUIHIER] [32mVERBOSE[0m Visited: 80
[GUIHIER] [32mVERBOSE[0m Visited: 90
[GUIHIER] [32mVERBOSE[0m Visited: 100
[GUIHIER] [32mVERBOSE[0m Visited: 110
[GUIHIER] [32mVERBOSE[0m Visited: 120
[GUIHIER] [32mVERBOSE[0m Visited: 130
[GUIHIER] [32mVERBOSE[0m Visited: 140
[GUIHIER] [32mVERBOSE[0m Visited: 150
[GUIHIER] [32mVERBOSE[0m Visited: 160
[GUIHIER] [32mVERBOSE[0m Visited: 170
[GUIHIER] [32mVERBOSE[0m Visited: 180
[GUIHIER] [32mVERBOSE[0m Visited: 190
[GUIHIER] [32mVERBOSE[0m Visited: 200
[GUIHIER] [32mVERBOSE[0m Visited: 210
[GUIHIER] [32mVERBOSE[0m Visited: 220
[GUIHIER] [32mVERBOSE[0m Visited: 230
[GUIHIER] [32mVERBOSE[0m Visited: 240
[GUIHIER] [32mVERBOSE[0m Visited: 250
[GUIHIER] [32mVERBOSE[0m Visited: 260
[GUIHIER] [32mVERBOSE[0m Visited: 270
[GUIHIER] [32mVERBOSE[0m Visited: 280
[GUIHIER] [32mVERBOSE[0m Visited: 290
[GUIHIER] [32mVERBOSE[0m Visited: 300
[GUIHIER] [32mVERBOSE[0m Visited: 310
[GUIHIER] [32mVERBOSE[0m Visited: 320
[GUIHIER] [32mVERBOSE[0m Visited: 330
[GUIHIER] [32mVERBOSE[0m Visited: 340
[GUIHIER] [32mVERBOSE[0m Visited: 350
[GUIHIER] [32mVERBOSE[0m Visited: 360
[GUIHIER] [32mVERBOSE[0m Visited: 370
[GUIHIER] [32mVERBOSE[0m Visited: 380
[GUIHIER] [32mVERBOSE[0m Visited: 390
[GUIHIER] [32mVERBOSE[0m Visited: 400
[GUIHIER] [32mVERBOSE[0m Visited: 410
[GUIHIER] [32mVERBOSE[0m Visited: 420
[GUIHIER] [32mVERBOSE[0m Visited: 430
[GUIHIER] [32mVERBOSE[0m Visited: 440
[GUIHIER] [32mVERBOSE[0m Visited: 450
[GUIHIER] [32mVERBOSE[0m Visited: 460
[GUIHIER] [32mVERBOSE[0m Visited: 470
[GUIHIER] [32mVERBOSE[0m Visited: 480
[GUIHIER] [32mVERBOSE[0m Visited: 490
[GUIHIER] [32mVERBOSE[0m Visited: 500
[GUIHIER] [32mVERBOSE[0m Visited: 510
[GUIHIER] [32mVERBOSE[0m Visited: 520
[GUIHIER] [32mVERBOSE[0m Visited: 530
[GUIHIER] [32mVERBOSE[0m Visited: 540
[GUIHIER] [32mVERBOSE[0m Visited: 550
[GUIHIER] [32mVERBOSE[0m Visited: 560
[GUIHIER] [32mVERBOSE[0m Visited: 570
[GUIHIER] [32mVERBOSE[0m Visited: 580
[GUIHIER] [32mVERBOSE[0m Visited: 590
[GUIHIER] [32mVERBOSE[0m Visited: 600
[GUIHIER] [32mVERBOSE[0m Visited: 610
[GUIHIER] [32mVERBOSE[0m Visited: 620
[GUIHIER] [32mVERBOSE[0m Visited: 630
[GUIHIER] [32mVERBOSE[0m Visited: 640
[GUIHIER] [32mVERBOSE[0m Visited: 10
[GUIHIER] [32mVERBOSE[0m Visited: 20
[GUIHIER] [32mVERBOSE[0m Visited: 10
[GUIHIER] [32mVERBOSE[0m Visited: 20
[GUIHIER] [32mVERBOSE[0m Visited: 30
[GUIHIER] [32mVERBOSE[0m Visited: 40
[GUIHIER] [32mVERBOSE[0m Visited: 50
[GUIHIER] [32mVERBOSE[0m Visited: 60
[GUIHIER] [32mVERBOSE[0m Visited: 70
[GUIHIER] [32mVERBOSE[0m Visited: 80
[GUIHIER] [32mVERBOSE[0m Visited: 90
[GUIHIER] [32mVERBOSE[0m Visited: 100
[GUIHIER] [32mVERBOSE[0m Visited: 110
[GUIHIER] [32mVERBOSE[0m Visited: 120
[GUIHIER] [32mVERBOSE[0m Visited: 130
[GUIHIER] [32mVERBOSE[0m Visited: 140
[GUIHIER] [32mVERBOSE[0m Visited: 150
[GUIHIER] [32mVERBOSE[0m Visited: 160
[GUIHIER] [32mVERBOSE[0m Visited: 170
[GUIHIER] [32mVERBOSE[0m Visited: 180
[GUIHIER] [32mVERBOSE[0m Visited: 190
[GUIHIER] [32mVERBOSE[0m Visited: 200
[GUIHIER] [32mVERBOSE[0m Visited: 210
[GUIHIER] [32mVERBOSE[0m Visited: 220
[GUIHIER] [32mVERBOSE[0m Visited: 230
[GUIHIER] [32mVERBOSE[0m Visited: 10
[GUIHIER] [32mVERBOSE[0m Visited: 20
[GUIHIER] [32mVERBOSE[0m Visited: 10
[GUIHIER] [32mVERBOSE[0m Visited: 20
[GUIHIER] [32mVERBOSE[0m Visited: 30
[GUIHIER] [32mVERBOSE[0m Visited: 40
[GUIHIER] [32mVERBOSE[0m Visited: 50
[GUIHIER] [32mVERBOSE[0m Visited: 60
[GUIHIER] [32mVERBOSE[0m Visited: 70
[GUIHIER] [32mVERBOSE[0m Visited: 80
[GUIHIER] [32mVERBOSE[0m Visited: 90
[GUIHIER] [32mVERBOSE[0m Visited: 100
[GUIHIER] [32mVERBOSE[0m Visited: 110
[GUIHIER] [32mVERBOSE[0m Visited: 120
[GUIHIER] [32mVERBOSE[0m Visited: 130
[GUIHIER] [32mVERBOSE[0m Visited: 140
[GUIHIER] [32mVERBOSE[0m Visited: 150
[GUIHIER] [32mVERBOSE[0m Visited: 160
[GUIHIER] [32mVERBOSE[0m Visited: 170
[GUIHIER] [32mVERBOSE[0m Visited: 180
[GUIHIER] [32mVERBOSE[0m Visited: 190
[GUIHIER] [32mVERBOSE[0m Visited: 200
[GUIHIER] [32mVERBOSE[0m Visited: 210
[GUIHIER] [32mVERBOSE[0m Visited: 220
[GUIHIER] [32mVERBOSE[0m Visited: 230
[GUIHIER] [32mVERBOSE[0m Visited: 240
[GUIHIER] [32mVERBOSE[0m Visited: 250
[GUIHIER] [32mVERBOSE[0m Visited: 260
[GUIHIER] [32mVERBOSE[0m Visited: 270
[GUIHIER] [32mVERBOSE[0m Visited: 280
[GUIHIER] [32mVERBOSE[0m Visited: 290
[GUIHIER] [32mVERBOSE[0m Visited: 300
[GUIHIER] [32mVERBOSE[0m Visited: 310
[GUIHIER] [32mVERBOSE[0m Visited: 320
[GUIHIER] [32mVERBOSE[0m Visited: 330
[GUIHIER] [32mVERBOSE[0m Visited: 340
[GUIHIER] [32mVERBOSE[0m Visited: 350
[GUIHIER] [32mVERBOSE[0m Visited: 360
[GUIHIER] [32mVERBOSE[0m Visited: 370
[GUIHIER] [32mVERBOSE[0m Visited: 380
[GUIHIER] [32mVERBOSE[0m Visited: 390
[GUIHIER] [32mVERBOSE[0m Visited: 400
[GUIHIER] [32mVERBOSE[0m Visited: 410
[GUIHIER] [32mVERBOSE[0m Visited: 420
[GUIHIER] [32mVERBOSE[0m Visited: 430
[GUIHIER] [32mVERBOSE[0m Visited: 440
[GUIHIER] [32mVERBOSE[0m Visited: 450
[GUIHIER] [32mVERBOSE[0m Visited: 460
[GUIHIER] [32mVERBOSE[0m Visited: 470
[GUIHIER] [32mVERBOSE[0m Visited: 480
[GUIHIER] [32mVERBOSE[0m Visited: 490
[GUIHIER] [32mVERBOSE[0m Visited: 500
[GUIHIER] [32mVERBOSE[0m Visited: 510
[GUIHIER] [32mVERBOSE[0m Visited: 520
[GUIHIER] [32mVERBOSE[0m Visited: 530
[GUIHIER] [32mVERBOSE[0m Visited: 540
[GUIHIER] [32mVERBOSE[0m Visited: 550
[GUIHIER] [32mVERBOSE[0m Visited: 560
[GUIHIER] [32mVERBOSE[0m Visited: 570
[GUIHIER] [32mVERBOSE[0m Visited: 580
[GUIHIER] [32mVERBOSE[0m Visited: 590
[GUIHIER] [32mVERBOSE[0m Visited: 600
[GUIHIER] [32mVERBOSE[0m Visited: 610
[GUIHIER] [32mVERBOSE[0m Visited: 620
[GUIHIER] [32mVERBOSE[0m Visited: 630
[GUIHIER] [32mVERBOSE[0m Visited: 640
[GUIHIER] [32mVERBOSE[0m Visited: 650
[GUIHIER] [32mVERBOSE[0m Visited: 660
[GUIHIER] [32mVERBOSE[0m Visited: 670
[GUIHIER] [32mVERBOSE[0m Visited: 680
[GUIHIER] [32mVERBOSE[0m Visited: 690
[GUIHIER] [32mVERBOSE[0m Visited: 10
[GUIHIER] [32mVERBOSE[0m Visited: 20
[GUIHIER] [32mVERBOSE[0m Visited: 30
[GUIHIER] [32mVERBOSE[0m Visited: 10
[GUIHIER] [32mVERBOSE[0m Visited: 20
[GUIHIER] [32mVERBOSE[0m Visited: 10
[GUIHIER] [32mVERBOSE[0m Visited: 10
[GUIHIER] [32mVERBOSE[0m Visited: 10
[GUIHIER] [32mVERBOSE[0m Visited: 20
[GUIHIER] [32mVERBOSE[0m Visited: 10
[GUIHIER] [32mVERBOSE[0m Visited: 10
[GUIHIER] [32mVERBOSE[0m Visited: 10
[GUIHIER] [32mVERBOSE[0m Visited: 20
[GUIHIER] [32mVERBOSE[0m Visited: 30
[GUIHIER] [32mVERBOSE[0m Visited: 40
[GUIHIER] [32mVERBOSE[0m Visited: 50
[GUIHIER] [32mVERBOSE[0m Visited: 60
[GUIHIER] [32mVERBOSE[0m Visited: 70
[GUIHIER] [32mVERBOSE[0m Visited: 80
[GUIHIER] [32mVERBOSE[0m Visited: 90
[GUIHIER] [32mVERBOSE[0m Visited: 100
[GUIHIER] [32mVERBOSE[0m Visited: 10
[GUIHIER] [32mVERBOSE[0m Visited: 20
[GUIHIER] [32mVERBOSE[0m Visited: 30
[GUIHIER] [32mVERBOSE[0m Visited: 40
[GUIHIER] [32mVERBOSE[0m Visited: 10
[GUIHIER] [32mVERBOSE[0m Visited: 20
[GUIHIER] [32mVERBOSE[0m Visited: 10
[GUIHIER] [32mVERBOSE[0m Visited: 20
[GUIHIER] [32mVERBOSE[0m Visited: 30
[GUIHIER] [32mVERBOSE[0m Visited: 10
[GUIHIER] [32mVERBOSE[0m Visited: 20
[GUIHIER] [32mVERBOSE[0m Visited: 10
[GUIHIER] [32mVERBOSE[0m Visited: 10
[GUIHIER] [32mVERBOSE[0m Visited: 10
[GUIHIER] [32mVERBOSE[0m Visited: 10
[GUIHIER] [32mVERBOSE[0m Visited: 20
[GUIHIER] [32mVERBOSE[0m Visited: 30
[GUIHIER] [32mVERBOSE[0m Visited: 40
[GUIHIER] [32mVERBOSE[0m Visited: 50
[GUIHIER] [32mVERBOSE[0m Visited: 60
[GUIHIER] [32mVERBOSE[0m Visited: 70
[GUIHIER] [32mVERBOSE[0m Visited: 80
[GUIHIER] [32mVERBOSE[0m Visited: 10
[GUIHIER] [32mVERBOSE[0m Visited: 20
[GUIHIER] [32mVERBOSE[0m Visited: 30
[GUIHIER] [32mVERBOSE[0m Visited: 10
[GUIHIER] [32mVERBOSE[0m Visited: 10
[GUIHIER] [32mVERBOSE[0m Visited: 10
[GUIHIER] [32mVERBOSE[0m Visited: 20
[GUIHIER] [32mVERBOSE[0m Visited: 30
[GUIHIER] [32mVERBOSE[0m Visited: 40
[GUIHIER] [32mVERBOSE[0m Visited: 10
[GUIHIER] [32mVERBOSE[0m Visited: 20
[GUIHIER] [32mVERBOSE[0m Visited: 30
[GUIHIER] [32mVERBOSE[0m Visited: 40
[GUIHIER] [32mVERBOSE[0m Visited: 50
[GUIHIER] [32mVERBOSE[0m Visited: 60
[GUIHIER] [32mVERBOSE[0m Visited: 70
[GUIHIER] [32mVERBOSE[0m Visited: 80
[GUIHIER] [32mVERBOSE[0m Visited: 90
[GUIHIER] [32mVERBOSE[0m Visited: 100
[GUIHIER] [32mVERBOSE[0m Visited: 110
[GUIHIER] [32mVERBOSE[0m Visited: 120
[GUIHIER] [32mVERBOSE[0m Visited: 130
[GUIHIER] [32mVERBOSE[0m Visited: 140
[GUIHIER] [32mVERBOSE[0m Visited: 10
[GUIHIER] [32mVERBOSE[0m Visited: 20
[GUIHIER] [32mVERBOSE[0m Visited: 10
[GUIHIER] [32mVERBOSE[0m Visited: 20
[GUIHIER] [32mVERBOSE[0m Visited: 30
[GUIHIER] [32mVERBOSE[0m Visited: 40
[GUIHIER] [32mVERBOSE[0m Visited: 50
[GUIHIER] [32mVERBOSE[0m Visited: 60
[GUIHIER] [32mVERBOSE[0m Visited: 70
[GUIHIER] [32mVERBOSE[0m Visited: 80
[GUIHIER] [32mVERBOSE[0m Visited: 10
[GUIHIER] [32mVERBOSE[0m Visited: 20
[GUIHIER] [32mVERBOSE[0m Visited: 30
[GUIHIER] [32mVERBOSE[0m Visited: 40
[GUIHIER] [32mVERBOSE[0m Visited: 50
[GUIHIER] [32mVERBOSE[0m Visited: 60
[GUIHIER] [32mVERBOSE[0m Visited: 70
[GUIHIER] [32mVERBOSE[0m Visited: 80
[GUIHIER] [32mVERBOSE[0m Visited: 90
[GUIHIER] [32mVERBOSE[0m Visited: 100
[GUIHIER] [32mVERBOSE[0m Visited: 110
[GUIHIER] [32mVERBOSE[0m Visited: 120
[GUIHIER] [32mVERBOSE[0m Visited: 130
[GUIHIER] [32mVERBOSE[0m Visited: 140
[GUIHIER] [32mVERBOSE[0m Visited: 150
[GUIHIER] [32mVERBOSE[0m Visited: 160
[GUIHIER] [32mVERBOSE[0m Visited: 170
[GUIHIER] [32mVERBOSE[0m Visited: 180
[GUIHIER] [32mVERBOSE[0m Visited: 190
[GUIHIER] [32mVERBOSE[0m Visited: 200
[GUIHIER] [32mVERBOSE[0m Visited: 210
[GUIHIER] [32mVERBOSE[0m Visited: 220
[GUIHIER] [32mVERBOSE[0m Visited: 230
[GUIHIER] [32mVERBOSE[0m Visited: 240
[GUIHIER] [32mVERBOSE[0m Visited: 250
[GUIHIER] [32mVERBOSE[0m Visited: 260
[GUIHIER] [32mVERBOSE[0m Visited: 270
[GUIHIER] [32mVERBOSE[0m Visited: 280
[GUIHIER] [32mVERBOSE[0m Visited: 290
[GUIHIER] [32mVERBOSE[0m Visited: 300
[GUIHIER] [32mVERBOSE[0m Visited: 310
[GUIHIER] [32mVERBOSE[0m Visited: 320
[GUIHIER] [32mVERBOSE[0m Visited: 330
[GUIHIER] [32mVERBOSE[0m Visited: 340
[GUIHIER] [32mVERBOSE[0m Visited: 350
[GUIHIER] [32mVERBOSE[0m Visited: 360
[GUIHIER] [32mVERBOSE[0m Visited: 370
[GUIHIER] [32mVERBOSE[0m Visited: 380
[GUIHIER] [32mVERBOSE[0m Visited: 390
[GUIHIER] [32mVERBOSE[0m Visited: 400
[GUIHIER] [32mVERBOSE[0m Visited: 410
[GUIHIER] [32mVERBOSE[0m Visited: 420
[GUIHIER] [32mVERBOSE[0m Visited: 430
[GUIHIER] [32mVERBOSE[0m Visited: 440
[GUIHIER] [32mVERBOSE[0m Visited: 450
[GUIHIER] [32mVERBOSE[0m Visited: 460
[GUIHIER] [32mVERBOSE[0m Visited: 470
[GUIHIER] [32mVERBOSE[0m Visited: 480
[GUIHIER] [32mVERBOSE[0m Visited: 490
[GUIHIER] [32mVERBOSE[0m Visited: 500
[GUIHIER] [32mVERBOSE[0m Visited: 510
[GUIHIER] [32mVERBOSE[0m Visited: 520
[GUIHIER] [32mVERBOSE[0m Visited: 530
[GUIHIER] [32mVERBOSE[0m Visited: 540
[GUIHIER] [32mVERBOSE[0m Visited: 550
[GUIHIER] [32mVERBOSE[0m Visited: 560
[GUIHIER] [32mVERBOSE[0m Visited: 570
[GUIHIER] [32mVERBOSE[0m Visited: 580
[GUIHIER] [32mVERBOSE[0m Visited: 590
[GUIHIER] [32mVERBOSE[0m Visited: 600
[GUIHIER] [32mVERBOSE[0m Visited: 610
[GUIHIER] [32mVERBOSE[0m Visited: 620
[GUIHIER] [32mVERBOSE[0m Visited: 630
[GUIHIER] [32mVERBOSE[0m Visited: 640
[GUIHIER] [32mVERBOSE[0m Visited: 650
[GUIHIER] [32mVERBOSE[0m Visited: 660
[GUIHIER] [32mVERBOSE[0m Visited: 670
[GUIHIER] [32mVERBOSE[0m Visited: 680
[GUIHIER] [32mVERBOSE[0m Visited: 690
[GUIHIER] [32mVERBOSE[0m Visited: 10
[GUIHIER] [32mVERBOSE[0m Visited: 20
[GUIHIER] [32mVERBOSE[0m Visited: 10
[GUIHIER] [32mVERBOSE[0m Visited: 20
[GUIHIER] [32mVERBOSE[0m Visited: 30
[GUIHIER] [32mVERBOSE[0m Visited: 40
[GUIHIER] [32mVERBOSE[0m Visited: 10
[GUIHIER] [32mVERBOSE[0m Visited: 10
[GUIHIER] [32mVERBOSE[0m Visited: 20
[GUIHIER] [32mVERBOSE[0m Visited: 30
[GUIHIER] [32mVERBOSE[0m Visited: 40
[GUIHIER] [32mVERBOSE[0m Visited: 50
[GUIHIER] [32mVERBOSE[0m Visited: 60
[GUIHIER] [32mVERBOSE[0m Visited: 70
[GUIHIER] [32mVERBOSE[0m Visited: 80
[GUIHIER] [32mVERBOSE[0m Visited: 90
[GUIHIER] [32mVERBOSE[0m Visited: 100
[GUIHIER] [32mVERBOSE[0m Visited: 110
[GUIHIER] [32mVERBOSE[0m Visited: 120
[GUIHIER] [32mVERBOSE[0m Visited: 130
[GUIHIER] [32mVERBOSE[0m Visited: 140
[GUIHIER] [32mVERBOSE[0m Visited: 150
[GUIHIER] [32mVERBOSE[0m Visited: 160
[GUIHIER] [32mVERBOSE[0m Visited: 170
[GUIHIER] [32mVERBOSE[0m Visited: 180
[GUIHIER] [32mVERBOSE[0m Visited: 190
[GUIHIER] [32mVERBOSE[0m Visited: 200
[GUIHIER] [32mVERBOSE[0m Visited: 210
[GUIHIER] [32mVERBOSE[0m Visited: 220
[GUIHIER] [32mVERBOSE[0m Visited: 230
[GUIHIER] [32mVERBOSE[0m Visited: 240
[GUIHIER] [32mVERBOSE[0m Visited: 250
[GUIHIER] [32mVERBOSE[0m Visited: 260
[GUIHIER] [32mVERBOSE[0m Visited: 270
[GUIHIER] [32mVERBOSE[0m Visited: 280
[GUIHIER] [32mVERBOSE[0m Visited: 290
[GUIHIER] [32mVERBOSE[0m Visited: 300
[GUIHIER] [32mVERBOSE[0m Visited: 310
[GUIHIER] [32mVERBOSE[0m Visited: 320
[GUIHIER] [32mVERBOSE[0m Visited: 330
[GUIHIER] [32mVERBOSE[0m Visited: 340
[GUIHIER] [32mVERBOSE[0m Visited: 350
[GUIHIER] [32mVERBOSE[0m Visited: 360
[GUIHIER] [32mVERBOSE[0m Visited: 370
[GUIHIER] [32mVERBOSE[0m Visited: 380
[GUIHIER] [32mVERBOSE[0m Visited: 390
[GUIHIER] [32mVERBOSE[0m Visited: 400
[GUIHIER] [32mVERBOSE[0m Visited: 410
[GUIHIER] [32mVERBOSE[0m Visited: 420
[GUIHIER] [32mVERBOSE[0m Visited: 430
[GUIHIER] [32mVERBOSE[0m Visited: 440
[GUIHIER] [32mVERBOSE[0m Visited: 450
[GUIHIER] [32mVERBOSE[0m Visited: 460
[GUIHIER] [32mVERBOSE[0m Visited: 470
[GUIHIER] [32mVERBOSE[0m Visited: 480
[GUIHIER] [32mVERBOSE[0m Visited: 490
[GUIHIER] [32mVERBOSE[0m Visited: 500
[GUIHIER] [32mVERBOSE[0m Visited: 510
[GUIHIER] [32mVERBOSE[0m Visited: 520
[GUIHIER] [32mVERBOSE[0m Visited: 530
[GUIHIER] [32mVERBOSE[0m Visited: 540
[GUIHIER] [32mVERBOSE[0m Visited: 550
[GUIHIER] [32mVERBOSE[0m Visited: 560
[GUIHIER] [32mVERBOSE[0m Visited: 570
[GUIHIER] [32mVERBOSE[0m Visited: 580
[GUIHIER] [32mVERBOSE[0m Visited: 590
[GUIHIER] [32mVERBOSE[0m Visited: 600
[GUIHIER] [32mVERBOSE[0m Visited: 610
[GUIHIER] [32mVERBOSE[0m Visited: 620
[GUIHIER] [32mVERBOSE[0m Visited: 630
[GUIHIER] [32mVERBOSE[0m Visited: 640
[GUIHIER] [32mVERBOSE[0m Visited: 10
[GUIHIER] [32mVERBOSE[0m Visited: 20
[GUIHIER] [32mVERBOSE[0m Visited: 30
[GUIHIER] [32mVERBOSE[0m Visited: 40
[GUIHIER] [32mVERBOSE[0m Visited: 50
[GUIHIER] [32mVERBOSE[0m Visited: 60
[GUIHIER] [32mVERBOSE[0m Visited: 70
[GUIHIER] [32mVERBOSE[0m Visited: 80
[GUIHIER] [32mVERBOSE[0m Visited: 90
[GUIHIER] [32mVERBOSE[0m Visited: 100
[GUIHIER] [32mVERBOSE[0m Visited: 110
[GUIHIER] [32mVERBOSE[0m Visited: 120
[GUIHIER] [32mVERBOSE[0m Visited: 130
[GUIHIER] [32mVERBOSE[0m Visited: 140
[GUIHIER] [32mVERBOSE[0m Visited: 150
[GUIHIER] [32mVERBOSE[0m Visited: 160
[GUIHIER] [32mVERBOSE[0m Visited: 170
[GUIHIER] [32mVERBOSE[0m Visited: 180
[GUIHIER] [32mVERBOSE[0m Visited: 190
[GUIHIER] [32mVERBOSE[0m Visited: 200
[GUIHIER] [32mVERBOSE[0m Visited: 210
[GUIHIER] [32mVERBOSE[0m Visited: 220
[GUIHIER] [32mVERBOSE[0m Visited: 230
[GUIHIER] [32mVERBOSE[0m Visited: 240
[GUIHIER] [32mVERBOSE[0m Visited: 250
[GUIHIER] [32mVERBOSE[0m Visited: 260
[GUIHIER] [32mVERBOSE[0m Visited: 270
[GUIHIER] [32mVERBOSE[0m Visited: 280
[GUIHIER] [32mVERBOSE[0m Visited: 290
[GUIHIER] [32mVERBOSE[0m Visited: 300
[GUIHIER] [32mVERBOSE[0m Visited: 310
[GUIHIER] [32mVERBOSE[0m Visited: 320
[GUIHIER] [32mVERBOSE[0m Visited: 330
[GUIHIER] [32mVERBOSE[0m Visited: 340
[GUIHIER] [32mVERBOSE[0m Visited: 350
[GUIHIER] [32mVERBOSE[0m Visited: 360
[GUIHIER] [32mVERBOSE[0m Visited: 370
[GUIHIER] [32mVERBOSE[0m Visited: 380
[GUIHIER] [32mVERBOSE[0m Visited: 390
[GUIHIER] [32mVERBOSE[0m Visited: 400
[GUIHIER] [32mVERBOSE[0m Visited: 410
[GUIHIER] [32mVERBOSE[0m Visited: 420
[GUIHIER] [32mVERBOSE[0m Visited: 430
[GUIHIER] [32mVERBOSE[0m Visited: 440
[GUIHIER] [32mVERBOSE[0m Visited: 450
[GUIHIER] [32mVERBOSE[0m Visited: 460
[GUIHIER] [32mVERBOSE[0m Visited: 470
[GUIHIER] [32mVERBOSE[0m Visited: 480
[GUIHIER] [32mVERBOSE[0m Visited: 490
[GUIHIER] [32mVERBOSE[0m Visited: 500
[GUIHIER] [32mVERBOSE[0m Visited: 510
[GUIHIER] [32mVERBOSE[0m Visited: 520
[GUIHIER] [32mVERBOSE[0m Visited: 530
[GUIHIER] [32mVERBOSE[0m Visited: 540
[GUIHIER] [32mVERBOSE[0m Visited: 550
[GUIHIER] [32mVERBOSE[0m Visited: 560
[GUIHIER] [32mVERBOSE[0m Visited: 570
[GUIHIER] [32mVERBOSE[0m Visited: 580
[GUIHIER] [32mVERBOSE[0m Visited: 590
[GUIHIER] [32mVERBOSE[0m Visited: 600
[GUIHIER] [32mVERBOSE[0m Visited: 610
[GUIHIER] [32mVERBOSE[0m Visited: 620
[GUIHIER] [32mVERBOSE[0m Visited: 630
[GUIHIER] [32mVERBOSE[0m Visited: 640
[GUIHIER] [32mVERBOSE[0m Visited: 650
[GUIHIER] [32mVERBOSE[0m Visited: 10
[GUIHIER] [32mVERBOSE[0m Visited: 20
[GUIHIER] [32mVERBOSE[0m Visited: 30
[GUIHIER] [32mVERBOSE[0m Visited: 40
[GUIHIER] [32mVERBOSE[0m Visited: 50
[GUIHIER] [32mVERBOSE[0m Visited: 10
[GUIHIER] [32mVERBOSE[0m Visited: 20
[GUIHIER] [32mVERBOSE[0m Visited: 30
[GUIHIER] [32mVERBOSE[0m Visited: 10
[GUIHIER] [32mVERBOSE[0m Visited: 20
[GUIHIER] [32mVERBOSE[0m Visited: 30
[GUIHIER] [32mVERBOSE[0m Visited: 40
[GUIHIER] [32mVERBOSE[0m Visited: 10
[GUIHIER] [32mVERBOSE[0m Visited: 20
[GUIHIER] [32mVERBOSE[0m Visited: 30
[GUIHIER] [32mVERBOSE[0m Visited: 10
[GUIHIER] [32mVERBOSE[0m Visited: 10
[GUIHIER] [32mVERBOSE[0m Visited: 20
[GUIHIER] [32mVERBOSE[0m Visited: 10
[GUIHIER] [32mVERBOSE[0m Visited: 10
[GUIHIER] [32mVERBOSE[0m Visited: 10
[GUIHIER] [32mVERBOSE[0m Visited: 20
[GUIHIER] [32mVERBOSE[0m Visited: 30
[GUIHIER] [32mVERBOSE[0m Visited: 40
[GUIHIER] [32mVERBOSE[0m Visited: 50
[GUIHIER] [32mVERBOSE[0m Visited: 60
[GUIHIER] [32mVERBOSE[0m Visited: 70
[GUIHIER] [32mVERBOSE[0m Visited: 10
[GUIHIER] [32mVERBOSE[0m Visited: 20
[GUIHIER] [32mVERBOSE[0m Visited: 30
[GUIHIER] [32mVERBOSE[0m Visited: 40
[GUIHIER] [32mVERBOSE[0m Visited: 50
[GUIHIER] [32mVERBOSE[0m Visited: 60
[GUIHIER] [32mVERBOSE[0m Visited: 70
[GUIHIER] [32mVERBOSE[0m Visited: 80
[GUIHIER] [32mVERBOSE[0m Visited: 90
[GUIHIER] [32mVERBOSE[0m Visited: 100
[GUIHIER] [32mVERBOSE[0m Visited: 110
[GUIHIER] [32mVERBOSE[0m Visited: 120
[GUIHIER] [32mVERBOSE[0m Visited: 130
[GUIHIER] [32mVERBOSE[0m Visited: 140
[GUIHIER] [32mVERBOSE[0m Visited: 150
[GUIHIER] [32mVERBOSE[0m Visited: 160
[GUIHIER] [32mVERBOSE[0m Visited: 170
[GUIHIER] [32mVERBOSE[0m Visited: 180
[GUIHIER] [32mVERBOSE[0m Visited: 190
[GUIHIER] [32mVERBOSE[0m Visited: 200
[GUIHIER] [32mVERBOSE[0m Visited: 210
[GUIHIER] [32mVERBOSE[0m Visited: 220
[GUIHIER] [32mVERBOSE[0m Visited: 230
[GUIHIER] [32mVERBOSE[0m Visited: 240
[GUIHIER] [32mVERBOSE[0m Visited: 250
[GUIHIER] [32mVERBOSE[0m Visited: 260
[GUIHIER] [32mVERBOSE[0m Visited: 270
[GUIHIER] [32mVERBOSE[0m Visited: 280
[GUIHIER] [32mVERBOSE[0m Visited: 290
[GUIHIER] [32mVERBOSE[0m Visited: 300
[GUIHIER] [32mVERBOSE[0m Visited: 310
[GUIHIER] [32mVERBOSE[0m Visited: 320
[GUIHIER] [32mVERBOSE[0m Visited: 330
[GUIHIER] [32mVERBOSE[0m Visited: 340
[GUIHIER] [32mVERBOSE[0m Visited: 350
[GUIHIER] [32mVERBOSE[0m Visited: 360
[GUIHIER] [32mVERBOSE[0m Visited: 370
[GUIHIER] [32mVERBOSE[0m Visited: 380
[GUIHIER] [32mVERBOSE[0m Visited: 390
[GUIHIER] [32mVERBOSE[0m Visited: 400
[GUIHIER] [32mVERBOSE[0m Visited: 410
[GUIHIER] [32mVERBOSE[0m Visited: 420
[GUIHIER] [32mVERBOSE[0m Visited: 430
[GUIHIER] [32mVERBOSE[0m Visited: 440
[GUIHIER] [32mVERBOSE[0m Visited: 450
[GUIHIER] [32mVERBOSE[0m Visited: 460
[GUIHIER] [32mVERBOSE[0m Visited: 470
[GUIHIER] [32mVERBOSE[0m Visited: 480
[GUIHIER] [32mVERBOSE[0m Visited: 490
[GUIHIER] [32mVERBOSE[0m Visited: 500
[GUIHIER] [32mVERBOSE[0m Visited: 510
[GUIHIER] [32mVERBOSE[0m Visited: 520
[GUIHIER] [32mVERBOSE[0m Visited: 530
[GUIHIER] [32mVERBOSE[0m Visited: 540
[GUIHIER] [32mVERBOSE[0m Visited: 550
[GUIHIER] [32mVERBOSE[0m Visited: 560
[GUIHIER] [32mVERBOSE[0m Visited: 570
[GUIHIER] [32mVERBOSE[0m Visited: 580
[GUIHIER] [32mVERBOSE[0m Visited: 590
[GUIHIER] [32mVERBOSE[0m Visited: 10
[GUIHIER] [32mVERBOSE[0m Visited: 20
[GUIHIER] [32mVERBOSE[0m Visited: 30
[GUIHIER] [32mVERBOSE[0m Visited: 40
[GUIHIER] [32mVERBOSE[0m Visited: 10
[GUIHIER] [32mVERBOSE[0m Visited: 20
[GUIHIER] [32mVERBOSE[0m Visited: 30
[GUIHIER] [32mVERBOSE[0m Visited: 40
[GUIHIER] [32mVERBOSE[0m Visited: 50
[GUIHIER] [32mVERBOSE[0m Visited: 60
[GUIHIER] [32mVERBOSE[0m Visited: 70
[GUIHIER] [32mVERBOSE[0m Visited: 80
[GUIHIER] [32mVERBOSE[0m Visited: 90
[GUIHIER] [32mVERBOSE[0m Visited: 100
[GUIHIER] [32mVERBOSE[0m Visited: 110
[GUIHIER] [32mVERBOSE[0m Visited: 120
[GUIHIER] [32mVERBOSE[0m Visited: 130
[GUIHIER] [32mVERBOSE[0m Visited: 140
[GUIHIER] [32mVERBOSE[0m Visited: 150
[GUIHIER] [32mVERBOSE[0m Visited: 160
[GUIHIER] [32mVERBOSE[0m Visited: 170
[GUIHIER] [32mVERBOSE[0m Visited: 180
[GUIHIER] [32mVERBOSE[0m Visited: 190
[GUIHIER] [32mVERBOSE[0m Visited: 200
[GUIHIER] [32mVERBOSE[0m Visited: 210
[GUIHIER] [32mVERBOSE[0m Visited: 220
[GUIHIER] [32mVERBOSE[0m Visited: 230
[GUIHIER] [32mVERBOSE[0m Visited: 240
[GUIHIER] [32mVERBOSE[0m Visited: 250
[GUIHIER] [32mVERBOSE[0m Visited: 260
[GUIHIER] [32mVERBOSE[0m Visited: 270
[GUIHIER] [32mVERBOSE[0m Visited: 280
[GUIHIER] [32mVERBOSE[0m Visited: 290
[GUIHIER] [32mVERBOSE[0m Visited: 300
[GUIHIER] [32mVERBOSE[0m Visited: 310
[GUIHIER] [32mVERBOSE[0m Visited: 320
[GUIHIER] [32mVERBOSE[0m Visited: 330
[GUIHIER] [32mVERBOSE[0m Visited: 340
[GUIHIER] [32mVERBOSE[0m Visited: 350
[GUIHIER] [32mVERBOSE[0m Visited: 360
[GUIHIER] [32mVERBOSE[0m Visited: 370
[GUIHIER] [32mVERBOSE[0m Visited: 380
[GUIHIER] [32mVERBOSE[0m Visited: 390
[GUIHIER] [32mVERBOSE[0m Visited: 400
[GUIHIER] [32mVERBOSE[0m Visited: 410
[GUIHIER] [32mVERBOSE[0m Visited: 420
[GUIHIER] [32mVERBOSE[0m Visited: 430
[GUIHIER] [32mVERBOSE[0m Visited: 440
[GUIHIER] [32mVERBOSE[0m Visited: 450
[GUIHIER] [32mVERBOSE[0m Visited: 460
[GUIHIER] [32mVERBOSE[0m Visited: 470
[GUIHIER] [32mVERBOSE[0m Visited: 480
[GUIHIER] [32mVERBOSE[0m Visited: 490
[GUIHIER] [32mVERBOSE[0m Visited: 500
[GUIHIER] [32mVERBOSE[0m Visited: 510
[GUIHIER] [32mVERBOSE[0m Visited: 520
[GUIHIER] [32mVERBOSE[0m Visited: 530
[GUIHIER] [32mVERBOSE[0m Visited: 540
[GUIHIER] [32mVERBOSE[0m Visited: 550
[GUIHIER] [32mVERBOSE[0m Visited: 560
[GUIHIER] [32mVERBOSE[0m Visited: 570
[GUIHIER] [32mVERBOSE[0m Visited: 580
[GUIHIER] [32mVERBOSE[0m Visited: 590
[GUIHIER] [32mVERBOSE[0m Visited: 600
[GUIHIER] [32mVERBOSE[0m Visited: 610
[GUIHIER] [32mVERBOSE[0m Visited: 620
[GUIHIER] [32mVERBOSE[0m Visited: 630
[GUIHIER] [32mVERBOSE[0m Visited: 640
[GUIHIER] [32mVERBOSE[0m Visited: 650
[GUIHIER] [32mVERBOSE[0m Visited: 660
[GUIHIER] [32mVERBOSE[0m Visited: 670
[GUIHIER] [32mVERBOSE[0m Visited: 680
[GUIHIER] [32mVERBOSE[0m Visited: 690
[GUIHIER] [32mVERBOSE[0m Visited: 10
[GUIHIER] [32mVERBOSE[0m Visited: 10
[GUIHIER] [32mVERBOSE[0m Visited: 20
[GUIHIER] [32mVERBOSE[0m Visited: 30
[GUIHIER] [32mVERBOSE[0m Visited: 40
[GUIHIER] [32mVERBOSE[0m Visited: 50
[GUIHIER] [32mVERBOSE[0m Visited: 60
[GUIHIER] [32mVERBOSE[0m Visited: 70
[GUIHIER] [32mVERBOSE[0m Visited: 10
[GUIHIER] [32mVERBOSE[0m Visited: 20
[GUIHIER] [32mVERBOSE[0m Visited: 30
[GUIHIER] [32mVERBOSE[0m Visited: 40
[GUIHIER] [32mVERBOSE[0m Visited: 50
[GUIHIER] [32mVERBOSE[0m Visited: 60
[GUIHIER] [32mVERBOSE[0m Visited: 70
[GUIHIER] [32mVERBOSE[0m Visited: 80
[GUIHIER] [32mVERBOSE[0m Visited: 90
[GUIHIER] [32mVERBOSE[0m Visited: 100
[GUIHIER] [32mVERBOSE[0m Visited: 110
[GUIHIER] [32mVERBOSE[0m Visited: 120
[GUIHIER] [32mVERBOSE[0m Visited: 130
[GUIHIER] [32mVERBOSE[0m Visited: 140
[GUIHIER] [32mVERBOSE[0m Visited: 150
[GUIHIER] [32mVERBOSE[0m Visited: 160
[GUIHIER] [32mVERBOSE[0m Visited: 170
[GUIHIER] [32mVERBOSE[0m Visited: 180
[GUIHIER] [32mVERBOSE[0m Visited: 190
[GUIHIER] [32mVERBOSE[0m Visited: 200
[GUIHIER] [32mVERBOSE[0m Visited: 210
[GUIHIER] [32mVERBOSE[0m Visited: 220
[GUIHIER] [32mVERBOSE[0m Visited: 230
[GUIHIER] [32mVERBOSE[0m Visited: 240
[GUIHIER] [32mVERBOSE[0m Visited: 250
[GUIHIER] [32mVERBOSE[0m Visited: 260
[GUIHIER] [32mVERBOSE[0m Visited: 270
[GUIHIER] [32mVERBOSE[0m Visited: 280
[GUIHIER] [32mVERBOSE[0m Visited: 290
[GUIHIER] [32mVERBOSE[0m Visited: 300
[GUIHIER] [32mVERBOSE[0m Visited: 310
[GUIHIER] [32mVERBOSE[0m Visited: 320
[GUIHIER] [32mVERBOSE[0m Visited: 330
[GUIHIER] [32mVERBOSE[0m Visited: 340
[GUIHIER] [32mVERBOSE[0m Visited: 350
[GUIHIER] [32mVERBOSE[0m Visited: 360
[GUIHIER] [32mVERBOSE[0m Visited: 370
[GUIHIER] [32mVERBOSE[0m Visited: 380
[GUIHIER] [32mVERBOSE[0m Visited: 390
[GUIHIER] [32mVERBOSE[0m Visited: 400
[GUIHIER] [32mVERBOSE[0m Visited: 410
[GUIHIER] [32mVERBOSE[0m Visited: 420
[GUIHIER] [32mVERBOSE[0m Visited: 430
[GUIHIER] [32mVERBOSE[0m Visited: 440
[GUIHIER] [32mVERBOSE[0m Visited: 450
[GUIHIER] [32mVERBOSE[0m Visited: 460
[GUIHIER] [32mVERBOSE[0m Visited: 470
[GUIHIER] [32mVERBOSE[0m Visited: 480
[GUIHIER] [32mVERBOSE[0m Visited: 490
[GUIHIER] [32mVERBOSE[0m Visited: 500
[GUIHIER] [32mVERBOSE[0m Visited: 510
[GUIHIER] [32mVERBOSE[0m Visited: 520
[GUIHIER] [32mVERBOSE[0m Visited: 530
[GUIHIER] [32mVERBOSE[0m Visited: 540
[GUIHIER] [32mVERBOSE[0m Visited: 550
[GUIHIER] [32mVERBOSE[0m Visited: 560
[GUIHIER] [32mVERBOSE[0m Visited: 570
[GUIHIER] [32mVERBOSE[0m Visited: 580
[GUIHIER] [32mVERBOSE[0m Visited: 590
[GUIHIER] [32mVERBOSE[0m Visited: 600
[GUIHIER] [32mVERBOSE[0m Visited: 610
[GUIHIER] [32mVERBOSE[0m Visited: 620
[GUIHIER] [32mVERBOSE[0m Visited: 630
[GUIHIER] [32mVERBOSE[0m Visited: 640
[GUIHIER] [32mVERBOSE[0m Visited: 650
[GUIHIER] [32mVERBOSE[0m Visited: 660
[GUIHIER] [32mVERBOSE[0m Visited: 670
[GUIHIER] [32mVERBOSE[0m Visited: 680
[GUIHIER] [32mVERBOSE[0m Visited: 10
[GUIHIER] [32mVERBOSE[0m Visited: 10
[GUIHIER] [32mVERBOSE[0m Visited: 20
[GUIHIER] [32mVERBOSE[0m Visited: 10
[GUIHIER] [32mVERBOSE[0m Visited: 20
[GUIHIER] [32mVERBOSE[0m Visited: 30
[GUIHIER] [32mVERBOSE[0m Visited: 40
[GUIHIER] [32mVERBOSE[0m Visited: 50
[GUIHIER] [32mVERBOSE[0m Visited: 60
[GUIHIER] [32mVERBOSE[0m Visited: 70
[GUIHIER] [32mVERBOSE[0m Visited: 80
[GUIHIER] [32mVERBOSE[0m Visited: 90
[GUIHIER] [32mVERBOSE[0m Visited: 100
[GUIHIER] [32mVERBOSE[0m Visited: 110
[GUIHIER] [32mVERBOSE[0m Visited: 120
[GUIHIER] [32mVERBOSE[0m Visited: 130
[GUIHIER] [32mVERBOSE[0m Visited: 140
[GUIHIER] [32mVERBOSE[0m Visited: 150
[GUIHIER] [32mVERBOSE[0m Visited: 160
[GUIHIER] [32mVERBOSE[0m Visited: 170
[GUIHIER] [32mVERBOSE[0m Visited: 180
[GUIHIER] [32mVERBOSE[0m Visited: 190
[GUIHIER] [32mVERBOSE[0m Visited: 200
[GUIHIER] [32mVERBOSE[0m Visited: 210
[GUIHIER] [32mVERBOSE[0m Visited: 220
[GUIHIER] [32mVERBOSE[0m Visited: 230
[GUIHIER] [32mVERBOSE[0m Visited: 240
[GUIHIER] [32mVERBOSE[0m Visited: 250
[GUIHIER] [32mVERBOSE[0m Visited: 260
[GUIHIER] [32mVERBOSE[0m Visited: 270
[GUIHIER] [32mVERBOSE[0m Visited: 280
[GUIHIER] [32mVERBOSE[0m Visited: 290
[GUIHIER] [32mVERBOSE[0m Visited: 300
[GUIHIER] [32mVERBOSE[0m Visited: 310
[GUIHIER] [32mVERBOSE[0m Visited: 320
[GUIHIER] [32mVERBOSE[0m Visited: 330
[GUIHIER] [32mVERBOSE[0m Visited: 340
[GUIHIER] [32mVERBOSE[0m Visited: 350
[GUIHIER] [32mVERBOSE[0m Visited: 360
[GUIHIER] [32mVERBOSE[0m Visited: 370
[GUIHIER] [32mVERBOSE[0m Visited: 380
[GUIHIER] [32mVERBOSE[0m Visited: 390
[GUIHIER] [32mVERBOSE[0m Visited: 400
[GUIHIER] [32mVERBOSE[0m Visited: 410
[GUIHIER] [32mVERBOSE[0m Visited: 420
[GUIHIER] [32mVERBOSE[0m Visited: 430
[GUIHIER] [32mVERBOSE[0m Visited: 440
[GUIHIER] [32mVERBOSE[0m Visited: 450
[GUIHIER] [32mVERBOSE[0m Visited: 460
[GUIHIER] [32mVERBOSE[0m Visited: 470
[GUIHIER] [32mVERBOSE[0m Visited: 480
[GUIHIER] [32mVERBOSE[0m Visited: 490
[GUIHIER] [32mVERBOSE[0m Visited: 500
[GUIHIER] [32mVERBOSE[0m Visited: 510
[GUIHIER] [32mVERBOSE[0m Visited: 520
[GUIHIER] [32mVERBOSE[0m Visited: 530
[GUIHIER] [32mVERBOSE[0m Visited: 540
[GUIHIER] [32mVERBOSE[0m Visited: 550
[GUIHIER] [32mVERBOSE[0m Visited: 560
[GUIHIER] [32mVERBOSE[0m Visited: 570
[GUIHIER] [32mVERBOSE[0m Visited: 580
[GUIHIER] [32mVERBOSE[0m Visited: 590
[GUIHIER] [32mVERBOSE[0m Visited: 600
[GUIHIER] [32mVERBOSE[0m Visited: 610
[GUIHIER] [32mVERBOSE[0m Visited: 620
[GUIHIER] [32mVERBOSE[0m Visited: 630
[GUIHIER] [32mVERBOSE[0m Visited: 640
[GUIHIER] [32mVERBOSE[0m Visited: 10
[GUIHIER] [32mVERBOSE[0m Visited: 20
[GUIHIER] [32mVERBOSE[0m Visited: 10
[GUIHIER] [32mVERBOSE[0m Visited: 10
[GUIHIER] [32mVERBOSE[0m Visited: 20
[GUIHIER] [32mVERBOSE[0m Visited: 30
[GUIHIER] [32mVERBOSE[0m Visited: 40
[GUIHIER] [32mVERBOSE[0m Visited: 10
[GUIHIER] [32mVERBOSE[0m Visited: 20
[GUIHIER] [32mVERBOSE[0m Visited: 10
[GUIHIER] [32mVERBOSE[0m Visited: 10
[GUIHIER] [32mVERBOSE[0m Visited: 20
[GUIHIER] [32mVERBOSE[0m Visited: 10
[GUIHIER] [32mVERBOSE[0m Visited: 10
[GUIHIER] [32mVERBOSE[0m Visited: 20
[GUIHIER] [32mVERBOSE[0m Visited: 30
[GUIHIER] [32mVERBOSE[0m Visited: 40
[GUIHIER] [32mVERBOSE[0m Visited: 50
[GUIHIER] [32mVERBOSE[0m Visited: 60
[GUIHIER] [32mVERBOSE[0m Visited: 70
[GUIHIER] [32mVERBOSE[0m Visited: 80
[GUIHIER] [32mVERBOSE[0m Visited: 90
[GUIHIER] [32mVERBOSE[0m Visited: 100
[GUIHIER] [32mVERBOSE[0m Visited: 110
[GUIHIER] [32mVERBOSE[0m Visited: 120
[GUIHIER] [32mVERBOSE[0m Visited: 130
[GUIHIER] [32mVERBOSE[0m Visited: 140
[GUIHIER] [32mVERBOSE[0m Visited: 150
[GUIHIER] [32mVERBOSE[0m Visited: 160
[GUIHIER] [32mVERBOSE[0m Visited: 10
[GUIHIER] [32mVERBOSE[0m Visited: 20
[GUIHIER] [32mVERBOSE[0m Visited: 30
[GUIHIER] [32mVERBOSE[0m Visited: 40
[GUIHIER] [32mVERBOSE[0m Visited: 10
[GUIHIER] [32mVERBOSE[0m Visited: 10
[GUIHIER] [32mVERBOSE[0m Visited: 20
[GUIHIER] [32mVERBOSE[0m Visited: 30
[GUIHIER] [32mVERBOSE[0m Visited: 40
[GUIHIER] [32mVERBOSE[0m Visited: 50
[GUIHIER] [32mVERBOSE[0m Visited: 60
[GUIHIER] [32mVERBOSE[0m Visited: 70
[GUIHIER] [32mVERBOSE[0m Visited: 80
[GUIHIER] [32mVERBOSE[0m Visited: 90
[GUIHIER] [32mVERBOSE[0m Visited: 100
[GUIHIER] [32mVERBOSE[0m Visited: 110
[GUIHIER] [32mVERBOSE[0m Visited: 10
[GUIHIER] [32mVERBOSE[0m Visited: 10
[GUIHIER] [32mVERBOSE[0m Visited: 20
[GUIHIER] [32mVERBOSE[0m Visited: 10
[GUIHIER] [32mVERBOSE[0m Visited: 20
[GUIHIER] [32mVERBOSE[0m Visited: 30
[GUIHIER] [32mVERBOSE[0m Visited: 40
[GUIHIER] [32mVERBOSE[0m Visited: 50
[GUIHIER] [32mVERBOSE[0m Visited: 60
[GUIHIER] [32mVERBOSE[0m Visited: 70
[GUIHIER] [32mVERBOSE[0m Visited: 80
[GUIHIER] [32mVERBOSE[0m Visited: 90
[GUIHIER] [32mVERBOSE[0m Visited: 100
[GUIHIER] [32mVERBOSE[0m Visited: 110
[GUIHIER] [32mVERBOSE[0m Visited: 120
[GUIHIER] [32mVERBOSE[0m Visited: 10
[GUIHIER] [32mVERBOSE[0m Visited: 20
[GUIHIER] [32mVERBOSE[0m Visited: 30
[GUIHIER] [32mVERBOSE[0m Visited: 40
[GUIHIER] [32mVERBOSE[0m Visited: 50
[GUIHIER] [32mVERBOSE[0m Visited: 60
[GUIHIER] [32mVERBOSE[0m Visited: 70
[GUIHIER] [32mVERBOSE[0m Visited: 80
[GUIHIER] [32mVERBOSE[0m Visited: 90
[GUIHIER] [32mVERBOSE[0m Visited: 100
[GUIHIER] [32mVERBOSE[0m Visited: 110
[GUIHIER] [32mVERBOSE[0m Visited: 120
[GUIHIER] [32mVERBOSE[0m Visited: 130
[GUIHIER] [32mVERBOSE[0m Visited: 140
[GUIHIER] [32mVERBOSE[0m Visited: 150
[GUIHIER] [32mVERBOSE[0m Visited: 160
[GUIHIER] [32mVERBOSE[0m Visited: 170
[GUIHIER] [32mVERBOSE[0m Visited: 180
[GUIHIER] [32mVERBOSE[0m Visited: 190
[GUIHIER] [32mVERBOSE[0m Visited: 200
[GUIHIER] [32mVERBOSE[0m Visited: 210
[GUIHIER] [32mVERBOSE[0m Visited: 220
[GUIHIER] [32mVERBOSE[0m Visited: 230
[GUIHIER] [32mVERBOSE[0m Visited: 240
[GUIHIER] [32mVERBOSE[0m Visited: 250
[GUIHIER] [32mVERBOSE[0m Visited: 260
[GUIHIER] [32mVERBOSE[0m Visited: 270
[GUIHIER] [32mVERBOSE[0m Visited: 280
[GUIHIER] [32mVERBOSE[0m Visited: 290
[GUIHIER] [32mVERBOSE[0m Visited: 300
[GUIHIER] [32mVERBOSE[0m Visited: 310
[GUIHIER] [32mVERBOSE[0m Visited: 320
[GUIHIER] [32mVERBOSE[0m Visited: 330
[GUIHIER] [32mVERBOSE[0m Visited: 340
[GUIHIER] [32mVERBOSE[0m Visited: 350
[GUIHIER] [32mVERBOSE[0m Visited: 360
[GUIHIER] [32mVERBOSE[0m Visited: 370
[GUIHIER] [32mVERBOSE[0m Visited: 380
[GUIHIER] [32mVERBOSE[0m Visited: 390
[GUIHIER] [32mVERBOSE[0m Visited: 400
[GUIHIER] [32mVERBOSE[0m Visited: 410
[GUIHIER] [32mVERBOSE[0m Visited: 420
[GUIHIER] [32mVERBOSE[0m Visited: 430
[GUIHIER] [32mVERBOSE[0m Visited: 440
[GUIHIER] [32mVERBOSE[0m Visited: 450
[GUIHIER] [32mVERBOSE[0m Visited: 460
[GUIHIER] [32mVERBOSE[0m Visited: 470
[GUIHIER] [32mVERBOSE[0m Visited: 480
[GUIHIER] [32mVERBOSE[0m Visited: 490
[GUIHIER] [32mVERBOSE[0m Visited: 500
[GUIHIER] [32mVERBOSE[0m Visited: 510
[GUIHIER] [32mVERBOSE[0m Visited: 520
[GUIHIER] [32mVERBOSE[0m Visited: 530
[GUIHIER] [32mVERBOSE[0m Visited: 540
[GUIHIER] [32mVERBOSE[0m Visited: 550
[GUIHIER] [32mVERBOSE[0m Visited: 560
[GUIHIER] [32mVERBOSE[0m Visited: 570
[GUIHIER] [32mVERBOSE[0m Visited: 580
[GUIHIER] [32mVERBOSE[0m Visited: 590
[GUIHIER] [32mVERBOSE[0m Visited: 600
[GUIHIER] [32mVERBOSE[0m Visited: 610
[GUIHIER] [32mVERBOSE[0m Visited: 620
[GUIHIER] [32mVERBOSE[0m Visited: 630
[GUIHIER] [32mVERBOSE[0m Visited: 640
[GUIHIER] [32mVERBOSE[0m Visited: 650
[GUIHIER] [32mVERBOSE[0m Visited: 660
[GUIHIER] [32mVERBOSE[0m Visited: 670
[GUIHIER] [32mVERBOSE[0m Visited: 680
[GUIHIER] [32mVERBOSE[0m Visited: 690
[GUIHIER] [32mVERBOSE[0m Visited: 10
[GUIHIER] [32mVERBOSE[0m Visited: 20
[GUIHIER] [32mVERBOSE[0m Visited: 30
[GUIHIER] [32mVERBOSE[0m Visited: 40
[GUIHIER] [32mVERBOSE[0m Visited: 50
[GUIHIER] [32mVERBOSE[0m Visited: 10
[GUIHIER] [32mVERBOSE[0m Visited: 20
[GUIHIER] [32mVERBOSE[0m Visited: 30
[GUIHIER] [32mVERBOSE[0m Visited: 40
[GUIHIER] [32mVERBOSE[0m Visited: 50
[GUIHIER] [32mVERBOSE[0m Visited: 10
[GUIHIER] [32mVERBOSE[0m Visited: 20
[GUIHIER] [32mVERBOSE[0m Visited: 30
[GUIHIER] [32mVERBOSE[0m Visited: 40
[GUIHIER] [32mVERBOSE[0m Visited: 50
[GUIHIER] [32mVERBOSE[0m Visited: 60
[GUIHIER] [32mVERBOSE[0m Visited: 10
[GUIHIER] [32mVERBOSE[0m Visited: 20
[GUIHIER] [32mVERBOSE[0m Visited: 10
[GUIHIER] [32mVERBOSE[0m Visited: 10
[GUIHIER] [32mVERBOSE[0m Visited: 20
[GUIHIER] [32mVERBOSE[0m Visited: 10
[GUIHIER] [32mVERBOSE[0m Visited: 10
[GUIHIER] [32mVERBOSE[0m Visited: 20
[GUIHIER] [32mVERBOSE[0m Visited: 30
[GUIHIER] [32mVERBOSE[0m Visited: 40
[GUIHIER] [32mVERBOSE[0m Visited: 50
[GUIHIER] [32mVERBOSE[0m Visited: 60
[GUIHIER] [32mVERBOSE[0m Visited: 70
[GUIHIER] [32mVERBOSE[0m Visited: 80
[GUIHIER] [32mVERBOSE[0m Visited: 90
[GUIHIER] [32mVERBOSE[0m Visited: 100
[GUIHIER] [32mVERBOSE[0m Visited: 110
[GUIHIER] [32mVERBOSE[0m Visited: 120
[GUIHIER] [32mVERBOSE[0m Visited: 130
[GUIHIER] [32mVERBOSE[0m Visited: 140
[GUIHIER] [32mVERBOSE[0m Visited: 150
[GUIHIER] [32mVERBOSE[0m Visited: 160
[GUIHIER] [32mVERBOSE[0m Visited: 170
[GUIHIER] [32mVERBOSE[0m Visited: 180
[GUIHIER] [32mVERBOSE[0m Visited: 190
[GUIHIER] [32mVERBOSE[0m Visited: 200
[GUIHIER] [32mVERBOSE[0m Visited: 210
[GUIHIER] [32mVERBOSE[0m Visited: 220
[GUIHIER] [32mVERBOSE[0m Visited: 230
[GUIHIER] [32mVERBOSE[0m Visited: 240
[GUIHIER] [32mVERBOSE[0m Visited: 250
[GUIHIER] [32mVERBOSE[0m Visited: 260
[GUIHIER] [32mVERBOSE[0m Visited: 270
[GUIHIER] [32mVERBOSE[0m Visited: 280
[GUIHIER] [32mVERBOSE[0m Visited: 290
[GUIHIER] [32mVERBOSE[0m Visited: 300
[GUIHIER] [32mVERBOSE[0m Visited: 310
[GUIHIER] [32mVERBOSE[0m Visited: 320
[GUIHIER] [32mVERBOSE[0m Visited: 330
[GUIHIER] [32mVERBOSE[0m Visited: 340
[GUIHIER] [32mVERBOSE[0m Visited: 350
[GUIHIER] [32mVERBOSE[0m Visited: 360
[GUIHIER] [32mVERBOSE[0m Visited: 370
[GUIHIER] [32mVERBOSE[0m Visited: 380
[GUIHIER] [32mVERBOSE[0m Visited: 390
[GUIHIER] [32mVERBOSE[0m Visited: 400
[GUIHIER] [32mVERBOSE[0m Visited: 410
[GUIHIER] [32mVERBOSE[0m Visited: 420
[GUIHIER] [32mVERBOSE[0m Visited: 430
[GUIHIER] [32mVERBOSE[0m Visited: 440
[GUIHIER] [32mVERBOSE[0m Visited: 450
[GUIHIER] [32mVERBOSE[0m Visited: 460
[GUIHIER] [32mVERBOSE[0m Visited: 470
[GUIHIER] [32mVERBOSE[0m Visited: 480
[GUIHIER] [32mVERBOSE[0m Visited: 490
[GUIHIER] [32mVERBOSE[0m Visited: 500
[GUIHIER] [32mVERBOSE[0m Visited: 510
[GUIHIER] [32mVERBOSE[0m Visited: 520
[GUIHIER] [32mVERBOSE[0m Visited: 530
[GUIHIER] [32mVERBOSE[0m Visited: 540
[GUIHIER] [32mVERBOSE[0m Visited: 550
[GUIHIER] [32mVERBOSE[0m Visited: 560
[GUIHIER] [32mVERBOSE[0m Visited: 570
[GUIHIER] [32mVERBOSE[0m Visited: 580
[GUIHIER] [32mVERBOSE[0m Visited: 590
[GUIHIER] [32mVERBOSE[0m Visited: 600
[GUIHIER] [32mVERBOSE[0m Visited: 610
[GUIHIER] [32mVERBOSE[0m Visited: 620
[GUIHIER] [32mVERBOSE[0m Visited: 630
[GUIHIER] [32mVERBOSE[0m Visited: 640
[GUIHIER] [32mVERBOSE[0m Visited: 10
[GUIHIER] [32mVERBOSE[0m Visited: 10
[GUIHIER] [32mVERBOSE[0m Visited: 10
[GUIHIER] [32mVERBOSE[0m Visited: 10
[GUIHIER] [32mVERBOSE[0m Visited: 20
[GUIHIER] [32mVERBOSE[0m Visited: 30
[GUIHIER] [32mVERBOSE[0m Visited: 40
[GUIHIER] [32mVERBOSE[0m Visited: 50
[GUIHIER] [32mVERBOSE[0m Visited: 10
[GUIHIER] [32mVERBOSE[0m Visited: 20
[GUIHIER] [32mVERBOSE[0m Visited: 30
[GUIHIER] [32mVERBOSE[0m Visited: 40
[GUIHIER] [32mVERBOSE[0m Visited: 10
[GUIHIER] [32mVERBOSE[0m Visited: 20
[GUIHIER] [32mVERBOSE[0m Visited: 30
[GUIHIER] [32mVERBOSE[0m Visited: 40
[GUIHIER] [32mVERBOSE[0m Visited: 50
[GUIHIER] [32mVERBOSE[0m Visited: 10
[GUIHIER] [32mVERBOSE[0m Visited: 20
[GUIHIER] [32mVERBOSE[0m Visited: 30
[GUIHIER] [32mVERBOSE[0m Visited: 40
[GUIHIER] [32mVERBOSE[0m Visited: 10
[GUIHIER] [32mVERBOSE[0m Visited: 20
[GUIHIER] [32mVERBOSE[0m Visited: 30
[GUIHIER] [32mVERBOSE[0m Visited: 40
[GUIHIER] [32mVERBOSE[0m Visited: 50
[GUIHIER] [32mVERBOSE[0m Visited: 60
[GUIHIER] [32mVERBOSE[0m Visited: 70
[GUIHIER] [32mVERBOSE[0m Visited: 80
[GUIHIER] [32mVERBOSE[0m Visited: 90
[GUIHIER] [32mVERBOSE[0m Visited: 100
[GUIHIER] [32mVERBOSE[0m Visited: 110
[GUIHIER] [32mVERBOSE[0m Visited: 120
[GUIHIER] [32mVERBOSE[0m Visited: 130
[GUIHIER] [32mVERBOSE[0m Visited: 140
[GUIHIER] [32mVERBOSE[0m Visited: 150
[GUIHIER] [32mVERBOSE[0m Visited: 160
[GUIHIER] [32mVERBOSE[0m Visited: 170
[GUIHIER] [32mVERBOSE[0m Visited: 180
[GUIHIER] [32mVERBOSE[0m Visited: 190
[GUIHIER] [32mVERBOSE[0m Visited: 200
[GUIHIER] [32mVERBOSE[0m Visited: 210
[GUIHIER] [32mVERBOSE[0m Visited: 220
[GUIHIER] [32mVERBOSE[0m Visited: 230
[GUIHIER] [32mVERBOSE[0m Visited: 240
[GUIHIER] [32mVERBOSE[0m Visited: 250
[GUIHIER] [32mVERBOSE[0m Visited: 260
[GUIHIER] [32mVERBOSE[0m Visited: 270
[GUIHIER] [32mVERBOSE[0m Visited: 280
[GUIHIER] [32mVERBOSE[0m Visited: 290
[GUIHIER] [32mVERBOSE[0m Visited: 300
[GUIHIER] [32mVERBOSE[0m Visited: 310
[GUIHIER] [32mVERBOSE[0m Visited: 320
[GUIHIER] [32mVERBOSE[0m Visited: 330
[GUIHIER] [32mVERBOSE[0m Visited: 340
[GUIHIER] [32mVERBOSE[0m Visited: 350
[GUIHIER] [32mVERBOSE[0m Visited: 360
[GUIHIER] [32mVERBOSE[0m Visited: 370
[GUIHIER] [32mVERBOSE[0m Visited: 380
[GUIHIER] [32mVERBOSE[0m Visited: 390
[GUIHIER] [32mVERBOSE[0m Visited: 400
[GUIHIER] [32mVERBOSE[0m Visited: 410
[GUIHIER] [32mVERBOSE[0m Visited: 420
[GUIHIER] [32mVERBOSE[0m Visited: 430
[GUIHIER] [32mVERBOSE[0m Visited: 440
[GUIHIER] [32mVERBOSE[0m Visited: 450
[GUIHIER] [32mVERBOSE[0m Visited: 460
[GUIHIER] [32mVERBOSE[0m Visited: 470
[GUIHIER] [32mVERBOSE[0m Visited: 480
[GUIHIER] [32mVERBOSE[0m Visited: 490
[GUIHIER] [32mVERBOSE[0m Visited: 500
[GUIHIER] [32mVERBOSE[0m Visited: 510
[GUIHIER] [32mVERBOSE[0m Visited: 520
[GUIHIER] [32mVERBOSE[0m Visited: 530
[GUIHIER] [32mVERBOSE[0m Visited: 540
[GUIHIER] [32mVERBOSE[0m Visited: 550
[GUIHIER] [32mVERBOSE[0m Visited: 560
[GUIHIER] [32mVERBOSE[0m Visited: 570
[GUIHIER] [32mVERBOSE[0m Visited: 580
[GUIHIER] [32mVERBOSE[0m Visited: 590
[GUIHIER] [32mVERBOSE[0m Visited: 600
[GUIHIER] [32mVERBOSE[0m Visited: 610
[GUIHIER] [32mVERBOSE[0m Visited: 620
[GUIHIER] [32mVERBOSE[0m Visited: 630
[GUIHIER] [32mVERBOSE[0m Visited: 640
[GUIHIER] [32mVERBOSE[0m Visited: 650
[GUIHIER] [32mVERBOSE[0m Visited: 660
[GUIHIER] [32mVERBOSE[0m Visited: 670
[GUIHIER] [32mVERBOSE[0m Visited: 680
[GUIHIER] [32mVERBOSE[0m Visited: 690
[GUIHIER] [32mVERBOSE[0m Visited: 700
[GUIHIER] [32mVERBOSE[0m Visited: 710
[GUIHIER] [32mVERBOSE[0m Visited: 720
[GUIHIER] [32mVERBOSE[0m Visited: 730
[GUIHIER] [32mVERBOSE[0m Visited: 740
[GUIHIER] [32mVERBOSE[0m Visited: 750
[GUIHIER] [32mVERBOSE[0m Visited: 760
[GUIHIER] [32mVERBOSE[0m Visited: 770
[GUIHIER] [32mVERBOSE[0m Visited: 10
[GUIHIER] [32mVERBOSE[0m Visited: 20
[GUIHIER] [32mVERBOSE[0m Visited: 30
[GUIHIER] [32mVERBOSE[0m Visited: 10
[GUIHIER] [32mVERBOSE[0m Visited: 20
[GUIHIER] [32mVERBOSE[0m Visited: 30
[GUIHIER] [32mVERBOSE[0m Visited: 40
[GUIHIER] [32mVERBOSE[0m Visited: 50
[GUIHIER] [32mVERBOSE[0m Visited: 60
[GUIHIER] [32mVERBOSE[0m Visited: 70
[GUIHIER] [32mVERBOSE[0m Visited: 10
[GUIHIER] [32mVERBOSE[0m Visited: 20
[GUIHIER] [32mVERBOSE[0m Visited: 30
[GUIHIER] [32mVERBOSE[0m Visited: 40
[GUIHIER] [32mVERBOSE[0m Visited: 50
[GUIHIER] [32mVERBOSE[0m Visited: 60
[GUIHIER] [32mVERBOSE[0m Visited: 70
[GUIHIER] [32mVERBOSE[0m Visited: 80
[GUIHIER] [32mVERBOSE[0m Visited: 90
[GUIHIER] [32mVERBOSE[0m Visited: 100
[GUIHIER] [32mVERBOSE[0m Visited: 110
[GUIHIER] [32mVERBOSE[0m Visited: 120
[GUIHIER] [32mVERBOSE[0m Visited: 130
[GUIHIER] [32mVERBOSE[0m Visited: 140
[GUIHIER] [32mVERBOSE[0m Visited: 150
[GUIHIER] [32mVERBOSE[0m Visited: 160
[GUIHIER] [32mVERBOSE[0m Visited: 170
[GUIHIER] [32mVERBOSE[0m Visited: 180
[GUIHIER] [32mVERBOSE[0m Visited: 190
[GUIHIER] [32mVERBOSE[0m Visited: 200
[GUIHIER] [32mVERBOSE[0m Visited: 210
[GUIHIER] [32mVERBOSE[0m Visited: 220
[GUIHIER] [32mVERBOSE[0m Visited: 230
[GUIHIER] [32mVERBOSE[0m Visited: 240
[GUIHIER] [32mVERBOSE[0m Visited: 250
[GUIHIER] [32mVERBOSE[0m Visited: 260
[GUIHIER] [32mVERBOSE[0m Visited: 270
[GUIHIER] [32mVERBOSE[0m Visited: 280
[GUIHIER] [32mVERBOSE[0m Visited: 290
[GUIHIER] [32mVERBOSE[0m Visited: 300
[GUIHIER] [32mVERBOSE[0m Visited: 310
[GUIHIER] [32mVERBOSE[0m Visited: 320
[GUIHIER] [32mVERBOSE[0m Visited: 330
[GUIHIER] [32mVERBOSE[0m Visited: 340
[GUIHIER] [32mVERBOSE[0m Visited: 350
[GUIHIER] [32mVERBOSE[0m Visited: 360
[GUIHIER] [32mVERBOSE[0m Visited: 370
[GUIHIER] [32mVERBOSE[0m Visited: 380
[GUIHIER] [32mVERBOSE[0m Visited: 390
[GUIHIER] [32mVERBOSE[0m Visited: 400
[GUIHIER] [32mVERBOSE[0m Visited: 410
[GUIHIER] [32mVERBOSE[0m Visited: 420
[GUIHIER] [32mVERBOSE[0m Visited: 430
[GUIHIER] [32mVERBOSE[0m Visited: 440
[GUIHIER] [32mVERBOSE[0m Visited: 450
[GUIHIER] [32mVERBOSE[0m Visited: 460
[GUIHIER] [32mVERBOSE[0m Visited: 470
[GUIHIER] [32mVERBOSE[0m Visited: 480
[GUIHIER] [32mVERBOSE[0m Visited: 490
[GUIHIER] [32mVERBOSE[0m Visited: 500
[GUIHIER] [32mVERBOSE[0m Visited: 510
[GUIHIER] [32mVERBOSE[0m Visited: 520
[GUIHIER] [32mVERBOSE[0m Visited: 530
[GUIHIER] [32mVERBOSE[0m Visited: 540
[GUIHIER] [32mVERBOSE[0m Visited: 550
[GUIHIER] [32mVERBOSE[0m Visited: 560
[GUIHIER] [32mVERBOSE[0m Visited: 570
[GUIHIER] [32mVERBOSE[0m Visited: 580
[GUIHIER] [32mVERBOSE[0m Visited: 590
[GUIHIER] [32mVERBOSE[0m Visited: 600
[GUIHIER] [32mVERBOSE[0m Visited: 610
[GUIHIER] [32mVERBOSE[0m Visited: 620
[GUIHIER] [32mVERBOSE[0m Visited: 630
[GUIHIER] [32mVERBOSE[0m Visited: 640
[GUIHIER] [32mVERBOSE[0m Visited: 650
[GUIHIER] [32mVERBOSE[0m Visited: 10
[GUIHIER] [32mVERBOSE[0m Visited: 10
[GUIHIER] [32mVERBOSE[0m Visited: 20
[GUIHIER] [32mVERBOSE[0m Visited: 10
[GUIHIER] [32mVERBOSE[0m Visited: 20
[GUIHIER] [32mVERBOSE[0m Visited: 30
[GUIHIER] [32mVERBOSE[0m Visited: 40
[GUIHIER] [32mVERBOSE[0m Visited: 50
[GUIHIER] [32mVERBOSE[0m Visited: 60
[GUIHIER] [32mVERBOSE[0m Visited: 70
[GUIHIER] [32mVERBOSE[0m Visited: 10
[GUIHIER] [32mVERBOSE[0m Visited: 10
[GUIHIER] [32mVERBOSE[0m Visited: 20
[GUIHIER] [32mVERBOSE[0m Visited: 30
[GUIHIER] [32mVERBOSE[0m Visited: 40
[GUIHIER] [32mVERBOSE[0m Visited: 50
[GUIHIER] [32mVERBOSE[0m Visited: 10
[GUIHIER] [32mVERBOSE[0m Visited: 10
[GUIHIER] [32mVERBOSE[0m Visited: 20
[GUIHIER] [32mVERBOSE[0m Visited: 30
[GUIHIER] [32mVERBOSE[0m Visited: 40
[GUIHIER] [32mVERBOSE[0m Visited: 50
[GUIHIER] [32mVERBOSE[0m Visited: 10
[GUIHIER] [32mVERBOSE[0m Visited: 20
[GUIHIER] [32mVERBOSE[0m Visited: 30
[GUIHIER] [32mVERBOSE[0m Visited: 40
[GUIHIER] [32mVERBOSE[0m Visited: 50
[GUIHIER] [32mVERBOSE[0m Visited: 10
[GUIHIER] [32mVERBOSE[0m Visited: 10
[GUIHIER] [32mVERBOSE[0m Visited: 10
[GUIHIER] [32mVERBOSE[0m Visited: 20
[GUIHIER] [32mVERBOSE[0m Visited: 30
[GUIHIER] [32mVERBOSE[0m Visited: 40
[GUIHIER] [32mVERBOSE[0m Visited: 50
[GUIHIER] [32mVERBOSE[0m Visited: 60
[GUIHIER] [32mVERBOSE[0m Visited: 70
[GUIHIER] [32mVERBOSE[0m Visited: 80
[GUIHIER] [32mVERBOSE[0m Visited: 90
[GUIHIER] [32mVERBOSE[0m Visited: 100
[GUIHIER] [32mVERBOSE[0m Visited: 110
[GUIHIER] [32mVERBOSE[0m Visited: 120
[GUIHIER] [32mVERBOSE[0m Visited: 130
[GUIHIER] [32mVERBOSE[0m Visited: 140
[GUIHIER] [32mVERBOSE[0m Visited: 150
[GUIHIER] [32mVERBOSE[0m Visited: 160
[GUIHIER] [32mVERBOSE[0m Visited: 170
[GUIHIER] [32mVERBOSE[0m Visited: 180
[GUIHIER] [32mVERBOSE[0m Visited: 190
[GUIHIER] [32mVERBOSE[0m Visited: 200
[GUIHIER] [32mVERBOSE[0m Visited: 210
[GUIHIER] [32mVERBOSE[0m Visited: 220
[GUIHIER] [32mVERBOSE[0m Visited: 230
[GUIHIER] [32mVERBOSE[0m Visited: 240
[GUIHIER] [32mVERBOSE[0m Visited: 250
[GUIHIER] [32mVERBOSE[0m Visited: 260
[GUIHIER] [32mVERBOSE[0m Visited: 270
[GUIHIER] [32mVERBOSE[0m Visited: 280
[GUIHIER] [32mVERBOSE[0m Visited: 290
[GUIHIER] [32mVERBOSE[0m Visited: 300
[GUIHIER] [32mVERBOSE[0m Visited: 310
[GUIHIER] [32mVERBOSE[0m Visited: 320
[GUIHIER] [32mVERBOSE[0m Visited: 330
[GUIHIER] [32mVERBOSE[0m Visited: 340
[GUIHIER] [32mVERBOSE[0m Visited: 350
[GUIHIER] [32mVERBOSE[0m Visited: 360
[GUIHIER] [32mVERBOSE[0m Visited: 370
[GUIHIER] [32mVERBOSE[0m Visited: 380
[GUIHIER] [32mVERBOSE[0m Visited: 390
[GUIHIER] [32mVERBOSE[0m Visited: 400
[GUIHIER] [32mVERBOSE[0m Visited: 410
[GUIHIER] [32mVERBOSE[0m Visited: 420
[GUIHIER] [32mVERBOSE[0m Visited: 430
[GUIHIER] [32mVERBOSE[0m Visited: 440
[GUIHIER] [32mVERBOSE[0m Visited: 450
[GUIHIER] [32mVERBOSE[0m Visited: 460
[GUIHIER] [32mVERBOSE[0m Visited: 470
[GUIHIER] [32mVERBOSE[0m Visited: 480
[GUIHIER] [32mVERBOSE[0m Visited: 490
[GUIHIER] [32mVERBOSE[0m Visited: 500
[GUIHIER] [32mVERBOSE[0m Visited: 510
[GUIHIER] [32mVERBOSE[0m Visited: 520
[GUIHIER] [32mVERBOSE[0m Visited: 530
[GUIHIER] [32mVERBOSE[0m Visited: 540
[GUIHIER] [32mVERBOSE[0m Visited: 550
[GUIHIER] [32mVERBOSE[0m Visited: 560
[GUIHIER] [32mVERBOSE[0m Visited: 570
[GUIHIER] [32mVERBOSE[0m Visited: 580
[GUIHIER] [32mVERBOSE[0m Visited: 590
[GUIHIER] [32mVERBOSE[0m Visited: 600
[GUIHIER] [32mVERBOSE[0m Visited: 610
[GUIHIER] [32mVERBOSE[0m Visited: 620
[GUIHIER] [32mVERBOSE[0m Visited: 630
[GUIHIER] [32mVERBOSE[0m Visited: 640
[GUIHIER] [32mVERBOSE[0m Visited: 10
[GUIHIER] [32mVERBOSE[0m Visited: 20
[GUIHIER] [32mVERBOSE[0m Visited: 10
[GUIHIER] [32mVERBOSE[0m Visited: 20
[GUIHIER] [32mVERBOSE[0m Visited: 30
[GUIHIER] [32mVERBOSE[0m Visited: 40
[GUIHIER] [32mVERBOSE[0m Visited: 50
[GUIHIER] [32mVERBOSE[0m Visited: 60
[GUIHIER] [32mVERBOSE[0m Visited: 70
[GUIHIER] [32mVERBOSE[0m Visited: 80
[GUIHIER] [32mVERBOSE[0m Visited: 90
[GUIHIER] [32mVERBOSE[0m Visited: 100
[GUIHIER] [32mVERBOSE[0m Visited: 110
[GUIHIER] [32mVERBOSE[0m Visited: 120
[GUIHIER] [32mVERBOSE[0m Visited: 130
[GUIHIER] [32mVERBOSE[0m Visited: 140
[GUIHIER] [32mVERBOSE[0m Visited: 150
[GUIHIER] [32mVERBOSE[0m Visited: 160
[GUIHIER] [32mVERBOSE[0m Visited: 170
[GUIHIER] [32mVERBOSE[0m Visited: 180
[GUIHIER] [32mVERBOSE[0m Visited: 190
[GUIHIER] [32mVERBOSE[0m Visited: 200
[GUIHIER] [32mVERBOSE[0m Visited: 210
[GUIHIER] [32mVERBOSE[0m Visited: 220
[GUIHIER] [32mVERBOSE[0m Visited: 230
[GUIHIER] [32mVERBOSE[0m Visited: 240
[GUIHIER] [32mVERBOSE[0m Visited: 250
[GUIHIER] [32mVERBOSE[0m Visited: 260
[GUIHIER] [32mVERBOSE[0m Visited: 270
[GUIHIER] [32mVERBOSE[0m Visited: 280
[GUIHIER] [32mVERBOSE[0m Visited: 290
[GUIHIER] [32mVERBOSE[0m Visited: 300
[GUIHIER] [32mVERBOSE[0m Visited: 310
[GUIHIER] [32mVERBOSE[0m Visited: 320
[GUIHIER] [32mVERBOSE[0m Visited: 330
[GUIHIER] [32mVERBOSE[0m Visited: 340
[GUIHIER] [32mVERBOSE[0m Visited: 350
[GUIHIER] [32mVERBOSE[0m Visited: 360
[GUIHIER] [32mVERBOSE[0m Visited: 370
[GUIHIER] [32mVERBOSE[0m Visited: 380
[GUIHIER] [32mVERBOSE[0m Visited: 390
[GUIHIER] [32mVERBOSE[0m Visited: 400
[GUIHIER] [32mVERBOSE[0m Visited: 410
[GUIHIER] [32mVERBOSE[0m Visited: 420
[GUIHIER] [32mVERBOSE[0m Visited: 430
[GUIHIER] [32mVERBOSE[0m Visited: 440
[GUIHIER] [32mVERBOSE[0m Visited: 450
[GUIHIER] [32mVERBOSE[0m Visited: 460
[GUIHIER] [32mVERBOSE[0m Visited: 470
[GUIHIER] [32mVERBOSE[0m Visited: 480
[GUIHIER] [32mVERBOSE[0m Visited: 490
[GUIHIER] [32mVERBOSE[0m Visited: 500
[GUIHIER] [32mVERBOSE[0m Visited: 510
[GUIHIER] [32mVERBOSE[0m Visited: 520
[GUIHIER] [32mVERBOSE[0m Visited: 530
[GUIHIER] [32mVERBOSE[0m Visited: 540
[GUIHIER] [32mVERBOSE[0m Visited: 550
[GUIHIER] [32mVERBOSE[0m Visited: 560
[GUIHIER] [32mVERBOSE[0m Visited: 570
[GUIHIER] [32mVERBOSE[0m Visited: 580
[GUIHIER] [32mVERBOSE[0m Visited: 590
[GUIHIER] [32mVERBOSE[0m Visited: 600
[GUIHIER] [32mVERBOSE[0m Visited: 610
[GUIHIER] [32mVERBOSE[0m Visited: 620
[GUIHIER] [32mVERBOSE[0m Visited: 630
[GUIHIER] [32mVERBOSE[0m Visited: 640
[GUIHIER] [32mVERBOSE[0m Visited: 10
[GUIHIER] [32mVERBOSE[0m Visited: 20
[GUIHIER] [32mVERBOSE[0m Visited: 10
[GUIHIER] [32mVERBOSE[0m Visited: 10
[GUIHIER] [32mVERBOSE[0m Visited: 10
[GUIHIER] [32mVERBOSE[0m Visited: 20
[GUIHIER] [32mVERBOSE[0m Visited: 30
[GUIHIER] [32mVERBOSE[0m Visited: 40
[GUIHIER] [32mVERBOSE[0m Visited: 50
[GUIHIER] [32mVERBOSE[0m Visited: 60
[GUIHIER] [32mVERBOSE[0m Visited: 70
[GUIHIER] [32mVERBOSE[0m Visited: 80
[GUIHIER] [32mVERBOSE[0m Visited: 90
[GUIHIER] [32mVERBOSE[0m Visited: 10
[GUIHIER] [32mVERBOSE[0m Visited: 20
[GUIHIER] [32mVERBOSE[0m Visited: 30
[GUIHIER] [32mVERBOSE[0m Visited: 40
[GUIHIER] [32mVERBOSE[0m Visited: 50
[GUIHIER] [32mVERBOSE[0m Visited: 60
[GUIHIER] [32mVERBOSE[0m Visited: 70
[GUIHIER] [32mVERBOSE[0m Visited: 80
[GUIHIER] [32mVERBOSE[0m Visited: 90
[GUIHIER] [32mVERBOSE[0m Visited: 100
[GUIHIER] [32mVERBOSE[0m Visited: 110
[GUIHIER] [32mVERBOSE[0m Visited: 120
[GUIHIER] [32mVERBOSE[0m Visited: 130
[GUIHIER] [32mVERBOSE[0m Visited: 140
[GUIHIER] [32mVERBOSE[0m Visited: 150
[GUIHIER] [32mVERBOSE[0m Visited: 160
[GUIHIER] [32mVERBOSE[0m Visited: 170
[GUIHIER] [32mVERBOSE[0m Visited: 180
[GUIHIER] [32mVERBOSE[0m Visited: 190
[GUIHIER] [32mVERBOSE[0m Visited: 200
[GUIHIER] [32mVERBOSE[0m Visited: 210
[GUIHIER] [32mVERBOSE[0m Visited: 220
[GUIHIER] [32mVERBOSE[0m Visited: 230
[GUIHIER] [32mVERBOSE[0m Visited: 240
[GUIHIER] [32mVERBOSE[0m Visited: 250
[GUIHIER] [32mVERBOSE[0m Visited: 260
[GUIHIER] [32mVERBOSE[0m Visited: 270
[GUIHIER] [32mVERBOSE[0m Visited: 280
[GUIHIER] [32mVERBOSE[0m Visited: 290
[GUIHIER] [32mVERBOSE[0m Visited: 300
[GUIHIER] [32mVERBOSE[0m Visited: 310
[GUIHIER] [32mVERBOSE[0m Visited: 320
[GUIHIER] [32mVERBOSE[0m Visited: 330
[GUIHIER] [32mVERBOSE[0m Visited: 340
[GUIHIER] [32mVERBOSE[0m Visited: 350
[GUIHIER] [32mVERBOSE[0m Visited: 360
[GUIHIER] [32mVERBOSE[0m Visited: 370
[GUIHIER] [32mVERBOSE[0m Visited: 380
[GUIHIER] [32mVERBOSE[0m Visited: 390
[GUIHIER] [32mVERBOSE[0m Visited: 400
[GUIHIER] [32mVERBOSE[0m Visited: 410
[GUIHIER] [32mVERBOSE[0m Visited: 420
[GUIHIER] [32mVERBOSE[0m Visited: 430
[GUIHIER] [32mVERBOSE[0m Visited: 440
[GUIHIER] [32mVERBOSE[0m Visited: 450
[GUIHIER] [32mVERBOSE[0m Visited: 460
[GUIHIER] [32mVERBOSE[0m Visited: 470
[GUIHIER] [32mVERBOSE[0m Visited: 480
[GUIHIER] [32mVERBOSE[0m Visited: 490
[GUIHIER] [32mVERBOSE[0m Visited: 500
[GUIHIER] [32mVERBOSE[0m Visited: 510
[GUIHIER] [32mVERBOSE[0m Visited: 520
[GUIHIER] [32mVERBOSE[0m Visited: 530
[GUIHIER] [32mVERBOSE[0m Visited: 540
[GUIHIER] [32mVERBOSE[0m Visited: 550
[GUIHIER] [32mVERBOSE[0m Visited: 560
[GUIHIER] [32mVERBOSE[0m Visited: 570
[GUIHIER] [32mVERBOSE[0m Visited: 580
[GUIHIER] [32mVERBOSE[0m Visited: 590
[GUIHIER] [32mVERBOSE[0m Visited: 600
[GUIHIER] [32mVERBOSE[0m Visited: 610
[GUIHIER] [32mVERBOSE[0m Visited: 620
[GUIHIER] [32mVERBOSE[0m Visited: 630
[GUIHIER] [32mVERBOSE[0m Visited: 640
[GUIHIER] [32mVERBOSE[0m Visited: 10
[GUIHIER] [32mVERBOSE[0m Visited: 10
[GUIHIER] [32mVERBOSE[0m Visited: 10
[GUIHIER] [32mVERBOSE[0m Visited: 10
[GUIHIER] [32mVERBOSE[0m Visited: 10
[GUIHIER] [32mVERBOSE[0m Visited: 20
[GUIHIER] [32mVERBOSE[0m Visited: 10
[GUIHIER] [32mVERBOSE[0m Visited: 10
[GUIHIER] [32mVERBOSE[0m Visited: 10
[GUIHIER] [32mVERBOSE[0m Visited: 10
[GUIHIER] [32mVERBOSE[0m Visited: 10
[GUIHIER] [32mVERBOSE[0m Visited: 10
[GUIHIER] [32mVERBOSE[0m Visited: 10
[GUIHIER] [32mVERBOSE[0m Visited: 10
[GUIHIER] [32mVERBOSE[0m Visited: 10
[GUIHIER] [32mVERBOSE[0m Visited: 20
[GUIHIER] [32mVERBOSE[0m Visited: 10
[GUIHIER] [32mVERBOSE[0m Visited: 20
[GUIHIER] [32mVERBOSE[0m Visited: 10
[GUIHIER] [32mVERBOSE[0m Visited: 20
[GUIHIER] [32mVERBOSE[0m Visited: 10
[GUIHIER] [32mVERBOSE[0m Visited: 20
[GUIHIER] [32mVERBOSE[0m Visited: 10
[GUIHIER] [32mVERBOSE[0m Visited: 10
[GUIHIER] [32mVERBOSE[0m Visited: 10
[GUIHIER] [32mVERBOSE[0m Visited: 10
[GUIHIER] [32mVERBOSE[0m Visited: 10
[GUIHIER] [32mVERBOSE[0m Visited: 10
[GUIHIER] [32mVERBOSE[0m Visited: 10
[GUIHIER] [32mVERBOSE[0m Visited: 10
[GUIHIER] [32mVERBOSE[0m Visited: 10
[GUIHIER] [32mVERBOSE[0m Visited: 10
[GUIHIER] [32mVERBOSE[0m Visited: 10
[GUIHIER] [32mVERBOSE[0m Visited: 10
[GUIHIER] [32mVERBOSE[0m Visited: 10
[GUIHIER] [32mVERBOSE[0m Visited: 10
[GUIHIER] [32mVERBOSE[0m Visited: 10
[GUIHIER] [32mVERBOSE[0m Visited: 10
[GUIHIER] [32mVERBOSE[0m Visited: 10
[GUIHIER] [32mVERBOSE[0m Visited: 10
[GUIHIER] [32mVERBOSE[0m Visited: 10
[GUIHIER] [32mVERBOSE[0m Visited: 10
[GUIHIER] [32mVERBOSE[0m Visited: 10
[GUIHIER] [32mVERBOSE[0m Visited: 10
[GUIHIER] [32mVERBOSE[0m Visited: 10
[GUIHIER] [32mVERBOSE[0m Visited: 10
[GUIHIER] [32mVERBOSE[0m Visited: 10
[GUIHIER] [32mVERBOSE[0m Visited: 20
[GUIHIER] [32mVERBOSE[0m Visited: 10
[GUIHIER] [32mVERBOSE[0m Visited: 10
[GUIHIER] [32mVERBOSE[0m Visited: 10
[GUIHIER] [32mVERBOSE[0m Visited: 10
[GUIHIER] [32mVERBOSE[0m Visited: 10
[GUIHIER] [32mVERBOSE[0m Visited: 20
[GUIHIER] [32mVERBOSE[0m Visited: 10
[GUIHIER] [32mVERBOSE[0m Visited: 10
[GUIHIER] [32mVERBOSE[0m Visited: 10
[GUIHIER] [32mVERBOSE[0m Visited: 10
[GUIHIER] [32mVERBOSE[0m Visited: 10
[GUIHIER] [32mVERBOSE[0m Visited: 10
[GUIHIER] [32mVERBOSE[0m Visited: 10
[GUIHIER] [32mVERBOSE[0m Visited: 10
[GUIHIER] [32mVERBOSE[0m Visited: 10
[GUIHIER] [32mVERBOSE[0m Visited: 10
[GUIHIER] [32mVERBOSE[0m Visited: 10
[GUIHIER] [32mVERBOSE[0m Visited: 10
[GUIHIER] [32mVERBOSE[0m Visited: 10
[GUIHIER] [32mVERBOSE[0m Visited: 10
[GUIHIER] [32mVERBOSE[0m Visited: 20
[GUIHIER] [32mVERBOSE[0m Visited: 10
[GUIHIER] [32mVERBOSE[0m Visited: 10
[GUIHIER] [32mVERBOSE[0m Visited: 20
[GUIHIER] [32mVERBOSE[0m Visited: 10
[GUIHIER] [32mVERBOSE[0m Visited: 10
[GUIHIER] [32mVERBOSE[0m Visited: 10
[GUIHIER] [32mVERBOSE[0m Visited: 10
[GUIHIER] [32mVERBOSE[0m Visited: 10
[GUIHIER] [32mVERBOSE[0m Visited: 10
[GUIHIER] [32mVERBOSE[0m Visited: 20
[GUIHIER] [32mVERBOSE[0m Visited: 10
[GUIHIER] [32mVERBOSE[0m Visited: 20
[GUIHIER] [32mVERBOSE[0m Visited: 30
[GUIHIER] [32mVERBOSE[0m Visited: 40
[GUIHIER] [32mVERBOSE[0m Visited: 10
[GUIHIER] [32mVERBOSE[0m Visited: 10
[GUIHIER] [32mVERBOSE[0m Visited: 20
[GUIHIER] [32mVERBOSE[0m Visited: 10
[GUIHIER] [32mVERBOSE[0m Visited: 10
[GUIHIER] [32mVERBOSE[0m Visited: 10
[GUIHIER] [32mVERBOSE[0m Visited: 10
[GUIHIER] [32mVERBOSE[0m Visited: 10
[GUIHIER] [32mVERBOSE[0m Visited: 10
[GUIHIER] [32mVERBOSE[0m Visited: 10
[GUIHIER] [32mVERBOSE[0m Visited: 20
[GUIHIER] [32mVERBOSE[0m Visited: 10
[GUIHIER] [32mVERBOSE[0m Visited: 10
[GUIHIER] [32mVERBOSE[0m Visited: 10
[GUIHIER] [32mVERBOSE[0m Visited: 10
[GUIHIER] [32mVERBOSE[0m Visited: 20
[GUIHIER] [32mVERBOSE[0m Visited: 10
[GUIHIER] [32mVERBOSE[0m Visited: 10
[GUIHIER] [32mVERBOSE[0m Visited: 10
[GUIHIER] [32mVERBOSE[0m Visited: 10
[GUIHIER] [32mVERBOSE[0m Visited: 10
[GUIHIER] [32mVERBOSE[0m Visited: 10
[GUIHIER] [32mVERBOSE[0m Visited: 20
[GUIHIER] [32mVERBOSE[0m Visited: 30
[GUIHIER] [32mVERBOSE[0m Visited: 40
[GUIHIER] [32mVERBOSE[0m Visited: 50
[GUIHIER] [32mVERBOSE[0m Visited: 60
[GUIHIER] [32mVERBOSE[0m Visited: 70
[GUIHIER] [32mVERBOSE[0m Visited: 80
[GUIHIER] [32mVERBOSE[0m Visited: 90
[GUIHIER] [32mVERBOSE[0m Visited: 100
[GUIHIER] [32mVERBOSE[0m Visited: 110
[GUIHIER] [32mVERBOSE[0m Visited: 120
[GUIHIER] [32mVERBOSE[0m Visited: 130
[GUIHIER] [32mVERBOSE[0m Visited: 140
[GUIHIER] [32mVERBOSE[0m Visited: 150
[GUIHIER] [32mVERBOSE[0m Visited: 160
[GUIHIER] [32mVERBOSE[0m Visited: 170
[GUIHIER] [32mVERBOSE[0m Visited: 180
[GUIHIER] [32mVERBOSE[0m Visited: 190
[GUIHIER] [32mVERBOSE[0m Visited: 200
[GUIHIER] [32mVERBOSE[0m Visited: 210
[GUIHIER] [32mVERBOSE[0m Visited: 220
[GUIHIER] [32mVERBOSE[0m Visited: 230
[GUIHIER] [32mVERBOSE[0m Visited: 240
[GUIHIER] [32mVERBOSE[0m Visited: 250
[GUIHIER] [32mVERBOSE[0m Visited: 260
[GUIHIER] [32mVERBOSE[0m Visited: 270
[GUIHIER] [32mVERBOSE[0m Visited: 280
[GUIHIER] [32mVERBOSE[0m Visited: 290
[GUIHIER] [32mVERBOSE[0m Visited: 300
[GUIHIER] [32mVERBOSE[0m Visited: 310
[GUIHIER] [32mVERBOSE[0m Visited: 320
[GUIHIER] [32mVERBOSE[0m Visited: 330
[GUIHIER] [32mVERBOSE[0m Visited: 340
[GUIHIER] [32mVERBOSE[0m Visited: 350
[GUIHIER] [32mVERBOSE[0m Visited: 360
[GUIHIER] [32mVERBOSE[0m Visited: 370
[GUIHIER] [32mVERBOSE[0m Visited: 380
[GUIHIER] [32mVERBOSE[0m Visited: 390
[GUIHIER] [32mVERBOSE[0m Visited: 400
[GUIHIER] [32mVERBOSE[0m Visited: 410
[GUIHIER] [32mVERBOSE[0m Visited: 420
[GUIHIER] [32mVERBOSE[0m Visited: 430
[GUIHIER] [32mVERBOSE[0m Visited: 440
[GUIHIER] [32mVERBOSE[0m Visited: 450
[GUIHIER] [32mVERBOSE[0m Visited: 460
[GUIHIER] [32mVERBOSE[0m Visited: 470
[GUIHIER] [32mVERBOSE[0m Visited: 480
[GUIHIER] [32mVERBOSE[0m Visited: 490
[GUIHIER] [32mVERBOSE[0m Visited: 500
[GUIHIER] [32mVERBOSE[0m Visited: 510
[GUIHIER] [32mVERBOSE[0m Visited: 520
[GUIHIER] [32mVERBOSE[0m Visited: 530
[GUIHIER] [32mVERBOSE[0m Visited: 540
[GUIHIER] [32mVERBOSE[0m Visited: 550
[GUIHIER] [32mVERBOSE[0m Visited: 560
[GUIHIER] [32mVERBOSE[0m Visited: 570
[GUIHIER] [32mVERBOSE[0m Visited: 580
[GUIHIER] [32mVERBOSE[0m Visited: 590
[GUIHIER] [32mVERBOSE[0m Visited: 600
[GUIHIER] [32mVERBOSE[0m Visited: 610
[GUIHIER] [32mVERBOSE[0m Visited: 620
[GUIHIER] [32mVERBOSE[0m Visited: 630
[GUIHIER] [32mVERBOSE[0m Visited: 640
[GUIHIER] [32mVERBOSE[0m Visited: 650
[GUIHIER] [32mVERBOSE[0m Visited: 660
[GUIHIER] [32mVERBOSE[0m Visited: 10
[GUIHIER] [32mVERBOSE[0m Visited: 20
[GUIHIER] [32mVERBOSE[0m Visited: 10
[GUIHIER] [32mVERBOSE[0m Visited: 10
[GUIHIER] [32mVERBOSE[0m Visited: 10
[GUIHIER] [32mVERBOSE[0m Visited: 20
[GUIHIER] [32mVERBOSE[0m Visited: 10
[GUIHIER] [32mVERBOSE[0m Visited: 10
[GUIHIER] [32mVERBOSE[0m Visited: 10
[GUIHIER] [32mVERBOSE[0m Visited: 10
[GUIHIER] [32mVERBOSE[0m Visited: 10
[GUIHIER] [32mVERBOSE[0m Visited: 20
[GUIHIER] [32mVERBOSE[0m Visited: 10
[GUIHIER] [32mVERBOSE[0m Visited: 20
[GUIHIER] [32mVERBOSE[0m Visited: 10
[GUIHIER] [32mVERBOSE[0m Visited: 10
[GUIHIER] [32mVERBOSE[0m Visited: 10
[GUIHIER] [32mVERBOSE[0m Visited: 10
[GUIHIER] [32mVERBOSE[0m Visited: 10
[GUIHIER] [32mVERBOSE[0m Visited: 10
[GUIHIER] [32mVERBOSE[0m Visited: 10
[GUIHIER] [32mVERBOSE[0m Visited: 10
[GUIHIER] [32mVERBOSE[0m Visited: 10
[GUIHIER] [32mVERBOSE[0m Visited: 10
[GUIHIER] [32mVERBOSE[0m Visited: 10
[GUIHIER] [32mVERBOSE[0m Visited: 10
[GUIHIER] [32mVERBOSE[0m Visited: 10
[GUIHIER] [32mVERBOSE[0m Visited: 10
[GUIHIER] [32mVERBOSE[0m Visited: 10
[GUIHIER] [32mVERBOSE[0m Visited: 10
[GUIHIER] [32mVERBOSE[0m Visited: 10
[GUIHIER] [32mVERBOSE[0m Visited: 20
[GUIHIER] [32mVERBOSE[0m Visited: 10
[GUIHIER] [32mVERBOSE[0m Visited: 10
[GUIHIER] [32mVERBOSE[0m Visited: 10
[GUIHIER] [32mVERBOSE[0m Visited: 10
[GUIHIER] [32mVERBOSE[0m Visited: 20
[GUIHIER] [32mVERBOSE[0m Visited: 10
[GUIHIER] [32mVERBOSE[0m Visited: 20
[GUIHIER] [32mVERBOSE[0m Visited: 10
[GUIHIER] [32mVERBOSE[0m Visited: 10
[GUIHIER] [32mVERBOSE[0m Visited: 10
[GUIHIER] [32mVERBOSE[0m Visited: 20
[GUIHIER] [32mVERBOSE[0m Visited: 30
[GUIHIER] [32mVERBOSE[0m Visited: 40
[GUIHIER] [32mVERBOSE[0m Visited: 10
[GUIHIER] [32mVERBOSE[0m Visited: 10
[GUIHIER] [32mVERBOSE[0m Visited: 10
[GUIHIER] [32mVERBOSE[0m Visited: 10
[GUIHIER] [32mVERBOSE[0m Visited: 10
[1;31m[GUIHierarchyPrinterClient] XML file: /tmp/com.tripadvisor.tripadvisor.apk-2016721886152631516.xml[0m
[1;31m[DEBUG] Debug file at `/tmp/null-DEBUG-1050999365840031493.txt'.[0m
...... java -jar /home/zero/AndroidTesting/gator/pygator/../tools/apktool_2.3.3.jar decode -f --no-src --output /tmp/gator-vqc7xq5e /export/raid/all-apk/play.20180422/com.tripadvisor.tripadvisor.apk
...... resource decoded to /tmp/gator-vqc7xq5e
...... java -Xmx12G -cp /home/zero/AndroidTesting/gator/sootandroid/build/libs/sootandroid-1.0-SNAPSHOT-all.jar presto.android.Main -sootandroidDir /home/zero/AndroidTesting/gator/sootandroid -sdkDir /home/zero/Android/Sdk -android /home/zero/Android/Sdk/platforms/android-26/android.jar -listenerSpecFile /home/zero/AndroidTesting/gator/sootandroid/listeners.xml -wtgSpecFile /home/zero/AndroidTesting/gator/sootandroid/wtg.xml -resourcePath /tmp/gator-vqc7xq5e/res -manifestFile /tmp/gator-vqc7xq5e/AndroidManifest.xml -project /export/raid/all-apk/play.20180422/com.tripadvisor.tripadvisor.apk -apiLevel android-26 -guiAnalysis -benchmarkName com.tripadvisor.tripadvisor.apk -client GUIHierarchyPrinterClient -fast -saa
