23:45:15.256 [JavaFX Application Thread] TRACE edu.usc.softarch.arcade.util.FileUtil - Enter params(/home/cs578user/Desktop/android_projects_v2/AnotherMonitor, false, false)
23:45:15.256 [JavaFX Application Thread] TRACE edu.usc.softarch.arcade.util.FileUtil - Exit
23:45:15.256 [JavaFX Application Thread] TRACE edu.usc.softarch.arcade.util.FileUtil - Enter params(/home/cs578user/Desktop/ArchRecOut/android_projects_result/AnotherMonitor__ACDC_java_2018-11-13_23_45_15_049, true, false)
23:45:15.256 [JavaFX Application Thread] TRACE edu.usc.softarch.arcade.util.FileUtil - Exit
23:45:15.256 [JavaFX Application Thread] TRACE edu.usc.softarch.arcade.util.FileUtil - Enter params(/home/cs578user/Desktop/android_projects_v2/AnotherMonitor/output1/, false, false)
23:45:15.256 [JavaFX Application Thread] TRACE edu.usc.softarch.arcade.util.FileUtil - Exit
23:45:15.256 [JavaFX Application Thread] TRACE edu.usc.softarch.arcade.util.FileUtil - Enter params(/home/cs578user/Desktop/android_projects_v2/AnotherMonitor/output/, false, false)
23:45:15.256 [JavaFX Application Thread] TRACE edu.usc.softarch.arcade.util.FileUtil - Exit
23:45:15.256 [JavaFX Application Thread] TRACE edu.usc.softarch.arcade.util.FileUtil - Enter params(/home/cs578user/Desktop/android_projects_v2/AnotherMonitor/AnotherMonitor/, false, false)
23:45:15.256 [JavaFX Application Thread] TRACE edu.usc.softarch.arcade.util.FileUtil - Exit
23:45:15.256 [JavaFX Application Thread] TRACE edu.usc.softarch.arcade.util.FileUtil - Enter params(/home/cs578user/Desktop/android_projects_v2/AnotherMonitor/output4/, false, false)
23:45:15.256 [JavaFX Application Thread] TRACE edu.usc.softarch.arcade.util.FileUtil - Exit
23:45:15.256 [JavaFX Application Thread] TRACE edu.usc.softarch.arcade.util.FileUtil - Enter params(/home/cs578user/Desktop/android_projects_v2/AnotherMonitor/output2/, false, false)
23:45:15.256 [JavaFX Application Thread] TRACE edu.usc.softarch.arcade.util.FileUtil - Exit
23:45:15.256 [JavaFX Application Thread] TRACE edu.usc.softarch.arcade.util.FileUtil - Enter params(/home/cs578user/Desktop/android_projects_v2/AnotherMonitor/gradle/, false, false)
23:45:15.256 [JavaFX Application Thread] TRACE edu.usc.softarch.arcade.util.FileUtil - Exit
23:45:15.256 [JavaFX Application Thread] TRACE edu.usc.softarch.arcade.util.FileUtil - Enter params(/home/cs578user/Desktop/android_projects_v2/AnotherMonitor/output5/, false, false)
23:45:15.256 [JavaFX Application Thread] TRACE edu.usc.softarch.arcade.util.FileUtil - Exit
23:45:15.256 [JavaFX Application Thread] TRACE edu.usc.softarch.arcade.util.FileUtil - Enter params(/home/cs578user/Desktop/android_projects_v2/AnotherMonitor/effort_data/, false, false)
23:45:15.256 [JavaFX Application Thread] TRACE edu.usc.softarch.arcade.util.FileUtil - Exit
23:45:15.256 [JavaFX Application Thread] TRACE edu.usc.softarch.arcade.util.FileUtil - Enter params(/home/cs578user/Desktop/android_projects_v2/AnotherMonitor/bin/, false, false)
23:45:15.256 [JavaFX Application Thread] TRACE edu.usc.softarch.arcade.util.FileUtil - Exit
23:45:15.256 [JavaFX Application Thread] TRACE edu.usc.softarch.arcade.util.FileUtil - Enter params(/home/cs578user/Desktop/android_projects_v2/AnotherMonitor/output3/, false, false)
23:45:15.256 [JavaFX Application Thread] TRACE edu.usc.softarch.arcade.util.FileUtil - Exit
23:45:15.256 [JavaFX Application Thread] DEBUG edu.usc.softarch.arcade.AcdcWithSmellDetection - All files in /home/cs578user/Desktop/android_projects_v2/AnotherMonitor:
23:45:15.264 [JavaFX Application Thread] DEBUG edu.usc.softarch.arcade.AcdcWithSmellDetection - /home/cs578user/Desktop/android_projects_v2/AnotherMonitor/AnotherMonitor
/home/cs578user/Desktop/android_projects_v2/AnotherMonitor/LICENSE.md
/home/cs578user/Desktop/android_projects_v2/AnotherMonitor/README.md
/home/cs578user/Desktop/android_projects_v2/AnotherMonitor/_classpath.xml
/home/cs578user/Desktop/android_projects_v2/AnotherMonitor/_project.xml
/home/cs578user/Desktop/android_projects_v2/AnotherMonitor/bin
/home/cs578user/Desktop/android_projects_v2/AnotherMonitor/build.gradle
/home/cs578user/Desktop/android_projects_v2/AnotherMonitor/effort_data
/home/cs578user/Desktop/android_projects_v2/AnotherMonitor/gradle
/home/cs578user/Desktop/android_projects_v2/AnotherMonitor/gradle.properties
/home/cs578user/Desktop/android_projects_v2/AnotherMonitor/gradlew
/home/cs578user/Desktop/android_projects_v2/AnotherMonitor/gradlew.bat
/home/cs578user/Desktop/android_projects_v2/AnotherMonitor/kdm.xml
/home/cs578user/Desktop/android_projects_v2/AnotherMonitor/output
/home/cs578user/Desktop/android_projects_v2/AnotherMonitor/output1
/home/cs578user/Desktop/android_projects_v2/AnotherMonitor/output2
/home/cs578user/Desktop/android_projects_v2/AnotherMonitor/output3
/home/cs578user/Desktop/android_projects_v2/AnotherMonitor/output4
/home/cs578user/Desktop/android_projects_v2/AnotherMonitor/output5
/home/cs578user/Desktop/android_projects_v2/AnotherMonitor/response-patterns.txt
/home/cs578user/Desktop/android_projects_v2/AnotherMonitor/settings.gradle
23:45:15.264 [JavaFX Application Thread] DEBUG edu.usc.softarch.arcade.AcdcWithSmellDetection - Identified directory: AnotherMonitor
23:45:15.264 [JavaFX Application Thread] DEBUG edu.usc.softarch.arcade.AcdcWithSmellDetection - Processing directory: AnotherMonitor
23:45:15.264 [JavaFX Application Thread] TRACE edu.usc.softarch.arcade.util.FileUtil - Enter params(/home/cs578user/Desktop/android_projects_v2/AnotherMonitor/AnotherMonitor/, false, true)
23:45:15.264 [JavaFX Application Thread] TRACE edu.usc.softarch.arcade.util.FileUtil - Exit
23:45:15.264 [JavaFX Application Thread] DEBUG edu.usc.softarch.arcade.AcdcWithSmellDetection - Get deps for revision AnotherMonitor
23:45:15.264 [JavaFX Application Thread] TRACE edu.usc.softarch.arcade.facts.driver.JavaSourceToDepsBuilder - Enter params(/home/cs578user/Desktop/android_projects_v2/AnotherMonitor/AnotherMonitor, /home/cs578user/Desktop/ArchRecOut/android_projects_result/AnotherMonitor__ACDC_java_2018-11-13_23_45_15_049/AnotherMonitor_deps.rsf)
23:45:15.269 [JavaFX Application Thread] TRACE edu.usc.softarch.arcade.clustering.FeatureVectorMap - Enter params()
23:45:15.269 [JavaFX Application Thread] TRACE edu.usc.softarch.arcade.clustering.FeatureVectorMap - Enter params()
23:45:15.269 [JavaFX Application Thread] TRACE edu.usc.softarch.arcade.clustering.FeatureVectorMap - total true bits among feature sets: 0
23:45:15.269 [JavaFX Application Thread] TRACE edu.usc.softarch.arcade.clustering.FeatureVectorMap - Printing edges represented by feature sets...
23:45:15.270 [JavaFX Application Thread] TRACE edu.usc.softarch.arcade.clustering.FeatureVectorMap - Printing intersection of rsf reader untyped edges set and feature set edges...
23:45:15.270 [JavaFX Application Thread] TRACE edu.usc.softarch.arcade.clustering.FeatureVectorMap - intersection set size: 0
23:45:15.270 [JavaFX Application Thread] TRACE edu.usc.softarch.arcade.clustering.FeatureVectorMap - 
23:45:15.270 [JavaFX Application Thread] TRACE edu.usc.softarch.arcade.clustering.FeatureVectorMap - Printing difference of rsf reader untyped edges set and feature set edges...
23:45:15.270 [JavaFX Application Thread] TRACE edu.usc.softarch.arcade.clustering.FeatureVectorMap - difference set size: 0
23:45:15.270 [JavaFX Application Thread] TRACE edu.usc.softarch.arcade.clustering.FeatureVectorMap - 
23:45:15.270 [JavaFX Application Thread] TRACE edu.usc.softarch.arcade.clustering.FeatureVectorMap - Exit
23:45:15.270 [JavaFX Application Thread] TRACE edu.usc.softarch.arcade.clustering.FeatureVectorMap - Exit
23:45:15.270 [JavaFX Application Thread] TRACE edu.usc.softarch.arcade.clustering.FeatureVectorMap - Enter
23:45:15.270 [JavaFX Application Thread] TRACE edu.usc.softarch.arcade.clustering.FeatureVectorMap - Exit
23:45:15.270 [JavaFX Application Thread] TRACE edu.usc.softarch.arcade.facts.driver.JavaSourceToDepsBuilder - Exit
23:45:15.270 [JavaFX Application Thread] DEBUG edu.usc.softarch.arcade.AcdcWithSmellDetection - Not a directory: LICENSE.md
23:45:15.270 [JavaFX Application Thread] DEBUG edu.usc.softarch.arcade.AcdcWithSmellDetection - Not a directory: README.md
23:45:15.271 [JavaFX Application Thread] DEBUG edu.usc.softarch.arcade.AcdcWithSmellDetection - Not a directory: _classpath.xml
23:45:15.271 [JavaFX Application Thread] DEBUG edu.usc.softarch.arcade.AcdcWithSmellDetection - Not a directory: _project.xml
23:45:15.271 [JavaFX Application Thread] DEBUG edu.usc.softarch.arcade.AcdcWithSmellDetection - Identified directory: bin
23:45:15.272 [JavaFX Application Thread] DEBUG edu.usc.softarch.arcade.AcdcWithSmellDetection - Processing directory: bin
23:45:15.272 [JavaFX Application Thread] TRACE edu.usc.softarch.arcade.util.FileUtil - Enter params(/home/cs578user/Desktop/android_projects_v2/AnotherMonitor/bin/, false, true)
23:45:15.272 [JavaFX Application Thread] TRACE edu.usc.softarch.arcade.util.FileUtil - Exit
23:45:15.272 [JavaFX Application Thread] DEBUG edu.usc.softarch.arcade.AcdcWithSmellDetection - Get deps for revision bin
23:45:15.272 [JavaFX Application Thread] TRACE edu.usc.softarch.arcade.facts.driver.JavaSourceToDepsBuilder - Enter params(/home/cs578user/Desktop/android_projects_v2/AnotherMonitor/bin, /home/cs578user/Desktop/ArchRecOut/android_projects_result/AnotherMonitor__ACDC_java_2018-11-13_23_45_15_049/bin_deps.rsf)
23:45:15.336 [JavaFX Application Thread] TRACE edu.usc.softarch.arcade.clustering.FeatureVectorMap - Enter params(0: 	"org.anothermonitor.ActivityHelp" -> "Bundle"[ label="depends" ];;
1: 	"org.anothermonitor.ActivityProcesses$SimpleAdapterCustomised" -> "ViewGroup"[ label="depends" ];;
2: 	"org.anothermonitor.ActivityProcesses$SimpleAdapterCustomised$Tag" -> "LinearLayout"[ label="depends" ];;
3: 	"org.anothermonitor.ActivityProcesses$SimpleAdapterCustomised$Tag" -> "org.anothermonitor.ActivityProcesses$SimpleAdapterCustomised"[ label="depends" ];;
4: 	"org.anothermonitor.ViewGraphic" -> "Canvas"[ label="depends" ];;
5: 	"org.anothermonitor.ViewGraphic" -> "org.anothermonitor.ServiceReader"[ label="depends" ];;
6: 	"org.anothermonitor.ServiceReader" -> "ActivityManager"[ label="depends" ];;
7: 	"org.anothermonitor.ActivityProcesses" -> "Bundle"[ label="depends" ];;
8: 	"org.anothermonitor.ActivityProcesses" -> "ListView"[ label="depends" ];;
9: 	"org.anothermonitor.ActivityProcesses$SimpleAdapterCustomised$Tag" -> "org.anothermonitor.ActivityProcesses"[ label="depends" ];;
10: 	"org.anothermonitor.ActivityProcesses$SimpleAdapterCustomised" -> "org.anothermonitor.ActivityProcesses$SimpleAdapterCustomised$Tag"[ label="depends" ];;
11: 	"org.anothermonitor.ActivityMain" -> "ServiceConnection"[ label="depends" ];;
12: 	"org.anothermonitor.ActivityMain" -> "Activity"[ label="depends" ];;
13: 	"org.anothermonitor.ServiceReader" -> "BroadcastReceiver"[ label="depends" ];;
14: 	"org.anothermonitor.ActivityMain" -> "Resources"[ label="depends" ];;
15: 	"org.anothermonitor.ServiceReader" -> "IBinder"[ label="depends" ];;
16: 	"org.anothermonitor.ActivityProcesses" -> "Button"[ label="depends" ];;
17: 	"org.anothermonitor.ViewGraphic" -> "Rect"[ label="depends" ];;
18: 	"org.anothermonitor.LinearLayoutCustomised" -> "Context"[ label="depends" ];;
19: 	"org.anothermonitor.ActivityAbout" -> "Bundle"[ label="depends" ];;
20: 	"org.anothermonitor.ActivityAbout" -> "BroadcastReceiver"[ label="depends" ];;
21: 	"org.anothermonitor.ActivityMain" -> "TextView"[ label="depends" ];;
22: 	"org.anothermonitor.ActivityMain" -> "PopupWindow"[ label="depends" ];;
23: 	"org.anothermonitor.ServiceReader" -> "Debug.MemoryInfo"[ label="depends" ];;
24: 	"org.anothermonitor.ActivityMain" -> "SharedPreferences"[ label="depends" ];;
25: 	"org.anothermonitor.ActivityMain" -> "ImageView"[ label="depends" ];;
26: 	"org.anothermonitor.ActivityProcesses$SimpleAdapterCustomised" -> "View"[ label="depends" ];;
27: 	"org.anothermonitor.ActivityMain" -> "LinearLayout"[ label="depends" ];;
28: 	"org.anothermonitor.ServiceReader" -> "Service"[ label="depends" ];;
29: 	"org.anothermonitor.ViewGraphic" -> "AttributeSet"[ label="depends" ];;
30: 	"org.anothermonitor.ViewGraphic" -> "Paint"[ label="depends" ];;
31: 	"org.anothermonitor.ActivityProcesses$SimpleAdapterCustomised" -> "SimpleAdapter"[ label="depends" ];;
32: 	"org.anothermonitor.ActivityProcesses" -> "BroadcastReceiver"[ label="depends" ];;
33: 	"org.anothermonitor.ServiceReader" -> "Notification"[ label="depends" ];;
34: 	"org.anothermonitor.ViewGraphic" -> "TextureView"[ label="depends" ];;
35: 	"org.anothermonitor.ServiceReader$ServiceReaderDataBinder" -> "Binder"[ label="depends" ];;
36: 	"org.anothermonitor.ActivityMain" -> "ToggleButton"[ label="depends" ];;
37: 	"org.anothermonitor.LinearLayoutCustomised" -> "MotionEvent"[ label="depends" ];;
38: 	"org.anothermonitor.ApplicationTest" -> "Application"[ label="depends" ];;
39: 	"org.anothermonitor.ServiceReader$ServiceReaderDataBinder" -> "org.anothermonitor.ServiceReader"[ label="depends" ];;
40: 	"org.anothermonitor.ActivityProcesses$SimpleAdapterCustomised" -> "Context"[ label="depends" ];;
41: 	"org.anothermonitor.ActivityProcesses" -> "org.anothermonitor.ActivityProcesses$SimpleAdapterCustomised"[ label="depends" ];;
42: 	"org.anothermonitor.ViewGraphic" -> "Paint.Align"[ label="depends" ];;
43: 	"org.anothermonitor.ServiceReader" -> "Intent"[ label="depends" ];;
44: 	"org.anothermonitor.ActivityMain" -> "ActivityCompat.OnRequestPermissionsResultCallback"[ label="depends" ];;
45: 	"org.anothermonitor.ActivityAbout" -> "Activity"[ label="depends" ];;
46: 	"org.anothermonitor.ActivityMain" -> "NonNull"[ label="depends" ];;
47: 	"org.anothermonitor.ActivityProcesses$SimpleAdapterCustomised$Tag" -> "ImageView"[ label="depends" ];;
48: 	"org.anothermonitor.ActivityMain" -> "org.anothermonitor.ViewGraphic"[ label="depends" ];;
49: 	"org.anothermonitor.ActivityHelp" -> "BroadcastReceiver"[ label="depends" ];;
50: 	"org.anothermonitor.ActivityMain" -> "SeekBar"[ label="depends" ];;
51: 	"org.anothermonitor.ActivityMain" -> "BroadcastReceiver"[ label="depends" ];;
52: 	"org.anothermonitor.ActivityMain" -> "KeyEvent"[ label="depends" ];;
53: 	"org.anothermonitor.ActivityProcesses" -> "Activity"[ label="depends" ];;
54: 	"org.anothermonitor.ActivityMain" -> "FrameLayout"[ label="depends" ];;
55: 	"org.anothermonitor.LinearLayoutCustomised" -> "AttributeSet"[ label="depends" ];;
56: 	"org.anothermonitor.ActivityHelp" -> "Activity"[ label="depends" ];;
57: 	"org.anothermonitor.ServiceReader" -> "ActivityManager.MemoryInfo"[ label="depends" ];;
58: 	"org.anothermonitor.ActivityMain" -> "Bundle"[ label="depends" ];;
59: 	"org.anothermonitor.ActivityProcesses" -> "SimpleAdapter"[ label="depends" ];;
60: 	"org.anothermonitor.ActivityProcesses$SimpleAdapterCustomised" -> "org.anothermonitor.ActivityProcesses"[ label="depends" ];;
61: 	"org.anothermonitor.ActivityMain" -> "Button"[ label="depends" ];;
62: 	"org.anothermonitor.LinearLayoutCustomised" -> "LinearLayout"[ label="depends" ];;
63: 	"org.anothermonitor.ServiceReader" -> "NotificationManager"[ label="depends" ];;
64: 	"org.anothermonitor.ServiceReader" -> "SharedPreferences"[ label="depends" ];;
65: 	"org.anothermonitor.ServiceReader" -> "org.anothermonitor.ServiceReader$ServiceReaderDataBinder"[ label="depends" ];;
66: 	"org.anothermonitor.ActivityMain" -> "Handler"[ label="depends" ];;
67: 	"org.anothermonitor.ApplicationTest" -> "ApplicationTestCase"[ label="depends" ];;
68: 	"org.anothermonitor.ActivityMain" -> "Intent"[ label="depends" ];;
69: 	"org.anothermonitor.ViewGraphic" -> "Resources"[ label="depends" ];;
70: 	"org.anothermonitor.ActivityProcesses$SimpleAdapterCustomised$Tag" -> "TextView"[ label="depends" ];;
71: 	"org.anothermonitor.ViewGraphic" -> "Context"[ label="depends" ];;
72: 	"org.anothermonitor.ActivityMain" -> "org.anothermonitor.ServiceReader"[ label="depends" ];;)
23:45:15.337 [JavaFX Application Thread] TRACE edu.usc.softarch.arcade.clustering.FeatureVectorMap - Enter params(0: 	"org.anothermonitor.ActivityHelp" -> "Bundle"[ label="depends" ];;
1: 	"org.anothermonitor.ActivityProcesses$SimpleAdapterCustomised" -> "ViewGroup"[ label="depends" ];;
2: 	"org.anothermonitor.ActivityProcesses$SimpleAdapterCustomised$Tag" -> "LinearLayout"[ label="depends" ];;
3: 	"org.anothermonitor.ActivityProcesses$SimpleAdapterCustomised$Tag" -> "org.anothermonitor.ActivityProcesses$SimpleAdapterCustomised"[ label="depends" ];;
4: 	"org.anothermonitor.ViewGraphic" -> "Canvas"[ label="depends" ];;
5: 	"org.anothermonitor.ViewGraphic" -> "org.anothermonitor.ServiceReader"[ label="depends" ];;
6: 	"org.anothermonitor.ServiceReader" -> "ActivityManager"[ label="depends" ];;
7: 	"org.anothermonitor.ActivityProcesses" -> "Bundle"[ label="depends" ];;
8: 	"org.anothermonitor.ActivityProcesses" -> "ListView"[ label="depends" ];;
9: 	"org.anothermonitor.ActivityProcesses$SimpleAdapterCustomised$Tag" -> "org.anothermonitor.ActivityProcesses"[ label="depends" ];;
10: 	"org.anothermonitor.ActivityProcesses$SimpleAdapterCustomised" -> "org.anothermonitor.ActivityProcesses$SimpleAdapterCustomised$Tag"[ label="depends" ];;
11: 	"org.anothermonitor.ActivityMain" -> "ServiceConnection"[ label="depends" ];;
12: 	"org.anothermonitor.ActivityMain" -> "Activity"[ label="depends" ];;
13: 	"org.anothermonitor.ServiceReader" -> "BroadcastReceiver"[ label="depends" ];;
14: 	"org.anothermonitor.ActivityMain" -> "Resources"[ label="depends" ];;
15: 	"org.anothermonitor.ServiceReader" -> "IBinder"[ label="depends" ];;
16: 	"org.anothermonitor.ActivityProcesses" -> "Button"[ label="depends" ];;
17: 	"org.anothermonitor.ViewGraphic" -> "Rect"[ label="depends" ];;
18: 	"org.anothermonitor.LinearLayoutCustomised" -> "Context"[ label="depends" ];;
19: 	"org.anothermonitor.ActivityAbout" -> "Bundle"[ label="depends" ];;
20: 	"org.anothermonitor.ActivityAbout" -> "BroadcastReceiver"[ label="depends" ];;
21: 	"org.anothermonitor.ActivityMain" -> "TextView"[ label="depends" ];;
22: 	"org.anothermonitor.ActivityMain" -> "PopupWindow"[ label="depends" ];;
23: 	"org.anothermonitor.ServiceReader" -> "Debug.MemoryInfo"[ label="depends" ];;
24: 	"org.anothermonitor.ActivityMain" -> "SharedPreferences"[ label="depends" ];;
25: 	"org.anothermonitor.ActivityMain" -> "ImageView"[ label="depends" ];;
26: 	"org.anothermonitor.ActivityProcesses$SimpleAdapterCustomised" -> "View"[ label="depends" ];;
27: 	"org.anothermonitor.ActivityMain" -> "LinearLayout"[ label="depends" ];;
28: 	"org.anothermonitor.ServiceReader" -> "Service"[ label="depends" ];;
29: 	"org.anothermonitor.ViewGraphic" -> "AttributeSet"[ label="depends" ];;
30: 	"org.anothermonitor.ViewGraphic" -> "Paint"[ label="depends" ];;
31: 	"org.anothermonitor.ActivityProcesses$SimpleAdapterCustomised" -> "SimpleAdapter"[ label="depends" ];;
32: 	"org.anothermonitor.ActivityProcesses" -> "BroadcastReceiver"[ label="depends" ];;
33: 	"org.anothermonitor.ServiceReader" -> "Notification"[ label="depends" ];;
34: 	"org.anothermonitor.ViewGraphic" -> "TextureView"[ label="depends" ];;
35: 	"org.anothermonitor.ServiceReader$ServiceReaderDataBinder" -> "Binder"[ label="depends" ];;
36: 	"org.anothermonitor.ActivityMain" -> "ToggleButton"[ label="depends" ];;
37: 	"org.anothermonitor.LinearLayoutCustomised" -> "MotionEvent"[ label="depends" ];;
38: 	"org.anothermonitor.ApplicationTest" -> "Application"[ label="depends" ];;
39: 	"org.anothermonitor.ServiceReader$ServiceReaderDataBinder" -> "org.anothermonitor.ServiceReader"[ label="depends" ];;
40: 	"org.anothermonitor.ActivityProcesses$SimpleAdapterCustomised" -> "Context"[ label="depends" ];;
41: 	"org.anothermonitor.ActivityProcesses" -> "org.anothermonitor.ActivityProcesses$SimpleAdapterCustomised"[ label="depends" ];;
42: 	"org.anothermonitor.ViewGraphic" -> "Paint.Align"[ label="depends" ];;
43: 	"org.anothermonitor.ServiceReader" -> "Intent"[ label="depends" ];;
44: 	"org.anothermonitor.ActivityMain" -> "ActivityCompat.OnRequestPermissionsResultCallback"[ label="depends" ];;
45: 	"org.anothermonitor.ActivityAbout" -> "Activity"[ label="depends" ];;
46: 	"org.anothermonitor.ActivityMain" -> "NonNull"[ label="depends" ];;
47: 	"org.anothermonitor.ActivityProcesses$SimpleAdapterCustomised$Tag" -> "ImageView"[ label="depends" ];;
48: 	"org.anothermonitor.ActivityMain" -> "org.anothermonitor.ViewGraphic"[ label="depends" ];;
49: 	"org.anothermonitor.ActivityHelp" -> "BroadcastReceiver"[ label="depends" ];;
50: 	"org.anothermonitor.ActivityMain" -> "SeekBar"[ label="depends" ];;
51: 	"org.anothermonitor.ActivityMain" -> "BroadcastReceiver"[ label="depends" ];;
52: 	"org.anothermonitor.ActivityMain" -> "KeyEvent"[ label="depends" ];;
53: 	"org.anothermonitor.ActivityProcesses" -> "Activity"[ label="depends" ];;
54: 	"org.anothermonitor.ActivityMain" -> "FrameLayout"[ label="depends" ];;
55: 	"org.anothermonitor.LinearLayoutCustomised" -> "AttributeSet"[ label="depends" ];;
56: 	"org.anothermonitor.ActivityHelp" -> "Activity"[ label="depends" ];;
57: 	"org.anothermonitor.ServiceReader" -> "ActivityManager.MemoryInfo"[ label="depends" ];;
58: 	"org.anothermonitor.ActivityMain" -> "Bundle"[ label="depends" ];;
59: 	"org.anothermonitor.ActivityProcesses" -> "SimpleAdapter"[ label="depends" ];;
60: 	"org.anothermonitor.ActivityProcesses$SimpleAdapterCustomised" -> "org.anothermonitor.ActivityProcesses"[ label="depends" ];;
61: 	"org.anothermonitor.ActivityMain" -> "Button"[ label="depends" ];;
62: 	"org.anothermonitor.LinearLayoutCustomised" -> "LinearLayout"[ label="depends" ];;
63: 	"org.anothermonitor.ServiceReader" -> "NotificationManager"[ label="depends" ];;
64: 	"org.anothermonitor.ServiceReader" -> "SharedPreferences"[ label="depends" ];;
65: 	"org.anothermonitor.ServiceReader" -> "org.anothermonitor.ServiceReader$ServiceReaderDataBinder"[ label="depends" ];;
66: 	"org.anothermonitor.ActivityMain" -> "Handler"[ label="depends" ];;
67: 	"org.anothermonitor.ApplicationTest" -> "ApplicationTestCase"[ label="depends" ];;
68: 	"org.anothermonitor.ActivityMain" -> "Intent"[ label="depends" ];;
69: 	"org.anothermonitor.ViewGraphic" -> "Resources"[ label="depends" ];;
70: 	"org.anothermonitor.ActivityProcesses$SimpleAdapterCustomised$Tag" -> "TextView"[ label="depends" ];;
71: 	"org.anothermonitor.ViewGraphic" -> "Context"[ label="depends" ];;
72: 	"org.anothermonitor.ActivityMain" -> "org.anothermonitor.ServiceReader"[ label="depends" ];;)
23:45:15.337 [JavaFX Application Thread] TRACE edu.usc.softarch.arcade.clustering.FeatureVectorMap - {}
23:45:15.337 [JavaFX Application Thread] TRACE edu.usc.softarch.arcade.clustering.FeatureVectorMap - {}
23:45:15.337 [JavaFX Application Thread] TRACE edu.usc.softarch.arcade.clustering.FeatureVectorMap - {}
23:45:15.337 [JavaFX Application Thread] TRACE edu.usc.softarch.arcade.clustering.FeatureVectorMap - {6, 11, 12, 26, 27, 29, 30, 37, 44}
23:45:15.337 [JavaFX Application Thread] TRACE edu.usc.softarch.arcade.clustering.FeatureVectorMap - {}
23:45:15.337 [JavaFX Application Thread] TRACE edu.usc.softarch.arcade.clustering.FeatureVectorMap - {7, 44}
23:45:15.337 [JavaFX Application Thread] TRACE edu.usc.softarch.arcade.clustering.FeatureVectorMap - {}
23:45:15.337 [JavaFX Application Thread] TRACE edu.usc.softarch.arcade.clustering.FeatureVectorMap - {}
23:45:15.337 [JavaFX Application Thread] TRACE edu.usc.softarch.arcade.clustering.FeatureVectorMap - {}
23:45:15.337 [JavaFX Application Thread] TRACE edu.usc.softarch.arcade.clustering.FeatureVectorMap - {0, 8, 9}
23:45:15.337 [JavaFX Application Thread] TRACE edu.usc.softarch.arcade.clustering.FeatureVectorMap - {}
23:45:15.337 [JavaFX Application Thread] TRACE edu.usc.softarch.arcade.clustering.FeatureVectorMap - {}
23:45:15.337 [JavaFX Application Thread] TRACE edu.usc.softarch.arcade.clustering.FeatureVectorMap - {0, 8, 9}
23:45:15.337 [JavaFX Application Thread] TRACE edu.usc.softarch.arcade.clustering.FeatureVectorMap - {}
23:45:15.337 [JavaFX Application Thread] TRACE edu.usc.softarch.arcade.clustering.FeatureVectorMap - {}
23:45:15.337 [JavaFX Application Thread] TRACE edu.usc.softarch.arcade.clustering.FeatureVectorMap - {}
23:45:15.337 [JavaFX Application Thread] TRACE edu.usc.softarch.arcade.clustering.FeatureVectorMap - {}
23:45:15.337 [JavaFX Application Thread] TRACE edu.usc.softarch.arcade.clustering.FeatureVectorMap - {}
23:45:15.337 [JavaFX Application Thread] TRACE edu.usc.softarch.arcade.clustering.FeatureVectorMap - {}
23:45:15.337 [JavaFX Application Thread] TRACE edu.usc.softarch.arcade.clustering.FeatureVectorMap - {}
23:45:15.337 [JavaFX Application Thread] TRACE edu.usc.softarch.arcade.clustering.FeatureVectorMap - {}
23:45:15.337 [JavaFX Application Thread] TRACE edu.usc.softarch.arcade.clustering.FeatureVectorMap - {}
23:45:15.337 [JavaFX Application Thread] TRACE edu.usc.softarch.arcade.clustering.FeatureVectorMap - {}
23:45:15.337 [JavaFX Application Thread] TRACE edu.usc.softarch.arcade.clustering.FeatureVectorMap - {2, 3, 8, 13, 16, 18, 24, 25, 32, 34, 45}
23:45:15.337 [JavaFX Application Thread] TRACE edu.usc.softarch.arcade.clustering.FeatureVectorMap - {}
23:45:15.337 [JavaFX Application Thread] TRACE edu.usc.softarch.arcade.clustering.FeatureVectorMap - {}
23:45:15.337 [JavaFX Application Thread] TRACE edu.usc.softarch.arcade.clustering.FeatureVectorMap - {}
23:45:15.337 [JavaFX Application Thread] TRACE edu.usc.softarch.arcade.clustering.FeatureVectorMap - {17, 20, 36, 41, 42}
23:45:15.337 [JavaFX Application Thread] TRACE edu.usc.softarch.arcade.clustering.FeatureVectorMap - {}
23:45:15.337 [JavaFX Application Thread] TRACE edu.usc.softarch.arcade.clustering.FeatureVectorMap - {}
23:45:15.337 [JavaFX Application Thread] TRACE edu.usc.softarch.arcade.clustering.FeatureVectorMap - {}
23:45:15.337 [JavaFX Application Thread] TRACE edu.usc.softarch.arcade.clustering.FeatureVectorMap - {}
23:45:15.337 [JavaFX Application Thread] TRACE edu.usc.softarch.arcade.clustering.FeatureVectorMap - {}
23:45:15.337 [JavaFX Application Thread] TRACE edu.usc.softarch.arcade.clustering.FeatureVectorMap - {}
23:45:15.337 [JavaFX Application Thread] TRACE edu.usc.softarch.arcade.clustering.FeatureVectorMap - {12, 35, 39, 40, 41, 43}
23:45:15.337 [JavaFX Application Thread] TRACE edu.usc.softarch.arcade.clustering.FeatureVectorMap - {0, 8, 9, 10, 21, 35, 42}
23:45:15.337 [JavaFX Application Thread] TRACE edu.usc.softarch.arcade.clustering.FeatureVectorMap - {}
23:45:15.337 [JavaFX Application Thread] TRACE edu.usc.softarch.arcade.clustering.FeatureVectorMap - {}
23:45:15.337 [JavaFX Application Thread] TRACE edu.usc.softarch.arcade.clustering.FeatureVectorMap - {4, 5}
23:45:15.337 [JavaFX Application Thread] TRACE edu.usc.softarch.arcade.clustering.FeatureVectorMap - {}
23:45:15.337 [JavaFX Application Thread] TRACE edu.usc.softarch.arcade.clustering.FeatureVectorMap - {0, 1, 8, 9, 10, 14, 15, 17, 18, 19, 20, 23, 28, 30, 31, 33, 34, 36, 38, 44, 46}
23:45:15.337 [JavaFX Application Thread] TRACE edu.usc.softarch.arcade.clustering.FeatureVectorMap - {}
23:45:15.337 [JavaFX Application Thread] TRACE edu.usc.softarch.arcade.clustering.FeatureVectorMap - {}
23:45:15.337 [JavaFX Application Thread] TRACE edu.usc.softarch.arcade.clustering.FeatureVectorMap - {6, 12, 20, 22}
23:45:15.337 [JavaFX Application Thread] TRACE edu.usc.softarch.arcade.clustering.FeatureVectorMap - {}
23:45:15.337 [JavaFX Application Thread] TRACE edu.usc.softarch.arcade.clustering.FeatureVectorMap - {}
23:45:15.337 [JavaFX Application Thread] TRACE edu.usc.softarch.arcade.clustering.FeatureVectorMap - {}
23:45:15.337 [JavaFX Application Thread] TRACE edu.usc.softarch.arcade.clustering.FeatureVectorMap - {}
23:45:15.337 [JavaFX Application Thread] TRACE edu.usc.softarch.arcade.clustering.FeatureVectorMap - {}
23:45:15.337 [JavaFX Application Thread] TRACE edu.usc.softarch.arcade.clustering.FeatureVectorMap - {}
23:45:15.337 [JavaFX Application Thread] TRACE edu.usc.softarch.arcade.clustering.FeatureVectorMap - {}
23:45:15.337 [JavaFX Application Thread] TRACE edu.usc.softarch.arcade.clustering.FeatureVectorMap - {}
23:45:15.337 [JavaFX Application Thread] TRACE edu.usc.softarch.arcade.clustering.FeatureVectorMap - total true bits among feature sets: 73
23:45:15.337 [JavaFX Application Thread] TRACE edu.usc.softarch.arcade.clustering.FeatureVectorMap - Printing edges represented by feature sets...
23:45:15.337 [JavaFX Application Thread] TRACE edu.usc.softarch.arcade.clustering.FeatureVectorMap - org.anothermonitor.ServiceReader ActivityManager
23:45:15.337 [JavaFX Application Thread] TRACE edu.usc.softarch.arcade.clustering.FeatureVectorMap - org.anothermonitor.ServiceReader ActivityManager.MemoryInfo
23:45:15.337 [JavaFX Application Thread] TRACE edu.usc.softarch.arcade.clustering.FeatureVectorMap - org.anothermonitor.ServiceReader BroadcastReceiver
23:45:15.337 [JavaFX Application Thread] TRACE edu.usc.softarch.arcade.clustering.FeatureVectorMap - org.anothermonitor.ServiceReader Debug.MemoryInfo
23:45:15.338 [JavaFX Application Thread] TRACE edu.usc.softarch.arcade.clustering.FeatureVectorMap - org.anothermonitor.ServiceReader IBinder
23:45:15.338 [JavaFX Application Thread] TRACE edu.usc.softarch.arcade.clustering.FeatureVectorMap - org.anothermonitor.ServiceReader Intent
23:45:15.338 [JavaFX Application Thread] TRACE edu.usc.softarch.arcade.clustering.FeatureVectorMap - org.anothermonitor.ServiceReader Notification
23:45:15.338 [JavaFX Application Thread] TRACE edu.usc.softarch.arcade.clustering.FeatureVectorMap - org.anothermonitor.ServiceReader NotificationManager
23:45:15.338 [JavaFX Application Thread] TRACE edu.usc.softarch.arcade.clustering.FeatureVectorMap - org.anothermonitor.ServiceReader Service
23:45:15.338 [JavaFX Application Thread] TRACE edu.usc.softarch.arcade.clustering.FeatureVectorMap - org.anothermonitor.ServiceReader SharedPreferences
23:45:15.338 [JavaFX Application Thread] TRACE edu.usc.softarch.arcade.clustering.FeatureVectorMap - org.anothermonitor.ServiceReader org.anothermonitor.ServiceReader$ServiceReaderDataBinder
23:45:15.338 [JavaFX Application Thread] TRACE edu.usc.softarch.arcade.clustering.FeatureVectorMap - org.anothermonitor.ViewGraphic AttributeSet
23:45:15.338 [JavaFX Application Thread] TRACE edu.usc.softarch.arcade.clustering.FeatureVectorMap - org.anothermonitor.ViewGraphic Canvas
23:45:15.338 [JavaFX Application Thread] TRACE edu.usc.softarch.arcade.clustering.FeatureVectorMap - org.anothermonitor.ViewGraphic Context
23:45:15.338 [JavaFX Application Thread] TRACE edu.usc.softarch.arcade.clustering.FeatureVectorMap - org.anothermonitor.ViewGraphic Paint
23:45:15.338 [JavaFX Application Thread] TRACE edu.usc.softarch.arcade.clustering.FeatureVectorMap - org.anothermonitor.ViewGraphic Paint.Align
23:45:15.338 [JavaFX Application Thread] TRACE edu.usc.softarch.arcade.clustering.FeatureVectorMap - org.anothermonitor.ViewGraphic Rect
23:45:15.338 [JavaFX Application Thread] TRACE edu.usc.softarch.arcade.clustering.FeatureVectorMap - org.anothermonitor.ViewGraphic Resources
23:45:15.338 [JavaFX Application Thread] TRACE edu.usc.softarch.arcade.clustering.FeatureVectorMap - org.anothermonitor.ViewGraphic TextureView
23:45:15.338 [JavaFX Application Thread] TRACE edu.usc.softarch.arcade.clustering.FeatureVectorMap - org.anothermonitor.ViewGraphic org.anothermonitor.ServiceReader
23:45:15.338 [JavaFX Application Thread] TRACE edu.usc.softarch.arcade.clustering.FeatureVectorMap - org.anothermonitor.ServiceReader$ServiceReaderDataBinder Binder
23:45:15.338 [JavaFX Application Thread] TRACE edu.usc.softarch.arcade.clustering.FeatureVectorMap - org.anothermonitor.ServiceReader$ServiceReaderDataBinder org.anothermonitor.ServiceReader
23:45:15.338 [JavaFX Application Thread] TRACE edu.usc.softarch.arcade.clustering.FeatureVectorMap - org.anothermonitor.ActivityProcesses$SimpleAdapterCustomised$Tag ImageView
23:45:15.338 [JavaFX Application Thread] TRACE edu.usc.softarch.arcade.clustering.FeatureVectorMap - org.anothermonitor.ActivityProcesses$SimpleAdapterCustomised$Tag LinearLayout
23:45:15.338 [JavaFX Application Thread] TRACE edu.usc.softarch.arcade.clustering.FeatureVectorMap - org.anothermonitor.ActivityProcesses$SimpleAdapterCustomised$Tag TextView
23:45:15.338 [JavaFX Application Thread] TRACE edu.usc.softarch.arcade.clustering.FeatureVectorMap - org.anothermonitor.ActivityProcesses$SimpleAdapterCustomised$Tag org.anothermonitor.ActivityProcesses
23:45:15.338 [JavaFX Application Thread] TRACE edu.usc.softarch.arcade.clustering.FeatureVectorMap - org.anothermonitor.ActivityProcesses$SimpleAdapterCustomised$Tag org.anothermonitor.ActivityProcesses$SimpleAdapterCustomised
23:45:15.338 [JavaFX Application Thread] TRACE edu.usc.softarch.arcade.clustering.FeatureVectorMap - org.anothermonitor.ActivityAbout Activity
23:45:15.338 [JavaFX Application Thread] TRACE edu.usc.softarch.arcade.clustering.FeatureVectorMap - org.anothermonitor.ActivityAbout BroadcastReceiver
23:45:15.338 [JavaFX Application Thread] TRACE edu.usc.softarch.arcade.clustering.FeatureVectorMap - org.anothermonitor.ActivityAbout Bundle
23:45:15.338 [JavaFX Application Thread] TRACE edu.usc.softarch.arcade.clustering.FeatureVectorMap - org.anothermonitor.ActivityProcesses$SimpleAdapterCustomised Context
23:45:15.338 [JavaFX Application Thread] TRACE edu.usc.softarch.arcade.clustering.FeatureVectorMap - org.anothermonitor.ActivityProcesses$SimpleAdapterCustomised SimpleAdapter
23:45:15.338 [JavaFX Application Thread] TRACE edu.usc.softarch.arcade.clustering.FeatureVectorMap - org.anothermonitor.ActivityProcesses$SimpleAdapterCustomised View
23:45:15.338 [JavaFX Application Thread] TRACE edu.usc.softarch.arcade.clustering.FeatureVectorMap - org.anothermonitor.ActivityProcesses$SimpleAdapterCustomised ViewGroup
23:45:15.338 [JavaFX Application Thread] TRACE edu.usc.softarch.arcade.clustering.FeatureVectorMap - org.anothermonitor.ActivityProcesses$SimpleAdapterCustomised org.anothermonitor.ActivityProcesses
23:45:15.338 [JavaFX Application Thread] TRACE edu.usc.softarch.arcade.clustering.FeatureVectorMap - org.anothermonitor.ActivityProcesses$SimpleAdapterCustomised org.anothermonitor.ActivityProcesses$SimpleAdapterCustomised$Tag
23:45:15.338 [JavaFX Application Thread] TRACE edu.usc.softarch.arcade.clustering.FeatureVectorMap - org.anothermonitor.ActivityProcesses Activity
23:45:15.338 [JavaFX Application Thread] TRACE edu.usc.softarch.arcade.clustering.FeatureVectorMap - org.anothermonitor.ActivityProcesses BroadcastReceiver
23:45:15.338 [JavaFX Application Thread] TRACE edu.usc.softarch.arcade.clustering.FeatureVectorMap - org.anothermonitor.ActivityProcesses Bundle
23:45:15.338 [JavaFX Application Thread] TRACE edu.usc.softarch.arcade.clustering.FeatureVectorMap - org.anothermonitor.ActivityProcesses Button
23:45:15.338 [JavaFX Application Thread] TRACE edu.usc.softarch.arcade.clustering.FeatureVectorMap - org.anothermonitor.ActivityProcesses ListView
23:45:15.338 [JavaFX Application Thread] TRACE edu.usc.softarch.arcade.clustering.FeatureVectorMap - org.anothermonitor.ActivityProcesses SimpleAdapter
23:45:15.338 [JavaFX Application Thread] TRACE edu.usc.softarch.arcade.clustering.FeatureVectorMap - org.anothermonitor.ActivityProcesses org.anothermonitor.ActivityProcesses$SimpleAdapterCustomised
23:45:15.338 [JavaFX Application Thread] TRACE edu.usc.softarch.arcade.clustering.FeatureVectorMap - org.anothermonitor.ActivityHelp Activity
23:45:15.338 [JavaFX Application Thread] TRACE edu.usc.softarch.arcade.clustering.FeatureVectorMap - org.anothermonitor.ActivityHelp BroadcastReceiver
23:45:15.338 [JavaFX Application Thread] TRACE edu.usc.softarch.arcade.clustering.FeatureVectorMap - org.anothermonitor.ActivityHelp Bundle
23:45:15.338 [JavaFX Application Thread] TRACE edu.usc.softarch.arcade.clustering.FeatureVectorMap - org.anothermonitor.ApplicationTest Application
23:45:15.338 [JavaFX Application Thread] TRACE edu.usc.softarch.arcade.clustering.FeatureVectorMap - org.anothermonitor.ApplicationTest ApplicationTestCase
23:45:15.338 [JavaFX Application Thread] TRACE edu.usc.softarch.arcade.clustering.FeatureVectorMap - org.anothermonitor.ActivityMain Activity
23:45:15.338 [JavaFX Application Thread] TRACE edu.usc.softarch.arcade.clustering.FeatureVectorMap - org.anothermonitor.ActivityMain ActivityCompat.OnRequestPermissionsResultCallback
23:45:15.338 [JavaFX Application Thread] TRACE edu.usc.softarch.arcade.clustering.FeatureVectorMap - org.anothermonitor.ActivityMain BroadcastReceiver
23:45:15.338 [JavaFX Application Thread] TRACE edu.usc.softarch.arcade.clustering.FeatureVectorMap - org.anothermonitor.ActivityMain Bundle
23:45:15.338 [JavaFX Application Thread] TRACE edu.usc.softarch.arcade.clustering.FeatureVectorMap - org.anothermonitor.ActivityMain Button
23:45:15.338 [JavaFX Application Thread] TRACE edu.usc.softarch.arcade.clustering.FeatureVectorMap - org.anothermonitor.ActivityMain FrameLayout
23:45:15.338 [JavaFX Application Thread] TRACE edu.usc.softarch.arcade.clustering.FeatureVectorMap - org.anothermonitor.ActivityMain Handler
23:45:15.338 [JavaFX Application Thread] TRACE edu.usc.softarch.arcade.clustering.FeatureVectorMap - org.anothermonitor.ActivityMain ImageView
23:45:15.338 [JavaFX Application Thread] TRACE edu.usc.softarch.arcade.clustering.FeatureVectorMap - org.anothermonitor.ActivityMain Intent
23:45:15.338 [JavaFX Application Thread] TRACE edu.usc.softarch.arcade.clustering.FeatureVectorMap - org.anothermonitor.ActivityMain KeyEvent
23:45:15.338 [JavaFX Application Thread] TRACE edu.usc.softarch.arcade.clustering.FeatureVectorMap - org.anothermonitor.ActivityMain LinearLayout
23:45:15.338 [JavaFX Application Thread] TRACE edu.usc.softarch.arcade.clustering.FeatureVectorMap - org.anothermonitor.ActivityMain NonNull
23:45:15.338 [JavaFX Application Thread] TRACE edu.usc.softarch.arcade.clustering.FeatureVectorMap - org.anothermonitor.ActivityMain PopupWindow
23:45:15.338 [JavaFX Application Thread] TRACE edu.usc.softarch.arcade.clustering.FeatureVectorMap - org.anothermonitor.ActivityMain Resources
23:45:15.338 [JavaFX Application Thread] TRACE edu.usc.softarch.arcade.clustering.FeatureVectorMap - org.anothermonitor.ActivityMain SeekBar
23:45:15.338 [JavaFX Application Thread] TRACE edu.usc.softarch.arcade.clustering.FeatureVectorMap - org.anothermonitor.ActivityMain ServiceConnection
23:45:15.338 [JavaFX Application Thread] TRACE edu.usc.softarch.arcade.clustering.FeatureVectorMap - org.anothermonitor.ActivityMain SharedPreferences
23:45:15.338 [JavaFX Application Thread] TRACE edu.usc.softarch.arcade.clustering.FeatureVectorMap - org.anothermonitor.ActivityMain TextView
23:45:15.338 [JavaFX Application Thread] TRACE edu.usc.softarch.arcade.clustering.FeatureVectorMap - org.anothermonitor.ActivityMain ToggleButton
23:45:15.338 [JavaFX Application Thread] TRACE edu.usc.softarch.arcade.clustering.FeatureVectorMap - org.anothermonitor.ActivityMain org.anothermonitor.ServiceReader
23:45:15.338 [JavaFX Application Thread] TRACE edu.usc.softarch.arcade.clustering.FeatureVectorMap - org.anothermonitor.ActivityMain org.anothermonitor.ViewGraphic
23:45:15.338 [JavaFX Application Thread] TRACE edu.usc.softarch.arcade.clustering.FeatureVectorMap - org.anothermonitor.LinearLayoutCustomised AttributeSet
23:45:15.338 [JavaFX Application Thread] TRACE edu.usc.softarch.arcade.clustering.FeatureVectorMap - org.anothermonitor.LinearLayoutCustomised Context
23:45:15.338 [JavaFX Application Thread] TRACE edu.usc.softarch.arcade.clustering.FeatureVectorMap - org.anothermonitor.LinearLayoutCustomised LinearLayout
23:45:15.338 [JavaFX Application Thread] TRACE edu.usc.softarch.arcade.clustering.FeatureVectorMap - org.anothermonitor.LinearLayoutCustomised MotionEvent
23:45:15.338 [JavaFX Application Thread] TRACE edu.usc.softarch.arcade.clustering.FeatureVectorMap - Printing intersection of rsf reader untyped edges set and feature set edges...
23:45:15.338 [JavaFX Application Thread] TRACE edu.usc.softarch.arcade.clustering.FeatureVectorMap - intersection set size: 0
23:45:15.338 [JavaFX Application Thread] TRACE edu.usc.softarch.arcade.clustering.FeatureVectorMap - 
23:45:15.338 [JavaFX Application Thread] TRACE edu.usc.softarch.arcade.clustering.FeatureVectorMap - Printing difference of rsf reader untyped edges set and feature set edges...
23:45:15.338 [JavaFX Application Thread] TRACE edu.usc.softarch.arcade.clustering.FeatureVectorMap - difference set size: 73
23:45:15.338 [JavaFX Application Thread] TRACE edu.usc.softarch.arcade.clustering.FeatureVectorMap - [org.anothermonitor.LinearLayoutCustomised, Context]
[org.anothermonitor.LinearLayoutCustomised, LinearLayout]
[org.anothermonitor.ActivityProcesses, BroadcastReceiver]
[org.anothermonitor.ActivityProcesses$SimpleAdapterCustomised$Tag, TextView]
[org.anothermonitor.ServiceReader, ActivityManager.MemoryInfo]
[org.anothermonitor.ServiceReader, Intent]
[org.anothermonitor.ApplicationTest, Application]
[org.anothermonitor.ActivityMain, ServiceConnection]
[org.anothermonitor.ActivityMain, org.anothermonitor.ServiceReader]
[org.anothermonitor.ViewGraphic, Resources]
[org.anothermonitor.LinearLayoutCustomised, AttributeSet]
[org.anothermonitor.ActivityProcesses, Button]
[org.anothermonitor.ViewGraphic, Rect]
[org.anothermonitor.ActivityProcesses, Activity]
[org.anothermonitor.ActivityMain, TextView]
[org.anothermonitor.ActivityMain, Button]
[org.anothermonitor.ActivityAbout, Activity]
[org.anothermonitor.ActivityMain, Intent]
[org.anothermonitor.ActivityMain, Activity]
[org.anothermonitor.ActivityProcesses$SimpleAdapterCustomised, SimpleAdapter]
[org.anothermonitor.ServiceReader, SharedPreferences]
[org.anothermonitor.ActivityMain, BroadcastReceiver]
[org.anothermonitor.ActivityHelp, Bundle]
[org.anothermonitor.ActivityAbout, BroadcastReceiver]
[org.anothermonitor.ActivityMain, ActivityCompat.OnRequestPermissionsResultCallback]
[org.anothermonitor.ActivityMain, SeekBar]
[org.anothermonitor.ActivityProcesses$SimpleAdapterCustomised, View]
[org.anothermonitor.ServiceReader, ActivityManager]
[org.anothermonitor.ActivityProcesses$SimpleAdapterCustomised, Context]
[org.anothermonitor.ViewGraphic, Paint]
[org.anothermonitor.ServiceReader$ServiceReaderDataBinder, Binder]
[org.anothermonitor.ActivityProcesses$SimpleAdapterCustomised$Tag, ImageView]
[org.anothermonitor.ActivityMain, NonNull]
[org.anothermonitor.ActivityMain, ImageView]
[org.anothermonitor.ActivityProcesses$SimpleAdapterCustomised$Tag, LinearLayout]
[org.anothermonitor.ViewGraphic, Canvas]
[org.anothermonitor.ActivityAbout, Bundle]
[org.anothermonitor.ServiceReader, NotificationManager]
[org.anothermonitor.ActivityMain, Handler]
[org.anothermonitor.ActivityProcesses, Bundle]
[org.anothermonitor.ViewGraphic, TextureView]
[org.anothermonitor.ActivityMain, FrameLayout]
[org.anothermonitor.ActivityProcesses$SimpleAdapterCustomised$Tag, org.anothermonitor.ActivityProcesses]
[org.anothermonitor.ActivityProcesses$SimpleAdapterCustomised, org.anothermonitor.ActivityProcesses]
[org.anothermonitor.ViewGraphic, Context]
[org.anothermonitor.ServiceReader, Service]
[org.anothermonitor.ViewGraphic, Paint.Align]
[org.anothermonitor.ActivityProcesses, SimpleAdapter]
[org.anothermonitor.ActivityMain, Resources]
[org.anothermonitor.ServiceReader, IBinder]
[org.anothermonitor.ActivityHelp, Activity]
[org.anothermonitor.LinearLayoutCustomised, MotionEvent]
[org.anothermonitor.ServiceReader, BroadcastReceiver]
[org.anothermonitor.ViewGraphic, AttributeSet]
[org.anothermonitor.ActivityProcesses$SimpleAdapterCustomised$Tag, org.anothermonitor.ActivityProcesses$SimpleAdapterCustomised]
[org.anothermonitor.ServiceReader, Notification]
[org.anothermonitor.ServiceReader, org.anothermonitor.ServiceReader$ServiceReaderDataBinder]
[org.anothermonitor.ActivityProcesses$SimpleAdapterCustomised, ViewGroup]
[org.anothermonitor.ActivityMain, SharedPreferences]
[org.anothermonitor.ActivityProcesses$SimpleAdapterCustomised, org.anothermonitor.ActivityProcesses$SimpleAdapterCustomised$Tag]
[org.anothermonitor.ActivityMain, Bundle]
[org.anothermonitor.ViewGraphic, org.anothermonitor.ServiceReader]
[org.anothermonitor.ServiceReader, Debug.MemoryInfo]
[org.anothermonitor.ActivityProcesses, org.anothermonitor.ActivityProcesses$SimpleAdapterCustomised]
[org.anothermonitor.ActivityHelp, BroadcastReceiver]
[org.anothermonitor.ActivityMain, org.anothermonitor.ViewGraphic]
[org.anothermonitor.ActivityProcesses, ListView]
[org.anothermonitor.ActivityMain, LinearLayout]
[org.anothermonitor.ActivityMain, PopupWindow]
[org.anothermonitor.ActivityMain, KeyEvent]
[org.anothermonitor.ServiceReader$ServiceReaderDataBinder, org.anothermonitor.ServiceReader]
[org.anothermonitor.ActivityMain, ToggleButton]
[org.anothermonitor.ApplicationTest, ApplicationTestCase]
23:45:15.338 [JavaFX Application Thread] TRACE edu.usc.softarch.arcade.clustering.FeatureVectorMap - Exit
23:45:15.338 [JavaFX Application Thread] TRACE edu.usc.softarch.arcade.clustering.FeatureVectorMap - Exit
23:45:15.338 [JavaFX Application Thread] TRACE edu.usc.softarch.arcade.clustering.FeatureVectorMap - Enter
23:45:15.338 [JavaFX Application Thread] TRACE edu.usc.softarch.arcade.clustering.FeatureVectorMap - Exit
23:45:15.338 [JavaFX Application Thread] TRACE edu.usc.softarch.arcade.facts.driver.JavaSourceToDepsBuilder - Exit
23:45:15.338 [JavaFX Application Thread] DEBUG edu.usc.softarch.arcade.AcdcWithSmellDetection - Running acdc for revision bin
23:45:15.353 [JavaFX Application Thread] DEBUG edu.usc.softarch.arcade.AcdcWithSmellDetection - Running smell detecion for revision bin
23:45:15.353 [JavaFX Application Thread] TRACE edu.usc.softarch.arcade.antipattern.detection.ArchSmellDetector - Enter params(/home/cs578user/Desktop/ArchRecOut/android_projects_result/AnotherMonitor__ACDC_java_2018-11-13_23_45_15_049/bin_deps.rsf, /home/cs578user/Desktop/ArchRecOut/android_projects_result/AnotherMonitor__ACDC_java_2018-11-13_23_45_15_049/bin_acdc_clustered.rsf, /home/cs578user/Desktop/ArchRecOut/android_projects_result/AnotherMonitor__ACDC_java_2018-11-13_23_45_15_049/bin_acdc_smells.ser)
23:45:15.353 [JavaFX Application Thread] TRACE edu.usc.softarch.arcade.util.FileUtil - Enter params(/home/cs578user/Desktop/ArchRecOut/android_projects_result/AnotherMonitor__ACDC_java_2018-11-13_23_45_15_049/bin_deps.rsf, true, false)
23:45:15.353 [JavaFX Application Thread] TRACE edu.usc.softarch.arcade.util.FileUtil - Exit
23:45:15.353 [JavaFX Application Thread] TRACE edu.usc.softarch.arcade.util.FileUtil - Enter params(/home/cs578user/Desktop/ArchRecOut/android_projects_result/AnotherMonitor__ACDC_java_2018-11-13_23_45_15_049/bin_acdc_clustered.rsf, true, false)
23:45:15.353 [JavaFX Application Thread] TRACE edu.usc.softarch.arcade.util.FileUtil - Exit
23:45:15.353 [JavaFX Application Thread] TRACE edu.usc.softarch.arcade.util.FileUtil - Enter params(/home/cs578user/Desktop/ArchRecOut/android_projects_result/AnotherMonitor__ACDC_java_2018-11-13_23_45_15_049/bin_acdc_smells.ser, true, false)
23:45:15.353 [JavaFX Application Thread] TRACE edu.usc.softarch.arcade.util.FileUtil - /home/cs578user/Desktop/ArchRecOut/android_projects_result/AnotherMonitor__ACDC_java_2018-11-13_23_45_15_049/bin_acdc_smells.ser does not exist
23:45:15.353 [JavaFX Application Thread] TRACE edu.usc.softarch.arcade.util.FileUtil -  - making - 
23:45:15.353 [JavaFX Application Thread] TRACE edu.usc.softarch.arcade.util.FileUtil -  succeeded
23:45:15.353 [JavaFX Application Thread] TRACE edu.usc.softarch.arcade.util.FileUtil - Exit
23:45:15.353 [JavaFX Application Thread] TRACE edu.usc.softarch.arcade.antipattern.detection.ArchSmellDetector - Enter params(/home/cs578user/Desktop/ArchRecOut/android_projects_result/AnotherMonitor__ACDC_java_2018-11-13_23_45_15_049/bin_acdc_smells.ser)
23:45:15.354 [JavaFX Application Thread] TRACE edu.usc.softarch.arcade.facts.driver.RsfReader - Elapsed time in milliseconds: 1
23:45:15.354 [JavaFX Application Thread] DEBUG edu.usc.softarch.arcade.antipattern.detection.ArchSmellDetector - Found and built clusters:
23:45:15.355 [JavaFX Application Thread] DEBUG edu.usc.softarch.arcade.antipattern.detection.ArchSmellDetector - org.anothermonitor.ss
23:45:15.365 [JavaFX Application Thread] TRACE edu.usc.softarch.arcade.facts.driver.RsfReader - Elapsed time in milliseconds: 10
23:45:15.366 [JavaFX Application Thread] DEBUG edu.usc.softarch.arcade.clustering.util.ClusterUtil - No. of vertices: 1
23:45:15.366 [JavaFX Application Thread] DEBUG edu.usc.softarch.arcade.clustering.util.ClusterUtil - No. of edges: 0
23:45:15.367 [JavaFX Application Thread] TRACE edu.usc.softarch.arcade.antipattern.detection.ArchSmellDetector - Enter params([], [org.anothermonitor.ss], {})
23:45:15.367 [JavaFX Application Thread] DEBUG edu.usc.softarch.arcade.antipattern.detection.ArchSmellDetector - Number of strongly connected components: 0
23:45:15.370 [JavaFX Application Thread] TRACE edu.usc.softarch.arcade.antipattern.detection.ArchSmellDetector - Exit
23:45:15.370 [JavaFX Application Thread] TRACE edu.usc.softarch.arcade.antipattern.detection.ArchSmellDetector - Enter params([], [org.anothermonitor.ss], {})
23:45:15.370 [JavaFX Application Thread] DEBUG edu.usc.softarch.arcade.antipattern.detection.ArchSmellDetector - Computing the in and out degress of each vertex
23:45:15.370 [JavaFX Application Thread] DEBUG edu.usc.softarch.arcade.antipattern.detection.ArchSmellDetector - 	org.anothermonitor.ss
23:45:15.370 [JavaFX Application Thread] DEBUG edu.usc.softarch.arcade.antipattern.detection.ArchSmellDetector - 		 in degree: 0
23:45:15.370 [JavaFX Application Thread] DEBUG edu.usc.softarch.arcade.antipattern.detection.ArchSmellDetector - 		 out degree: 0
23:45:15.370 [JavaFX Application Thread] DEBUG edu.usc.softarch.arcade.antipattern.detection.ArchSmellDetector - mean of in degrees: 0.0
23:45:15.371 [JavaFX Application Thread] DEBUG edu.usc.softarch.arcade.antipattern.detection.ArchSmellDetector - mean of out degrees: 0.0
23:45:15.371 [JavaFX Application Thread] DEBUG edu.usc.softarch.arcade.antipattern.detection.ArchSmellDetector - mean of in plus out degrees: 0.0
23:45:15.371 [JavaFX Application Thread] DEBUG edu.usc.softarch.arcade.antipattern.detection.ArchSmellDetector - std dev of in degrees: 0.0
23:45:15.371 [JavaFX Application Thread] DEBUG edu.usc.softarch.arcade.antipattern.detection.ArchSmellDetector - std dev of out degrees: 0.0
23:45:15.371 [JavaFX Application Thread] DEBUG edu.usc.softarch.arcade.antipattern.detection.ArchSmellDetector - std dev of in plus out degrees: 0.0
23:45:15.371 [JavaFX Application Thread] TRACE edu.usc.softarch.arcade.antipattern.detection.ArchSmellDetector - Exit
23:45:15.371 [JavaFX Application Thread] TRACE edu.usc.softarch.arcade.antipattern.detection.ArchSmellDetector - Enter params({})
23:45:15.371 [JavaFX Application Thread] TRACE edu.usc.softarch.arcade.antipattern.detection.ArchSmellDetector - Exit
23:45:15.371 [JavaFX Application Thread] TRACE edu.usc.softarch.arcade.antipattern.detection.ArchSmellDetector - Enter params(/home/cs578user/Desktop/ArchRecOut/android_projects_result/AnotherMonitor__ACDC_java_2018-11-13_23_45_15_049/bin_acdc_smells.ser, [])
23:45:15.374 [JavaFX Application Thread] TRACE edu.usc.softarch.arcade.antipattern.detection.ArchSmellDetector - Exit
23:45:15.374 [JavaFX Application Thread] TRACE edu.usc.softarch.arcade.antipattern.detection.ArchSmellDetector - Exit
23:45:15.374 [JavaFX Application Thread] TRACE edu.usc.softarch.arcade.antipattern.detection.ArchSmellDetector - Exit
23:45:15.374 [JavaFX Application Thread] DEBUG edu.usc.softarch.arcade.AcdcWithSmellDetection - Not a directory: build.gradle
23:45:15.382 [JavaFX Application Thread] DEBUG edu.usc.softarch.arcade.AcdcWithSmellDetection - Identified directory: effort_data
23:45:15.382 [JavaFX Application Thread] DEBUG edu.usc.softarch.arcade.AcdcWithSmellDetection - Processing directory: effort_data
23:45:15.383 [JavaFX Application Thread] TRACE edu.usc.softarch.arcade.util.FileUtil - Enter params(/home/cs578user/Desktop/android_projects_v2/AnotherMonitor/effort_data/, false, true)
23:45:15.383 [JavaFX Application Thread] TRACE edu.usc.softarch.arcade.util.FileUtil - Exit
23:45:15.383 [JavaFX Application Thread] DEBUG edu.usc.softarch.arcade.AcdcWithSmellDetection - Get deps for revision effort_data
23:45:15.383 [JavaFX Application Thread] TRACE edu.usc.softarch.arcade.facts.driver.JavaSourceToDepsBuilder - Enter params(/home/cs578user/Desktop/android_projects_v2/AnotherMonitor/effort_data, /home/cs578user/Desktop/ArchRecOut/android_projects_result/AnotherMonitor__ACDC_java_2018-11-13_23_45_15_049/effort_data_deps.rsf)
23:45:15.384 [JavaFX Application Thread] TRACE edu.usc.softarch.arcade.clustering.FeatureVectorMap - Enter params()
23:45:15.384 [JavaFX Application Thread] TRACE edu.usc.softarch.arcade.clustering.FeatureVectorMap - Enter params()
23:45:15.384 [JavaFX Application Thread] TRACE edu.usc.softarch.arcade.clustering.FeatureVectorMap - total true bits among feature sets: 0
23:45:15.384 [JavaFX Application Thread] TRACE edu.usc.softarch.arcade.clustering.FeatureVectorMap - Printing edges represented by feature sets...
23:45:15.384 [JavaFX Application Thread] TRACE edu.usc.softarch.arcade.clustering.FeatureVectorMap - Printing intersection of rsf reader untyped edges set and feature set edges...
23:45:15.384 [JavaFX Application Thread] TRACE edu.usc.softarch.arcade.clustering.FeatureVectorMap - intersection set size: 0
23:45:15.384 [JavaFX Application Thread] TRACE edu.usc.softarch.arcade.clustering.FeatureVectorMap - 
23:45:15.384 [JavaFX Application Thread] TRACE edu.usc.softarch.arcade.clustering.FeatureVectorMap - Printing difference of rsf reader untyped edges set and feature set edges...
23:45:15.384 [JavaFX Application Thread] TRACE edu.usc.softarch.arcade.clustering.FeatureVectorMap - difference set size: 0
23:45:15.384 [JavaFX Application Thread] TRACE edu.usc.softarch.arcade.clustering.FeatureVectorMap - 
23:45:15.384 [JavaFX Application Thread] TRACE edu.usc.softarch.arcade.clustering.FeatureVectorMap - Exit
23:45:15.384 [JavaFX Application Thread] TRACE edu.usc.softarch.arcade.clustering.FeatureVectorMap - Exit
23:45:15.384 [JavaFX Application Thread] TRACE edu.usc.softarch.arcade.clustering.FeatureVectorMap - Enter
23:45:15.384 [JavaFX Application Thread] TRACE edu.usc.softarch.arcade.clustering.FeatureVectorMap - Exit
23:45:15.384 [JavaFX Application Thread] TRACE edu.usc.softarch.arcade.facts.driver.JavaSourceToDepsBuilder - Exit
23:45:15.384 [JavaFX Application Thread] DEBUG edu.usc.softarch.arcade.AcdcWithSmellDetection - Identified directory: gradle
23:45:15.384 [JavaFX Application Thread] DEBUG edu.usc.softarch.arcade.AcdcWithSmellDetection - Processing directory: gradle
23:45:15.384 [JavaFX Application Thread] TRACE edu.usc.softarch.arcade.util.FileUtil - Enter params(/home/cs578user/Desktop/android_projects_v2/AnotherMonitor/gradle/, false, true)
23:45:15.384 [JavaFX Application Thread] TRACE edu.usc.softarch.arcade.util.FileUtil - Exit
23:45:15.384 [JavaFX Application Thread] DEBUG edu.usc.softarch.arcade.AcdcWithSmellDetection - Get deps for revision gradle
23:45:15.384 [JavaFX Application Thread] TRACE edu.usc.softarch.arcade.facts.driver.JavaSourceToDepsBuilder - Enter params(/home/cs578user/Desktop/android_projects_v2/AnotherMonitor/gradle, /home/cs578user/Desktop/ArchRecOut/android_projects_result/AnotherMonitor__ACDC_java_2018-11-13_23_45_15_049/gradle_deps.rsf)
23:45:15.386 [JavaFX Application Thread] TRACE edu.usc.softarch.arcade.clustering.FeatureVectorMap - Enter params()
23:45:15.386 [JavaFX Application Thread] TRACE edu.usc.softarch.arcade.clustering.FeatureVectorMap - Enter params()
23:45:15.386 [JavaFX Application Thread] TRACE edu.usc.softarch.arcade.clustering.FeatureVectorMap - total true bits among feature sets: 0
23:45:15.386 [JavaFX Application Thread] TRACE edu.usc.softarch.arcade.clustering.FeatureVectorMap - Printing edges represented by feature sets...
23:45:15.386 [JavaFX Application Thread] TRACE edu.usc.softarch.arcade.clustering.FeatureVectorMap - Printing intersection of rsf reader untyped edges set and feature set edges...
23:45:15.386 [JavaFX Application Thread] TRACE edu.usc.softarch.arcade.clustering.FeatureVectorMap - intersection set size: 0
23:45:15.386 [JavaFX Application Thread] TRACE edu.usc.softarch.arcade.clustering.FeatureVectorMap - 
23:45:15.386 [JavaFX Application Thread] TRACE edu.usc.softarch.arcade.clustering.FeatureVectorMap - Printing difference of rsf reader untyped edges set and feature set edges...
23:45:15.386 [JavaFX Application Thread] TRACE edu.usc.softarch.arcade.clustering.FeatureVectorMap - difference set size: 0
23:45:15.386 [JavaFX Application Thread] TRACE edu.usc.softarch.arcade.clustering.FeatureVectorMap - 
23:45:15.386 [JavaFX Application Thread] TRACE edu.usc.softarch.arcade.clustering.FeatureVectorMap - Exit
23:45:15.386 [JavaFX Application Thread] TRACE edu.usc.softarch.arcade.clustering.FeatureVectorMap - Exit
23:45:15.386 [JavaFX Application Thread] TRACE edu.usc.softarch.arcade.clustering.FeatureVectorMap - Enter
23:45:15.386 [JavaFX Application Thread] TRACE edu.usc.softarch.arcade.clustering.FeatureVectorMap - Exit
23:45:15.386 [JavaFX Application Thread] TRACE edu.usc.softarch.arcade.facts.driver.JavaSourceToDepsBuilder - Exit
23:45:15.387 [JavaFX Application Thread] DEBUG edu.usc.softarch.arcade.AcdcWithSmellDetection - Not a directory: gradle.properties
23:45:15.387 [JavaFX Application Thread] DEBUG edu.usc.softarch.arcade.AcdcWithSmellDetection - Not a directory: gradlew
23:45:15.388 [JavaFX Application Thread] DEBUG edu.usc.softarch.arcade.AcdcWithSmellDetection - Not a directory: gradlew.bat
23:45:15.388 [JavaFX Application Thread] DEBUG edu.usc.softarch.arcade.AcdcWithSmellDetection - Not a directory: kdm.xml
23:45:15.388 [JavaFX Application Thread] DEBUG edu.usc.softarch.arcade.AcdcWithSmellDetection - Identified directory: output
23:45:15.388 [JavaFX Application Thread] DEBUG edu.usc.softarch.arcade.AcdcWithSmellDetection - Processing directory: output
23:45:15.388 [JavaFX Application Thread] TRACE edu.usc.softarch.arcade.util.FileUtil - Enter params(/home/cs578user/Desktop/android_projects_v2/AnotherMonitor/output/, false, true)
23:45:15.388 [JavaFX Application Thread] TRACE edu.usc.softarch.arcade.util.FileUtil - Exit
23:45:15.388 [JavaFX Application Thread] DEBUG edu.usc.softarch.arcade.AcdcWithSmellDetection - Get deps for revision output
23:45:15.388 [JavaFX Application Thread] TRACE edu.usc.softarch.arcade.facts.driver.JavaSourceToDepsBuilder - Enter params(/home/cs578user/Desktop/android_projects_v2/AnotherMonitor/output, /home/cs578user/Desktop/ArchRecOut/android_projects_result/AnotherMonitor__ACDC_java_2018-11-13_23_45_15_049/output_deps.rsf)
23:45:15.392 [JavaFX Application Thread] TRACE edu.usc.softarch.arcade.clustering.FeatureVectorMap - Enter params()
23:45:15.392 [JavaFX Application Thread] TRACE edu.usc.softarch.arcade.clustering.FeatureVectorMap - Enter params()
23:45:15.392 [JavaFX Application Thread] TRACE edu.usc.softarch.arcade.clustering.FeatureVectorMap - total true bits among feature sets: 0
23:45:15.392 [JavaFX Application Thread] TRACE edu.usc.softarch.arcade.clustering.FeatureVectorMap - Printing edges represented by feature sets...
23:45:15.392 [JavaFX Application Thread] TRACE edu.usc.softarch.arcade.clustering.FeatureVectorMap - Printing intersection of rsf reader untyped edges set and feature set edges...
23:45:15.392 [JavaFX Application Thread] TRACE edu.usc.softarch.arcade.clustering.FeatureVectorMap - intersection set size: 0
23:45:15.392 [JavaFX Application Thread] TRACE edu.usc.softarch.arcade.clustering.FeatureVectorMap - 
23:45:15.392 [JavaFX Application Thread] TRACE edu.usc.softarch.arcade.clustering.FeatureVectorMap - Printing difference of rsf reader untyped edges set and feature set edges...
23:45:15.392 [JavaFX Application Thread] TRACE edu.usc.softarch.arcade.clustering.FeatureVectorMap - difference set size: 0
23:45:15.392 [JavaFX Application Thread] TRACE edu.usc.softarch.arcade.clustering.FeatureVectorMap - 
23:45:15.393 [JavaFX Application Thread] TRACE edu.usc.softarch.arcade.clustering.FeatureVectorMap - Exit
23:45:15.393 [JavaFX Application Thread] TRACE edu.usc.softarch.arcade.clustering.FeatureVectorMap - Exit
23:45:15.393 [JavaFX Application Thread] TRACE edu.usc.softarch.arcade.clustering.FeatureVectorMap - Enter
23:45:15.393 [JavaFX Application Thread] TRACE edu.usc.softarch.arcade.clustering.FeatureVectorMap - Exit
23:45:15.393 [JavaFX Application Thread] TRACE edu.usc.softarch.arcade.facts.driver.JavaSourceToDepsBuilder - Exit
23:45:15.393 [JavaFX Application Thread] DEBUG edu.usc.softarch.arcade.AcdcWithSmellDetection - Identified directory: output1
23:45:15.393 [JavaFX Application Thread] DEBUG edu.usc.softarch.arcade.AcdcWithSmellDetection - Processing directory: output1
23:45:15.397 [JavaFX Application Thread] TRACE edu.usc.softarch.arcade.util.FileUtil - Enter params(/home/cs578user/Desktop/android_projects_v2/AnotherMonitor/output1/, false, true)
23:45:15.397 [JavaFX Application Thread] TRACE edu.usc.softarch.arcade.util.FileUtil - Exit
23:45:15.397 [JavaFX Application Thread] DEBUG edu.usc.softarch.arcade.AcdcWithSmellDetection - Get deps for revision output1
23:45:15.399 [JavaFX Application Thread] TRACE edu.usc.softarch.arcade.facts.driver.JavaSourceToDepsBuilder - Enter params(/home/cs578user/Desktop/android_projects_v2/AnotherMonitor/output1, /home/cs578user/Desktop/ArchRecOut/android_projects_result/AnotherMonitor__ACDC_java_2018-11-13_23_45_15_049/output1_deps.rsf)
23:45:15.403 [JavaFX Application Thread] TRACE edu.usc.softarch.arcade.clustering.FeatureVectorMap - Enter params()
23:45:15.404 [JavaFX Application Thread] TRACE edu.usc.softarch.arcade.clustering.FeatureVectorMap - Enter params()
23:45:15.404 [JavaFX Application Thread] TRACE edu.usc.softarch.arcade.clustering.FeatureVectorMap - total true bits among feature sets: 0
23:45:15.404 [JavaFX Application Thread] TRACE edu.usc.softarch.arcade.clustering.FeatureVectorMap - Printing edges represented by feature sets...
23:45:15.404 [JavaFX Application Thread] TRACE edu.usc.softarch.arcade.clustering.FeatureVectorMap - Printing intersection of rsf reader untyped edges set and feature set edges...
23:45:15.404 [JavaFX Application Thread] TRACE edu.usc.softarch.arcade.clustering.FeatureVectorMap - intersection set size: 0
23:45:15.404 [JavaFX Application Thread] TRACE edu.usc.softarch.arcade.clustering.FeatureVectorMap - 
23:45:15.404 [JavaFX Application Thread] TRACE edu.usc.softarch.arcade.clustering.FeatureVectorMap - Printing difference of rsf reader untyped edges set and feature set edges...
23:45:15.404 [JavaFX Application Thread] TRACE edu.usc.softarch.arcade.clustering.FeatureVectorMap - difference set size: 0
23:45:15.404 [JavaFX Application Thread] TRACE edu.usc.softarch.arcade.clustering.FeatureVectorMap - 
23:45:15.404 [JavaFX Application Thread] TRACE edu.usc.softarch.arcade.clustering.FeatureVectorMap - Exit
23:45:15.404 [JavaFX Application Thread] TRACE edu.usc.softarch.arcade.clustering.FeatureVectorMap - Exit
23:45:15.404 [JavaFX Application Thread] TRACE edu.usc.softarch.arcade.clustering.FeatureVectorMap - Enter
23:45:15.404 [JavaFX Application Thread] TRACE edu.usc.softarch.arcade.clustering.FeatureVectorMap - Exit
23:45:15.404 [JavaFX Application Thread] TRACE edu.usc.softarch.arcade.facts.driver.JavaSourceToDepsBuilder - Exit
23:45:15.404 [JavaFX Application Thread] DEBUG edu.usc.softarch.arcade.AcdcWithSmellDetection - Identified directory: output2
23:45:15.404 [JavaFX Application Thread] DEBUG edu.usc.softarch.arcade.AcdcWithSmellDetection - Processing directory: output2
23:45:15.404 [JavaFX Application Thread] TRACE edu.usc.softarch.arcade.util.FileUtil - Enter params(/home/cs578user/Desktop/android_projects_v2/AnotherMonitor/output2/, false, true)
23:45:15.404 [JavaFX Application Thread] TRACE edu.usc.softarch.arcade.util.FileUtil - Exit
23:45:15.404 [JavaFX Application Thread] DEBUG edu.usc.softarch.arcade.AcdcWithSmellDetection - Get deps for revision output2
23:45:15.405 [JavaFX Application Thread] TRACE edu.usc.softarch.arcade.facts.driver.JavaSourceToDepsBuilder - Enter params(/home/cs578user/Desktop/android_projects_v2/AnotherMonitor/output2, /home/cs578user/Desktop/ArchRecOut/android_projects_result/AnotherMonitor__ACDC_java_2018-11-13_23_45_15_049/output2_deps.rsf)
23:45:15.410 [JavaFX Application Thread] TRACE edu.usc.softarch.arcade.clustering.FeatureVectorMap - Enter params()
23:45:15.410 [JavaFX Application Thread] TRACE edu.usc.softarch.arcade.clustering.FeatureVectorMap - Enter params()
23:45:15.410 [JavaFX Application Thread] TRACE edu.usc.softarch.arcade.clustering.FeatureVectorMap - total true bits among feature sets: 0
23:45:15.410 [JavaFX Application Thread] TRACE edu.usc.softarch.arcade.clustering.FeatureVectorMap - Printing edges represented by feature sets...
23:45:15.410 [JavaFX Application Thread] TRACE edu.usc.softarch.arcade.clustering.FeatureVectorMap - Printing intersection of rsf reader untyped edges set and feature set edges...
23:45:15.410 [JavaFX Application Thread] TRACE edu.usc.softarch.arcade.clustering.FeatureVectorMap - intersection set size: 0
23:45:15.410 [JavaFX Application Thread] TRACE edu.usc.softarch.arcade.clustering.FeatureVectorMap - 
23:45:15.410 [JavaFX Application Thread] TRACE edu.usc.softarch.arcade.clustering.FeatureVectorMap - Printing difference of rsf reader untyped edges set and feature set edges...
23:45:15.410 [JavaFX Application Thread] TRACE edu.usc.softarch.arcade.clustering.FeatureVectorMap - difference set size: 0
23:45:15.410 [JavaFX Application Thread] TRACE edu.usc.softarch.arcade.clustering.FeatureVectorMap - 
23:45:15.410 [JavaFX Application Thread] TRACE edu.usc.softarch.arcade.clustering.FeatureVectorMap - Exit
23:45:15.410 [JavaFX Application Thread] TRACE edu.usc.softarch.arcade.clustering.FeatureVectorMap - Exit
23:45:15.410 [JavaFX Application Thread] TRACE edu.usc.softarch.arcade.clustering.FeatureVectorMap - Enter
23:45:15.410 [JavaFX Application Thread] TRACE edu.usc.softarch.arcade.clustering.FeatureVectorMap - Exit
23:45:15.410 [JavaFX Application Thread] TRACE edu.usc.softarch.arcade.facts.driver.JavaSourceToDepsBuilder - Exit
23:45:15.410 [JavaFX Application Thread] DEBUG edu.usc.softarch.arcade.AcdcWithSmellDetection - Identified directory: output3
23:45:15.414 [JavaFX Application Thread] DEBUG edu.usc.softarch.arcade.AcdcWithSmellDetection - Processing directory: output3
23:45:15.414 [JavaFX Application Thread] TRACE edu.usc.softarch.arcade.util.FileUtil - Enter params(/home/cs578user/Desktop/android_projects_v2/AnotherMonitor/output3/, false, true)
23:45:15.414 [JavaFX Application Thread] TRACE edu.usc.softarch.arcade.util.FileUtil - Exit
23:45:15.414 [JavaFX Application Thread] DEBUG edu.usc.softarch.arcade.AcdcWithSmellDetection - Get deps for revision output3
23:45:15.414 [JavaFX Application Thread] TRACE edu.usc.softarch.arcade.facts.driver.JavaSourceToDepsBuilder - Enter params(/home/cs578user/Desktop/android_projects_v2/AnotherMonitor/output3, /home/cs578user/Desktop/ArchRecOut/android_projects_result/AnotherMonitor__ACDC_java_2018-11-13_23_45_15_049/output3_deps.rsf)
23:45:15.420 [JavaFX Application Thread] TRACE edu.usc.softarch.arcade.clustering.FeatureVectorMap - Enter params()
23:45:15.420 [JavaFX Application Thread] TRACE edu.usc.softarch.arcade.clustering.FeatureVectorMap - Enter params()
23:45:15.420 [JavaFX Application Thread] TRACE edu.usc.softarch.arcade.clustering.FeatureVectorMap - total true bits among feature sets: 0
23:45:15.420 [JavaFX Application Thread] TRACE edu.usc.softarch.arcade.clustering.FeatureVectorMap - Printing edges represented by feature sets...
23:45:15.420 [JavaFX Application Thread] TRACE edu.usc.softarch.arcade.clustering.FeatureVectorMap - Printing intersection of rsf reader untyped edges set and feature set edges...
23:45:15.420 [JavaFX Application Thread] TRACE edu.usc.softarch.arcade.clustering.FeatureVectorMap - intersection set size: 0
23:45:15.420 [JavaFX Application Thread] TRACE edu.usc.softarch.arcade.clustering.FeatureVectorMap - 
23:45:15.420 [JavaFX Application Thread] TRACE edu.usc.softarch.arcade.clustering.FeatureVectorMap - Printing difference of rsf reader untyped edges set and feature set edges...
23:45:15.420 [JavaFX Application Thread] TRACE edu.usc.softarch.arcade.clustering.FeatureVectorMap - difference set size: 0
23:45:15.420 [JavaFX Application Thread] TRACE edu.usc.softarch.arcade.clustering.FeatureVectorMap - 
23:45:15.420 [JavaFX Application Thread] TRACE edu.usc.softarch.arcade.clustering.FeatureVectorMap - Exit
23:45:15.420 [JavaFX Application Thread] TRACE edu.usc.softarch.arcade.clustering.FeatureVectorMap - Exit
23:45:15.420 [JavaFX Application Thread] TRACE edu.usc.softarch.arcade.clustering.FeatureVectorMap - Enter
23:45:15.420 [JavaFX Application Thread] TRACE edu.usc.softarch.arcade.clustering.FeatureVectorMap - Exit
23:45:15.420 [JavaFX Application Thread] TRACE edu.usc.softarch.arcade.facts.driver.JavaSourceToDepsBuilder - Exit
23:45:15.420 [JavaFX Application Thread] DEBUG edu.usc.softarch.arcade.AcdcWithSmellDetection - Identified directory: output4
23:45:15.420 [JavaFX Application Thread] DEBUG edu.usc.softarch.arcade.AcdcWithSmellDetection - Processing directory: output4
23:45:15.420 [JavaFX Application Thread] TRACE edu.usc.softarch.arcade.util.FileUtil - Enter params(/home/cs578user/Desktop/android_projects_v2/AnotherMonitor/output4/, false, true)
23:45:15.420 [JavaFX Application Thread] TRACE edu.usc.softarch.arcade.util.FileUtil - Exit
23:45:15.420 [JavaFX Application Thread] DEBUG edu.usc.softarch.arcade.AcdcWithSmellDetection - Get deps for revision output4
23:45:15.420 [JavaFX Application Thread] TRACE edu.usc.softarch.arcade.facts.driver.JavaSourceToDepsBuilder - Enter params(/home/cs578user/Desktop/android_projects_v2/AnotherMonitor/output4, /home/cs578user/Desktop/ArchRecOut/android_projects_result/AnotherMonitor__ACDC_java_2018-11-13_23_45_15_049/output4_deps.rsf)
23:45:15.422 [JavaFX Application Thread] TRACE edu.usc.softarch.arcade.clustering.FeatureVectorMap - Enter params()
23:45:15.422 [JavaFX Application Thread] TRACE edu.usc.softarch.arcade.clustering.FeatureVectorMap - Enter params()
23:45:15.422 [JavaFX Application Thread] TRACE edu.usc.softarch.arcade.clustering.FeatureVectorMap - total true bits among feature sets: 0
23:45:15.422 [JavaFX Application Thread] TRACE edu.usc.softarch.arcade.clustering.FeatureVectorMap - Printing edges represented by feature sets...
23:45:15.422 [JavaFX Application Thread] TRACE edu.usc.softarch.arcade.clustering.FeatureVectorMap - Printing intersection of rsf reader untyped edges set and feature set edges...
23:45:15.422 [JavaFX Application Thread] TRACE edu.usc.softarch.arcade.clustering.FeatureVectorMap - intersection set size: 0
23:45:15.422 [JavaFX Application Thread] TRACE edu.usc.softarch.arcade.clustering.FeatureVectorMap - 
23:45:15.422 [JavaFX Application Thread] TRACE edu.usc.softarch.arcade.clustering.FeatureVectorMap - Printing difference of rsf reader untyped edges set and feature set edges...
23:45:15.422 [JavaFX Application Thread] TRACE edu.usc.softarch.arcade.clustering.FeatureVectorMap - difference set size: 0
23:45:15.422 [JavaFX Application Thread] TRACE edu.usc.softarch.arcade.clustering.FeatureVectorMap - 
23:45:15.422 [JavaFX Application Thread] TRACE edu.usc.softarch.arcade.clustering.FeatureVectorMap - Exit
23:45:15.422 [JavaFX Application Thread] TRACE edu.usc.softarch.arcade.clustering.FeatureVectorMap - Exit
23:45:15.422 [JavaFX Application Thread] TRACE edu.usc.softarch.arcade.clustering.FeatureVectorMap - Enter
23:45:15.422 [JavaFX Application Thread] TRACE edu.usc.softarch.arcade.clustering.FeatureVectorMap - Exit
23:45:15.422 [JavaFX Application Thread] TRACE edu.usc.softarch.arcade.facts.driver.JavaSourceToDepsBuilder - Exit
23:45:15.422 [JavaFX Application Thread] DEBUG edu.usc.softarch.arcade.AcdcWithSmellDetection - Identified directory: output5
23:45:15.422 [JavaFX Application Thread] DEBUG edu.usc.softarch.arcade.AcdcWithSmellDetection - Processing directory: output5
23:45:15.424 [JavaFX Application Thread] TRACE edu.usc.softarch.arcade.util.FileUtil - Enter params(/home/cs578user/Desktop/android_projects_v2/AnotherMonitor/output5/, false, true)
23:45:15.424 [JavaFX Application Thread] TRACE edu.usc.softarch.arcade.util.FileUtil - Exit
23:45:15.424 [JavaFX Application Thread] DEBUG edu.usc.softarch.arcade.AcdcWithSmellDetection - Get deps for revision output5
23:45:15.427 [JavaFX Application Thread] TRACE edu.usc.softarch.arcade.facts.driver.JavaSourceToDepsBuilder - Enter params(/home/cs578user/Desktop/android_projects_v2/AnotherMonitor/output5, /home/cs578user/Desktop/ArchRecOut/android_projects_result/AnotherMonitor__ACDC_java_2018-11-13_23_45_15_049/output5_deps.rsf)
23:45:15.438 [JavaFX Application Thread] TRACE edu.usc.softarch.arcade.clustering.FeatureVectorMap - Enter params()
23:45:15.438 [JavaFX Application Thread] TRACE edu.usc.softarch.arcade.clustering.FeatureVectorMap - Enter params()
23:45:15.438 [JavaFX Application Thread] TRACE edu.usc.softarch.arcade.clustering.FeatureVectorMap - total true bits among feature sets: 0
23:45:15.438 [JavaFX Application Thread] TRACE edu.usc.softarch.arcade.clustering.FeatureVectorMap - Printing edges represented by feature sets...
23:45:15.438 [JavaFX Application Thread] TRACE edu.usc.softarch.arcade.clustering.FeatureVectorMap - Printing intersection of rsf reader untyped edges set and feature set edges...
23:45:15.438 [JavaFX Application Thread] TRACE edu.usc.softarch.arcade.clustering.FeatureVectorMap - intersection set size: 0
23:45:15.438 [JavaFX Application Thread] TRACE edu.usc.softarch.arcade.clustering.FeatureVectorMap - 
23:45:15.438 [JavaFX Application Thread] TRACE edu.usc.softarch.arcade.clustering.FeatureVectorMap - Printing difference of rsf reader untyped edges set and feature set edges...
23:45:15.438 [JavaFX Application Thread] TRACE edu.usc.softarch.arcade.clustering.FeatureVectorMap - difference set size: 0
23:45:15.438 [JavaFX Application Thread] TRACE edu.usc.softarch.arcade.clustering.FeatureVectorMap - 
23:45:15.438 [JavaFX Application Thread] TRACE edu.usc.softarch.arcade.clustering.FeatureVectorMap - Exit
23:45:15.438 [JavaFX Application Thread] TRACE edu.usc.softarch.arcade.clustering.FeatureVectorMap - Exit
23:45:15.438 [JavaFX Application Thread] TRACE edu.usc.softarch.arcade.clustering.FeatureVectorMap - Enter
23:45:15.438 [JavaFX Application Thread] TRACE edu.usc.softarch.arcade.clustering.FeatureVectorMap - Exit
23:45:15.438 [JavaFX Application Thread] TRACE edu.usc.softarch.arcade.facts.driver.JavaSourceToDepsBuilder - Exit
23:45:15.439 [JavaFX Application Thread] DEBUG edu.usc.softarch.arcade.AcdcWithSmellDetection - Not a directory: response-patterns.txt
23:45:15.439 [JavaFX Application Thread] DEBUG edu.usc.softarch.arcade.AcdcWithSmellDetection - Not a directory: settings.gradle
23:45:15.440 [JavaFX Application Thread] TRACE edu.usc.softarch.arcade.util.FileUtil - Enter params(/home/cs578user/Desktop/ArchRecOut/android_projects_result/AnotherMonitor__ACDC_java_2018-11-13_23_45_15_049, false, false)
23:45:15.440 [JavaFX Application Thread] TRACE edu.usc.softarch.arcade.util.FileUtil - Exit
23:45:15.440 [JavaFX Application Thread] TRACE edu.usc.softarch.arcade.util.FileUtil - Enter params(/home/cs578user/Desktop/ArchRecOut/android_projects_result/AnotherMonitor__ACDC_java_2018-11-13_23_45_15_049/output_deps.rsf, false, false)
23:45:15.440 [JavaFX Application Thread] TRACE edu.usc.softarch.arcade.util.FileUtil - Exit
23:45:15.440 [JavaFX Application Thread] TRACE edu.usc.softarch.arcade.facts.driver.RsfReader - Elapsed time in milliseconds: 0
23:45:15.440 [JavaFX Application Thread] TRACE edu.usc.softarch.arcade.util.FileUtil - Enter params(/home/cs578user/Desktop/ArchRecOut/android_projects_result/AnotherMonitor__ACDC_java_2018-11-13_23_45_15_049/effort_data_deps.rsf, false, false)
23:45:15.440 [JavaFX Application Thread] TRACE edu.usc.softarch.arcade.util.FileUtil - Exit
23:45:15.440 [JavaFX Application Thread] TRACE edu.usc.softarch.arcade.facts.driver.RsfReader - Elapsed time in milliseconds: 0
23:45:15.440 [JavaFX Application Thread] TRACE edu.usc.softarch.arcade.util.FileUtil - Enter params(/home/cs578user/Desktop/ArchRecOut/android_projects_result/AnotherMonitor__ACDC_java_2018-11-13_23_45_15_049/output3_deps.rsf, false, false)
23:45:15.440 [JavaFX Application Thread] TRACE edu.usc.softarch.arcade.util.FileUtil - Exit
23:45:15.440 [JavaFX Application Thread] TRACE edu.usc.softarch.arcade.facts.driver.RsfReader - Elapsed time in milliseconds: 0
23:45:15.441 [JavaFX Application Thread] TRACE edu.usc.softarch.arcade.util.FileUtil - Enter params(/home/cs578user/Desktop/ArchRecOut/android_projects_result/AnotherMonitor__ACDC_java_2018-11-13_23_45_15_049/output1_deps.rsf, false, false)
23:45:15.441 [JavaFX Application Thread] TRACE edu.usc.softarch.arcade.util.FileUtil - Exit
23:45:15.441 [JavaFX Application Thread] TRACE edu.usc.softarch.arcade.facts.driver.RsfReader - Elapsed time in milliseconds: 0
23:45:15.445 [JavaFX Application Thread] TRACE edu.usc.softarch.arcade.util.FileUtil - Enter params(/home/cs578user/Desktop/ArchRecOut/android_projects_result/AnotherMonitor__ACDC_java_2018-11-13_23_45_15_049/output2_deps.rsf, false, false)
23:45:15.445 [JavaFX Application Thread] TRACE edu.usc.softarch.arcade.util.FileUtil - Exit
23:45:15.445 [JavaFX Application Thread] TRACE edu.usc.softarch.arcade.facts.driver.RsfReader - Elapsed time in milliseconds: 0
23:45:15.446 [JavaFX Application Thread] TRACE edu.usc.softarch.arcade.util.FileUtil - Enter params(/home/cs578user/Desktop/ArchRecOut/android_projects_result/AnotherMonitor__ACDC_java_2018-11-13_23_45_15_049/gradle_deps.rsf, false, false)
23:45:15.446 [JavaFX Application Thread] TRACE edu.usc.softarch.arcade.util.FileUtil - Exit
23:45:15.446 [JavaFX Application Thread] TRACE edu.usc.softarch.arcade.facts.driver.RsfReader - Elapsed time in milliseconds: 0
23:45:15.446 [JavaFX Application Thread] TRACE edu.usc.softarch.arcade.util.FileUtil - Enter params(/home/cs578user/Desktop/ArchRecOut/android_projects_result/AnotherMonitor__ACDC_java_2018-11-13_23_45_15_049/bin_acdc_clustered.rsf, false, false)
23:45:15.446 [JavaFX Application Thread] TRACE edu.usc.softarch.arcade.util.FileUtil - Exit
23:45:15.462 [JavaFX Application Thread] TRACE edu.usc.softarch.arcade.facts.driver.RsfReader - Elapsed time in milliseconds: 15
23:45:15.462 [JavaFX Application Thread] TRACE edu.usc.softarch.arcade.util.FileUtil - Enter params(/home/cs578user/Desktop/ArchRecOut/android_projects_result/AnotherMonitor__ACDC_java_2018-11-13_23_45_15_049/output4_deps.rsf, false, false)
23:45:15.462 [JavaFX Application Thread] TRACE edu.usc.softarch.arcade.util.FileUtil - Exit
23:45:15.463 [JavaFX Application Thread] TRACE edu.usc.softarch.arcade.facts.driver.RsfReader - Elapsed time in milliseconds: 1
23:45:15.463 [JavaFX Application Thread] TRACE edu.usc.softarch.arcade.util.FileUtil - Enter params(/home/cs578user/Desktop/ArchRecOut/android_projects_result/AnotherMonitor__ACDC_java_2018-11-13_23_45_15_049/AnotherMonitor_deps.rsf, false, false)
23:45:15.463 [JavaFX Application Thread] TRACE edu.usc.softarch.arcade.util.FileUtil - Exit
23:45:15.464 [JavaFX Application Thread] TRACE edu.usc.softarch.arcade.facts.driver.RsfReader - Elapsed time in milliseconds: 1
23:45:15.464 [JavaFX Application Thread] TRACE edu.usc.softarch.arcade.util.FileUtil - Enter params(/home/cs578user/Desktop/ArchRecOut/android_projects_result/AnotherMonitor__ACDC_java_2018-11-13_23_45_15_049/output5_deps.rsf, false, false)
23:45:15.464 [JavaFX Application Thread] TRACE edu.usc.softarch.arcade.util.FileUtil - Exit
23:45:15.464 [JavaFX Application Thread] TRACE edu.usc.softarch.arcade.facts.driver.RsfReader - Elapsed time in milliseconds: 0
23:45:15.464 [JavaFX Application Thread] TRACE edu.usc.softarch.arcade.util.FileUtil - Enter params(/home/cs578user/Desktop/ArchRecOut/android_projects_result/AnotherMonitor__ACDC_java_2018-11-13_23_45_15_049/bin_deps.rsf, false, false)
23:45:15.464 [JavaFX Application Thread] TRACE edu.usc.softarch.arcade.util.FileUtil - Exit
23:45:15.465 [JavaFX Application Thread] TRACE edu.usc.softarch.arcade.facts.driver.RsfReader - Elapsed time in milliseconds: 1
23:45:15.473 [JavaFX Application Thread] TRACE edu.usc.softarch.arcade.frontend.Controller - Exit
23:45:40.557 [JavaFX Application Thread] TRACE edu.usc.softarch.arcade.frontend.Controller - Enter params(javafx.event.ActionEvent[source=Button[id=runButton, styleClass=button]'Run'])
23:45:40.558 [JavaFX Application Thread] TRACE edu.usc.softarch.arcade.util.FileUtil - Enter params(/home/cs578user/Desktop/android_projects_v2/AntennaPod/.tx/, false, false)
23:45:40.558 [JavaFX Application Thread] TRACE edu.usc.softarch.arcade.util.FileUtil - Exit
23:45:40.558 [JavaFX Application Thread] TRACE edu.usc.softarch.arcade.util.FileUtil - Enter params(/home/cs578user/Desktop/android_projects_v2/AntennaPod/app/, false, false)
23:45:40.558 [JavaFX Application Thread] TRACE edu.usc.softarch.arcade.util.FileUtil - Exit
23:45:40.558 [JavaFX Application Thread] TRACE edu.usc.softarch.arcade.util.FileUtil - Enter params(/home/cs578user/Desktop/android_projects_v2/AntennaPod/core/, false, false)
23:45:40.558 [JavaFX Application Thread] TRACE edu.usc.softarch.arcade.util.FileUtil - Exit
23:45:40.558 [JavaFX Application Thread] TRACE edu.usc.softarch.arcade.util.FileUtil - Enter params(/home/cs578user/Desktop/android_projects_v2/AntennaPod/artwork/, false, false)
23:45:40.558 [JavaFX Application Thread] TRACE edu.usc.softarch.arcade.util.FileUtil - Exit
23:45:40.558 [JavaFX Application Thread] TRACE edu.usc.softarch.arcade.util.FileUtil - Enter params(/home/cs578user/Desktop/android_projects_v2/AntennaPod/.circleci/, false, false)
23:45:40.558 [JavaFX Application Thread] TRACE edu.usc.softarch.arcade.util.FileUtil - Exit
23:45:40.558 [JavaFX Application Thread] TRACE edu.usc.softarch.arcade.util.FileUtil - Enter params(/home/cs578user/Desktop/android_projects_v2/AntennaPod/gradle/, false, false)
23:45:40.558 [JavaFX Application Thread] TRACE edu.usc.softarch.arcade.util.FileUtil - Exit
23:45:40.558 [JavaFX Application Thread] TRACE edu.usc.softarch.arcade.util.FileUtil - Enter params(/home/cs578user/Desktop/android_projects_v2/AntennaPod/effort_data/, false, false)
23:45:40.558 [JavaFX Application Thread] TRACE edu.usc.softarch.arcade.util.FileUtil - Exit
23:45:40.558 [JavaFX Application Thread] TRACE edu.usc.softarch.arcade.util.FileUtil - Enter params(/home/cs578user/Desktop/android_projects_v2/AntennaPod/bin/, false, false)
23:45:40.558 [JavaFX Application Thread] TRACE edu.usc.softarch.arcade.util.FileUtil - Exit
23:45:40.558 [JavaFX Application Thread] TRACE edu.usc.softarch.arcade.frontend.Controller - Enter
23:45:40.561 [JavaFX Application Thread] TRACE edu.usc.softarch.arcade.frontend.Controller - Exit
23:45:40.561 [JavaFX Application Thread] TRACE edu.usc.softarch.arcade.util.FileUtil - Enter params(/home/cs578user/Desktop/ArchRecOut/android_projects_result/AntennaPod__ACDC_java_2018-11-13_23_45_40_561, true, false)
23:45:40.561 [JavaFX Application Thread] TRACE edu.usc.softarch.arcade.util.FileUtil - /home/cs578user/Desktop/ArchRecOut/android_projects_result/AntennaPod__ACDC_java_2018-11-13_23_45_40_561 is not a directory - 
23:45:40.561 [JavaFX Application Thread] TRACE edu.usc.softarch.arcade.util.FileUtil - making - 
23:45:40.562 [JavaFX Application Thread] TRACE edu.usc.softarch.arcade.util.FileUtil -  succeeded
23:45:40.562 [JavaFX Application Thread] TRACE edu.usc.softarch.arcade.util.FileUtil - Exit
